[2.953s] Invoking command in '/home/aitthikit/Memekhos_ws/src/examples/rclpy/services/minimal_client': PYTHONPATH=/home/aitthikit/Memekhos_ws/build/examples_rclpy_minimal_client/prefix_override:/usr/lib/python3/dist-packages/colcon_core/task/python/colcon_distutils_commands:/home/aitthikit/Memekhos_ws/install/examples_rclpy_minimal_client/lib/python3.10/site-packages:${PYTHONPATH} /usr/bin/python3 -W ignore:setup.py install is deprecated setup.py egg_info --egg-base ../../../../../build/examples_rclpy_minimal_client build --build-base /home/aitthikit/Memekhos_ws/build/examples_rclpy_minimal_client/build install --record /home/aitthikit/Memekhos_ws/build/examples_rclpy_minimal_client/install.log --single-version-externally-managed install_data
[3.338s] running egg_info
[3.340s] writing ../../../../../build/examples_rclpy_minimal_client/examples_rclpy_minimal_client.egg-info/PKG-INFO
[3.340s] writing dependency_links to ../../../../../build/examples_rclpy_minimal_client/examples_rclpy_minimal_client.egg-info/dependency_links.txt
[3.341s] writing entry points to ../../../../../build/examples_rclpy_minimal_client/examples_rclpy_minimal_client.egg-info/entry_points.txt
[3.341s] writing requirements to ../../../../../build/examples_rclpy_minimal_client/examples_rclpy_minimal_client.egg-info/requires.txt
[3.341s] writing top-level names to ../../../../../build/examples_rclpy_minimal_client/examples_rclpy_minimal_client.egg-info/top_level.txt
[3.344s] reading manifest file '../../../../../build/examples_rclpy_minimal_client/examples_rclpy_minimal_client.egg-info/SOURCES.txt'
[3.346s] writing manifest file '../../../../../build/examples_rclpy_minimal_client/examples_rclpy_minimal_client.egg-info/SOURCES.txt'
[3.346s] running build
[3.347s] running build_py
[3.348s] running install
[3.349s] running install_lib
[3.351s] running install_data
[3.351s] running install_egg_info
[3.354s] removing '/home/aitthikit/Memekhos_ws/install/examples_rclpy_minimal_client/lib/python3.10/site-packages/examples_rclpy_minimal_client-0.15.2-py3.10.egg-info' (and everything under it)
[3.357s] Copying ../../../../../build/examples_rclpy_minimal_client/examples_rclpy_minimal_client.egg-info to /home/aitthikit/Memekhos_ws/install/examples_rclpy_minimal_client/lib/python3.10/site-packages/examples_rclpy_minimal_client-0.15.2-py3.10.egg-info
[3.358s] running install_scripts
[3.394s] Installing client script to /home/aitthikit/Memekhos_ws/install/examples_rclpy_minimal_client/lib/examples_rclpy_minimal_client
[3.395s] Installing client_async script to /home/aitthikit/Memekhos_ws/install/examples_rclpy_minimal_client/lib/examples_rclpy_minimal_client
[3.395s] Installing client_async_callback script to /home/aitthikit/Memekhos_ws/install/examples_rclpy_minimal_client/lib/examples_rclpy_minimal_client
[3.395s] Installing client_async_member_function script to /home/aitthikit/Memekhos_ws/install/examples_rclpy_minimal_client/lib/examples_rclpy_minimal_client
[3.396s] writing list of installed files to '/home/aitthikit/Memekhos_ws/build/examples_rclpy_minimal_client/install.log'
[3.437s] Invoked command in '/home/aitthikit/Memekhos_ws/src/examples/rclpy/services/minimal_client' returned '0': PYTHONPATH=/home/aitthikit/Memekhos_ws/build/examples_rclpy_minimal_client/prefix_override:/usr/lib/python3/dist-packages/colcon_core/task/python/colcon_distutils_commands:/home/aitthikit/Memekhos_ws/install/examples_rclpy_minimal_client/lib/python3.10/site-packages:${PYTHONPATH} /usr/bin/python3 -W ignore:setup.py install is deprecated setup.py egg_info --egg-base ../../../../../build/examples_rclpy_minimal_client build --build-base /home/aitthikit/Memekhos_ws/build/examples_rclpy_minimal_client/build install --record /home/aitthikit/Memekhos_ws/build/examples_rclpy_minimal_client/install.log --single-version-externally-managed install_data
