[0.045s] Invoking command in '/home/aitthikit/Memekhos_ws/build/turtle_bringup': CMAKE_PREFIX_PATH=${CMAKE_PREFIX_PATH}:/home/aitthikit/Memekhos_ws/install/launch_testing_examples:/home/aitthikit/Memekhos_ws/install/examples_rclpy_pointcloud_publisher:/home/aitthikit/Memekhos_ws/install/examples_rclpy_minimal_subscriber:/home/aitthikit/Memekhos_ws/install/examples_rclpy_minimal_service:/home/aitthikit/Memekhos_ws/install/examples_rclpy_minimal_publisher:/home/aitthikit/Memekhos_ws/install/examples_rclpy_minimal_client:/home/aitthikit/Memekhos_ws/install/examples_rclpy_minimal_action_server:/home/aitthikit/Memekhos_ws/install/examples_rclpy_minimal_action_client:/home/aitthikit/Memekhos_ws/install/examples_rclpy_guard_conditions:/home/aitthikit/Memekhos_ws/install/examples_rclpy_executors:/opt/ros/humble /usr/bin/cmake --build /home/aitthikit/Memekhos_ws/build/turtle_bringup -- -j12 -l12
[0.127s] [100%] Built target cpp_node_test
[0.133s] [100%] Built target ament_cmake_python_copy_turtle_bringup
[0.557s] running egg_info
[0.558s] writing turtle_bringup.egg-info/PKG-INFO
[0.558s] writing dependency_links to turtle_bringup.egg-info/dependency_links.txt
[0.558s] writing top-level names to turtle_bringup.egg-info/top_level.txt
[0.560s] reading manifest file 'turtle_bringup.egg-info/SOURCES.txt'
[0.561s] writing manifest file 'turtle_bringup.egg-info/SOURCES.txt'
[0.593s] [100%] Built target ament_cmake_python_build_turtle_bringup_egg
[0.605s] Invoked command in '/home/aitthikit/Memekhos_ws/build/turtle_bringup' returned '0': CMAKE_PREFIX_PATH=${CMAKE_PREFIX_PATH}:/home/aitthikit/Memekhos_ws/install/launch_testing_examples:/home/aitthikit/Memekhos_ws/install/examples_rclpy_pointcloud_publisher:/home/aitthikit/Memekhos_ws/install/examples_rclpy_minimal_subscriber:/home/aitthikit/Memekhos_ws/install/examples_rclpy_minimal_service:/home/aitthikit/Memekhos_ws/install/examples_rclpy_minimal_publisher:/home/aitthikit/Memekhos_ws/install/examples_rclpy_minimal_client:/home/aitthikit/Memekhos_ws/install/examples_rclpy_minimal_action_server:/home/aitthikit/Memekhos_ws/install/examples_rclpy_minimal_action_client:/home/aitthikit/Memekhos_ws/install/examples_rclpy_guard_conditions:/home/aitthikit/Memekhos_ws/install/examples_rclpy_executors:/opt/ros/humble /usr/bin/cmake --build /home/aitthikit/Memekhos_ws/build/turtle_bringup -- -j12 -l12
[0.637s] Invoking command in '/home/aitthikit/Memekhos_ws/build/turtle_bringup': CMAKE_PREFIX_PATH=${CMAKE_PREFIX_PATH}:/home/aitthikit/Memekhos_ws/install/launch_testing_examples:/home/aitthikit/Memekhos_ws/install/examples_rclpy_pointcloud_publisher:/home/aitthikit/Memekhos_ws/install/examples_rclpy_minimal_subscriber:/home/aitthikit/Memekhos_ws/install/examples_rclpy_minimal_service:/home/aitthikit/Memekhos_ws/install/examples_rclpy_minimal_publisher:/home/aitthikit/Memekhos_ws/install/examples_rclpy_minimal_client:/home/aitthikit/Memekhos_ws/install/examples_rclpy_minimal_action_server:/home/aitthikit/Memekhos_ws/install/examples_rclpy_minimal_action_client:/home/aitthikit/Memekhos_ws/install/examples_rclpy_guard_conditions:/home/aitthikit/Memekhos_ws/install/examples_rclpy_executors:/opt/ros/humble /usr/bin/cmake --install /home/aitthikit/Memekhos_ws/build/turtle_bringup
[0.646s] -- Install configuration: ""
[0.647s] -- Up-to-date: /home/aitthikit/Memekhos_ws/install/turtle_bringup/share/turtle_bringup/environment/pythonpath.sh
[0.647s] -- Up-to-date: /home/aitthikit/Memekhos_ws/install/turtle_bringup/share/turtle_bringup/environment/pythonpath.dsv
[0.647s] -- Up-to-date: /home/aitthikit/Memekhos_ws/install/turtle_bringup/local/lib/python3.10/dist-packages/turtle_bringup-0.0.0-py3.10.egg-info
[0.647s] -- Installing: /home/aitthikit/Memekhos_ws/install/turtle_bringup/local/lib/python3.10/dist-packages/turtle_bringup-0.0.0-py3.10.egg-info/dependency_links.txt
[0.647s] -- Installing: /home/aitthikit/Memekhos_ws/install/turtle_bringup/local/lib/python3.10/dist-packages/turtle_bringup-0.0.0-py3.10.egg-info/SOURCES.txt
[0.647s] -- Installing: /home/aitthikit/Memekhos_ws/install/turtle_bringup/local/lib/python3.10/dist-packages/turtle_bringup-0.0.0-py3.10.egg-info/top_level.txt
[0.647s] -- Installing: /home/aitthikit/Memekhos_ws/install/turtle_bringup/local/lib/python3.10/dist-packages/turtle_bringup-0.0.0-py3.10.egg-info/PKG-INFO
[0.648s] -- Up-to-date: /home/aitthikit/Memekhos_ws/install/turtle_bringup/local/lib/python3.10/dist-packages/turtle_bringup
[0.648s] -- Up-to-date: /home/aitthikit/Memekhos_ws/install/turtle_bringup/local/lib/python3.10/dist-packages/turtle_bringup/__init__.py
[0.648s] -- Up-to-date: /home/aitthikit/Memekhos_ws/install/turtle_bringup/local/lib/python3.10/dist-packages/turtle_bringup/dummy_module.py
[0.690s] Listing '/home/aitthikit/Memekhos_ws/install/turtle_bringup/local/lib/python3.10/dist-packages/turtle_bringup'...
[0.695s] -- Up-to-date: /home/aitthikit/Memekhos_ws/install/turtle_bringup/lib/turtle_bringup/dummy_script.py
[0.695s] -- Installing: /home/aitthikit/Memekhos_ws/install/turtle_bringup/lib/turtle_bringup/controller.py
[0.695s] -- Up-to-date: /home/aitthikit/Memekhos_ws/install/turtle_bringup/lib/turtle_bringup/crazy_pizza.py
[0.696s] -- Installing: /home/aitthikit/Memekhos_ws/install/turtle_bringup/lib/turtle_bringup/crazy_turtle.py
[0.696s] -- Up-to-date: /home/aitthikit/Memekhos_ws/install/turtle_bringup/lib/turtle_bringup/odom_publisher.py
[0.696s] -- Up-to-date: /home/aitthikit/Memekhos_ws/install/turtle_bringup/lib/turtle_bringup/cpp_node_test
[0.696s] -- Up-to-date: /home/aitthikit/Memekhos_ws/install/turtle_bringup/share/turtle_bringup/launch
[0.696s] -- Up-to-date: /home/aitthikit/Memekhos_ws/install/turtle_bringup/share/turtle_bringup/launch/Nong_turtlegogo.launch.py
[0.696s] -- Installing: /home/aitthikit/Memekhos_ws/install/turtle_bringup/share/turtle_bringup/launch/turtle_bringup.launch.py
[0.697s] -- Up-to-date: /home/aitthikit/Memekhos_ws/install/turtle_bringup/share/ament_index/resource_index/package_run_dependencies/turtle_bringup
[0.697s] -- Up-to-date: /home/aitthikit/Memekhos_ws/install/turtle_bringup/share/ament_index/resource_index/parent_prefix_path/turtle_bringup
[0.698s] -- Up-to-date: /home/aitthikit/Memekhos_ws/install/turtle_bringup/share/turtle_bringup/environment/ament_prefix_path.sh
[0.698s] -- Up-to-date: /home/aitthikit/Memekhos_ws/install/turtle_bringup/share/turtle_bringup/environment/ament_prefix_path.dsv
[0.698s] -- Up-to-date: /home/aitthikit/Memekhos_ws/install/turtle_bringup/share/turtle_bringup/environment/path.sh
[0.698s] -- Up-to-date: /home/aitthikit/Memekhos_ws/install/turtle_bringup/share/turtle_bringup/environment/path.dsv
[0.698s] -- Up-to-date: /home/aitthikit/Memekhos_ws/install/turtle_bringup/share/turtle_bringup/local_setup.bash
[0.698s] -- Up-to-date: /home/aitthikit/Memekhos_ws/install/turtle_bringup/share/turtle_bringup/local_setup.sh
[0.698s] -- Up-to-date: /home/aitthikit/Memekhos_ws/install/turtle_bringup/share/turtle_bringup/local_setup.zsh
[0.699s] -- Up-to-date: /home/aitthikit/Memekhos_ws/install/turtle_bringup/share/turtle_bringup/local_setup.dsv
[0.699s] -- Installing: /home/aitthikit/Memekhos_ws/install/turtle_bringup/share/turtle_bringup/package.dsv
[0.699s] -- Up-to-date: /home/aitthikit/Memekhos_ws/install/turtle_bringup/share/ament_index/resource_index/packages/turtle_bringup
[0.699s] -- Up-to-date: /home/aitthikit/Memekhos_ws/install/turtle_bringup/share/turtle_bringup/cmake/turtle_bringupConfig.cmake
[0.699s] -- Up-to-date: /home/aitthikit/Memekhos_ws/install/turtle_bringup/share/turtle_bringup/cmake/turtle_bringupConfig-version.cmake
[0.699s] -- Up-to-date: /home/aitthikit/Memekhos_ws/install/turtle_bringup/share/turtle_bringup/package.xml
[0.702s] Invoked command in '/home/aitthikit/Memekhos_ws/build/turtle_bringup' returned '0': CMAKE_PREFIX_PATH=${CMAKE_PREFIX_PATH}:/home/aitthikit/Memekhos_ws/install/launch_testing_examples:/home/aitthikit/Memekhos_ws/install/examples_rclpy_pointcloud_publisher:/home/aitthikit/Memekhos_ws/install/examples_rclpy_minimal_subscriber:/home/aitthikit/Memekhos_ws/install/examples_rclpy_minimal_service:/home/aitthikit/Memekhos_ws/install/examples_rclpy_minimal_publisher:/home/aitthikit/Memekhos_ws/install/examples_rclpy_minimal_client:/home/aitthikit/Memekhos_ws/install/examples_rclpy_minimal_action_server:/home/aitthikit/Memekhos_ws/install/examples_rclpy_minimal_action_client:/home/aitthikit/Memekhos_ws/install/examples_rclpy_guard_conditions:/home/aitthikit/Memekhos_ws/install/examples_rclpy_executors:/opt/ros/humble /usr/bin/cmake --install /home/aitthikit/Memekhos_ws/build/turtle_bringup
