[2.357s] Invoking command in '/home/aitthikit/Memekhos_ws/src/examples/rclpy/services/minimal_service': PYTHONPATH=/home/aitthikit/Memekhos_ws/build/examples_rclpy_minimal_service/prefix_override:/usr/lib/python3/dist-packages/colcon_core/task/python/colcon_distutils_commands:/home/aitthikit/Memekhos_ws/install/examples_rclpy_minimal_service/lib/python3.10/site-packages:${PYTHONPATH} /usr/bin/python3 -W ignore:setup.py install is deprecated setup.py egg_info --egg-base ../../../../../build/examples_rclpy_minimal_service build --build-base /home/aitthikit/Memekhos_ws/build/examples_rclpy_minimal_service/build install --record /home/aitthikit/Memekhos_ws/build/examples_rclpy_minimal_service/install.log --single-version-externally-managed install_data
[2.789s] running egg_info
[2.790s] writing ../../../../../build/examples_rclpy_minimal_service/examples_rclpy_minimal_service.egg-info/PKG-INFO
[2.791s] writing dependency_links to ../../../../../build/examples_rclpy_minimal_service/examples_rclpy_minimal_service.egg-info/dependency_links.txt
[2.791s] writing entry points to ../../../../../build/examples_rclpy_minimal_service/examples_rclpy_minimal_service.egg-info/entry_points.txt
[2.791s] writing requirements to ../../../../../build/examples_rclpy_minimal_service/examples_rclpy_minimal_service.egg-info/requires.txt
[2.791s] writing top-level names to ../../../../../build/examples_rclpy_minimal_service/examples_rclpy_minimal_service.egg-info/top_level.txt
[2.794s] reading manifest file '../../../../../build/examples_rclpy_minimal_service/examples_rclpy_minimal_service.egg-info/SOURCES.txt'
[2.795s] writing manifest file '../../../../../build/examples_rclpy_minimal_service/examples_rclpy_minimal_service.egg-info/SOURCES.txt'
[2.796s] running build
[2.796s] running build_py
[2.796s] running install
[2.797s] running install_lib
[2.799s] running install_data
[2.799s] running install_egg_info
[2.802s] removing '/home/aitthikit/Memekhos_ws/install/examples_rclpy_minimal_service/lib/python3.10/site-packages/examples_rclpy_minimal_service-0.15.2-py3.10.egg-info' (and everything under it)
[2.802s] Copying ../../../../../build/examples_rclpy_minimal_service/examples_rclpy_minimal_service.egg-info to /home/aitthikit/Memekhos_ws/install/examples_rclpy_minimal_service/lib/python3.10/site-packages/examples_rclpy_minimal_service-0.15.2-py3.10.egg-info
[2.803s] running install_scripts
[2.840s] Installing service script to /home/aitthikit/Memekhos_ws/install/examples_rclpy_minimal_service/lib/examples_rclpy_minimal_service
[2.840s] Installing service_member_function script to /home/aitthikit/Memekhos_ws/install/examples_rclpy_minimal_service/lib/examples_rclpy_minimal_service
[2.840s] writing list of installed files to '/home/aitthikit/Memekhos_ws/build/examples_rclpy_minimal_service/install.log'
[3.001s] Invoked command in '/home/aitthikit/Memekhos_ws/src/examples/rclpy/services/minimal_service' returned '0': PYTHONPATH=/home/aitthikit/Memekhos_ws/build/examples_rclpy_minimal_service/prefix_override:/usr/lib/python3/dist-packages/colcon_core/task/python/colcon_distutils_commands:/home/aitthikit/Memekhos_ws/install/examples_rclpy_minimal_service/lib/python3.10/site-packages:${PYTHONPATH} /usr/bin/python3 -W ignore:setup.py install is deprecated setup.py egg_info --egg-base ../../../../../build/examples_rclpy_minimal_service build --build-base /home/aitthikit/Memekhos_ws/build/examples_rclpy_minimal_service/build install --record /home/aitthikit/Memekhos_ws/build/examples_rclpy_minimal_service/install.log --single-version-externally-managed install_data
