[0.101s] Invoking command in '/home/aitthikit/Memekhos_ws/build/turtlesim_plus': CMAKE_PREFIX_PATH=${CMAKE_PREFIX_PATH}:/home/aitthikit/Memekhos_ws/install/launch_testing_examples:/home/aitthikit/Memekhos_ws/install/examples_rclpy_pointcloud_publisher:/home/aitthikit/Memekhos_ws/install/examples_rclpy_minimal_subscriber:/home/aitthikit/Memekhos_ws/install/examples_rclpy_minimal_service:/home/aitthikit/Memekhos_ws/install/examples_rclpy_minimal_publisher:/home/aitthikit/Memekhos_ws/install/examples_rclpy_minimal_client:/home/aitthikit/Memekhos_ws/install/examples_rclpy_minimal_action_server:/home/aitthikit/Memekhos_ws/install/examples_rclpy_minimal_action_client:/home/aitthikit/Memekhos_ws/install/examples_rclpy_guard_conditions:/home/aitthikit/Memekhos_ws/install/examples_rclpy_executors:/opt/ros/humble /usr/bin/cmake /home/aitthikit/Memekhos_ws/src/turtlesim_plus/turtlesim_plus -DCMAKE_INSTALL_PREFIX=/home/aitthikit/Memekhos_ws/install/turtlesim_plus
[1.727s] -- The C compiler identification is GNU 11.4.0
[1.728s] -- The CXX compiler identification is GNU 11.4.0
[1.728s] -- Detecting C compiler ABI info
[1.728s] -- Detecting C compiler ABI info - done
[1.728s] -- Check for working C compiler: /usr/bin/cc - skipped
[1.728s] -- Detecting C compile features
[1.728s] -- Detecting C compile features - done
[1.729s] -- Detecting CXX compiler ABI info
[1.729s] -- Detecting CXX compiler ABI info - done
[1.729s] -- Check for working CXX compiler: /usr/bin/c++ - skipped
[1.729s] -- Detecting CXX compile features
[1.729s] -- Detecting CXX compile features - done
[1.729s] -- Found ament_cmake: 1.3.9 (/opt/ros/humble/share/ament_cmake/cmake)
[1.729s] -- Found Python3: /usr/bin/python3 (found version "3.10.12") found components: Interpreter 
[1.729s] -- Found rclcpp: 16.0.9 (/opt/ros/humble/share/rclcpp/cmake)
[1.730s] -- Found rosidl_generator_c: 3.1.5 (/opt/ros/humble/share/rosidl_generator_c/cmake)
[1.730s] -- Found rosidl_adapter: 3.1.5 (/opt/ros/humble/share/rosidl_adapter/cmake)
[1.735s] -- Found rosidl_generator_cpp: 3.1.5 (/opt/ros/humble/share/rosidl_generator_cpp/cmake)
[1.772s] -- Using all available rosidl_typesupport_c: rosidl_typesupport_fastrtps_c;rosidl_typesupport_introspection_c
[1.819s] -- Using all available rosidl_typesupport_cpp: rosidl_typesupport_fastrtps_cpp;rosidl_typesupport_introspection_cpp
[1.965s] -- Found rmw_implementation_cmake: 6.1.2 (/opt/ros/humble/share/rmw_implementation_cmake/cmake)
[1.972s] -- Found rmw_fastrtps_cpp: 6.2.6 (/opt/ros/humble/share/rmw_fastrtps_cpp/cmake)
[2.124s] -- Found OpenSSL: /usr/lib/x86_64-linux-gnu/libcrypto.so (found version "3.0.2")  
[2.158s] -- Found FastRTPS: /opt/ros/humble/include  
[2.219s] -- Using RMW implementation 'rmw_fastrtps_cpp' as default
[2.237s] -- Looking for pthread.h
[2.333s] -- Looking for pthread.h - found
[2.333s] -- Performing Test CMAKE_HAVE_LIBC_PTHREAD
[2.445s] -- Performing Test CMAKE_HAVE_LIBC_PTHREAD - Success
[2.447s] -- Found Threads: TRUE  
[2.791s] -- Found rclpy: 3.3.13 (/opt/ros/humble/share/rclpy/cmake)
[3.099s] -- Configuring done
[3.107s] -- Generating done
[3.110s] -- Build files have been written to: /home/aitthikit/Memekhos_ws/build/turtlesim_plus
[3.128s] Invoked command in '/home/aitthikit/Memekhos_ws/build/turtlesim_plus' returned '0': CMAKE_PREFIX_PATH=${CMAKE_PREFIX_PATH}:/home/aitthikit/Memekhos_ws/install/launch_testing_examples:/home/aitthikit/Memekhos_ws/install/examples_rclpy_pointcloud_publisher:/home/aitthikit/Memekhos_ws/install/examples_rclpy_minimal_subscriber:/home/aitthikit/Memekhos_ws/install/examples_rclpy_minimal_service:/home/aitthikit/Memekhos_ws/install/examples_rclpy_minimal_publisher:/home/aitthikit/Memekhos_ws/install/examples_rclpy_minimal_client:/home/aitthikit/Memekhos_ws/install/examples_rclpy_minimal_action_server:/home/aitthikit/Memekhos_ws/install/examples_rclpy_minimal_action_client:/home/aitthikit/Memekhos_ws/install/examples_rclpy_guard_conditions:/home/aitthikit/Memekhos_ws/install/examples_rclpy_executors:/opt/ros/humble /usr/bin/cmake /home/aitthikit/Memekhos_ws/src/turtlesim_plus/turtlesim_plus -DCMAKE_INSTALL_PREFIX=/home/aitthikit/Memekhos_ws/install/turtlesim_plus
[3.132s] Invoking command in '/home/aitthikit/Memekhos_ws/build/turtlesim_plus': CMAKE_PREFIX_PATH=${CMAKE_PREFIX_PATH}:/home/aitthikit/Memekhos_ws/install/launch_testing_examples:/home/aitthikit/Memekhos_ws/install/examples_rclpy_pointcloud_publisher:/home/aitthikit/Memekhos_ws/install/examples_rclpy_minimal_subscriber:/home/aitthikit/Memekhos_ws/install/examples_rclpy_minimal_service:/home/aitthikit/Memekhos_ws/install/examples_rclpy_minimal_publisher:/home/aitthikit/Memekhos_ws/install/examples_rclpy_minimal_client:/home/aitthikit/Memekhos_ws/install/examples_rclpy_minimal_action_server:/home/aitthikit/Memekhos_ws/install/examples_rclpy_minimal_action_client:/home/aitthikit/Memekhos_ws/install/examples_rclpy_guard_conditions:/home/aitthikit/Memekhos_ws/install/examples_rclpy_executors:/opt/ros/humble /usr/bin/cmake --build /home/aitthikit/Memekhos_ws/build/turtlesim_plus -- -j12 -l12
[3.218s] Built target ament_cmake_python_copy_turtlesim_plus
[3.602s] running egg_info
[3.603s] creating turtlesim_plus.egg-info
[3.603s] writing turtlesim_plus.egg-info/PKG-INFO
[3.604s] writing dependency_links to turtlesim_plus.egg-info/dependency_links.txt
[3.604s] writing top-level names to turtlesim_plus.egg-info/top_level.txt
[3.604s] writing manifest file 'turtlesim_plus.egg-info/SOURCES.txt'
[3.607s] reading manifest file 'turtlesim_plus.egg-info/SOURCES.txt'
[3.608s] writing manifest file 'turtlesim_plus.egg-info/SOURCES.txt'
[3.652s] Built target ament_cmake_python_build_turtlesim_plus_egg
[3.668s] Invoked command in '/home/aitthikit/Memekhos_ws/build/turtlesim_plus' returned '0': CMAKE_PREFIX_PATH=${CMAKE_PREFIX_PATH}:/home/aitthikit/Memekhos_ws/install/launch_testing_examples:/home/aitthikit/Memekhos_ws/install/examples_rclpy_pointcloud_publisher:/home/aitthikit/Memekhos_ws/install/examples_rclpy_minimal_subscriber:/home/aitthikit/Memekhos_ws/install/examples_rclpy_minimal_service:/home/aitthikit/Memekhos_ws/install/examples_rclpy_minimal_publisher:/home/aitthikit/Memekhos_ws/install/examples_rclpy_minimal_client:/home/aitthikit/Memekhos_ws/install/examples_rclpy_minimal_action_server:/home/aitthikit/Memekhos_ws/install/examples_rclpy_minimal_action_client:/home/aitthikit/Memekhos_ws/install/examples_rclpy_guard_conditions:/home/aitthikit/Memekhos_ws/install/examples_rclpy_executors:/opt/ros/humble /usr/bin/cmake --build /home/aitthikit/Memekhos_ws/build/turtlesim_plus -- -j12 -l12
[3.708s] Invoking command in '/home/aitthikit/Memekhos_ws/build/turtlesim_plus': CMAKE_PREFIX_PATH=${CMAKE_PREFIX_PATH}:/home/aitthikit/Memekhos_ws/install/launch_testing_examples:/home/aitthikit/Memekhos_ws/install/examples_rclpy_pointcloud_publisher:/home/aitthikit/Memekhos_ws/install/examples_rclpy_minimal_subscriber:/home/aitthikit/Memekhos_ws/install/examples_rclpy_minimal_service:/home/aitthikit/Memekhos_ws/install/examples_rclpy_minimal_publisher:/home/aitthikit/Memekhos_ws/install/examples_rclpy_minimal_client:/home/aitthikit/Memekhos_ws/install/examples_rclpy_minimal_action_server:/home/aitthikit/Memekhos_ws/install/examples_rclpy_minimal_action_client:/home/aitthikit/Memekhos_ws/install/examples_rclpy_guard_conditions:/home/aitthikit/Memekhos_ws/install/examples_rclpy_executors:/opt/ros/humble /usr/bin/cmake --install /home/aitthikit/Memekhos_ws/build/turtlesim_plus
[3.719s] -- Install configuration: ""
[3.719s] -- Installing: /home/aitthikit/Memekhos_ws/install/turtlesim_plus/share/turtlesim_plus/environment/pythonpath.sh
[3.719s] -- Installing: /home/aitthikit/Memekhos_ws/install/turtlesim_plus/share/turtlesim_plus/environment/pythonpath.dsv
[3.720s] -- Installing: /home/aitthikit/Memekhos_ws/install/turtlesim_plus/local/lib/python3.10/dist-packages/turtlesim_plus-1.0.0-py3.10.egg-info
[3.720s] -- Installing: /home/aitthikit/Memekhos_ws/install/turtlesim_plus/local/lib/python3.10/dist-packages/turtlesim_plus-1.0.0-py3.10.egg-info/dependency_links.txt
[3.720s] -- Installing: /home/aitthikit/Memekhos_ws/install/turtlesim_plus/local/lib/python3.10/dist-packages/turtlesim_plus-1.0.0-py3.10.egg-info/SOURCES.txt
[3.720s] -- Installing: /home/aitthikit/Memekhos_ws/install/turtlesim_plus/local/lib/python3.10/dist-packages/turtlesim_plus-1.0.0-py3.10.egg-info/top_level.txt
[3.720s] -- Installing: /home/aitthikit/Memekhos_ws/install/turtlesim_plus/local/lib/python3.10/dist-packages/turtlesim_plus-1.0.0-py3.10.egg-info/PKG-INFO
[3.721s] -- Installing: /home/aitthikit/Memekhos_ws/install/turtlesim_plus/local/lib/python3.10/dist-packages/turtlesim_plus
[3.721s] -- Installing: /home/aitthikit/Memekhos_ws/install/turtlesim_plus/local/lib/python3.10/dist-packages/turtlesim_plus/image
[3.721s] -- Installing: /home/aitthikit/Memekhos_ws/install/turtlesim_plus/local/lib/python3.10/dist-packages/turtlesim_plus/image/turtle
[3.721s] -- Installing: /home/aitthikit/Memekhos_ws/install/turtlesim_plus/local/lib/python3.10/dist-packages/turtlesim_plus/image/turtle/bouncy.png
[3.721s] -- Installing: /home/aitthikit/Memekhos_ws/install/turtlesim_plus/local/lib/python3.10/dist-packages/turtlesim_plus/image/turtle/otto.png
[3.722s] -- Installing: /home/aitthikit/Memekhos_ws/install/turtlesim_plus/local/lib/python3.10/dist-packages/turtlesim_plus/image/turtle/dashing.png
[3.722s] -- Installing: /home/aitthikit/Memekhos_ws/install/turtlesim_plus/local/lib/python3.10/dist-packages/turtlesim_plus/image/turtle/crystal.png
[3.722s] -- Installing: /home/aitthikit/Memekhos_ws/install/turtlesim_plus/local/lib/python3.10/dist-packages/turtlesim_plus/image/turtle/galactic.png
[3.722s] -- Installing: /home/aitthikit/Memekhos_ws/install/turtlesim_plus/local/lib/python3.10/dist-packages/turtlesim_plus/image/turtle/rolling.png
[3.722s] -- Installing: /home/aitthikit/Memekhos_ws/install/turtlesim_plus/local/lib/python3.10/dist-packages/turtlesim_plus/image/turtle/ardent.png
[3.722s] -- Installing: /home/aitthikit/Memekhos_ws/install/turtlesim_plus/local/lib/python3.10/dist-packages/turtlesim_plus/image/turtle/eloquent.png
[3.723s] -- Installing: /home/aitthikit/Memekhos_ws/install/turtlesim_plus/local/lib/python3.10/dist-packages/turtlesim_plus/image/turtle/foxy.png
[3.723s] -- Installing: /home/aitthikit/Memekhos_ws/install/turtlesim_plus/local/lib/python3.10/dist-packages/turtlesim_plus/image/turtle/humble.png
[3.723s] -- Installing: /home/aitthikit/Memekhos_ws/install/turtlesim_plus/local/lib/python3.10/dist-packages/turtlesim_plus/image/object
[3.723s] -- Installing: /home/aitthikit/Memekhos_ws/install/turtlesim_plus/local/lib/python3.10/dist-packages/turtlesim_plus/image/object/parcel.png
[3.723s] -- Installing: /home/aitthikit/Memekhos_ws/install/turtlesim_plus/local/lib/python3.10/dist-packages/turtlesim_plus/image/object/pizza.png
[3.723s] -- Installing: /home/aitthikit/Memekhos_ws/install/turtlesim_plus/local/lib/python3.10/dist-packages/turtlesim_plus/image/map
[3.724s] -- Installing: /home/aitthikit/Memekhos_ws/install/turtlesim_plus/local/lib/python3.10/dist-packages/turtlesim_plus/image/map/map.png
[3.724s] -- Installing: /home/aitthikit/Memekhos_ws/install/turtlesim_plus/local/lib/python3.10/dist-packages/turtlesim_plus/ros2_plugins.py
[3.724s] -- Installing: /home/aitthikit/Memekhos_ws/install/turtlesim_plus/local/lib/python3.10/dist-packages/turtlesim_plus/__init__.py
[3.724s] -- Installing: /home/aitthikit/Memekhos_ws/install/turtlesim_plus/local/lib/python3.10/dist-packages/turtlesim_plus/entity.py
[3.782s] Listing '/home/aitthikit/Memekhos_ws/install/turtlesim_plus/local/lib/python3.10/dist-packages/turtlesim_plus'...
[3.782s] Compiling '/home/aitthikit/Memekhos_ws/install/turtlesim_plus/local/lib/python3.10/dist-packages/turtlesim_plus/__init__.py'...
[3.782s] Compiling '/home/aitthikit/Memekhos_ws/install/turtlesim_plus/local/lib/python3.10/dist-packages/turtlesim_plus/entity.py'...
[3.782s] Listing '/home/aitthikit/Memekhos_ws/install/turtlesim_plus/local/lib/python3.10/dist-packages/turtlesim_plus/image'...
[3.783s] Listing '/home/aitthikit/Memekhos_ws/install/turtlesim_plus/local/lib/python3.10/dist-packages/turtlesim_plus/image/map'...
[3.783s] Listing '/home/aitthikit/Memekhos_ws/install/turtlesim_plus/local/lib/python3.10/dist-packages/turtlesim_plus/image/object'...
[3.783s] Listing '/home/aitthikit/Memekhos_ws/install/turtlesim_plus/local/lib/python3.10/dist-packages/turtlesim_plus/image/turtle'...
[3.783s] Compiling '/home/aitthikit/Memekhos_ws/install/turtlesim_plus/local/lib/python3.10/dist-packages/turtlesim_plus/ros2_plugins.py'...
[3.789s] -- Installing: /home/aitthikit/Memekhos_ws/install/turtlesim_plus/lib/turtlesim_plus/turtlesim_plus_node.py
[3.789s] -- Installing: /home/aitthikit/Memekhos_ws/install/turtlesim_plus/lib/turtlesim_plus/pizza_on_click.py
[3.789s] -- Up-to-date: /home/aitthikit/Memekhos_ws/install/turtlesim_plus/share/turtlesim_plus
[3.789s] -- Installing: /home/aitthikit/Memekhos_ws/install/turtlesim_plus/share/ament_index/resource_index/package_run_dependencies/turtlesim_plus
[3.790s] -- Installing: /home/aitthikit/Memekhos_ws/install/turtlesim_plus/share/ament_index/resource_index/parent_prefix_path/turtlesim_plus
[3.790s] -- Installing: /home/aitthikit/Memekhos_ws/install/turtlesim_plus/share/turtlesim_plus/environment/ament_prefix_path.sh
[3.790s] -- Installing: /home/aitthikit/Memekhos_ws/install/turtlesim_plus/share/turtlesim_plus/environment/ament_prefix_path.dsv
[3.790s] -- Installing: /home/aitthikit/Memekhos_ws/install/turtlesim_plus/share/turtlesim_plus/environment/path.sh
[3.790s] -- Installing: /home/aitthikit/Memekhos_ws/install/turtlesim_plus/share/turtlesim_plus/environment/path.dsv
[3.791s] -- Installing: /home/aitthikit/Memekhos_ws/install/turtlesim_plus/share/turtlesim_plus/local_setup.bash
[3.791s] -- Installing: /home/aitthikit/Memekhos_ws/install/turtlesim_plus/share/turtlesim_plus/local_setup.sh
[3.791s] -- Installing: /home/aitthikit/Memekhos_ws/install/turtlesim_plus/share/turtlesim_plus/local_setup.zsh
[3.791s] -- Installing: /home/aitthikit/Memekhos_ws/install/turtlesim_plus/share/turtlesim_plus/local_setup.dsv
[3.791s] -- Installing: /home/aitthikit/Memekhos_ws/install/turtlesim_plus/share/turtlesim_plus/package.dsv
[3.792s] -- Installing: /home/aitthikit/Memekhos_ws/install/turtlesim_plus/share/ament_index/resource_index/packages/turtlesim_plus
[3.792s] -- Installing: /home/aitthikit/Memekhos_ws/install/turtlesim_plus/share/turtlesim_plus/cmake/turtlesim_plusConfig.cmake
[3.792s] -- Installing: /home/aitthikit/Memekhos_ws/install/turtlesim_plus/share/turtlesim_plus/cmake/turtlesim_plusConfig-version.cmake
[3.792s] -- Installing: /home/aitthikit/Memekhos_ws/install/turtlesim_plus/share/turtlesim_plus/package.xml
[3.796s] Invoked command in '/home/aitthikit/Memekhos_ws/build/turtlesim_plus' returned '0': CMAKE_PREFIX_PATH=${CMAKE_PREFIX_PATH}:/home/aitthikit/Memekhos_ws/install/launch_testing_examples:/home/aitthikit/Memekhos_ws/install/examples_rclpy_pointcloud_publisher:/home/aitthikit/Memekhos_ws/install/examples_rclpy_minimal_subscriber:/home/aitthikit/Memekhos_ws/install/examples_rclpy_minimal_service:/home/aitthikit/Memekhos_ws/install/examples_rclpy_minimal_publisher:/home/aitthikit/Memekhos_ws/install/examples_rclpy_minimal_client:/home/aitthikit/Memekhos_ws/install/examples_rclpy_minimal_action_server:/home/aitthikit/Memekhos_ws/install/examples_rclpy_minimal_action_client:/home/aitthikit/Memekhos_ws/install/examples_rclpy_guard_conditions:/home/aitthikit/Memekhos_ws/install/examples_rclpy_executors:/opt/ros/humble /usr/bin/cmake --install /home/aitthikit/Memekhos_ws/build/turtlesim_plus
