[2.359s] Invoking command in '/home/aitthikit/Memekhos_ws/src/examples/rclpy/topics/minimal_publisher': PYTHONPATH=/home/aitthikit/Memekhos_ws/build/examples_rclpy_minimal_publisher/prefix_override:/usr/lib/python3/dist-packages/colcon_core/task/python/colcon_distutils_commands:/home/aitthikit/Memekhos_ws/install/examples_rclpy_minimal_publisher/lib/python3.10/site-packages:${PYTHONPATH} /usr/bin/python3 -W ignore:setup.py install is deprecated setup.py egg_info --egg-base ../../../../../build/examples_rclpy_minimal_publisher build --build-base /home/aitthikit/Memekhos_ws/build/examples_rclpy_minimal_publisher/build install --record /home/aitthikit/Memekhos_ws/build/examples_rclpy_minimal_publisher/install.log --single-version-externally-managed install_data
[2.789s] running egg_info
[2.791s] writing ../../../../../build/examples_rclpy_minimal_publisher/examples_rclpy_minimal_publisher.egg-info/PKG-INFO
[2.792s] writing dependency_links to ../../../../../build/examples_rclpy_minimal_publisher/examples_rclpy_minimal_publisher.egg-info/dependency_links.txt
[2.792s] writing entry points to ../../../../../build/examples_rclpy_minimal_publisher/examples_rclpy_minimal_publisher.egg-info/entry_points.txt
[2.792s] writing requirements to ../../../../../build/examples_rclpy_minimal_publisher/examples_rclpy_minimal_publisher.egg-info/requires.txt
[2.792s] writing top-level names to ../../../../../build/examples_rclpy_minimal_publisher/examples_rclpy_minimal_publisher.egg-info/top_level.txt
[2.797s] reading manifest file '../../../../../build/examples_rclpy_minimal_publisher/examples_rclpy_minimal_publisher.egg-info/SOURCES.txt'
[2.798s] writing manifest file '../../../../../build/examples_rclpy_minimal_publisher/examples_rclpy_minimal_publisher.egg-info/SOURCES.txt'
[2.799s] running build
[2.799s] running build_py
[2.799s] running install
[2.800s] running install_lib
[2.804s] running install_data
[2.804s] running install_egg_info
[2.808s] removing '/home/aitthikit/Memekhos_ws/install/examples_rclpy_minimal_publisher/lib/python3.10/site-packages/examples_rclpy_minimal_publisher-0.15.2-py3.10.egg-info' (and everything under it)
[2.808s] Copying ../../../../../build/examples_rclpy_minimal_publisher/examples_rclpy_minimal_publisher.egg-info to /home/aitthikit/Memekhos_ws/install/examples_rclpy_minimal_publisher/lib/python3.10/site-packages/examples_rclpy_minimal_publisher-0.15.2-py3.10.egg-info
[2.809s] running install_scripts
[2.842s] Installing publisher_local_function script to /home/aitthikit/Memekhos_ws/install/examples_rclpy_minimal_publisher/lib/examples_rclpy_minimal_publisher
[2.842s] Installing publisher_member_function script to /home/aitthikit/Memekhos_ws/install/examples_rclpy_minimal_publisher/lib/examples_rclpy_minimal_publisher
[2.842s] Installing publisher_old_school script to /home/aitthikit/Memekhos_ws/install/examples_rclpy_minimal_publisher/lib/examples_rclpy_minimal_publisher
[2.843s] writing list of installed files to '/home/aitthikit/Memekhos_ws/build/examples_rclpy_minimal_publisher/install.log'
[3.005s] Invoked command in '/home/aitthikit/Memekhos_ws/src/examples/rclpy/topics/minimal_publisher' returned '0': PYTHONPATH=/home/aitthikit/Memekhos_ws/build/examples_rclpy_minimal_publisher/prefix_override:/usr/lib/python3/dist-packages/colcon_core/task/python/colcon_distutils_commands:/home/aitthikit/Memekhos_ws/install/examples_rclpy_minimal_publisher/lib/python3.10/site-packages:${PYTHONPATH} /usr/bin/python3 -W ignore:setup.py install is deprecated setup.py egg_info --egg-base ../../../../../build/examples_rclpy_minimal_publisher build --build-base /home/aitthikit/Memekhos_ws/build/examples_rclpy_minimal_publisher/build install --record /home/aitthikit/Memekhos_ws/build/examples_rclpy_minimal_publisher/install.log --single-version-externally-managed install_data
