[2.365s] Invoking command in '/home/aitthikit/Memekhos_ws/src/examples/rclpy/actions/minimal_action_client': PYTHONPATH=/home/aitthikit/Memekhos_ws/build/examples_rclpy_minimal_action_client/prefix_override:/usr/lib/python3/dist-packages/colcon_core/task/python/colcon_distutils_commands:/home/aitthikit/Memekhos_ws/install/examples_rclpy_minimal_action_client/lib/python3.10/site-packages:${PYTHONPATH} /usr/bin/python3 -W ignore:setup.py install is deprecated setup.py egg_info --egg-base ../../../../../build/examples_rclpy_minimal_action_client build --build-base /home/aitthikit/Memekhos_ws/build/examples_rclpy_minimal_action_client/build install --record /home/aitthikit/Memekhos_ws/build/examples_rclpy_minimal_action_client/install.log --single-version-externally-managed install_data
[2.784s] running egg_info
[2.786s] writing ../../../../../build/examples_rclpy_minimal_action_client/examples_rclpy_minimal_action_client.egg-info/PKG-INFO
[2.786s] writing dependency_links to ../../../../../build/examples_rclpy_minimal_action_client/examples_rclpy_minimal_action_client.egg-info/dependency_links.txt
[2.787s] writing entry points to ../../../../../build/examples_rclpy_minimal_action_client/examples_rclpy_minimal_action_client.egg-info/entry_points.txt
[2.787s] writing requirements to ../../../../../build/examples_rclpy_minimal_action_client/examples_rclpy_minimal_action_client.egg-info/requires.txt
[2.787s] writing top-level names to ../../../../../build/examples_rclpy_minimal_action_client/examples_rclpy_minimal_action_client.egg-info/top_level.txt
[2.790s] reading manifest file '../../../../../build/examples_rclpy_minimal_action_client/examples_rclpy_minimal_action_client.egg-info/SOURCES.txt'
[2.792s] writing manifest file '../../../../../build/examples_rclpy_minimal_action_client/examples_rclpy_minimal_action_client.egg-info/SOURCES.txt'
[2.792s] running build
[2.792s] running build_py
[2.793s] running install
[2.793s] running install_lib
[2.796s] running install_data
[2.797s] running install_egg_info
[2.800s] removing '/home/aitthikit/Memekhos_ws/install/examples_rclpy_minimal_action_client/lib/python3.10/site-packages/examples_rclpy_minimal_action_client-0.15.2-py3.10.egg-info' (and everything under it)
[2.800s] Copying ../../../../../build/examples_rclpy_minimal_action_client/examples_rclpy_minimal_action_client.egg-info to /home/aitthikit/Memekhos_ws/install/examples_rclpy_minimal_action_client/lib/python3.10/site-packages/examples_rclpy_minimal_action_client-0.15.2-py3.10.egg-info
[2.809s] running install_scripts
[2.846s] Installing client script to /home/aitthikit/Memekhos_ws/install/examples_rclpy_minimal_action_client/lib/examples_rclpy_minimal_action_client
[2.847s] Installing client_asyncio script to /home/aitthikit/Memekhos_ws/install/examples_rclpy_minimal_action_client/lib/examples_rclpy_minimal_action_client
[2.847s] Installing client_cancel script to /home/aitthikit/Memekhos_ws/install/examples_rclpy_minimal_action_client/lib/examples_rclpy_minimal_action_client
[2.847s] Installing client_not_composable script to /home/aitthikit/Memekhos_ws/install/examples_rclpy_minimal_action_client/lib/examples_rclpy_minimal_action_client
[2.848s] writing list of installed files to '/home/aitthikit/Memekhos_ws/build/examples_rclpy_minimal_action_client/install.log'
[2.977s] Invoked command in '/home/aitthikit/Memekhos_ws/src/examples/rclpy/actions/minimal_action_client' returned '0': PYTHONPATH=/home/aitthikit/Memekhos_ws/build/examples_rclpy_minimal_action_client/prefix_override:/usr/lib/python3/dist-packages/colcon_core/task/python/colcon_distutils_commands:/home/aitthikit/Memekhos_ws/install/examples_rclpy_minimal_action_client/lib/python3.10/site-packages:${PYTHONPATH} /usr/bin/python3 -W ignore:setup.py install is deprecated setup.py egg_info --egg-base ../../../../../build/examples_rclpy_minimal_action_client build --build-base /home/aitthikit/Memekhos_ws/build/examples_rclpy_minimal_action_client/build install --record /home/aitthikit/Memekhos_ws/build/examples_rclpy_minimal_action_client/install.log --single-version-externally-managed install_data
