[3.207s] Invoking command in '/home/aitthikit/Memekhos_ws/src/examples/rclpy/topics/minimal_publisher': PYTHONPATH=/home/aitthikit/Memekhos_ws/build/examples_rclpy_minimal_publisher/prefix_override:/usr/lib/python3/dist-packages/colcon_core/task/python/colcon_distutils_commands:/home/aitthikit/Memekhos_ws/install/examples_rclpy_minimal_publisher/lib/python3.10/site-packages:${PYTHONPATH} /usr/bin/python3 -W ignore:setup.py install is deprecated setup.py egg_info --egg-base ../../../../../build/examples_rclpy_minimal_publisher build --build-base /home/aitthikit/Memekhos_ws/build/examples_rclpy_minimal_publisher/build install --record /home/aitthikit/Memekhos_ws/build/examples_rclpy_minimal_publisher/install.log --single-version-externally-managed install_data
[3.861s] running egg_info
[3.863s] creating ../../../../../build/examples_rclpy_minimal_publisher/examples_rclpy_minimal_publisher.egg-info
[3.863s] writing ../../../../../build/examples_rclpy_minimal_publisher/examples_rclpy_minimal_publisher.egg-info/PKG-INFO
[3.863s] writing dependency_links to ../../../../../build/examples_rclpy_minimal_publisher/examples_rclpy_minimal_publisher.egg-info/dependency_links.txt
[3.866s] writing entry points to ../../../../../build/examples_rclpy_minimal_publisher/examples_rclpy_minimal_publisher.egg-info/entry_points.txt
[3.866s] writing requirements to ../../../../../build/examples_rclpy_minimal_publisher/examples_rclpy_minimal_publisher.egg-info/requires.txt
[3.866s] writing top-level names to ../../../../../build/examples_rclpy_minimal_publisher/examples_rclpy_minimal_publisher.egg-info/top_level.txt
[3.867s] writing manifest file '../../../../../build/examples_rclpy_minimal_publisher/examples_rclpy_minimal_publisher.egg-info/SOURCES.txt'
[3.871s] reading manifest file '../../../../../build/examples_rclpy_minimal_publisher/examples_rclpy_minimal_publisher.egg-info/SOURCES.txt'
[3.874s] writing manifest file '../../../../../build/examples_rclpy_minimal_publisher/examples_rclpy_minimal_publisher.egg-info/SOURCES.txt'
[3.888s] running build
[3.888s] running build_py
[3.889s] creating /home/aitthikit/Memekhos_ws/build/examples_rclpy_minimal_publisher/build
[3.889s] creating /home/aitthikit/Memekhos_ws/build/examples_rclpy_minimal_publisher/build/lib
[3.889s] creating /home/aitthikit/Memekhos_ws/build/examples_rclpy_minimal_publisher/build/lib/examples_rclpy_minimal_publisher
[3.889s] copying examples_rclpy_minimal_publisher/publisher_member_function.py -> /home/aitthikit/Memekhos_ws/build/examples_rclpy_minimal_publisher/build/lib/examples_rclpy_minimal_publisher
[3.889s] copying examples_rclpy_minimal_publisher/publisher_old_school.py -> /home/aitthikit/Memekhos_ws/build/examples_rclpy_minimal_publisher/build/lib/examples_rclpy_minimal_publisher
[3.889s] copying examples_rclpy_minimal_publisher/__init__.py -> /home/aitthikit/Memekhos_ws/build/examples_rclpy_minimal_publisher/build/lib/examples_rclpy_minimal_publisher
[3.889s] copying examples_rclpy_minimal_publisher/publisher_local_function.py -> /home/aitthikit/Memekhos_ws/build/examples_rclpy_minimal_publisher/build/lib/examples_rclpy_minimal_publisher
[3.890s] running install
[3.891s] running install_lib
[3.892s] creating /home/aitthikit/Memekhos_ws/install/examples_rclpy_minimal_publisher/lib/python3.10/site-packages/examples_rclpy_minimal_publisher
[3.892s] copying /home/aitthikit/Memekhos_ws/build/examples_rclpy_minimal_publisher/build/lib/examples_rclpy_minimal_publisher/publisher_member_function.py -> /home/aitthikit/Memekhos_ws/install/examples_rclpy_minimal_publisher/lib/python3.10/site-packages/examples_rclpy_minimal_publisher
[3.892s] copying /home/aitthikit/Memekhos_ws/build/examples_rclpy_minimal_publisher/build/lib/examples_rclpy_minimal_publisher/publisher_old_school.py -> /home/aitthikit/Memekhos_ws/install/examples_rclpy_minimal_publisher/lib/python3.10/site-packages/examples_rclpy_minimal_publisher
[3.892s] copying /home/aitthikit/Memekhos_ws/build/examples_rclpy_minimal_publisher/build/lib/examples_rclpy_minimal_publisher/__init__.py -> /home/aitthikit/Memekhos_ws/install/examples_rclpy_minimal_publisher/lib/python3.10/site-packages/examples_rclpy_minimal_publisher
[3.893s] copying /home/aitthikit/Memekhos_ws/build/examples_rclpy_minimal_publisher/build/lib/examples_rclpy_minimal_publisher/publisher_local_function.py -> /home/aitthikit/Memekhos_ws/install/examples_rclpy_minimal_publisher/lib/python3.10/site-packages/examples_rclpy_minimal_publisher
[3.894s] byte-compiling /home/aitthikit/Memekhos_ws/install/examples_rclpy_minimal_publisher/lib/python3.10/site-packages/examples_rclpy_minimal_publisher/publisher_member_function.py to publisher_member_function.cpython-310.pyc
[3.895s] byte-compiling /home/aitthikit/Memekhos_ws/install/examples_rclpy_minimal_publisher/lib/python3.10/site-packages/examples_rclpy_minimal_publisher/publisher_old_school.py to publisher_old_school.cpython-310.pyc
[3.905s] byte-compiling /home/aitthikit/Memekhos_ws/install/examples_rclpy_minimal_publisher/lib/python3.10/site-packages/examples_rclpy_minimal_publisher/__init__.py to __init__.cpython-310.pyc
[3.905s] byte-compiling /home/aitthikit/Memekhos_ws/install/examples_rclpy_minimal_publisher/lib/python3.10/site-packages/examples_rclpy_minimal_publisher/publisher_local_function.py to publisher_local_function.cpython-310.pyc
[3.906s] running install_data
[3.906s] creating /home/aitthikit/Memekhos_ws/install/examples_rclpy_minimal_publisher/share/ament_index
[3.916s] creating /home/aitthikit/Memekhos_ws/install/examples_rclpy_minimal_publisher/share/ament_index/resource_index
[3.916s] creating /home/aitthikit/Memekhos_ws/install/examples_rclpy_minimal_publisher/share/ament_index/resource_index/packages
[3.917s] copying resource/examples_rclpy_minimal_publisher -> /home/aitthikit/Memekhos_ws/install/examples_rclpy_minimal_publisher/share/ament_index/resource_index/packages
[3.917s] copying package.xml -> /home/aitthikit/Memekhos_ws/install/examples_rclpy_minimal_publisher/share/examples_rclpy_minimal_publisher
[3.917s] running install_egg_info
[3.920s] Copying ../../../../../build/examples_rclpy_minimal_publisher/examples_rclpy_minimal_publisher.egg-info to /home/aitthikit/Memekhos_ws/install/examples_rclpy_minimal_publisher/lib/python3.10/site-packages/examples_rclpy_minimal_publisher-0.15.2-py3.10.egg-info
[3.921s] running install_scripts
[4.007s] Installing publisher_local_function script to /home/aitthikit/Memekhos_ws/install/examples_rclpy_minimal_publisher/lib/examples_rclpy_minimal_publisher
[4.023s] Installing publisher_member_function script to /home/aitthikit/Memekhos_ws/install/examples_rclpy_minimal_publisher/lib/examples_rclpy_minimal_publisher
[4.025s] Installing publisher_old_school script to /home/aitthikit/Memekhos_ws/install/examples_rclpy_minimal_publisher/lib/examples_rclpy_minimal_publisher
[4.026s] writing list of installed files to '/home/aitthikit/Memekhos_ws/build/examples_rclpy_minimal_publisher/install.log'
[4.388s] Invoked command in '/home/aitthikit/Memekhos_ws/src/examples/rclpy/topics/minimal_publisher' returned '0': PYTHONPATH=/home/aitthikit/Memekhos_ws/build/examples_rclpy_minimal_publisher/prefix_override:/usr/lib/python3/dist-packages/colcon_core/task/python/colcon_distutils_commands:/home/aitthikit/Memekhos_ws/install/examples_rclpy_minimal_publisher/lib/python3.10/site-packages:${PYTHONPATH} /usr/bin/python3 -W ignore:setup.py install is deprecated setup.py egg_info --egg-base ../../../../../build/examples_rclpy_minimal_publisher build --build-base /home/aitthikit/Memekhos_ws/build/examples_rclpy_minimal_publisher/build install --record /home/aitthikit/Memekhos_ws/build/examples_rclpy_minimal_publisher/install.log --single-version-externally-managed install_data
