[0.077s] Invoking command in '/home/aitthikit/Memekhos_ws/build/lecture2': CMAKE_PREFIX_PATH=${CMAKE_PREFIX_PATH}:/home/aitthikit/Memekhos_ws/install/launch_testing_examples:/home/aitthikit/Memekhos_ws/install/examples_rclpy_pointcloud_publisher:/home/aitthikit/Memekhos_ws/install/examples_rclpy_minimal_subscriber:/home/aitthikit/Memekhos_ws/install/examples_rclpy_minimal_service:/home/aitthikit/Memekhos_ws/install/examples_rclpy_minimal_publisher:/home/aitthikit/Memekhos_ws/install/examples_rclpy_minimal_client:/home/aitthikit/Memekhos_ws/install/examples_rclpy_minimal_action_server:/home/aitthikit/Memekhos_ws/install/examples_rclpy_minimal_action_client:/home/aitthikit/Memekhos_ws/install/examples_rclpy_guard_conditions:/home/aitthikit/Memekhos_ws/install/examples_rclpy_executors:/opt/ros/humble /usr/bin/cmake --build /home/aitthikit/Memekhos_ws/build/lecture2 -- -j12 -l12
[0.169s] [100%] Built target cpp_node_test
[0.170s] [100%] Built target ament_cmake_python_copy_lecture2
[0.565s] running egg_info
[0.568s] writing lecture2.egg-info/PKG-INFO
[0.568s] writing dependency_links to lecture2.egg-info/dependency_links.txt
[0.569s] writing top-level names to lecture2.egg-info/top_level.txt
[0.569s] reading manifest file 'lecture2.egg-info/SOURCES.txt'
[0.569s] writing manifest file 'lecture2.egg-info/SOURCES.txt'
[0.603s] [100%] Built target ament_cmake_python_build_lecture2_egg
[0.616s] Invoked command in '/home/aitthikit/Memekhos_ws/build/lecture2' returned '0': CMAKE_PREFIX_PATH=${CMAKE_PREFIX_PATH}:/home/aitthikit/Memekhos_ws/install/launch_testing_examples:/home/aitthikit/Memekhos_ws/install/examples_rclpy_pointcloud_publisher:/home/aitthikit/Memekhos_ws/install/examples_rclpy_minimal_subscriber:/home/aitthikit/Memekhos_ws/install/examples_rclpy_minimal_service:/home/aitthikit/Memekhos_ws/install/examples_rclpy_minimal_publisher:/home/aitthikit/Memekhos_ws/install/examples_rclpy_minimal_client:/home/aitthikit/Memekhos_ws/install/examples_rclpy_minimal_action_server:/home/aitthikit/Memekhos_ws/install/examples_rclpy_minimal_action_client:/home/aitthikit/Memekhos_ws/install/examples_rclpy_guard_conditions:/home/aitthikit/Memekhos_ws/install/examples_rclpy_executors:/opt/ros/humble /usr/bin/cmake --build /home/aitthikit/Memekhos_ws/build/lecture2 -- -j12 -l12
[0.648s] Invoking command in '/home/aitthikit/Memekhos_ws/build/lecture2': CMAKE_PREFIX_PATH=${CMAKE_PREFIX_PATH}:/home/aitthikit/Memekhos_ws/install/launch_testing_examples:/home/aitthikit/Memekhos_ws/install/examples_rclpy_pointcloud_publisher:/home/aitthikit/Memekhos_ws/install/examples_rclpy_minimal_subscriber:/home/aitthikit/Memekhos_ws/install/examples_rclpy_minimal_service:/home/aitthikit/Memekhos_ws/install/examples_rclpy_minimal_publisher:/home/aitthikit/Memekhos_ws/install/examples_rclpy_minimal_client:/home/aitthikit/Memekhos_ws/install/examples_rclpy_minimal_action_server:/home/aitthikit/Memekhos_ws/install/examples_rclpy_minimal_action_client:/home/aitthikit/Memekhos_ws/install/examples_rclpy_guard_conditions:/home/aitthikit/Memekhos_ws/install/examples_rclpy_executors:/opt/ros/humble /usr/bin/cmake --install /home/aitthikit/Memekhos_ws/build/lecture2
[0.656s] -- Install configuration: ""
[0.656s] -- Up-to-date: /home/aitthikit/Memekhos_ws/install/lecture2/share/lecture2/environment/pythonpath.sh
[0.657s] -- Up-to-date: /home/aitthikit/Memekhos_ws/install/lecture2/share/lecture2/environment/pythonpath.dsv
[0.657s] -- Up-to-date: /home/aitthikit/Memekhos_ws/install/lecture2/local/lib/python3.10/dist-packages/lecture2-0.0.0-py3.10.egg-info
[0.657s] -- Installing: /home/aitthikit/Memekhos_ws/install/lecture2/local/lib/python3.10/dist-packages/lecture2-0.0.0-py3.10.egg-info/dependency_links.txt
[0.657s] -- Installing: /home/aitthikit/Memekhos_ws/install/lecture2/local/lib/python3.10/dist-packages/lecture2-0.0.0-py3.10.egg-info/SOURCES.txt
[0.657s] -- Installing: /home/aitthikit/Memekhos_ws/install/lecture2/local/lib/python3.10/dist-packages/lecture2-0.0.0-py3.10.egg-info/top_level.txt
[0.657s] -- Installing: /home/aitthikit/Memekhos_ws/install/lecture2/local/lib/python3.10/dist-packages/lecture2-0.0.0-py3.10.egg-info/PKG-INFO
[0.657s] -- Up-to-date: /home/aitthikit/Memekhos_ws/install/lecture2/local/lib/python3.10/dist-packages/lecture2
[0.657s] -- Up-to-date: /home/aitthikit/Memekhos_ws/install/lecture2/local/lib/python3.10/dist-packages/lecture2/__init__.py
[0.657s] -- Up-to-date: /home/aitthikit/Memekhos_ws/install/lecture2/local/lib/python3.10/dist-packages/lecture2/dummy_module.py
[0.697s] Listing '/home/aitthikit/Memekhos_ws/install/lecture2/local/lib/python3.10/dist-packages/lecture2'...
[0.703s] -- Up-to-date: /home/aitthikit/Memekhos_ws/install/lecture2/lib/lecture2/dummy_script.py
[0.703s] -- Up-to-date: /home/aitthikit/Memekhos_ws/install/lecture2/lib/lecture2/manual_teleop.py
[0.703s] -- Up-to-date: /home/aitthikit/Memekhos_ws/install/lecture2/lib/lecture2/cpp_node_test
[0.703s] -- Up-to-date: /home/aitthikit/Memekhos_ws/install/lecture2/share/lecture2
[0.703s] -- Up-to-date: /home/aitthikit/Memekhos_ws/install/lecture2/share/ament_index/resource_index/package_run_dependencies/lecture2
[0.704s] -- Up-to-date: /home/aitthikit/Memekhos_ws/install/lecture2/share/ament_index/resource_index/parent_prefix_path/lecture2
[0.704s] -- Up-to-date: /home/aitthikit/Memekhos_ws/install/lecture2/share/lecture2/environment/ament_prefix_path.sh
[0.705s] -- Up-to-date: /home/aitthikit/Memekhos_ws/install/lecture2/share/lecture2/environment/ament_prefix_path.dsv
[0.705s] -- Up-to-date: /home/aitthikit/Memekhos_ws/install/lecture2/share/lecture2/environment/path.sh
[0.705s] -- Up-to-date: /home/aitthikit/Memekhos_ws/install/lecture2/share/lecture2/environment/path.dsv
[0.705s] -- Up-to-date: /home/aitthikit/Memekhos_ws/install/lecture2/share/lecture2/local_setup.bash
[0.706s] -- Up-to-date: /home/aitthikit/Memekhos_ws/install/lecture2/share/lecture2/local_setup.sh
[0.706s] -- Up-to-date: /home/aitthikit/Memekhos_ws/install/lecture2/share/lecture2/local_setup.zsh
[0.706s] -- Up-to-date: /home/aitthikit/Memekhos_ws/install/lecture2/share/lecture2/local_setup.dsv
[0.706s] -- Installing: /home/aitthikit/Memekhos_ws/install/lecture2/share/lecture2/package.dsv
[0.706s] -- Up-to-date: /home/aitthikit/Memekhos_ws/install/lecture2/share/ament_index/resource_index/packages/lecture2
[0.706s] -- Up-to-date: /home/aitthikit/Memekhos_ws/install/lecture2/share/lecture2/cmake/lecture2Config.cmake
[0.707s] -- Up-to-date: /home/aitthikit/Memekhos_ws/install/lecture2/share/lecture2/cmake/lecture2Config-version.cmake
[0.707s] -- Up-to-date: /home/aitthikit/Memekhos_ws/install/lecture2/share/lecture2/package.xml
[0.707s] Invoked command in '/home/aitthikit/Memekhos_ws/build/lecture2' returned '0': CMAKE_PREFIX_PATH=${CMAKE_PREFIX_PATH}:/home/aitthikit/Memekhos_ws/install/launch_testing_examples:/home/aitthikit/Memekhos_ws/install/examples_rclpy_pointcloud_publisher:/home/aitthikit/Memekhos_ws/install/examples_rclpy_minimal_subscriber:/home/aitthikit/Memekhos_ws/install/examples_rclpy_minimal_service:/home/aitthikit/Memekhos_ws/install/examples_rclpy_minimal_publisher:/home/aitthikit/Memekhos_ws/install/examples_rclpy_minimal_client:/home/aitthikit/Memekhos_ws/install/examples_rclpy_minimal_action_server:/home/aitthikit/Memekhos_ws/install/examples_rclpy_minimal_action_client:/home/aitthikit/Memekhos_ws/install/examples_rclpy_guard_conditions:/home/aitthikit/Memekhos_ws/install/examples_rclpy_executors:/opt/ros/humble /usr/bin/cmake --install /home/aitthikit/Memekhos_ws/build/lecture2
