[2.392s] Invoking command in '/home/aitthikit/Memekhos_ws/src/examples/rclpy/executors': PYTHONPATH=/home/aitthikit/Memekhos_ws/build/examples_rclpy_executors/prefix_override:/usr/lib/python3/dist-packages/colcon_core/task/python/colcon_distutils_commands:/home/aitthikit/Memekhos_ws/install/examples_rclpy_executors/lib/python3.10/site-packages:${PYTHONPATH} /usr/bin/python3 -W ignore:setup.py install is deprecated setup.py egg_info --egg-base ../../../../build/examples_rclpy_executors build --build-base /home/aitthikit/Memekhos_ws/build/examples_rclpy_executors/build install --record /home/aitthikit/Memekhos_ws/build/examples_rclpy_executors/install.log --single-version-externally-managed install_data
[2.819s] running egg_info
[2.821s] writing ../../../../build/examples_rclpy_executors/examples_rclpy_executors.egg-info/PKG-INFO
[2.821s] writing dependency_links to ../../../../build/examples_rclpy_executors/examples_rclpy_executors.egg-info/dependency_links.txt
[2.821s] writing entry points to ../../../../build/examples_rclpy_executors/examples_rclpy_executors.egg-info/entry_points.txt
[2.822s] writing requirements to ../../../../build/examples_rclpy_executors/examples_rclpy_executors.egg-info/requires.txt
[2.822s] writing top-level names to ../../../../build/examples_rclpy_executors/examples_rclpy_executors.egg-info/top_level.txt
[2.825s] reading manifest file '../../../../build/examples_rclpy_executors/examples_rclpy_executors.egg-info/SOURCES.txt'
[2.826s] writing manifest file '../../../../build/examples_rclpy_executors/examples_rclpy_executors.egg-info/SOURCES.txt'
[2.826s] running build
[2.827s] running build_py
[2.827s] running install
[2.828s] running install_lib
[2.830s] running install_data
[2.831s] running install_egg_info
[2.833s] removing '/home/aitthikit/Memekhos_ws/install/examples_rclpy_executors/lib/python3.10/site-packages/examples_rclpy_executors-0.15.2-py3.10.egg-info' (and everything under it)
[2.837s] Copying ../../../../build/examples_rclpy_executors/examples_rclpy_executors.egg-info to /home/aitthikit/Memekhos_ws/install/examples_rclpy_executors/lib/python3.10/site-packages/examples_rclpy_executors-0.15.2-py3.10.egg-info
[2.853s] running install_scripts
[2.887s] Installing callback_group script to /home/aitthikit/Memekhos_ws/install/examples_rclpy_executors/lib/examples_rclpy_executors
[2.887s] Installing composed script to /home/aitthikit/Memekhos_ws/install/examples_rclpy_executors/lib/examples_rclpy_executors
[2.888s] Installing custom_callback_group script to /home/aitthikit/Memekhos_ws/install/examples_rclpy_executors/lib/examples_rclpy_executors
[2.888s] Installing custom_executor script to /home/aitthikit/Memekhos_ws/install/examples_rclpy_executors/lib/examples_rclpy_executors
[2.888s] Installing listener script to /home/aitthikit/Memekhos_ws/install/examples_rclpy_executors/lib/examples_rclpy_executors
[2.888s] Installing talker script to /home/aitthikit/Memekhos_ws/install/examples_rclpy_executors/lib/examples_rclpy_executors
[2.889s] writing list of installed files to '/home/aitthikit/Memekhos_ws/build/examples_rclpy_executors/install.log'
[3.095s] Invoked command in '/home/aitthikit/Memekhos_ws/src/examples/rclpy/executors' returned '0': PYTHONPATH=/home/aitthikit/Memekhos_ws/build/examples_rclpy_executors/prefix_override:/usr/lib/python3/dist-packages/colcon_core/task/python/colcon_distutils_commands:/home/aitthikit/Memekhos_ws/install/examples_rclpy_executors/lib/python3.10/site-packages:${PYTHONPATH} /usr/bin/python3 -W ignore:setup.py install is deprecated setup.py egg_info --egg-base ../../../../build/examples_rclpy_executors build --build-base /home/aitthikit/Memekhos_ws/build/examples_rclpy_executors/build install --record /home/aitthikit/Memekhos_ws/build/examples_rclpy_executors/install.log --single-version-externally-managed install_data
