[0.055s] Invoking command in '/home/aitthikit/Memekhos_ws/build/lab1': CMAKE_PREFIX_PATH=${CMAKE_PREFIX_PATH}:/home/aitthikit/Memekhos_ws/install/launch_testing_examples:/home/aitthikit/Memekhos_ws/install/examples_rclpy_pointcloud_publisher:/home/aitthikit/Memekhos_ws/install/examples_rclpy_minimal_subscriber:/home/aitthikit/Memekhos_ws/install/examples_rclpy_minimal_service:/home/aitthikit/Memekhos_ws/install/examples_rclpy_minimal_publisher:/home/aitthikit/Memekhos_ws/install/examples_rclpy_minimal_client:/home/aitthikit/Memekhos_ws/install/examples_rclpy_minimal_action_server:/home/aitthikit/Memekhos_ws/install/examples_rclpy_minimal_action_client:/home/aitthikit/Memekhos_ws/install/examples_rclpy_guard_conditions:/home/aitthikit/Memekhos_ws/install/examples_rclpy_executors:/opt/ros/humble /usr/bin/cmake --build /home/aitthikit/Memekhos_ws/build/lab1 -- -j12 -l12
[0.124s] [100%] Built target cpp_node_test
[0.140s] [100%] Built target ament_cmake_python_copy_lab1
[0.606s] running egg_info
[0.607s] writing lab1.egg-info/PKG-INFO
[0.608s] writing dependency_links to lab1.egg-info/dependency_links.txt
[0.608s] writing top-level names to lab1.egg-info/top_level.txt
[0.611s] reading manifest file 'lab1.egg-info/SOURCES.txt'
[0.612s] writing manifest file 'lab1.egg-info/SOURCES.txt'
[0.646s] [100%] Built target ament_cmake_python_build_lab1_egg
[0.750s] Invoked command in '/home/aitthikit/Memekhos_ws/build/lab1' returned '0': CMAKE_PREFIX_PATH=${CMAKE_PREFIX_PATH}:/home/aitthikit/Memekhos_ws/install/launch_testing_examples:/home/aitthikit/Memekhos_ws/install/examples_rclpy_pointcloud_publisher:/home/aitthikit/Memekhos_ws/install/examples_rclpy_minimal_subscriber:/home/aitthikit/Memekhos_ws/install/examples_rclpy_minimal_service:/home/aitthikit/Memekhos_ws/install/examples_rclpy_minimal_publisher:/home/aitthikit/Memekhos_ws/install/examples_rclpy_minimal_client:/home/aitthikit/Memekhos_ws/install/examples_rclpy_minimal_action_server:/home/aitthikit/Memekhos_ws/install/examples_rclpy_minimal_action_client:/home/aitthikit/Memekhos_ws/install/examples_rclpy_guard_conditions:/home/aitthikit/Memekhos_ws/install/examples_rclpy_executors:/opt/ros/humble /usr/bin/cmake --build /home/aitthikit/Memekhos_ws/build/lab1 -- -j12 -l12
[0.815s] Invoking command in '/home/aitthikit/Memekhos_ws/build/lab1': CMAKE_PREFIX_PATH=${CMAKE_PREFIX_PATH}:/home/aitthikit/Memekhos_ws/install/launch_testing_examples:/home/aitthikit/Memekhos_ws/install/examples_rclpy_pointcloud_publisher:/home/aitthikit/Memekhos_ws/install/examples_rclpy_minimal_subscriber:/home/aitthikit/Memekhos_ws/install/examples_rclpy_minimal_service:/home/aitthikit/Memekhos_ws/install/examples_rclpy_minimal_publisher:/home/aitthikit/Memekhos_ws/install/examples_rclpy_minimal_client:/home/aitthikit/Memekhos_ws/install/examples_rclpy_minimal_action_server:/home/aitthikit/Memekhos_ws/install/examples_rclpy_minimal_action_client:/home/aitthikit/Memekhos_ws/install/examples_rclpy_guard_conditions:/home/aitthikit/Memekhos_ws/install/examples_rclpy_executors:/opt/ros/humble /usr/bin/cmake --install /home/aitthikit/Memekhos_ws/build/lab1
[1.222s] -- Install configuration: ""
[1.222s] -- Up-to-date: /home/aitthikit/Memekhos_ws/install/lab1/share/lab1/environment/pythonpath.sh
[1.223s] -- Up-to-date: /home/aitthikit/Memekhos_ws/install/lab1/share/lab1/environment/pythonpath.dsv
[1.223s] -- Up-to-date: /home/aitthikit/Memekhos_ws/install/lab1/local/lib/python3.10/dist-packages/lab1-0.0.0-py3.10.egg-info
[1.223s] -- Installing: /home/aitthikit/Memekhos_ws/install/lab1/local/lib/python3.10/dist-packages/lab1-0.0.0-py3.10.egg-info/dependency_links.txt
[1.223s] -- Installing: /home/aitthikit/Memekhos_ws/install/lab1/local/lib/python3.10/dist-packages/lab1-0.0.0-py3.10.egg-info/SOURCES.txt
[1.223s] -- Installing: /home/aitthikit/Memekhos_ws/install/lab1/local/lib/python3.10/dist-packages/lab1-0.0.0-py3.10.egg-info/top_level.txt
[1.223s] -- Installing: /home/aitthikit/Memekhos_ws/install/lab1/local/lib/python3.10/dist-packages/lab1-0.0.0-py3.10.egg-info/PKG-INFO
[1.223s] -- Up-to-date: /home/aitthikit/Memekhos_ws/install/lab1/local/lib/python3.10/dist-packages/lab1
[1.223s] -- Up-to-date: /home/aitthikit/Memekhos_ws/install/lab1/local/lib/python3.10/dist-packages/lab1/__init__.py
[1.223s] -- Up-to-date: /home/aitthikit/Memekhos_ws/install/lab1/local/lib/python3.10/dist-packages/lab1/dummy_module.py
[1.223s] Listing '/home/aitthikit/Memekhos_ws/install/lab1/local/lib/python3.10/dist-packages/lab1'...
[1.224s] -- Up-to-date: /home/aitthikit/Memekhos_ws/install/lab1/lib/lab1/dummy_script.py
[1.224s] -- Up-to-date: /home/aitthikit/Memekhos_ws/install/lab1/lib/lab1/noise_generator.py
[1.224s] -- Up-to-date: /home/aitthikit/Memekhos_ws/install/lab1/lib/lab1/velocity_mux.py
[1.224s] -- Up-to-date: /home/aitthikit/Memekhos_ws/install/lab1/lib/lab1/cpp_node_test
[1.224s] -- Up-to-date: /home/aitthikit/Memekhos_ws/install/lab1/share/lab1/launch
[1.224s] -- Up-to-date: /home/aitthikit/Memekhos_ws/install/lab1/share/lab1/launch/simple-param.launch.py
[1.224s] -- Up-to-date: /home/aitthikit/Memekhos_ws/install/lab1/share/lab1/launch/simple.launch.py
[1.224s] -- Up-to-date: /home/aitthikit/Memekhos_ws/install/lab1/share/lab1/launch/lab1.launch.py
[1.224s] -- Up-to-date: /home/aitthikit/Memekhos_ws/install/lab1/share/lab1/launch/lab1-execute-process.launch.py
[1.224s] -- Up-to-date: /home/aitthikit/Memekhos_ws/install/lab1/share/ament_index/resource_index/package_run_dependencies/lab1
[1.224s] -- Up-to-date: /home/aitthikit/Memekhos_ws/install/lab1/share/ament_index/resource_index/parent_prefix_path/lab1
[1.224s] -- Up-to-date: /home/aitthikit/Memekhos_ws/install/lab1/share/lab1/environment/ament_prefix_path.sh
[1.224s] -- Up-to-date: /home/aitthikit/Memekhos_ws/install/lab1/share/lab1/environment/ament_prefix_path.dsv
[1.225s] -- Up-to-date: /home/aitthikit/Memekhos_ws/install/lab1/share/lab1/environment/path.sh
[1.225s] -- Up-to-date: /home/aitthikit/Memekhos_ws/install/lab1/share/lab1/environment/path.dsv
[1.225s] -- Up-to-date: /home/aitthikit/Memekhos_ws/install/lab1/share/lab1/local_setup.bash
[1.225s] -- Up-to-date: /home/aitthikit/Memekhos_ws/install/lab1/share/lab1/local_setup.sh
[1.225s] -- Up-to-date: /home/aitthikit/Memekhos_ws/install/lab1/share/lab1/local_setup.zsh
[1.225s] -- Up-to-date: /home/aitthikit/Memekhos_ws/install/lab1/share/lab1/local_setup.dsv
[1.225s] -- Installing: /home/aitthikit/Memekhos_ws/install/lab1/share/lab1/package.dsv
[1.225s] -- Up-to-date: /home/aitthikit/Memekhos_ws/install/lab1/share/ament_index/resource_index/packages/lab1
[1.225s] -- Up-to-date: /home/aitthikit/Memekhos_ws/install/lab1/share/lab1/cmake/lab1Config.cmake
[1.225s] -- Up-to-date: /home/aitthikit/Memekhos_ws/install/lab1/share/lab1/cmake/lab1Config-version.cmake
[1.225s] -- Up-to-date: /home/aitthikit/Memekhos_ws/install/lab1/share/lab1/package.xml
[1.246s] Invoked command in '/home/aitthikit/Memekhos_ws/build/lab1' returned '0': CMAKE_PREFIX_PATH=${CMAKE_PREFIX_PATH}:/home/aitthikit/Memekhos_ws/install/launch_testing_examples:/home/aitthikit/Memekhos_ws/install/examples_rclpy_pointcloud_publisher:/home/aitthikit/Memekhos_ws/install/examples_rclpy_minimal_subscriber:/home/aitthikit/Memekhos_ws/install/examples_rclpy_minimal_service:/home/aitthikit/Memekhos_ws/install/examples_rclpy_minimal_publisher:/home/aitthikit/Memekhos_ws/install/examples_rclpy_minimal_client:/home/aitthikit/Memekhos_ws/install/examples_rclpy_minimal_action_server:/home/aitthikit/Memekhos_ws/install/examples_rclpy_minimal_action_client:/home/aitthikit/Memekhos_ws/install/examples_rclpy_guard_conditions:/home/aitthikit/Memekhos_ws/install/examples_rclpy_executors:/opt/ros/humble /usr/bin/cmake --install /home/aitthikit/Memekhos_ws/build/lab1
