[0.070s] Invoking command in '/home/aitthikit/Memekhos_ws/build/lab1': CMAKE_PREFIX_PATH=${CMAKE_PREFIX_PATH}:/home/aitthikit/Memekhos_ws/install/launch_testing_examples:/home/aitthikit/Memekhos_ws/install/examples_rclpy_pointcloud_publisher:/home/aitthikit/Memekhos_ws/install/examples_rclpy_minimal_subscriber:/home/aitthikit/Memekhos_ws/install/examples_rclpy_minimal_service:/home/aitthikit/Memekhos_ws/install/examples_rclpy_minimal_publisher:/home/aitthikit/Memekhos_ws/install/examples_rclpy_minimal_client:/home/aitthikit/Memekhos_ws/install/examples_rclpy_minimal_action_server:/home/aitthikit/Memekhos_ws/install/examples_rclpy_minimal_action_client:/home/aitthikit/Memekhos_ws/install/examples_rclpy_guard_conditions:/home/aitthikit/Memekhos_ws/install/examples_rclpy_executors:/opt/ros/humble /usr/bin/cmake --build /home/aitthikit/Memekhos_ws/build/lab1 -- -j12 -l12
[0.168s] [100%] Built target cpp_node_test
[0.168s] [100%] Built target ament_cmake_python_copy_lab1
[0.598s] running egg_info
[0.598s] writing lab1.egg-info/PKG-INFO
[0.599s] writing dependency_links to lab1.egg-info/dependency_links.txt
[0.599s] writing top-level names to lab1.egg-info/top_level.txt
[0.601s] reading manifest file 'lab1.egg-info/SOURCES.txt'
[0.601s] writing manifest file 'lab1.egg-info/SOURCES.txt'
[0.631s] [100%] Built target ament_cmake_python_build_lab1_egg
[0.732s] Invoked command in '/home/aitthikit/Memekhos_ws/build/lab1' returned '0': CMAKE_PREFIX_PATH=${CMAKE_PREFIX_PATH}:/home/aitthikit/Memekhos_ws/install/launch_testing_examples:/home/aitthikit/Memekhos_ws/install/examples_rclpy_pointcloud_publisher:/home/aitthikit/Memekhos_ws/install/examples_rclpy_minimal_subscriber:/home/aitthikit/Memekhos_ws/install/examples_rclpy_minimal_service:/home/aitthikit/Memekhos_ws/install/examples_rclpy_minimal_publisher:/home/aitthikit/Memekhos_ws/install/examples_rclpy_minimal_client:/home/aitthikit/Memekhos_ws/install/examples_rclpy_minimal_action_server:/home/aitthikit/Memekhos_ws/install/examples_rclpy_minimal_action_client:/home/aitthikit/Memekhos_ws/install/examples_rclpy_guard_conditions:/home/aitthikit/Memekhos_ws/install/examples_rclpy_executors:/opt/ros/humble /usr/bin/cmake --build /home/aitthikit/Memekhos_ws/build/lab1 -- -j12 -l12
[0.784s] Invoking command in '/home/aitthikit/Memekhos_ws/build/lab1': CMAKE_PREFIX_PATH=${CMAKE_PREFIX_PATH}:/home/aitthikit/Memekhos_ws/install/launch_testing_examples:/home/aitthikit/Memekhos_ws/install/examples_rclpy_pointcloud_publisher:/home/aitthikit/Memekhos_ws/install/examples_rclpy_minimal_subscriber:/home/aitthikit/Memekhos_ws/install/examples_rclpy_minimal_service:/home/aitthikit/Memekhos_ws/install/examples_rclpy_minimal_publisher:/home/aitthikit/Memekhos_ws/install/examples_rclpy_minimal_client:/home/aitthikit/Memekhos_ws/install/examples_rclpy_minimal_action_server:/home/aitthikit/Memekhos_ws/install/examples_rclpy_minimal_action_client:/home/aitthikit/Memekhos_ws/install/examples_rclpy_guard_conditions:/home/aitthikit/Memekhos_ws/install/examples_rclpy_executors:/opt/ros/humble /usr/bin/cmake --install /home/aitthikit/Memekhos_ws/build/lab1
[0.803s] -- Install configuration: ""
[0.803s] -- Up-to-date: /home/aitthikit/Memekhos_ws/install/lab1/share/lab1/environment/pythonpath.sh
[0.803s] -- Up-to-date: /home/aitthikit/Memekhos_ws/install/lab1/share/lab1/environment/pythonpath.dsv
[0.804s] -- Up-to-date: /home/aitthikit/Memekhos_ws/install/lab1/local/lib/python3.10/dist-packages/lab1-0.0.0-py3.10.egg-info
[0.804s] -- Installing: /home/aitthikit/Memekhos_ws/install/lab1/local/lib/python3.10/dist-packages/lab1-0.0.0-py3.10.egg-info/dependency_links.txt
[0.804s] -- Installing: /home/aitthikit/Memekhos_ws/install/lab1/local/lib/python3.10/dist-packages/lab1-0.0.0-py3.10.egg-info/SOURCES.txt
[0.804s] -- Installing: /home/aitthikit/Memekhos_ws/install/lab1/local/lib/python3.10/dist-packages/lab1-0.0.0-py3.10.egg-info/top_level.txt
[0.804s] -- Installing: /home/aitthikit/Memekhos_ws/install/lab1/local/lib/python3.10/dist-packages/lab1-0.0.0-py3.10.egg-info/PKG-INFO
[0.804s] -- Up-to-date: /home/aitthikit/Memekhos_ws/install/lab1/local/lib/python3.10/dist-packages/lab1
[0.804s] -- Up-to-date: /home/aitthikit/Memekhos_ws/install/lab1/local/lib/python3.10/dist-packages/lab1/__init__.py
[0.804s] -- Up-to-date: /home/aitthikit/Memekhos_ws/install/lab1/local/lib/python3.10/dist-packages/lab1/dummy_module.py
[0.856s] Listing '/home/aitthikit/Memekhos_ws/install/lab1/local/lib/python3.10/dist-packages/lab1'...
[0.862s] -- Up-to-date: /home/aitthikit/Memekhos_ws/install/lab1/lib/lab1/dummy_script.py
[0.862s] -- Up-to-date: /home/aitthikit/Memekhos_ws/install/lab1/lib/lab1/noise_generator.py
[0.863s] -- Up-to-date: /home/aitthikit/Memekhos_ws/install/lab1/lib/lab1/velocity_mux.py
[0.863s] -- Up-to-date: /home/aitthikit/Memekhos_ws/install/lab1/lib/lab1/cpp_node_test
[0.863s] -- Up-to-date: /home/aitthikit/Memekhos_ws/install/lab1/share/lab1/launch
[0.864s] -- Up-to-date: /home/aitthikit/Memekhos_ws/install/lab1/share/lab1/launch/simple-param.launch.py
[0.864s] -- Up-to-date: /home/aitthikit/Memekhos_ws/install/lab1/share/lab1/launch/simple.launch.py
[0.864s] -- Up-to-date: /home/aitthikit/Memekhos_ws/install/lab1/share/lab1/launch/lab1.launch.py
[0.864s] -- Up-to-date: /home/aitthikit/Memekhos_ws/install/lab1/share/lab1/launch/lab1-execute-process.launch.py
[0.865s] -- Up-to-date: /home/aitthikit/Memekhos_ws/install/lab1/share/ament_index/resource_index/package_run_dependencies/lab1
[0.865s] -- Up-to-date: /home/aitthikit/Memekhos_ws/install/lab1/share/ament_index/resource_index/parent_prefix_path/lab1
[0.865s] -- Up-to-date: /home/aitthikit/Memekhos_ws/install/lab1/share/lab1/environment/ament_prefix_path.sh
[0.865s] -- Up-to-date: /home/aitthikit/Memekhos_ws/install/lab1/share/lab1/environment/ament_prefix_path.dsv
[0.865s] -- Up-to-date: /home/aitthikit/Memekhos_ws/install/lab1/share/lab1/environment/path.sh
[0.866s] -- Up-to-date: /home/aitthikit/Memekhos_ws/install/lab1/share/lab1/environment/path.dsv
[0.866s] -- Up-to-date: /home/aitthikit/Memekhos_ws/install/lab1/share/lab1/local_setup.bash
[0.866s] -- Up-to-date: /home/aitthikit/Memekhos_ws/install/lab1/share/lab1/local_setup.sh
[0.866s] -- Up-to-date: /home/aitthikit/Memekhos_ws/install/lab1/share/lab1/local_setup.zsh
[0.867s] -- Up-to-date: /home/aitthikit/Memekhos_ws/install/lab1/share/lab1/local_setup.dsv
[0.868s] -- Installing: /home/aitthikit/Memekhos_ws/install/lab1/share/lab1/package.dsv
[0.868s] -- Up-to-date: /home/aitthikit/Memekhos_ws/install/lab1/share/ament_index/resource_index/packages/lab1
[0.868s] -- Up-to-date: /home/aitthikit/Memekhos_ws/install/lab1/share/lab1/cmake/lab1Config.cmake
[0.868s] -- Up-to-date: /home/aitthikit/Memekhos_ws/install/lab1/share/lab1/cmake/lab1Config-version.cmake
[0.868s] -- Up-to-date: /home/aitthikit/Memekhos_ws/install/lab1/share/lab1/package.xml
[0.879s] Invoked command in '/home/aitthikit/Memekhos_ws/build/lab1' returned '0': CMAKE_PREFIX_PATH=${CMAKE_PREFIX_PATH}:/home/aitthikit/Memekhos_ws/install/launch_testing_examples:/home/aitthikit/Memekhos_ws/install/examples_rclpy_pointcloud_publisher:/home/aitthikit/Memekhos_ws/install/examples_rclpy_minimal_subscriber:/home/aitthikit/Memekhos_ws/install/examples_rclpy_minimal_service:/home/aitthikit/Memekhos_ws/install/examples_rclpy_minimal_publisher:/home/aitthikit/Memekhos_ws/install/examples_rclpy_minimal_client:/home/aitthikit/Memekhos_ws/install/examples_rclpy_minimal_action_server:/home/aitthikit/Memekhos_ws/install/examples_rclpy_minimal_action_client:/home/aitthikit/Memekhos_ws/install/examples_rclpy_guard_conditions:/home/aitthikit/Memekhos_ws/install/examples_rclpy_executors:/opt/ros/humble /usr/bin/cmake --install /home/aitthikit/Memekhos_ws/build/lab1
