[0.050s] Invoking command in '/home/aitthikit/Memekhos_ws/build/examples_rclcpp_async_client': CMAKE_PREFIX_PATH=${CMAKE_PREFIX_PATH}:/home/aitthikit/Memekhos_ws/install/launch_testing_examples:/home/aitthikit/Memekhos_ws/install/examples_rclpy_pointcloud_publisher:/home/aitthikit/Memekhos_ws/install/examples_rclpy_minimal_subscriber:/home/aitthikit/Memekhos_ws/install/examples_rclpy_minimal_service:/home/aitthikit/Memekhos_ws/install/examples_rclpy_minimal_publisher:/home/aitthikit/Memekhos_ws/install/examples_rclpy_minimal_client:/home/aitthikit/Memekhos_ws/install/examples_rclpy_minimal_action_server:/home/aitthikit/Memekhos_ws/install/examples_rclpy_minimal_action_client:/home/aitthikit/Memekhos_ws/install/examples_rclpy_guard_conditions:/home/aitthikit/Memekhos_ws/install/examples_rclpy_executors:/opt/ros/humble /usr/bin/cmake --build /home/aitthikit/Memekhos_ws/build/examples_rclcpp_async_client -- -j12 -l12
[0.152s] [ 50%] [32mBuilding CXX object CMakeFiles/client_main.dir/main.cpp.o[0m
[23.022s] [100%] [32m[1mLinking CXX executable client_main[0m
[23.621s] [100%] Built target client_main
[23.694s] Invoked command in '/home/aitthikit/Memekhos_ws/build/examples_rclcpp_async_client' returned '0': CMAKE_PREFIX_PATH=${CMAKE_PREFIX_PATH}:/home/aitthikit/Memekhos_ws/install/launch_testing_examples:/home/aitthikit/Memekhos_ws/install/examples_rclpy_pointcloud_publisher:/home/aitthikit/Memekhos_ws/install/examples_rclpy_minimal_subscriber:/home/aitthikit/Memekhos_ws/install/examples_rclpy_minimal_service:/home/aitthikit/Memekhos_ws/install/examples_rclpy_minimal_publisher:/home/aitthikit/Memekhos_ws/install/examples_rclpy_minimal_client:/home/aitthikit/Memekhos_ws/install/examples_rclpy_minimal_action_server:/home/aitthikit/Memekhos_ws/install/examples_rclpy_minimal_action_client:/home/aitthikit/Memekhos_ws/install/examples_rclpy_guard_conditions:/home/aitthikit/Memekhos_ws/install/examples_rclpy_executors:/opt/ros/humble /usr/bin/cmake --build /home/aitthikit/Memekhos_ws/build/examples_rclcpp_async_client -- -j12 -l12
[24.064s] Invoking command in '/home/aitthikit/Memekhos_ws/build/examples_rclcpp_async_client': CMAKE_PREFIX_PATH=${CMAKE_PREFIX_PATH}:/home/aitthikit/Memekhos_ws/install/launch_testing_examples:/home/aitthikit/Memekhos_ws/install/examples_rclpy_pointcloud_publisher:/home/aitthikit/Memekhos_ws/install/examples_rclpy_minimal_subscriber:/home/aitthikit/Memekhos_ws/install/examples_rclpy_minimal_service:/home/aitthikit/Memekhos_ws/install/examples_rclpy_minimal_publisher:/home/aitthikit/Memekhos_ws/install/examples_rclpy_minimal_client:/home/aitthikit/Memekhos_ws/install/examples_rclpy_minimal_action_server:/home/aitthikit/Memekhos_ws/install/examples_rclpy_minimal_action_client:/home/aitthikit/Memekhos_ws/install/examples_rclpy_guard_conditions:/home/aitthikit/Memekhos_ws/install/examples_rclpy_executors:/opt/ros/humble /usr/bin/cmake --install /home/aitthikit/Memekhos_ws/build/examples_rclcpp_async_client
[24.092s] -- Install configuration: ""
[24.092s] -- Installing: /home/aitthikit/Memekhos_ws/install/examples_rclcpp_async_client/lib/examples_rclcpp_async_client/client_main
[24.095s] -- Set runtime path of "/home/aitthikit/Memekhos_ws/install/examples_rclcpp_async_client/lib/examples_rclcpp_async_client/client_main" to ""
[24.096s] -- Installing: /home/aitthikit/Memekhos_ws/install/examples_rclcpp_async_client/share/ament_index/resource_index/package_run_dependencies/examples_rclcpp_async_client
[24.097s] -- Installing: /home/aitthikit/Memekhos_ws/install/examples_rclcpp_async_client/share/ament_index/resource_index/parent_prefix_path/examples_rclcpp_async_client
[24.097s] -- Installing: /home/aitthikit/Memekhos_ws/install/examples_rclcpp_async_client/share/examples_rclcpp_async_client/environment/ament_prefix_path.sh
[24.098s] -- Installing: /home/aitthikit/Memekhos_ws/install/examples_rclcpp_async_client/share/examples_rclcpp_async_client/environment/ament_prefix_path.dsv
[24.098s] -- Installing: /home/aitthikit/Memekhos_ws/install/examples_rclcpp_async_client/share/examples_rclcpp_async_client/environment/path.sh
[24.098s] -- Installing: /home/aitthikit/Memekhos_ws/install/examples_rclcpp_async_client/share/examples_rclcpp_async_client/environment/path.dsv
[24.099s] -- Installing: /home/aitthikit/Memekhos_ws/install/examples_rclcpp_async_client/share/examples_rclcpp_async_client/local_setup.bash
[24.099s] -- Installing: /home/aitthikit/Memekhos_ws/install/examples_rclcpp_async_client/share/examples_rclcpp_async_client/local_setup.sh
[24.100s] -- Installing: /home/aitthikit/Memekhos_ws/install/examples_rclcpp_async_client/share/examples_rclcpp_async_client/local_setup.zsh
[24.101s] -- Installing: /home/aitthikit/Memekhos_ws/install/examples_rclcpp_async_client/share/examples_rclcpp_async_client/local_setup.dsv
[24.101s] -- Installing: /home/aitthikit/Memekhos_ws/install/examples_rclcpp_async_client/share/examples_rclcpp_async_client/package.dsv
[24.102s] -- Installing: /home/aitthikit/Memekhos_ws/install/examples_rclcpp_async_client/share/ament_index/resource_index/packages/examples_rclcpp_async_client
[24.102s] -- Installing: /home/aitthikit/Memekhos_ws/install/examples_rclcpp_async_client/share/examples_rclcpp_async_client/cmake/examples_rclcpp_async_clientConfig.cmake
[24.102s] -- Installing: /home/aitthikit/Memekhos_ws/install/examples_rclcpp_async_client/share/examples_rclcpp_async_client/cmake/examples_rclcpp_async_clientConfig-version.cmake
[24.103s] -- Installing: /home/aitthikit/Memekhos_ws/install/examples_rclcpp_async_client/share/examples_rclcpp_async_client/package.xml
[24.112s] Invoked command in '/home/aitthikit/Memekhos_ws/build/examples_rclcpp_async_client' returned '0': CMAKE_PREFIX_PATH=${CMAKE_PREFIX_PATH}:/home/aitthikit/Memekhos_ws/install/launch_testing_examples:/home/aitthikit/Memekhos_ws/install/examples_rclpy_pointcloud_publisher:/home/aitthikit/Memekhos_ws/install/examples_rclpy_minimal_subscriber:/home/aitthikit/Memekhos_ws/install/examples_rclpy_minimal_service:/home/aitthikit/Memekhos_ws/install/examples_rclpy_minimal_publisher:/home/aitthikit/Memekhos_ws/install/examples_rclpy_minimal_client:/home/aitthikit/Memekhos_ws/install/examples_rclpy_minimal_action_server:/home/aitthikit/Memekhos_ws/install/examples_rclpy_minimal_action_client:/home/aitthikit/Memekhos_ws/install/examples_rclpy_guard_conditions:/home/aitthikit/Memekhos_ws/install/examples_rclpy_executors:/opt/ros/humble /usr/bin/cmake --install /home/aitthikit/Memekhos_ws/build/examples_rclcpp_async_client
