[0.046s] Invoking command in '/home/aitthikit/Memekhos_ws/build/controller_interface': CMAKE_PREFIX_PATH=${CMAKE_PREFIX_PATH}:/home/aitthikit/Memekhos_ws/install/launch_testing_examples:/home/aitthikit/Memekhos_ws/install/examples_rclpy_pointcloud_publisher:/home/aitthikit/Memekhos_ws/install/examples_rclpy_minimal_subscriber:/home/aitthikit/Memekhos_ws/install/examples_rclpy_minimal_service:/home/aitthikit/Memekhos_ws/install/examples_rclpy_minimal_publisher:/home/aitthikit/Memekhos_ws/install/examples_rclpy_minimal_client:/home/aitthikit/Memekhos_ws/install/examples_rclpy_minimal_action_server:/home/aitthikit/Memekhos_ws/install/examples_rclpy_minimal_action_client:/home/aitthikit/Memekhos_ws/install/examples_rclpy_guard_conditions:/home/aitthikit/Memekhos_ws/install/examples_rclpy_executors:/opt/ros/humble /usr/bin/cmake /home/aitthikit/Memekhos_ws/src/controller_interface -DCMAKE_INSTALL_PREFIX=/home/aitthikit/Memekhos_ws/install/controller_interface
[0.132s] -- The C compiler identification is GNU 11.4.0
[0.226s] -- The CXX compiler identification is GNU 11.4.0
[0.237s] -- Detecting C compiler ABI info
[0.354s] -- Detecting C compiler ABI info - done
[0.369s] -- Check for working C compiler: /usr/bin/cc - skipped
[0.370s] -- Detecting C compile features
[0.370s] -- Detecting C compile features - done
[0.375s] -- Detecting CXX compiler ABI info
[0.499s] -- Detecting CXX compiler ABI info - done
[0.514s] -- Check for working CXX compiler: /usr/bin/c++ - skipped
[0.514s] -- Detecting CXX compile features
[0.515s] -- Detecting CXX compile features - done
[0.519s] -- Found ament_cmake: 1.3.9 (/opt/ros/humble/share/ament_cmake/cmake)
[0.772s] -- Found Python3: /usr/bin/python3 (found version "3.10.12") found components: Interpreter 
[0.915s] -- Found geometry_msgs: 4.2.4 (/opt/ros/humble/share/geometry_msgs/cmake)
[0.974s] -- Found rosidl_generator_c: 3.1.5 (/opt/ros/humble/share/rosidl_generator_c/cmake)
[0.983s] -- Found rosidl_adapter: 3.1.5 (/opt/ros/humble/share/rosidl_adapter/cmake)
[0.998s] -- Found rosidl_generator_cpp: 3.1.5 (/opt/ros/humble/share/rosidl_generator_cpp/cmake)
[1.024s] -- Using all available rosidl_typesupport_c: rosidl_typesupport_fastrtps_c;rosidl_typesupport_introspection_c
[1.061s] -- Using all available rosidl_typesupport_cpp: rosidl_typesupport_fastrtps_cpp;rosidl_typesupport_introspection_cpp
[1.286s] -- Found rosidl_default_generators: 1.2.0 (/opt/ros/humble/share/rosidl_default_generators/cmake)
[1.306s] -- Found ament_lint_auto: 0.12.11 (/opt/ros/humble/share/ament_lint_auto/cmake)
[1.828s] -- Found ament_cmake_ros: 0.10.0 (/opt/ros/humble/share/ament_cmake_ros/cmake)
[2.592s] -- Using all available rosidl_typesupport_c: rosidl_typesupport_fastrtps_c;rosidl_typesupport_introspection_c
[3.420s] -- Using all available rosidl_typesupport_cpp: rosidl_typesupport_fastrtps_cpp;rosidl_typesupport_introspection_cpp
[3.508s] -- Found PythonInterp: /usr/bin/python3 (found suitable version "3.10.12", minimum required is "3.6") 
[3.510s] -- Found python_cmake_module: 0.10.0 (/opt/ros/humble/share/python_cmake_module/cmake)
[3.565s] -- Found PythonLibs: /usr/lib/x86_64-linux-gnu/libpython3.10.so (found suitable version "3.10.12", minimum required is "3.5") 
[3.565s] -- Using PYTHON_EXECUTABLE: /usr/bin/python3
[3.565s] -- Using PYTHON_INCLUDE_DIRS: /usr/include/python3.10
[3.566s] -- Using PYTHON_LIBRARIES: /usr/lib/x86_64-linux-gnu/libpython3.10.so
[3.761s] -- Found PythonExtra: .so  
[4.142s] -- Added test 'lint_cmake' to check CMake code style
[4.145s] -- Added test 'xmllint' to check XML markup files
[4.156s] -- Configuring done
[4.270s] -- Generating done
[4.276s] -- Build files have been written to: /home/aitthikit/Memekhos_ws/build/controller_interface
[4.307s] Invoked command in '/home/aitthikit/Memekhos_ws/build/controller_interface' returned '0': CMAKE_PREFIX_PATH=${CMAKE_PREFIX_PATH}:/home/aitthikit/Memekhos_ws/install/launch_testing_examples:/home/aitthikit/Memekhos_ws/install/examples_rclpy_pointcloud_publisher:/home/aitthikit/Memekhos_ws/install/examples_rclpy_minimal_subscriber:/home/aitthikit/Memekhos_ws/install/examples_rclpy_minimal_service:/home/aitthikit/Memekhos_ws/install/examples_rclpy_minimal_publisher:/home/aitthikit/Memekhos_ws/install/examples_rclpy_minimal_client:/home/aitthikit/Memekhos_ws/install/examples_rclpy_minimal_action_server:/home/aitthikit/Memekhos_ws/install/examples_rclpy_minimal_action_client:/home/aitthikit/Memekhos_ws/install/examples_rclpy_guard_conditions:/home/aitthikit/Memekhos_ws/install/examples_rclpy_executors:/opt/ros/humble /usr/bin/cmake /home/aitthikit/Memekhos_ws/src/controller_interface -DCMAKE_INSTALL_PREFIX=/home/aitthikit/Memekhos_ws/install/controller_interface
[4.308s] Invoking command in '/home/aitthikit/Memekhos_ws/build/controller_interface': CMAKE_PREFIX_PATH=${CMAKE_PREFIX_PATH}:/home/aitthikit/Memekhos_ws/install/launch_testing_examples:/home/aitthikit/Memekhos_ws/install/examples_rclpy_pointcloud_publisher:/home/aitthikit/Memekhos_ws/install/examples_rclpy_minimal_subscriber:/home/aitthikit/Memekhos_ws/install/examples_rclpy_minimal_service:/home/aitthikit/Memekhos_ws/install/examples_rclpy_minimal_publisher:/home/aitthikit/Memekhos_ws/install/examples_rclpy_minimal_client:/home/aitthikit/Memekhos_ws/install/examples_rclpy_minimal_action_server:/home/aitthikit/Memekhos_ws/install/examples_rclpy_minimal_action_client:/home/aitthikit/Memekhos_ws/install/examples_rclpy_guard_conditions:/home/aitthikit/Memekhos_ws/install/examples_rclpy_executors:/opt/ros/humble /usr/bin/cmake --build /home/aitthikit/Memekhos_ws/build/controller_interface -- -j12 -l12
[6.270s] [  2%] [34m[1mGenerating C code for ROS interfaces[0m
[6.270s] [  5%] [34m[1mGenerating C++ code for ROS interfaces[0m
[6.270s] [  5%] Built target ament_cmake_python_copy_controller_interface
[6.270s] [  7%] [32mBuilding C object CMakeFiles/controller_interface__rosidl_generator_c.dir/rosidl_generator_c/controller_interface/srv/detail/set_param__functions.c.o[0m
[6.270s] [ 10%] [32mBuilding C object CMakeFiles/controller_interface__rosidl_generator_c.dir/rosidl_generator_c/controller_interface/srv/detail/set_target__functions.c.o[0m
[6.270s] [ 12%] [32m[1mLinking C shared library libcontroller_interface__rosidl_generator_c.so[0m
[6.270s] [ 12%] Built target controller_interface__rosidl_generator_c
[6.270s] [ 15%] [34m[1mGenerating C introspection for ROS interfaces[0m
[6.270s] [ 17%] [34m[1mGenerating C type support dispatch for ROS interfaces[0m
[6.270s] [ 20%] [34m[1mGenerating C type support for eProsima Fast-RTPS[0m
[6.271s] Traceback (most recent call last):
[6.271s]   File "/opt/ros/humble/lib/rosidl_typesupport_c/rosidl_typesupport_c", line 6, in <module>
[6.271s]     from rosidl_typesupport_c import generate_c
[6.271s]   File "/opt/ros/humble/local/lib/python3.10/dist-packages/rosidl_typesupport_c/__init__.py", line 15, in <module>
[6.271s]     from rosidl_cmake import generate_files
[6.271s]   File "/opt/ros/humble/local/lib/python3.10/dist-packages/rosidl_cmake/__init__.py", line 24, in <module>
[6.271s]     from rosidl_parser.parser import parse_idl_file
[6.271s]   File "/opt/ros/humble/local/lib/python3.10/dist-packages/rosidl_parser/parser.py", line 20, in <module>
[6.272s] Traceback (most recent call last):
[6.272s] Traceback (most recent call last):
[6.272s]     from lark import Lark
[6.272s]   File "/opt/ros/humble/lib/rosidl_typesupport_fastrtps_c/rosidl_typesupport_fastrtps_c", line 7, in <module>
[6.272s] gmake[2]: *** Deleting file 'rosidl_generator_cpp/controller_interface/srv/set_target.hpp'
[6.272s]     from rosidl_typesupport_fastrtps_c import generate_typesupport_fastrtps_c
[6.273s]   File "/opt/ros/humble/local/lib/python3.10/dist-packages/rosidl_typesupport_fastrtps_c/__init__.py", line 15, in <module>
[6.274s]     from rosidl_cmake import generate_files
[6.274s]   File "/opt/ros/humble/local/lib/python3.10/dist-packages/rosidl_cmake/__init__.py", line 16, in <module>
[6.275s]     import json
[6.275s]   File "<frozen importlib._bootstrap>", line 1027, in _find_and_load
[6.276s]   File "<frozen importlib._bootstrap>", line 1002, in _find_and_load_unlocked
[6.276s]   File "<frozen importlib._bootstrap>", line 945, in _find_spec
[6.277s]   File "<frozen importlib._bootstrap_external>", line 1439, in find_spec
[6.278s]   File "<frozen importlib._bootstrap_external>", line 1411, in _get_spec
[6.278s]   File "<frozen importlib._bootstrap_external>", line 1575, in find_spec
[6.279s]   File "<frozen importlib._bootstrap>", line 246, in _verbose_message
[6.279s] KeyboardInterrupt
[6.280s]   File "/opt/ros/humble/lib/rosidl_typesupport_introspection_c/rosidl_typesupport_introspection_c", line 6, in <module>
[6.280s]   File "/usr/lib/python3/dist-packages/lark/__init__.py", line 7, in <module>
[6.280s]     from .lark import Lark
[6.280s]   File "/usr/lib/python3/dist-packages/lark/lark.py", line 19, in <module>
[6.280s]     from .load_grammar import load_grammar, FromPackageLoader, Grammar, verify_used_files, PackageResource
[6.281s]   File "/usr/lib/python3/dist-packages/lark/load_grammar.py", line 16, in <module>
[6.281s]     from .parser_frontends import ParsingFrontend
[6.281s] KeyboardInterrupt
[6.281s] Traceback (most recent call last):
[6.281s]   File "/opt/ros/humble/share/rosidl_generator_cpp/cmake/../../../lib/rosidl_generator_cpp/rosidl_generator_cpp", line 38, in <module>
[6.282s]     sys.exit(main())
[6.282s]   File "/opt/ros/humble/share/rosidl_generator_cpp/cmake/../../../lib/rosidl_generator_cpp/rosidl_generator_cpp", line 34, in main
[6.282s]     generate_cpp(args.generator_arguments_file)
[6.282s]   File "/opt/ros/humble/local/lib/python3.10/dist-packages/rosidl_generator_cpp/__init__.py", line 38, in generate_cpp
[6.282s]     return generate_files(
[6.282s]   File "/opt/ros/humble/local/lib/python3.10/dist-packages/rosidl_cmake/__init__.py", line 87, in generate_files
[6.282s]     expand_template(
[6.283s]   File "/opt/ros/humble/local/lib/python3.10/dist-packages/rosidl_cmake/__init__.py", line 149, in expand_template
[6.284s]     interpreter.string(template_content, template_path, locals=data)
[6.284s]   File "/usr/lib/python3/dist-packages/em.py", line 2391, in string
[6.285s]     self.safe(scanner, True, locals)
[6.285s]   File "/usr/lib/python3/dist-packages/em.py", line 2401, in safe
[6.285s]     self.parse(scanner, locals)
[6.285s]   File "/usr/lib/python3/dist-packages/em.py", line 2421, in parse
[6.285s]     token.run(self, locals)
[6.286s]   File "/usr/lib/python3/dist-packages/em.py", line 1547, in run
[6.286s]     self.subrun(info[0][1], interpreter, locals)
[6.286s]   File "/usr/lib/python3/dist-packages/em.py", line 1631, in subrun
[6.286s]     from rosidl_typesupport_introspection_c import generate_c
[6.286s]   File "/opt/ros/humble/local/lib/python3.10/dist-packages/rosidl_typesupport_introspection_c/__init__.py", line 15, in <module>
[6.286s]     from rosidl_cmake import generate_files
[6.286s]   File "/opt/ros/humble/local/lib/python3.10/dist-packages/rosidl_cmake/__init__.py", line 24, in <module>
[6.286s]     from rosidl_parser.parser import parse_idl_file
[6.287s]   File "/opt/ros/humble/local/lib/python3.10/dist-packages/rosidl_parser/parser.py", line 20, in <module>
[6.287s]     from lark import Lark
[6.287s]   File "/usr/lib/python3/dist-packages/lark/__init__.py", line 7, in <module>
[6.287s]     from .lark import Lark
[6.287s]   File "/usr/lib/python3/dist-packages/lark/lark.py", line 19, in <module>
[6.287s]     from .load_grammar import load_grammar, FromPackageLoader, Grammar, verify_used_files, PackageResource
[6.287s]   File "/usr/lib/python3/dist-packages/lark/load_grammar.py", line 16, in <module>
[6.288s]     from .parser_frontends import ParsingFrontend
[6.288s]   File "<frozen importlib._bootstrap>", line 1027, in _find_and_load
[6.288s]   File "<frozen importlib._bootstrap>", line 1006, in _find_and_load_unlocked
[6.288s]   File "<frozen importlib._bootstrap>", line 688, in _load_unlocked
[6.288s]   File "<frozen importlib._bootstrap_external>", line 879, in exec_module
[6.288s]   File "<frozen importlib._bootstrap_external>", line 1012, in get_code
[6.289s]   File "<frozen importlib._bootstrap_external>", line 672, in _compile_bytecode
[6.289s] KeyboardInterrupt
[6.289s]     token.run(interpreter, locals)
[6.289s]   File "/usr/lib/python3/dist-packages/em.py", line 1425, in run
[6.290s]     interpreter.execute(self.code, locals)
[6.290s]   File "/usr/lib/python3/dist-packages/em.py", line 2596, in execute
[6.290s]     _exec(statements, self.globals, locals)
[6.290s]   File "<string>", line 2, in <module>
[6.290s]   File "/opt/ros/humble/local/lib/python3.10/dist-packages/rosidl_cmake/__init__.py", line 198, in _expand_template
[6.290s]     interpreter.string(content, str(template_path), kwargs)
[6.290s]   File "/usr/lib/python3/dist-packages/em.py", line 2391, in string
[6.290s]     self.safe(scanner, True, locals)
[6.290s]   File "/usr/lib/python3/dist-packages/em.py", line 2401, in safe
[6.290s]     self.parse(scanner, locals)
[6.290s]   File "/usr/lib/python3/dist-packages/em.py", line 2421, in parse
[6.291s] gmake[2]: *** [CMakeFiles/controller_interface__rosidl_typesupport_fastrtps_c.dir/build.make:143: rosidl_typesupport_fastrtps_c/controller_interface/srv/detail/set_target__rosidl_typesupport_fastrtps_c.h] Interrupt
[6.291s]     token.run(self, locals)
[6.291s]   File "/usr/lib/python3/dist-packages/em.py", line 1425, in run
[6.292s]     interpreter.execute(self.code, locals)
[6.292s]   File "/usr/lib/python3/dist-packages/em.py", line 2596, in execute
[6.292s] gmake[1]: *** [CMakeFiles/Makefile2:238: CMakeFiles/controller_interface__rosidl_typesupport_fastrtps_c.dir/all] Interrupt
[6.292s]     _exec(statements, self.globals, locals)
[6.292s]   File "<string>", line 2, in <module>
[6.292s]   File "/opt/ros/humble/local/lib/python3.10/dist-packages/rosidl_cmake/__init__.py", line 198, in _expand_template
[6.295s]     interpreter.string(content, str(template_path), kwargs)
[6.296s]   File "/usr/lib/python3/dist-packages/em.py", line 2391, in string
[6.297s] Traceback (most recent call last):
[6.297s] gmake[2]: *** [CMakeFiles/controller_interface__rosidl_typesupport_c.dir/build.make:141: rosidl_typesupport_c/controller_interface/srv/set_target__type_support.cpp] Interrupt
[6.298s]   File "/home/aitthikit/Memekhos_ws/build/controller_interface/ament_cmake_python/controller_interface/setup.py", line 1, in <module>
[6.298s] gmake[1]: *** [CMakeFiles/Makefile2:342: CMakeFiles/controller_interface__rosidl_typesupport_c.dir/all] Interrupt
[6.298s]     from setuptools import find_packages
[6.298s]   File "/usr/lib/python3/dist-packages/setuptools/__init__.py", line 16, in <module>
[6.298s]     import setuptools.version
[6.298s]   File "/usr/lib/python3/dist-packages/setuptools/version.py", line 1, in <module>
[6.298s]     import pkg_resources
[6.299s]   File "/usr/lib/python3/dist-packages/pkg_resources/__init__.py", line 3267, in <module>
[6.299s]     def _initialize_master_working_set():
[6.299s]   File "/usr/lib/python3/dist-packages/pkg_resources/__init__.py", line 3241, in _call_aside
[6.299s]     self.safe(scanner, True, locals)
[6.299s]   File "/usr/lib/python3/dist-packages/em.py", line 2401, in safe
[6.299s]     self.parse(scanner, locals)
[6.299s]   File "/usr/lib/python3/dist-packages/em.py", line 2421, in parse
[6.300s]     f(*args, **kwargs)
[6.300s]   File "/usr/lib/python3/dist-packages/pkg_resources/__init__.py", line 3302, in _initialize_master_working_set
[6.300s]     token.run(self, locals)
[6.300s]   File "/usr/lib/python3/dist-packages/em.py", line 1527, in run
[6.300s]     self.subrun(subtokens, interpreter, locals)
[6.300s]   File "/usr/lib/python3/dist-packages/em.py", line 1631, in subrun
[6.300s]     token.run(interpreter, locals)
[6.300s]   File "/usr/lib/python3/dist-packages/em.py", line 1547, in run
[6.301s]     list(map(working_set.add_entry, sys.path))
[6.301s]   File "/usr/lib/python3/dist-packages/pkg_resources/__init__.py", line 613, in add_entry
[6.301s]     for dist in find_distributions(entry, True):
[6.301s]   File "/usr/lib/python3/dist-packages/pkg_resources/__init__.py", line 2077, in find_on_path
[6.301s]     self.subrun(info[0][1], interpreter, locals)
[6.301s]   File "/usr/lib/python3/dist-packages/em.py", line 1631, in subrun
[6.301s]     for dist in factory(fullpath):
[6.301s]   File "/usr/lib/python3/dist-packages/pkg_resources/__init__.py", line 2142, in distributions_from_metadata
[6.302s]     token.run(interpreter, locals)
[6.302s]   File "/usr/lib/python3/dist-packages/em.py", line 1106, in run
[6.302s]     yield Distribution.from_location(
[6.302s]   File "/usr/lib/python3/dist-packages/pkg_resources/__init__.py", line 2606, in from_location
[6.302s]     def run(self, interpreter, locals):
[6.302s] KeyboardInterrupt
[6.302s]     )._reload_version()
[6.302s]   File "/usr/lib/python3/dist-packages/pkg_resources/__init__.py", line 3004, in _reload_version
[6.303s]     md_version = self._get_version()
[6.304s]   File "/usr/lib/python3/dist-packages/pkg_resources/__init__.py", line 2785, in _get_version
[6.304s]     version = _version_from_file(lines)
[6.305s]   File "/usr/lib/python3/dist-packages/pkg_resources/__init__.py", line 2569, in _version_from_file
[6.305s]     line = next(iter(version_lines), '')
[6.305s]   File "/usr/lib/python3/dist-packages/pkg_resources/__init__.py", line 2780, in _get_metadata
[6.305s]     for line in self.get_metadata_lines(name):
[6.306s]   File "/usr/lib/python3/dist-packages/pkg_resources/__init__.py", line 1422, in get_metadata_lines
[6.306s]     return yield_lines(self.get_metadata(name))
[6.306s]   File "/usr/lib/python3/dist-packages/pkg_resources/__init__.py", line 1412, in get_metadata
[6.307s]     value = self._get(path)
[6.307s]   File "/usr/lib/python3/dist-packages/pkg_resources/__init__.py", line 1616, in _get
[6.308s]     with open(path, 'rb') as stream:
[6.308s] KeyboardInterrupt
[6.309s] gmake[2]: *** [CMakeFiles/controller_interface__rosidl_typesupport_introspection_c.dir/build.make:143: rosidl_typesupport_introspection_c/controller_interface/srv/detail/set_target__rosidl_typesupport_introspection_c.h] Interrupt
[6.309s] gmake[1]: *** [CMakeFiles/Makefile2:316: CMakeFiles/controller_interface__rosidl_typesupport_introspection_c.dir/all] Interrupt
[6.310s] Exception ignored in: <function Interpreter.__del__ at 0x7e385a6c2b90>
[6.311s] Traceback (most recent call last):
[6.312s]   File "/usr/lib/python3/dist-packages/em.py", line 2094, in __del__
[6.312s]   File "/usr/lib/python3/dist-packages/em.py", line 2157, in shutdown
[6.312s]   File "/usr/lib/python3/dist-packages/em.py", line 2647, in finalize
[6.312s]   File "/usr/lib/python3/dist-packages/em.py", line 2200, in push
[6.313s] AttributeError: '_io.TextIOWrapper' object has no attribute 'push'
[6.318s] gmake[2]: *** [CMakeFiles/controller_interface__cpp.dir/build.make:156: rosidl_generator_cpp/controller_interface/srv/set_target.hpp] Interrupt
[6.319s] gmake[1]: *** [CMakeFiles/Makefile2:265: CMakeFiles/controller_interface__cpp.dir/all] Interrupt
[6.320s] gmake[2]: *** [CMakeFiles/ament_cmake_python_build_controller_interface_egg.dir/build.make:70: CMakeFiles/ament_cmake_python_build_controller_interface_egg] Interrupt
[6.320s] gmake[1]: *** [CMakeFiles/Makefile2:447: CMakeFiles/ament_cmake_python_build_controller_interface_egg.dir/all] Interrupt
[6.321s] gmake: *** [Makefile:146: all] Interrupt
[6.322s] Invoked command in '/home/aitthikit/Memekhos_ws/build/controller_interface' returned '-2': CMAKE_PREFIX_PATH=${CMAKE_PREFIX_PATH}:/home/aitthikit/Memekhos_ws/install/launch_testing_examples:/home/aitthikit/Memekhos_ws/install/examples_rclpy_pointcloud_publisher:/home/aitthikit/Memekhos_ws/install/examples_rclpy_minimal_subscriber:/home/aitthikit/Memekhos_ws/install/examples_rclpy_minimal_service:/home/aitthikit/Memekhos_ws/install/examples_rclpy_minimal_publisher:/home/aitthikit/Memekhos_ws/install/examples_rclpy_minimal_client:/home/aitthikit/Memekhos_ws/install/examples_rclpy_minimal_action_server:/home/aitthikit/Memekhos_ws/install/examples_rclpy_minimal_action_client:/home/aitthikit/Memekhos_ws/install/examples_rclpy_guard_conditions:/home/aitthikit/Memekhos_ws/install/examples_rclpy_executors:/opt/ros/humble /usr/bin/cmake --build /home/aitthikit/Memekhos_ws/build/controller_interface -- -j12 -l12
