-- The C compiler identification is GNU 11.4.0
-- The CXX compiler identification is GNU 11.4.0
-- Detecting C compiler ABI info
-- Detecting C compiler ABI info - done
-- Check for working C compiler: /usr/bin/cc - skipped
-- Detecting C compile features
-- Detecting C compile features - done
-- Detecting CXX compiler ABI info
-- Detecting CXX compiler ABI info - done
-- Check for working CXX compiler: /usr/bin/c++ - skipped
-- Detecting CXX compile features
-- Detecting CXX compile features - done
-- Found ament_cmake: 1.3.9 (/opt/ros/humble/share/ament_cmake/cmake)
-- Found Python3: /usr/bin/python3 (found version "3.10.12") found components: Interpreter 
-- Found geometry_msgs: 4.2.4 (/opt/ros/humble/share/geometry_msgs/cmake)
-- Found rosidl_generator_c: 3.1.5 (/opt/ros/humble/share/rosidl_generator_c/cmake)
-- Found rosidl_adapter: 3.1.5 (/opt/ros/humble/share/rosidl_adapter/cmake)
-- Found rosidl_generator_cpp: 3.1.5 (/opt/ros/humble/share/rosidl_generator_cpp/cmake)
-- Using all available rosidl_typesupport_c: rosidl_typesupport_fastrtps_c;rosidl_typesupport_introspection_c
-- Using all available rosidl_typesupport_cpp: rosidl_typesupport_fastrtps_cpp;rosidl_typesupport_introspection_cpp
-- Found rosidl_default_generators: 1.2.0 (/opt/ros/humble/share/rosidl_default_generators/cmake)
-- Found ament_lint_auto: 0.12.11 (/opt/ros/humble/share/ament_lint_auto/cmake)
-- Found ament_cmake_ros: 0.10.0 (/opt/ros/humble/share/ament_cmake_ros/cmake)
-- Using all available rosidl_typesupport_c: rosidl_typesupport_fastrtps_c;rosidl_typesupport_introspection_c
-- Using all available rosidl_typesupport_cpp: rosidl_typesupport_fastrtps_cpp;rosidl_typesupport_introspection_cpp
-- Found PythonInterp: /usr/bin/python3 (found suitable version "3.10.12", minimum required is "3.6") 
-- Found python_cmake_module: 0.10.0 (/opt/ros/humble/share/python_cmake_module/cmake)
-- Found PythonLibs: /usr/lib/x86_64-linux-gnu/libpython3.10.so (found suitable version "3.10.12", minimum required is "3.5") 
-- Using PYTHON_EXECUTABLE: /usr/bin/python3
-- Using PYTHON_INCLUDE_DIRS: /usr/include/python3.10
-- Using PYTHON_LIBRARIES: /usr/lib/x86_64-linux-gnu/libpython3.10.so
-- Found PythonExtra: .so  
-- Added test 'lint_cmake' to check CMake code style
-- Added test 'xmllint' to check XML markup files
-- Configuring done
-- Generating done
-- Build files have been written to: /home/aitthikit/Memekhos_ws/src/build/controller_interface
[  2%] [34m[1mGenerating C++ code for ROS interfaces[0m
[  5%] [34m[1mGenerating C code for ROS interfaces[0m
[  5%] Built target ament_cmake_python_copy_controller_interface
[  5%] Built target controller_interface__cpp
[  7%] [34m[1mGenerating C++ type support for eProsima Fast-RTPS[0m
[ 10%] [34m[1mGenerating C++ introspection for ROS interfaces[0m
[ 12%] [34m[1mGenerating C++ type support dispatch for ROS interfaces[0m
[ 15%] [32mBuilding CXX object CMakeFiles/controller_interface__rosidl_typesupport_fastrtps_cpp.dir/rosidl_typesupport_fastrtps_cpp/controller_interface/srv/detail/dds_fastrtps/set_target__type_support.cpp.o[0m
[ 17%] [32mBuilding CXX object CMakeFiles/controller_interface__rosidl_typesupport_fastrtps_cpp.dir/rosidl_typesupport_fastrtps_cpp/controller_interface/srv/detail/dds_fastrtps/set_param__type_support.cpp.o[0m
[ 20%] [32mBuilding C object CMakeFiles/controller_interface__rosidl_generator_c.dir/rosidl_generator_c/controller_interface/srv/detail/set_target__functions.c.o[0m
[ 23%] [32mBuilding C object CMakeFiles/controller_interface__rosidl_generator_c.dir/rosidl_generator_c/controller_interface/srv/detail/set_param__functions.c.o[0m
[ 25%] [32mBuilding CXX object CMakeFiles/controller_interface__rosidl_typesupport_introspection_cpp.dir/rosidl_typesupport_introspection_cpp/controller_interface/srv/detail/set_target__type_support.cpp.o[0m
[ 28%] [32mBuilding CXX object CMakeFiles/controller_interface__rosidl_typesupport_introspection_cpp.dir/rosidl_typesupport_introspection_cpp/controller_interface/srv/detail/set_param__type_support.cpp.o[0m
[ 30%] [32m[1mLinking C shared library libcontroller_interface__rosidl_generator_c.so[0m
[ 30%] Built target controller_interface__rosidl_generator_c
[ 33%] [34m[1mGenerating C type support dispatch for ROS interfaces[0m
[ 35%] [34m[1mGenerating C introspection for ROS interfaces[0m
[ 38%] [34m[1mGenerating C type support for eProsima Fast-RTPS[0m
running egg_info
creating controller_interface.egg-info
writing controller_interface.egg-info/PKG-INFO
writing dependency_links to controller_interface.egg-info/dependency_links.txt
writing top-level names to controller_interface.egg-info/top_level.txt
writing manifest file 'controller_interface.egg-info/SOURCES.txt'
reading manifest file 'controller_interface.egg-info/SOURCES.txt'
writing manifest file 'controller_interface.egg-info/SOURCES.txt'
[ 41%] [32mBuilding CXX object CMakeFiles/controller_interface__rosidl_typesupport_c.dir/rosidl_typesupport_c/controller_interface/srv/set_target__type_support.cpp.o[0m
[ 43%] [32mBuilding CXX object CMakeFiles/controller_interface__rosidl_typesupport_c.dir/rosidl_typesupport_c/controller_interface/srv/set_param__type_support.cpp.o[0m
[ 46%] [32m[1mLinking CXX shared library libcontroller_interface__rosidl_typesupport_c.so[0m
[ 46%] Built target ament_cmake_python_build_controller_interface_egg
[ 48%] [32m[1mLinking CXX shared library libcontroller_interface__rosidl_typesupport_introspection_cpp.so[0m
[ 48%] Built target controller_interface__rosidl_typesupport_c
[ 48%] Built target controller_interface__rosidl_typesupport_introspection_cpp
