[0.017s] Invoking command in '/home/aitthikit/Memekhos_ws/build/turtlesim_plus': CMAKE_PREFIX_PATH=${CMAKE_PREFIX_PATH}:/home/aitthikit/Memekhos_ws/install/launch_testing_examples:/home/aitthikit/Memekhos_ws/install/examples_rclpy_pointcloud_publisher:/home/aitthikit/Memekhos_ws/install/examples_rclpy_minimal_subscriber:/home/aitthikit/Memekhos_ws/install/examples_rclpy_minimal_service:/home/aitthikit/Memekhos_ws/install/examples_rclpy_minimal_publisher:/home/aitthikit/Memekhos_ws/install/examples_rclpy_minimal_client:/home/aitthikit/Memekhos_ws/install/examples_rclpy_minimal_action_server:/home/aitthikit/Memekhos_ws/install/examples_rclpy_minimal_action_client:/home/aitthikit/Memekhos_ws/install/examples_rclpy_guard_conditions:/home/aitthikit/Memekhos_ws/install/examples_rclpy_executors:/opt/ros/humble /usr/bin/cmake --build /home/aitthikit/Memekhos_ws/build/turtlesim_plus -- -j12 -l12
[0.097s] Built target ament_cmake_python_copy_turtlesim_plus
[0.438s] running egg_info
[0.438s] writing turtlesim_plus.egg-info/PKG-INFO
[0.438s] writing dependency_links to turtlesim_plus.egg-info/dependency_links.txt
[0.438s] writing top-level names to turtlesim_plus.egg-info/top_level.txt
[0.440s] reading manifest file 'turtlesim_plus.egg-info/SOURCES.txt'
[0.441s] writing manifest file 'turtlesim_plus.egg-info/SOURCES.txt'
[0.463s] Built target ament_cmake_python_build_turtlesim_plus_egg
[0.474s] Invoked command in '/home/aitthikit/Memekhos_ws/build/turtlesim_plus' returned '0': CMAKE_PREFIX_PATH=${CMAKE_PREFIX_PATH}:/home/aitthikit/Memekhos_ws/install/launch_testing_examples:/home/aitthikit/Memekhos_ws/install/examples_rclpy_pointcloud_publisher:/home/aitthikit/Memekhos_ws/install/examples_rclpy_minimal_subscriber:/home/aitthikit/Memekhos_ws/install/examples_rclpy_minimal_service:/home/aitthikit/Memekhos_ws/install/examples_rclpy_minimal_publisher:/home/aitthikit/Memekhos_ws/install/examples_rclpy_minimal_client:/home/aitthikit/Memekhos_ws/install/examples_rclpy_minimal_action_server:/home/aitthikit/Memekhos_ws/install/examples_rclpy_minimal_action_client:/home/aitthikit/Memekhos_ws/install/examples_rclpy_guard_conditions:/home/aitthikit/Memekhos_ws/install/examples_rclpy_executors:/opt/ros/humble /usr/bin/cmake --build /home/aitthikit/Memekhos_ws/build/turtlesim_plus -- -j12 -l12
[0.499s] Invoking command in '/home/aitthikit/Memekhos_ws/build/turtlesim_plus': CMAKE_PREFIX_PATH=${CMAKE_PREFIX_PATH}:/home/aitthikit/Memekhos_ws/install/launch_testing_examples:/home/aitthikit/Memekhos_ws/install/examples_rclpy_pointcloud_publisher:/home/aitthikit/Memekhos_ws/install/examples_rclpy_minimal_subscriber:/home/aitthikit/Memekhos_ws/install/examples_rclpy_minimal_service:/home/aitthikit/Memekhos_ws/install/examples_rclpy_minimal_publisher:/home/aitthikit/Memekhos_ws/install/examples_rclpy_minimal_client:/home/aitthikit/Memekhos_ws/install/examples_rclpy_minimal_action_server:/home/aitthikit/Memekhos_ws/install/examples_rclpy_minimal_action_client:/home/aitthikit/Memekhos_ws/install/examples_rclpy_guard_conditions:/home/aitthikit/Memekhos_ws/install/examples_rclpy_executors:/opt/ros/humble /usr/bin/cmake --install /home/aitthikit/Memekhos_ws/build/turtlesim_plus
[0.507s] -- Install configuration: ""
[0.507s] -- Up-to-date: /home/aitthikit/Memekhos_ws/install/turtlesim_plus/share/turtlesim_plus/environment/pythonpath.sh
[0.507s] -- Up-to-date: /home/aitthikit/Memekhos_ws/install/turtlesim_plus/share/turtlesim_plus/environment/pythonpath.dsv
[0.508s] -- Up-to-date: /home/aitthikit/Memekhos_ws/install/turtlesim_plus/local/lib/python3.10/dist-packages/turtlesim_plus-1.0.0-py3.10.egg-info
[0.508s] -- Installing: /home/aitthikit/Memekhos_ws/install/turtlesim_plus/local/lib/python3.10/dist-packages/turtlesim_plus-1.0.0-py3.10.egg-info/dependency_links.txt
[0.508s] -- Installing: /home/aitthikit/Memekhos_ws/install/turtlesim_plus/local/lib/python3.10/dist-packages/turtlesim_plus-1.0.0-py3.10.egg-info/SOURCES.txt
[0.508s] -- Installing: /home/aitthikit/Memekhos_ws/install/turtlesim_plus/local/lib/python3.10/dist-packages/turtlesim_plus-1.0.0-py3.10.egg-info/top_level.txt
[0.508s] -- Installing: /home/aitthikit/Memekhos_ws/install/turtlesim_plus/local/lib/python3.10/dist-packages/turtlesim_plus-1.0.0-py3.10.egg-info/PKG-INFO
[0.508s] -- Up-to-date: /home/aitthikit/Memekhos_ws/install/turtlesim_plus/local/lib/python3.10/dist-packages/turtlesim_plus
[0.508s] -- Up-to-date: /home/aitthikit/Memekhos_ws/install/turtlesim_plus/local/lib/python3.10/dist-packages/turtlesim_plus/image
[0.509s] -- Up-to-date: /home/aitthikit/Memekhos_ws/install/turtlesim_plus/local/lib/python3.10/dist-packages/turtlesim_plus/image/turtle
[0.509s] -- Up-to-date: /home/aitthikit/Memekhos_ws/install/turtlesim_plus/local/lib/python3.10/dist-packages/turtlesim_plus/image/turtle/bouncy.png
[0.509s] -- Up-to-date: /home/aitthikit/Memekhos_ws/install/turtlesim_plus/local/lib/python3.10/dist-packages/turtlesim_plus/image/turtle/otto.png
[0.509s] -- Up-to-date: /home/aitthikit/Memekhos_ws/install/turtlesim_plus/local/lib/python3.10/dist-packages/turtlesim_plus/image/turtle/dashing.png
[0.509s] -- Up-to-date: /home/aitthikit/Memekhos_ws/install/turtlesim_plus/local/lib/python3.10/dist-packages/turtlesim_plus/image/turtle/crystal.png
[0.509s] -- Up-to-date: /home/aitthikit/Memekhos_ws/install/turtlesim_plus/local/lib/python3.10/dist-packages/turtlesim_plus/image/turtle/galactic.png
[0.509s] -- Up-to-date: /home/aitthikit/Memekhos_ws/install/turtlesim_plus/local/lib/python3.10/dist-packages/turtlesim_plus/image/turtle/rolling.png
[0.509s] -- Up-to-date: /home/aitthikit/Memekhos_ws/install/turtlesim_plus/local/lib/python3.10/dist-packages/turtlesim_plus/image/turtle/ardent.png
[0.509s] -- Up-to-date: /home/aitthikit/Memekhos_ws/install/turtlesim_plus/local/lib/python3.10/dist-packages/turtlesim_plus/image/turtle/eloquent.png
[0.509s] -- Up-to-date: /home/aitthikit/Memekhos_ws/install/turtlesim_plus/local/lib/python3.10/dist-packages/turtlesim_plus/image/turtle/foxy.png
[0.509s] -- Up-to-date: /home/aitthikit/Memekhos_ws/install/turtlesim_plus/local/lib/python3.10/dist-packages/turtlesim_plus/image/turtle/humble.png
[0.510s] -- Up-to-date: /home/aitthikit/Memekhos_ws/install/turtlesim_plus/local/lib/python3.10/dist-packages/turtlesim_plus/image/object
[0.510s] -- Up-to-date: /home/aitthikit/Memekhos_ws/install/turtlesim_plus/local/lib/python3.10/dist-packages/turtlesim_plus/image/object/parcel.png
[0.510s] -- Up-to-date: /home/aitthikit/Memekhos_ws/install/turtlesim_plus/local/lib/python3.10/dist-packages/turtlesim_plus/image/object/pizza.png
[0.510s] -- Up-to-date: /home/aitthikit/Memekhos_ws/install/turtlesim_plus/local/lib/python3.10/dist-packages/turtlesim_plus/image/map
[0.510s] -- Up-to-date: /home/aitthikit/Memekhos_ws/install/turtlesim_plus/local/lib/python3.10/dist-packages/turtlesim_plus/image/map/map.png
[0.510s] -- Up-to-date: /home/aitthikit/Memekhos_ws/install/turtlesim_plus/local/lib/python3.10/dist-packages/turtlesim_plus/ros2_plugins.py
[0.510s] -- Up-to-date: /home/aitthikit/Memekhos_ws/install/turtlesim_plus/local/lib/python3.10/dist-packages/turtlesim_plus/__init__.py
[0.510s] -- Up-to-date: /home/aitthikit/Memekhos_ws/install/turtlesim_plus/local/lib/python3.10/dist-packages/turtlesim_plus/entity.py
[0.545s] Listing '/home/aitthikit/Memekhos_ws/install/turtlesim_plus/local/lib/python3.10/dist-packages/turtlesim_plus'...
[0.545s] Listing '/home/aitthikit/Memekhos_ws/install/turtlesim_plus/local/lib/python3.10/dist-packages/turtlesim_plus/image'...
[0.545s] Listing '/home/aitthikit/Memekhos_ws/install/turtlesim_plus/local/lib/python3.10/dist-packages/turtlesim_plus/image/map'...
[0.545s] Listing '/home/aitthikit/Memekhos_ws/install/turtlesim_plus/local/lib/python3.10/dist-packages/turtlesim_plus/image/object'...
[0.545s] Listing '/home/aitthikit/Memekhos_ws/install/turtlesim_plus/local/lib/python3.10/dist-packages/turtlesim_plus/image/turtle'...
[0.548s] -- Up-to-date: /home/aitthikit/Memekhos_ws/install/turtlesim_plus/lib/turtlesim_plus/turtlesim_plus_node.py
[0.548s] -- Up-to-date: /home/aitthikit/Memekhos_ws/install/turtlesim_plus/lib/turtlesim_plus/pizza_on_click.py
[0.548s] -- Up-to-date: /home/aitthikit/Memekhos_ws/install/turtlesim_plus/share/turtlesim_plus
[0.548s] -- Up-to-date: /home/aitthikit/Memekhos_ws/install/turtlesim_plus/share/ament_index/resource_index/package_run_dependencies/turtlesim_plus
[0.548s] -- Up-to-date: /home/aitthikit/Memekhos_ws/install/turtlesim_plus/share/ament_index/resource_index/parent_prefix_path/turtlesim_plus
[0.548s] -- Up-to-date: /home/aitthikit/Memekhos_ws/install/turtlesim_plus/share/turtlesim_plus/environment/ament_prefix_path.sh
[0.549s] -- Up-to-date: /home/aitthikit/Memekhos_ws/install/turtlesim_plus/share/turtlesim_plus/environment/ament_prefix_path.dsv
[0.549s] -- Up-to-date: /home/aitthikit/Memekhos_ws/install/turtlesim_plus/share/turtlesim_plus/environment/path.sh
[0.549s] -- Up-to-date: /home/aitthikit/Memekhos_ws/install/turtlesim_plus/share/turtlesim_plus/environment/path.dsv
[0.549s] -- Up-to-date: /home/aitthikit/Memekhos_ws/install/turtlesim_plus/share/turtlesim_plus/local_setup.bash
[0.549s] -- Up-to-date: /home/aitthikit/Memekhos_ws/install/turtlesim_plus/share/turtlesim_plus/local_setup.sh
[0.549s] -- Up-to-date: /home/aitthikit/Memekhos_ws/install/turtlesim_plus/share/turtlesim_plus/local_setup.zsh
[0.549s] -- Up-to-date: /home/aitthikit/Memekhos_ws/install/turtlesim_plus/share/turtlesim_plus/local_setup.dsv
[0.549s] -- Installing: /home/aitthikit/Memekhos_ws/install/turtlesim_plus/share/turtlesim_plus/package.dsv
[0.549s] -- Up-to-date: /home/aitthikit/Memekhos_ws/install/turtlesim_plus/share/ament_index/resource_index/packages/turtlesim_plus
[0.549s] -- Up-to-date: /home/aitthikit/Memekhos_ws/install/turtlesim_plus/share/turtlesim_plus/cmake/turtlesim_plusConfig.cmake
[0.549s] -- Up-to-date: /home/aitthikit/Memekhos_ws/install/turtlesim_plus/share/turtlesim_plus/cmake/turtlesim_plusConfig-version.cmake
[0.549s] -- Up-to-date: /home/aitthikit/Memekhos_ws/install/turtlesim_plus/share/turtlesim_plus/package.xml
[0.551s] Invoked command in '/home/aitthikit/Memekhos_ws/build/turtlesim_plus' returned '0': CMAKE_PREFIX_PATH=${CMAKE_PREFIX_PATH}:/home/aitthikit/Memekhos_ws/install/launch_testing_examples:/home/aitthikit/Memekhos_ws/install/examples_rclpy_pointcloud_publisher:/home/aitthikit/Memekhos_ws/install/examples_rclpy_minimal_subscriber:/home/aitthikit/Memekhos_ws/install/examples_rclpy_minimal_service:/home/aitthikit/Memekhos_ws/install/examples_rclpy_minimal_publisher:/home/aitthikit/Memekhos_ws/install/examples_rclpy_minimal_client:/home/aitthikit/Memekhos_ws/install/examples_rclpy_minimal_action_server:/home/aitthikit/Memekhos_ws/install/examples_rclpy_minimal_action_client:/home/aitthikit/Memekhos_ws/install/examples_rclpy_guard_conditions:/home/aitthikit/Memekhos_ws/install/examples_rclpy_executors:/opt/ros/humble /usr/bin/cmake --install /home/aitthikit/Memekhos_ws/build/turtlesim_plus
