[2.718s] Invoking command in '/home/aitthikit/Memekhos_ws/src/examples/rclpy/services/minimal_service': PYTHONPATH=/home/aitthikit/Memekhos_ws/build/examples_rclpy_minimal_service/prefix_override:/usr/lib/python3/dist-packages/colcon_core/task/python/colcon_distutils_commands:/home/aitthikit/Memekhos_ws/install/examples_rclpy_minimal_service/lib/python3.10/site-packages:${PYTHONPATH} /usr/bin/python3 -W ignore:setup.py install is deprecated setup.py egg_info --egg-base ../../../../../build/examples_rclpy_minimal_service build --build-base /home/aitthikit/Memekhos_ws/build/examples_rclpy_minimal_service/build install --record /home/aitthikit/Memekhos_ws/build/examples_rclpy_minimal_service/install.log --single-version-externally-managed install_data
[3.095s] running egg_info
[3.096s] writing ../../../../../build/examples_rclpy_minimal_service/examples_rclpy_minimal_service.egg-info/PKG-INFO
[3.096s] writing dependency_links to ../../../../../build/examples_rclpy_minimal_service/examples_rclpy_minimal_service.egg-info/dependency_links.txt
[3.096s] writing entry points to ../../../../../build/examples_rclpy_minimal_service/examples_rclpy_minimal_service.egg-info/entry_points.txt
[3.097s] writing requirements to ../../../../../build/examples_rclpy_minimal_service/examples_rclpy_minimal_service.egg-info/requires.txt
[3.097s] writing top-level names to ../../../../../build/examples_rclpy_minimal_service/examples_rclpy_minimal_service.egg-info/top_level.txt
[3.100s] reading manifest file '../../../../../build/examples_rclpy_minimal_service/examples_rclpy_minimal_service.egg-info/SOURCES.txt'
[3.101s] writing manifest file '../../../../../build/examples_rclpy_minimal_service/examples_rclpy_minimal_service.egg-info/SOURCES.txt'
[3.101s] running build
[3.101s] running build_py
[3.101s] running install
[3.102s] running install_lib
[3.105s] running install_data
[3.105s] running install_egg_info
[3.110s] removing '/home/aitthikit/Memekhos_ws/install/examples_rclpy_minimal_service/lib/python3.10/site-packages/examples_rclpy_minimal_service-0.15.2-py3.10.egg-info' (and everything under it)
[3.110s] Copying ../../../../../build/examples_rclpy_minimal_service/examples_rclpy_minimal_service.egg-info to /home/aitthikit/Memekhos_ws/install/examples_rclpy_minimal_service/lib/python3.10/site-packages/examples_rclpy_minimal_service-0.15.2-py3.10.egg-info
[3.110s] running install_scripts
[3.142s] Installing service script to /home/aitthikit/Memekhos_ws/install/examples_rclpy_minimal_service/lib/examples_rclpy_minimal_service
[3.142s] Installing service_member_function script to /home/aitthikit/Memekhos_ws/install/examples_rclpy_minimal_service/lib/examples_rclpy_minimal_service
[3.142s] writing list of installed files to '/home/aitthikit/Memekhos_ws/build/examples_rclpy_minimal_service/install.log'
[3.180s] Invoked command in '/home/aitthikit/Memekhos_ws/src/examples/rclpy/services/minimal_service' returned '0': PYTHONPATH=/home/aitthikit/Memekhos_ws/build/examples_rclpy_minimal_service/prefix_override:/usr/lib/python3/dist-packages/colcon_core/task/python/colcon_distutils_commands:/home/aitthikit/Memekhos_ws/install/examples_rclpy_minimal_service/lib/python3.10/site-packages:${PYTHONPATH} /usr/bin/python3 -W ignore:setup.py install is deprecated setup.py egg_info --egg-base ../../../../../build/examples_rclpy_minimal_service build --build-base /home/aitthikit/Memekhos_ws/build/examples_rclpy_minimal_service/build install --record /home/aitthikit/Memekhos_ws/build/examples_rclpy_minimal_service/install.log --single-version-externally-managed install_data
