[35m[1mConsolidate compiler generated dependencies of target controller_interface__rosidl_generator_c[0m
[ 10%] Built target controller_interface__rosidl_generator_c
[ 12%] [34m[1mGenerating C++ code for ROS interfaces[0m
[ 12%] Built target ament_cmake_python_copy_controller_interface
[ 15%] [34m[1mGenerating C introspection for ROS interfaces[0m
[ 17%] [34m[1mGenerating C type support for eProsima Fast-RTPS[0m
[ 20%] [34m[1mGenerating C type support dispatch for ROS interfaces[0m
running egg_info
creating controller_interface.egg-info
writing controller_interface.egg-info/PKG-INFO
writing dependency_links to controller_interface.egg-info/dependency_links.txt
writing top-level names to controller_interface.egg-info/top_level.txt
writing manifest file 'controller_interface.egg-info/SOURCES.txt'
reading manifest file 'controller_interface.egg-info/SOURCES.txt'
writing manifest file 'controller_interface.egg-info/SOURCES.txt'
[ 20%] Built target controller_interface__cpp
[ 23%] [34m[1mGenerating C++ type support dispatch for ROS interfaces[0m
[ 23%] Built target ament_cmake_python_build_controller_interface_egg
[ 25%] [34m[1mGenerating C++ type support for eProsima Fast-RTPS[0m
[ 28%] [34m[1mGenerating C++ introspection for ROS interfaces[0m
[ 30%] [32mBuilding CXX object CMakeFiles/controller_interface__rosidl_typesupport_fastrtps_c.dir/rosidl_typesupport_fastrtps_c/controller_interface/srv/detail/set_target__type_support_c.cpp.o[0m
[ 33%] [32mBuilding CXX object CMakeFiles/controller_interface__rosidl_typesupport_fastrtps_c.dir/rosidl_typesupport_fastrtps_c/controller_interface/srv/detail/set_param__type_support_c.cpp.o[0m
[ 35%] [32mBuilding CXX object CMakeFiles/controller_interface__rosidl_typesupport_c.dir/rosidl_typesupport_c/controller_interface/srv/set_param__type_support.cpp.o[0m
[ 38%] [32mBuilding CXX object CMakeFiles/controller_interface__rosidl_typesupport_c.dir/rosidl_typesupport_c/controller_interface/srv/set_target__type_support.cpp.o[0m
[ 41%] [32mBuilding C object CMakeFiles/controller_interface__rosidl_typesupport_introspection_c.dir/rosidl_typesupport_introspection_c/controller_interface/srv/detail/set_target__type_support.c.o[0m
[ 43%] [32mBuilding C object CMakeFiles/controller_interface__rosidl_typesupport_introspection_c.dir/rosidl_typesupport_introspection_c/controller_interface/srv/detail/set_param__type_support.c.o[0m
[ 46%] [32mBuilding CXX object CMakeFiles/controller_interface__rosidl_typesupport_fastrtps_cpp.dir/rosidl_typesupport_fastrtps_cpp/controller_interface/srv/detail/dds_fastrtps/set_param__type_support.cpp.o[0m
[ 48%] [32mBuilding CXX object CMakeFiles/controller_interface__rosidl_typesupport_fastrtps_cpp.dir/rosidl_typesupport_fastrtps_cpp/controller_interface/srv/detail/dds_fastrtps/set_target__type_support.cpp.o[0m
[ 51%] [32m[1mLinking CXX shared library libcontroller_interface__rosidl_typesupport_c.so[0m
[ 53%] [32m[1mLinking C shared library libcontroller_interface__rosidl_typesupport_introspection_c.so[0m
[ 53%] Built target controller_interface__rosidl_typesupport_c
[ 53%] Built target controller_interface__rosidl_typesupport_introspection_c
[ 56%] [32m[1mLinking CXX shared library libcontroller_interface__rosidl_typesupport_fastrtps_cpp.so[0m
[ 58%] [32mBuilding CXX object CMakeFiles/controller_interface__rosidl_typesupport_cpp.dir/rosidl_typesupport_cpp/controller_interface/srv/set_param__type_support.cpp.o[0m
[ 61%] [32mBuilding CXX object CMakeFiles/controller_interface__rosidl_typesupport_cpp.dir/rosidl_typesupport_cpp/controller_interface/srv/set_target__type_support.cpp.o[0m
[ 61%] Built target controller_interface__rosidl_typesupport_fastrtps_cpp
[ 64%] [32m[1mLinking CXX shared library libcontroller_interface__rosidl_typesupport_fastrtps_c.so[0m
[ 66%] [32mBuilding CXX object CMakeFiles/controller_interface__rosidl_typesupport_introspection_cpp.dir/rosidl_typesupport_introspection_cpp/controller_interface/srv/detail/set_target__type_support.cpp.o[0m
[ 69%] [32mBuilding CXX object CMakeFiles/controller_interface__rosidl_typesupport_introspection_cpp.dir/rosidl_typesupport_introspection_cpp/controller_interface/srv/detail/set_param__type_support.cpp.o[0m
[ 69%] Built target controller_interface__rosidl_typesupport_fastrtps_c
[ 71%] [32m[1mLinking CXX shared library libcontroller_interface__rosidl_typesupport_cpp.so[0m
[ 71%] Built target controller_interface__rosidl_typesupport_cpp
[ 74%] [32m[1mLinking CXX shared library libcontroller_interface__rosidl_typesupport_introspection_cpp.so[0m
[ 74%] Built target controller_interface__rosidl_typesupport_introspection_cpp
[ 74%] Built target controller_interface
[ 76%] [34m[1mGenerating Python code for ROS interfaces[0m
[ 76%] Built target controller_interface__py
[ 79%] [32mBuilding C object CMakeFiles/controller_interface__rosidl_generator_py.dir/rosidl_generator_py/controller_interface/srv/_set_target_s.c.o[0m
[ 82%] [32mBuilding C object CMakeFiles/controller_interface__rosidl_generator_py.dir/rosidl_generator_py/controller_interface/srv/_set_param_s.c.o[0m
[ 84%] [32m[1mLinking C shared library rosidl_generator_py/controller_interface/libcontroller_interface__rosidl_generator_py.so[0m
[ 84%] Built target controller_interface__rosidl_generator_py
[ 87%] [32mBuilding C object CMakeFiles/controller_interface__rosidl_typesupport_c__pyext.dir/rosidl_generator_py/controller_interface/_controller_interface_s.ep.rosidl_typesupport_c.c.o[0m
[ 89%] [32mBuilding C object CMakeFiles/controller_interface__rosidl_typesupport_fastrtps_c__pyext.dir/rosidl_generator_py/controller_interface/_controller_interface_s.ep.rosidl_typesupport_fastrtps_c.c.o[0m
[ 92%] [32mBuilding C object CMakeFiles/controller_interface__rosidl_typesupport_introspection_c__pyext.dir/rosidl_generator_py/controller_interface/_controller_interface_s.ep.rosidl_typesupport_introspection_c.c.o[0m
[ 94%] [32m[1mLinking C shared library rosidl_generator_py/controller_interface/controller_interface_s__rosidl_typesupport_introspection_c.cpython-310-x86_64-linux-gnu.so[0m
[ 94%] Built target controller_interface__rosidl_typesupport_introspection_c__pyext
[ 97%] [32m[1mLinking C shared library rosidl_generator_py/controller_interface/controller_interface_s__rosidl_typesupport_c.cpython-310-x86_64-linux-gnu.so[0m
[ 97%] Built target controller_interface__rosidl_typesupport_c__pyext
[100%] [32m[1mLinking C shared library rosidl_generator_py/controller_interface/controller_interface_s__rosidl_typesupport_fastrtps_c.cpython-310-x86_64-linux-gnu.so[0m
[100%] Built target controller_interface__rosidl_typesupport_fastrtps_c__pyext
-- Install configuration: ""
-- Installing: /home/aitthikit/Memekhos_ws/install/controller_interface/share/ament_index/resource_index/rosidl_interfaces/controller_interface
-- Installing: /home/aitthikit/Memekhos_ws/install/controller_interface/include/controller_interface/controller_interface
-- Installing: /home/aitthikit/Memekhos_ws/install/controller_interface/include/controller_interface/controller_interface/srv
-- Installing: /home/aitthikit/Memekhos_ws/install/controller_interface/include/controller_interface/controller_interface/srv/detail
-- Installing: /home/aitthikit/Memekhos_ws/install/controller_interface/include/controller_interface/controller_interface/srv/detail/set_param__struct.h
-- Installing: /home/aitthikit/Memekhos_ws/install/controller_interface/include/controller_interface/controller_interface/srv/detail/set_param__functions.c
-- Installing: /home/aitthikit/Memekhos_ws/install/controller_interface/include/controller_interface/controller_interface/srv/detail/set_target__struct.h
-- Installing: /home/aitthikit/Memekhos_ws/install/controller_interface/include/controller_interface/controller_interface/srv/detail/set_param__type_support.h
-- Installing: /home/aitthikit/Memekhos_ws/install/controller_interface/include/controller_interface/controller_interface/srv/detail/set_target__functions.c
-- Installing: /home/aitthikit/Memekhos_ws/install/controller_interface/include/controller_interface/controller_interface/srv/detail/set_target__type_support.h
-- Installing: /home/aitthikit/Memekhos_ws/install/controller_interface/include/controller_interface/controller_interface/srv/detail/set_target__functions.h
-- Installing: /home/aitthikit/Memekhos_ws/install/controller_interface/include/controller_interface/controller_interface/srv/detail/set_param__functions.h
-- Installing: /home/aitthikit/Memekhos_ws/install/controller_interface/include/controller_interface/controller_interface/srv/set_target.h
-- Installing: /home/aitthikit/Memekhos_ws/install/controller_interface/include/controller_interface/controller_interface/srv/set_param.h
-- Installing: /home/aitthikit/Memekhos_ws/install/controller_interface/include/controller_interface/controller_interface/msg
-- Installing: /home/aitthikit/Memekhos_ws/install/controller_interface/include/controller_interface/controller_interface/msg/rosidl_generator_c__visibility_control.h
-- Installing: /home/aitthikit/Memekhos_ws/install/controller_interface/share/controller_interface/environment/library_path.sh
-- Installing: /home/aitthikit/Memekhos_ws/install/controller_interface/share/controller_interface/environment/library_path.dsv
-- Installing: /home/aitthikit/Memekhos_ws/install/controller_interface/lib/libcontroller_interface__rosidl_generator_c.so
-- Set runtime path of "/home/aitthikit/Memekhos_ws/install/controller_interface/lib/libcontroller_interface__rosidl_generator_c.so" to ""
-- Up-to-date: /home/aitthikit/Memekhos_ws/install/controller_interface/include/controller_interface/controller_interface
-- Up-to-date: /home/aitthikit/Memekhos_ws/install/controller_interface/include/controller_interface/controller_interface/srv
-- Up-to-date: /home/aitthikit/Memekhos_ws/install/controller_interface/include/controller_interface/controller_interface/srv/detail
-- Installing: /home/aitthikit/Memekhos_ws/install/controller_interface/include/controller_interface/controller_interface/srv/detail/set_param__rosidl_typesupport_fastrtps_c.h
-- Installing: /home/aitthikit/Memekhos_ws/install/controller_interface/include/controller_interface/controller_interface/srv/detail/set_target__rosidl_typesupport_fastrtps_c.h
-- Up-to-date: /home/aitthikit/Memekhos_ws/install/controller_interface/include/controller_interface/controller_interface/msg
-- Installing: /home/aitthikit/Memekhos_ws/install/controller_interface/include/controller_interface/controller_interface/msg/rosidl_typesupport_fastrtps_c__visibility_control.h
-- Installing: /home/aitthikit/Memekhos_ws/install/controller_interface/lib/libcontroller_interface__rosidl_typesupport_fastrtps_c.so
-- Set runtime path of "/home/aitthikit/Memekhos_ws/install/controller_interface/lib/libcontroller_interface__rosidl_typesupport_fastrtps_c.so" to ""
-- Up-to-date: /home/aitthikit/Memekhos_ws/install/controller_interface/include/controller_interface/controller_interface
-- Up-to-date: /home/aitthikit/Memekhos_ws/install/controller_interface/include/controller_interface/controller_interface/srv
-- Up-to-date: /home/aitthikit/Memekhos_ws/install/controller_interface/include/controller_interface/controller_interface/srv/detail
-- Installing: /home/aitthikit/Memekhos_ws/install/controller_interface/include/controller_interface/controller_interface/srv/detail/set_param__struct.hpp
-- Installing: /home/aitthikit/Memekhos_ws/install/controller_interface/include/controller_interface/controller_interface/srv/detail/set_target__struct.hpp
-- Installing: /home/aitthikit/Memekhos_ws/install/controller_interface/include/controller_interface/controller_interface/srv/detail/set_target__builder.hpp
-- Installing: /home/aitthikit/Memekhos_ws/install/controller_interface/include/controller_interface/controller_interface/srv/detail/set_param__builder.hpp
-- Installing: /home/aitthikit/Memekhos_ws/install/controller_interface/include/controller_interface/controller_interface/srv/detail/set_target__traits.hpp
-- Installing: /home/aitthikit/Memekhos_ws/install/controller_interface/include/controller_interface/controller_interface/srv/detail/set_param__traits.hpp
-- Installing: /home/aitthikit/Memekhos_ws/install/controller_interface/include/controller_interface/controller_interface/srv/set_target.hpp
-- Installing: /home/aitthikit/Memekhos_ws/install/controller_interface/include/controller_interface/controller_interface/srv/set_param.hpp
-- Up-to-date: /home/aitthikit/Memekhos_ws/install/controller_interface/include/controller_interface/controller_interface
-- Up-to-date: /home/aitthikit/Memekhos_ws/install/controller_interface/include/controller_interface/controller_interface/srv
-- Up-to-date: /home/aitthikit/Memekhos_ws/install/controller_interface/include/controller_interface/controller_interface/srv/detail
-- Installing: /home/aitthikit/Memekhos_ws/install/controller_interface/include/controller_interface/controller_interface/srv/detail/set_target__rosidl_typesupport_fastrtps_cpp.hpp
-- Installing: /home/aitthikit/Memekhos_ws/install/controller_interface/include/controller_interface/controller_interface/srv/detail/set_param__rosidl_typesupport_fastrtps_cpp.hpp
-- Installing: /home/aitthikit/Memekhos_ws/install/controller_interface/include/controller_interface/controller_interface/srv/detail/dds_fastrtps
-- Up-to-date: /home/aitthikit/Memekhos_ws/install/controller_interface/include/controller_interface/controller_interface/msg
-- Installing: /home/aitthikit/Memekhos_ws/install/controller_interface/include/controller_interface/controller_interface/msg/rosidl_typesupport_fastrtps_cpp__visibility_control.h
-- Installing: /home/aitthikit/Memekhos_ws/install/controller_interface/lib/libcontroller_interface__rosidl_typesupport_fastrtps_cpp.so
-- Set runtime path of "/home/aitthikit/Memekhos_ws/install/controller_interface/lib/libcontroller_interface__rosidl_typesupport_fastrtps_cpp.so" to ""
-- Up-to-date: /home/aitthikit/Memekhos_ws/install/controller_interface/include/controller_interface/controller_interface
-- Up-to-date: /home/aitthikit/Memekhos_ws/install/controller_interface/include/controller_interface/controller_interface/srv
-- Up-to-date: /home/aitthikit/Memekhos_ws/install/controller_interface/include/controller_interface/controller_interface/srv/detail
-- Installing: /home/aitthikit/Memekhos_ws/install/controller_interface/include/controller_interface/controller_interface/srv/detail/set_param__rosidl_typesupport_introspection_c.h
-- Installing: /home/aitthikit/Memekhos_ws/install/controller_interface/include/controller_interface/controller_interface/srv/detail/set_target__type_support.c
-- Installing: /home/aitthikit/Memekhos_ws/install/controller_interface/include/controller_interface/controller_interface/srv/detail/set_param__type_support.c
-- Installing: /home/aitthikit/Memekhos_ws/install/controller_interface/include/controller_interface/controller_interface/srv/detail/set_target__rosidl_typesupport_introspection_c.h
-- Up-to-date: /home/aitthikit/Memekhos_ws/install/controller_interface/include/controller_interface/controller_interface/msg
-- Installing: /home/aitthikit/Memekhos_ws/install/controller_interface/include/controller_interface/controller_interface/msg/rosidl_typesupport_introspection_c__visibility_control.h
-- Installing: /home/aitthikit/Memekhos_ws/install/controller_interface/lib/libcontroller_interface__rosidl_typesupport_introspection_c.so
-- Set runtime path of "/home/aitthikit/Memekhos_ws/install/controller_interface/lib/libcontroller_interface__rosidl_typesupport_introspection_c.so" to ""
-- Installing: /home/aitthikit/Memekhos_ws/install/controller_interface/lib/libcontroller_interface__rosidl_typesupport_c.so
-- Set runtime path of "/home/aitthikit/Memekhos_ws/install/controller_interface/lib/libcontroller_interface__rosidl_typesupport_c.so" to ""
-- Up-to-date: /home/aitthikit/Memekhos_ws/install/controller_interface/include/controller_interface/controller_interface
-- Up-to-date: /home/aitthikit/Memekhos_ws/install/controller_interface/include/controller_interface/controller_interface/srv
-- Up-to-date: /home/aitthikit/Memekhos_ws/install/controller_interface/include/controller_interface/controller_interface/srv/detail
-- Installing: /home/aitthikit/Memekhos_ws/install/controller_interface/include/controller_interface/controller_interface/srv/detail/set_param__rosidl_typesupport_introspection_cpp.hpp
-- Installing: /home/aitthikit/Memekhos_ws/install/controller_interface/include/controller_interface/controller_interface/srv/detail/set_param__type_support.cpp
-- Installing: /home/aitthikit/Memekhos_ws/install/controller_interface/include/controller_interface/controller_interface/srv/detail/set_target__type_support.cpp
-- Installing: /home/aitthikit/Memekhos_ws/install/controller_interface/include/controller_interface/controller_interface/srv/detail/set_target__rosidl_typesupport_introspection_cpp.hpp
-- Installing: /home/aitthikit/Memekhos_ws/install/controller_interface/lib/libcontroller_interface__rosidl_typesupport_introspection_cpp.so
-- Set runtime path of "/home/aitthikit/Memekhos_ws/install/controller_interface/lib/libcontroller_interface__rosidl_typesupport_introspection_cpp.so" to ""
-- Installing: /home/aitthikit/Memekhos_ws/install/controller_interface/lib/libcontroller_interface__rosidl_typesupport_cpp.so
-- Set runtime path of "/home/aitthikit/Memekhos_ws/install/controller_interface/lib/libcontroller_interface__rosidl_typesupport_cpp.so" to ""
-- Installing: /home/aitthikit/Memekhos_ws/install/controller_interface/share/controller_interface/environment/pythonpath.sh
-- Installing: /home/aitthikit/Memekhos_ws/install/controller_interface/share/controller_interface/environment/pythonpath.dsv
-- Installing: /home/aitthikit/Memekhos_ws/install/controller_interface/local/lib/python3.10/dist-packages/controller_interface-0.0.0-py3.10.egg-info
-- Installing: /home/aitthikit/Memekhos_ws/install/controller_interface/local/lib/python3.10/dist-packages/controller_interface-0.0.0-py3.10.egg-info/dependency_links.txt
-- Installing: /home/aitthikit/Memekhos_ws/install/controller_interface/local/lib/python3.10/dist-packages/controller_interface-0.0.0-py3.10.egg-info/SOURCES.txt
-- Installing: /home/aitthikit/Memekhos_ws/install/controller_interface/local/lib/python3.10/dist-packages/controller_interface-0.0.0-py3.10.egg-info/top_level.txt
-- Installing: /home/aitthikit/Memekhos_ws/install/controller_interface/local/lib/python3.10/dist-packages/controller_interface-0.0.0-py3.10.egg-info/PKG-INFO
-- Installing: /home/aitthikit/Memekhos_ws/install/controller_interface/local/lib/python3.10/dist-packages/controller_interface
-- Installing: /home/aitthikit/Memekhos_ws/install/controller_interface/local/lib/python3.10/dist-packages/controller_interface/_controller_interface_s.ep.rosidl_typesupport_introspection_c.c
-- Installing: /home/aitthikit/Memekhos_ws/install/controller_interface/local/lib/python3.10/dist-packages/controller_interface/controller_interface_s__rosidl_typesupport_fastrtps_c.cpython-310-x86_64-linux-gnu.so
-- Installing: /home/aitthikit/Memekhos_ws/install/controller_interface/local/lib/python3.10/dist-packages/controller_interface/srv
-- Installing: /home/aitthikit/Memekhos_ws/install/controller_interface/local/lib/python3.10/dist-packages/controller_interface/srv/_set_param.py
-- Installing: /home/aitthikit/Memekhos_ws/install/controller_interface/local/lib/python3.10/dist-packages/controller_interface/srv/_set_param_s.c
-- Installing: /home/aitthikit/Memekhos_ws/install/controller_interface/local/lib/python3.10/dist-packages/controller_interface/srv/_set_target_s.c
-- Installing: /home/aitthikit/Memekhos_ws/install/controller_interface/local/lib/python3.10/dist-packages/controller_interface/srv/__init__.py
-- Installing: /home/aitthikit/Memekhos_ws/install/controller_interface/local/lib/python3.10/dist-packages/controller_interface/srv/_set_target.py
-- Installing: /home/aitthikit/Memekhos_ws/install/controller_interface/local/lib/python3.10/dist-packages/controller_interface/controller_interface_s__rosidl_typesupport_introspection_c.cpython-310-x86_64-linux-gnu.so
-- Installing: /home/aitthikit/Memekhos_ws/install/controller_interface/local/lib/python3.10/dist-packages/controller_interface/controller_interface_s__rosidl_typesupport_c.cpython-310-x86_64-linux-gnu.so
-- Installing: /home/aitthikit/Memekhos_ws/install/controller_interface/local/lib/python3.10/dist-packages/controller_interface/libcontroller_interface__rosidl_generator_py.so
-- Installing: /home/aitthikit/Memekhos_ws/install/controller_interface/local/lib/python3.10/dist-packages/controller_interface/_controller_interface_s.ep.rosidl_typesupport_fastrtps_c.c
-- Installing: /home/aitthikit/Memekhos_ws/install/controller_interface/local/lib/python3.10/dist-packages/controller_interface/_controller_interface_s.ep.rosidl_typesupport_c.c
-- Installing: /home/aitthikit/Memekhos_ws/install/controller_interface/local/lib/python3.10/dist-packages/controller_interface/__init__.py
Listing '/home/aitthikit/Memekhos_ws/install/controller_interface/local/lib/python3.10/dist-packages/controller_interface'...
Compiling '/home/aitthikit/Memekhos_ws/install/controller_interface/local/lib/python3.10/dist-packages/controller_interface/__init__.py'...
Listing '/home/aitthikit/Memekhos_ws/install/controller_interface/local/lib/python3.10/dist-packages/controller_interface/srv'...
Compiling '/home/aitthikit/Memekhos_ws/install/controller_interface/local/lib/python3.10/dist-packages/controller_interface/srv/__init__.py'...
Compiling '/home/aitthikit/Memekhos_ws/install/controller_interface/local/lib/python3.10/dist-packages/controller_interface/srv/_set_param.py'...
Compiling '/home/aitthikit/Memekhos_ws/install/controller_interface/local/lib/python3.10/dist-packages/controller_interface/srv/_set_target.py'...
-- Installing: /home/aitthikit/Memekhos_ws/install/controller_interface/local/lib/python3.10/dist-packages/controller_interface/controller_interface_s__rosidl_typesupport_fastrtps_c.cpython-310-x86_64-linux-gnu.so
-- Set runtime path of "/home/aitthikit/Memekhos_ws/install/controller_interface/local/lib/python3.10/dist-packages/controller_interface/controller_interface_s__rosidl_typesupport_fastrtps_c.cpython-310-x86_64-linux-gnu.so" to ""
-- Installing: /home/aitthikit/Memekhos_ws/install/controller_interface/local/lib/python3.10/dist-packages/controller_interface/controller_interface_s__rosidl_typesupport_introspection_c.cpython-310-x86_64-linux-gnu.so
-- Set runtime path of "/home/aitthikit/Memekhos_ws/install/controller_interface/local/lib/python3.10/dist-packages/controller_interface/controller_interface_s__rosidl_typesupport_introspection_c.cpython-310-x86_64-linux-gnu.so" to ""
-- Installing: /home/aitthikit/Memekhos_ws/install/controller_interface/local/lib/python3.10/dist-packages/controller_interface/controller_interface_s__rosidl_typesupport_c.cpython-310-x86_64-linux-gnu.so
-- Set runtime path of "/home/aitthikit/Memekhos_ws/install/controller_interface/local/lib/python3.10/dist-packages/controller_interface/controller_interface_s__rosidl_typesupport_c.cpython-310-x86_64-linux-gnu.so" to ""
-- Installing: /home/aitthikit/Memekhos_ws/install/controller_interface/lib/libcontroller_interface__rosidl_generator_py.so
-- Set runtime path of "/home/aitthikit/Memekhos_ws/install/controller_interface/lib/libcontroller_interface__rosidl_generator_py.so" to ""
-- Installing: /home/aitthikit/Memekhos_ws/install/controller_interface/share/controller_interface/srv/SetTarget.idl
-- Installing: /home/aitthikit/Memekhos_ws/install/controller_interface/share/controller_interface/srv/SetParam.idl
-- Installing: /home/aitthikit/Memekhos_ws/install/controller_interface/share/controller_interface/srv/SetTarget.srv
-- Installing: /home/aitthikit/Memekhos_ws/install/controller_interface/share/controller_interface/srv/SetTarget_Request.msg
-- Installing: /home/aitthikit/Memekhos_ws/install/controller_interface/share/controller_interface/srv/SetTarget_Response.msg
-- Installing: /home/aitthikit/Memekhos_ws/install/controller_interface/share/controller_interface/srv/SetParam.srv
-- Installing: /home/aitthikit/Memekhos_ws/install/controller_interface/share/controller_interface/srv/SetParam_Request.msg
-- Installing: /home/aitthikit/Memekhos_ws/install/controller_interface/share/controller_interface/srv/SetParam_Response.msg
-- Installing: /home/aitthikit/Memekhos_ws/install/controller_interface/share/ament_index/resource_index/package_run_dependencies/controller_interface
-- Installing: /home/aitthikit/Memekhos_ws/install/controller_interface/share/ament_index/resource_index/parent_prefix_path/controller_interface
-- Installing: /home/aitthikit/Memekhos_ws/install/controller_interface/share/controller_interface/environment/ament_prefix_path.sh
-- Installing: /home/aitthikit/Memekhos_ws/install/controller_interface/share/controller_interface/environment/ament_prefix_path.dsv
-- Installing: /home/aitthikit/Memekhos_ws/install/controller_interface/share/controller_interface/environment/path.sh
-- Installing: /home/aitthikit/Memekhos_ws/install/controller_interface/share/controller_interface/environment/path.dsv
-- Installing: /home/aitthikit/Memekhos_ws/install/controller_interface/share/controller_interface/local_setup.bash
-- Installing: /home/aitthikit/Memekhos_ws/install/controller_interface/share/controller_interface/local_setup.sh
-- Installing: /home/aitthikit/Memekhos_ws/install/controller_interface/share/controller_interface/local_setup.zsh
-- Installing: /home/aitthikit/Memekhos_ws/install/controller_interface/share/controller_interface/local_setup.dsv
-- Installing: /home/aitthikit/Memekhos_ws/install/controller_interface/share/controller_interface/package.dsv
-- Installing: /home/aitthikit/Memekhos_ws/install/controller_interface/share/ament_index/resource_index/packages/controller_interface
-- Installing: /home/aitthikit/Memekhos_ws/install/controller_interface/share/controller_interface/cmake/export_controller_interface__rosidl_generator_cExport.cmake
-- Installing: /home/aitthikit/Memekhos_ws/install/controller_interface/share/controller_interface/cmake/export_controller_interface__rosidl_generator_cExport-noconfig.cmake
-- Installing: /home/aitthikit/Memekhos_ws/install/controller_interface/share/controller_interface/cmake/export_controller_interface__rosidl_typesupport_fastrtps_cExport.cmake
-- Installing: /home/aitthikit/Memekhos_ws/install/controller_interface/share/controller_interface/cmake/export_controller_interface__rosidl_typesupport_fastrtps_cExport-noconfig.cmake
-- Installing: /home/aitthikit/Memekhos_ws/install/controller_interface/share/controller_interface/cmake/export_controller_interface__rosidl_generator_cppExport.cmake
-- Installing: /home/aitthikit/Memekhos_ws/install/controller_interface/share/controller_interface/cmake/export_controller_interface__rosidl_typesupport_fastrtps_cppExport.cmake
-- Installing: /home/aitthikit/Memekhos_ws/install/controller_interface/share/controller_interface/cmake/export_controller_interface__rosidl_typesupport_fastrtps_cppExport-noconfig.cmake
-- Installing: /home/aitthikit/Memekhos_ws/install/controller_interface/share/controller_interface/cmake/controller_interface__rosidl_typesupport_introspection_cExport.cmake
-- Installing: /home/aitthikit/Memekhos_ws/install/controller_interface/share/controller_interface/cmake/controller_interface__rosidl_typesupport_introspection_cExport-noconfig.cmake
-- Installing: /home/aitthikit/Memekhos_ws/install/controller_interface/share/controller_interface/cmake/controller_interface__rosidl_typesupport_cExport.cmake
-- Installing: /home/aitthikit/Memekhos_ws/install/controller_interface/share/controller_interface/cmake/controller_interface__rosidl_typesupport_cExport-noconfig.cmake
-- Installing: /home/aitthikit/Memekhos_ws/install/controller_interface/share/controller_interface/cmake/controller_interface__rosidl_typesupport_introspection_cppExport.cmake
-- Installing: /home/aitthikit/Memekhos_ws/install/controller_interface/share/controller_interface/cmake/controller_interface__rosidl_typesupport_introspection_cppExport-noconfig.cmake
-- Installing: /home/aitthikit/Memekhos_ws/install/controller_interface/share/controller_interface/cmake/controller_interface__rosidl_typesupport_cppExport.cmake
-- Installing: /home/aitthikit/Memekhos_ws/install/controller_interface/share/controller_interface/cmake/controller_interface__rosidl_typesupport_cppExport-noconfig.cmake
-- Installing: /home/aitthikit/Memekhos_ws/install/controller_interface/share/controller_interface/cmake/export_controller_interface__rosidl_generator_pyExport.cmake
-- Installing: /home/aitthikit/Memekhos_ws/install/controller_interface/share/controller_interface/cmake/export_controller_interface__rosidl_generator_pyExport-noconfig.cmake
-- Installing: /home/aitthikit/Memekhos_ws/install/controller_interface/share/controller_interface/cmake/rosidl_cmake-extras.cmake
-- Installing: /home/aitthikit/Memekhos_ws/install/controller_interface/share/controller_interface/cmake/ament_cmake_export_dependencies-extras.cmake
-- Installing: /home/aitthikit/Memekhos_ws/install/controller_interface/share/controller_interface/cmake/ament_cmake_export_include_directories-extras.cmake
-- Installing: /home/aitthikit/Memekhos_ws/install/controller_interface/share/controller_interface/cmake/ament_cmake_export_libraries-extras.cmake
-- Installing: /home/aitthikit/Memekhos_ws/install/controller_interface/share/controller_interface/cmake/ament_cmake_export_targets-extras.cmake
-- Installing: /home/aitthikit/Memekhos_ws/install/controller_interface/share/controller_interface/cmake/rosidl_cmake_export_typesupport_targets-extras.cmake
-- Installing: /home/aitthikit/Memekhos_ws/install/controller_interface/share/controller_interface/cmake/rosidl_cmake_export_typesupport_libraries-extras.cmake
-- Installing: /home/aitthikit/Memekhos_ws/install/controller_interface/share/controller_interface/cmake/controller_interfaceConfig.cmake
-- Installing: /home/aitthikit/Memekhos_ws/install/controller_interface/share/controller_interface/cmake/controller_interfaceConfig-version.cmake
-- Installing: /home/aitthikit/Memekhos_ws/install/controller_interface/share/controller_interface/package.xml
