[0.097s] Invoking command in '/home/aitthikit/Memekhos_ws/build/examples_rclcpp_wait_set': CMAKE_PREFIX_PATH=${CMAKE_PREFIX_PATH}:/home/aitthikit/Memekhos_ws/install/launch_testing_examples:/home/aitthikit/Memekhos_ws/install/examples_rclpy_pointcloud_publisher:/home/aitthikit/Memekhos_ws/install/examples_rclpy_minimal_subscriber:/home/aitthikit/Memekhos_ws/install/examples_rclpy_minimal_service:/home/aitthikit/Memekhos_ws/install/examples_rclpy_minimal_publisher:/home/aitthikit/Memekhos_ws/install/examples_rclpy_minimal_client:/home/aitthikit/Memekhos_ws/install/examples_rclpy_minimal_action_server:/home/aitthikit/Memekhos_ws/install/examples_rclpy_minimal_action_client:/home/aitthikit/Memekhos_ws/install/examples_rclpy_guard_conditions:/home/aitthikit/Memekhos_ws/install/examples_rclpy_executors:/opt/ros/humble /usr/bin/cmake --build /home/aitthikit/Memekhos_ws/build/examples_rclcpp_wait_set -- -j12 -l12
[0.165s] [ 25%] Built target talker
[0.165s] [ 25%] Built target wait_set_listener
[0.165s] [ 25%] Built target wait_set_talker
[0.165s] [ 33%] Built target listener
[0.166s] [ 41%] Built target wait_set
[0.168s] [ 50%] Built target static_wait_set
[0.170s] [ 66%] Built target wait_set_topics_and_timer
[0.170s] [ 66%] Built target thread_safe_wait_set
[0.171s] [ 75%] Built target wait_set_random_order
[0.175s] [ 83%] Built target executor_random_order
[0.175s] [ 91%] Built target wait_set_topics_with_different_rates
[0.194s] [100%] Built target wait_set_composed
[0.683s] Invoked command in '/home/aitthikit/Memekhos_ws/build/examples_rclcpp_wait_set' returned '0': CMAKE_PREFIX_PATH=${CMAKE_PREFIX_PATH}:/home/aitthikit/Memekhos_ws/install/launch_testing_examples:/home/aitthikit/Memekhos_ws/install/examples_rclpy_pointcloud_publisher:/home/aitthikit/Memekhos_ws/install/examples_rclpy_minimal_subscriber:/home/aitthikit/Memekhos_ws/install/examples_rclpy_minimal_service:/home/aitthikit/Memekhos_ws/install/examples_rclpy_minimal_publisher:/home/aitthikit/Memekhos_ws/install/examples_rclpy_minimal_client:/home/aitthikit/Memekhos_ws/install/examples_rclpy_minimal_action_server:/home/aitthikit/Memekhos_ws/install/examples_rclpy_minimal_action_client:/home/aitthikit/Memekhos_ws/install/examples_rclpy_guard_conditions:/home/aitthikit/Memekhos_ws/install/examples_rclpy_executors:/opt/ros/humble /usr/bin/cmake --build /home/aitthikit/Memekhos_ws/build/examples_rclcpp_wait_set -- -j12 -l12
[1.676s] Invoking command in '/home/aitthikit/Memekhos_ws/build/examples_rclcpp_wait_set': CMAKE_PREFIX_PATH=${CMAKE_PREFIX_PATH}:/home/aitthikit/Memekhos_ws/install/launch_testing_examples:/home/aitthikit/Memekhos_ws/install/examples_rclpy_pointcloud_publisher:/home/aitthikit/Memekhos_ws/install/examples_rclpy_minimal_subscriber:/home/aitthikit/Memekhos_ws/install/examples_rclpy_minimal_service:/home/aitthikit/Memekhos_ws/install/examples_rclpy_minimal_publisher:/home/aitthikit/Memekhos_ws/install/examples_rclpy_minimal_client:/home/aitthikit/Memekhos_ws/install/examples_rclpy_minimal_action_server:/home/aitthikit/Memekhos_ws/install/examples_rclpy_minimal_action_client:/home/aitthikit/Memekhos_ws/install/examples_rclpy_guard_conditions:/home/aitthikit/Memekhos_ws/install/examples_rclpy_executors:/opt/ros/humble /usr/bin/cmake --install /home/aitthikit/Memekhos_ws/build/examples_rclcpp_wait_set
[2.170s] -- Install configuration: ""
[2.172s] -- Up-to-date: /home/aitthikit/Memekhos_ws/install/examples_rclcpp_wait_set/lib/examples_rclcpp_wait_set/wait_set_talker
[2.173s] -- Up-to-date: /home/aitthikit/Memekhos_ws/install/examples_rclcpp_wait_set/lib/examples_rclcpp_wait_set/wait_set_listener
[2.173s] -- Up-to-date: /home/aitthikit/Memekhos_ws/install/examples_rclcpp_wait_set/lib/libtalker.so
[2.174s] -- Up-to-date: /home/aitthikit/Memekhos_ws/install/examples_rclcpp_wait_set/lib/liblistener.so
[2.174s] -- Up-to-date: /home/aitthikit/Memekhos_ws/install/examples_rclcpp_wait_set/lib/examples_rclcpp_wait_set/wait_set
[2.174s] -- Up-to-date: /home/aitthikit/Memekhos_ws/install/examples_rclcpp_wait_set/lib/examples_rclcpp_wait_set/static_wait_set
[2.174s] -- Up-to-date: /home/aitthikit/Memekhos_ws/install/examples_rclcpp_wait_set/lib/examples_rclcpp_wait_set/thread_safe_wait_set
[2.174s] -- Up-to-date: /home/aitthikit/Memekhos_ws/install/examples_rclcpp_wait_set/lib/examples_rclcpp_wait_set/wait_set_topics_and_timer
[2.175s] -- Up-to-date: /home/aitthikit/Memekhos_ws/install/examples_rclcpp_wait_set/lib/examples_rclcpp_wait_set/wait_set_random_order
[2.176s] -- Up-to-date: /home/aitthikit/Memekhos_ws/install/examples_rclcpp_wait_set/lib/examples_rclcpp_wait_set/executor_random_order
[2.176s] -- Up-to-date: /home/aitthikit/Memekhos_ws/install/examples_rclcpp_wait_set/lib/examples_rclcpp_wait_set/wait_set_topics_with_different_rates
[2.177s] -- Up-to-date: /home/aitthikit/Memekhos_ws/install/examples_rclcpp_wait_set/lib/examples_rclcpp_wait_set/wait_set_composed
[2.177s] -- Up-to-date: /home/aitthikit/Memekhos_ws/install/examples_rclcpp_wait_set/share/ament_index/resource_index/package_run_dependencies/examples_rclcpp_wait_set
[2.177s] -- Up-to-date: /home/aitthikit/Memekhos_ws/install/examples_rclcpp_wait_set/share/ament_index/resource_index/parent_prefix_path/examples_rclcpp_wait_set
[2.177s] -- Up-to-date: /home/aitthikit/Memekhos_ws/install/examples_rclcpp_wait_set/share/examples_rclcpp_wait_set/environment/ament_prefix_path.sh
[2.178s] -- Up-to-date: /home/aitthikit/Memekhos_ws/install/examples_rclcpp_wait_set/share/examples_rclcpp_wait_set/environment/ament_prefix_path.dsv
[2.179s] -- Up-to-date: /home/aitthikit/Memekhos_ws/install/examples_rclcpp_wait_set/share/examples_rclcpp_wait_set/environment/path.sh
[2.179s] -- Up-to-date: /home/aitthikit/Memekhos_ws/install/examples_rclcpp_wait_set/share/examples_rclcpp_wait_set/environment/path.dsv
[2.179s] -- Up-to-date: /home/aitthikit/Memekhos_ws/install/examples_rclcpp_wait_set/share/examples_rclcpp_wait_set/local_setup.bash
[2.180s] -- Up-to-date: /home/aitthikit/Memekhos_ws/install/examples_rclcpp_wait_set/share/examples_rclcpp_wait_set/local_setup.sh
[2.180s] -- Up-to-date: /home/aitthikit/Memekhos_ws/install/examples_rclcpp_wait_set/share/examples_rclcpp_wait_set/local_setup.zsh
[2.180s] -- Up-to-date: /home/aitthikit/Memekhos_ws/install/examples_rclcpp_wait_set/share/examples_rclcpp_wait_set/local_setup.dsv
[2.180s] -- Installing: /home/aitthikit/Memekhos_ws/install/examples_rclcpp_wait_set/share/examples_rclcpp_wait_set/package.dsv
[2.180s] -- Up-to-date: /home/aitthikit/Memekhos_ws/install/examples_rclcpp_wait_set/share/ament_index/resource_index/packages/examples_rclcpp_wait_set
[2.180s] -- Up-to-date: /home/aitthikit/Memekhos_ws/install/examples_rclcpp_wait_set/share/ament_index/resource_index/rclcpp_components/examples_rclcpp_wait_set
[2.181s] -- Up-to-date: /home/aitthikit/Memekhos_ws/install/examples_rclcpp_wait_set/share/examples_rclcpp_wait_set/cmake/examples_rclcpp_wait_setConfig.cmake
[2.181s] -- Up-to-date: /home/aitthikit/Memekhos_ws/install/examples_rclcpp_wait_set/share/examples_rclcpp_wait_set/cmake/examples_rclcpp_wait_setConfig-version.cmake
[2.181s] -- Up-to-date: /home/aitthikit/Memekhos_ws/install/examples_rclcpp_wait_set/share/examples_rclcpp_wait_set/package.xml
[2.209s] Invoked command in '/home/aitthikit/Memekhos_ws/build/examples_rclcpp_wait_set' returned '0': CMAKE_PREFIX_PATH=${CMAKE_PREFIX_PATH}:/home/aitthikit/Memekhos_ws/install/launch_testing_examples:/home/aitthikit/Memekhos_ws/install/examples_rclpy_pointcloud_publisher:/home/aitthikit/Memekhos_ws/install/examples_rclpy_minimal_subscriber:/home/aitthikit/Memekhos_ws/install/examples_rclpy_minimal_service:/home/aitthikit/Memekhos_ws/install/examples_rclpy_minimal_publisher:/home/aitthikit/Memekhos_ws/install/examples_rclpy_minimal_client:/home/aitthikit/Memekhos_ws/install/examples_rclpy_minimal_action_server:/home/aitthikit/Memekhos_ws/install/examples_rclpy_minimal_action_client:/home/aitthikit/Memekhos_ws/install/examples_rclpy_guard_conditions:/home/aitthikit/Memekhos_ws/install/examples_rclpy_executors:/opt/ros/humble /usr/bin/cmake --install /home/aitthikit/Memekhos_ws/build/examples_rclcpp_wait_set
