[2.112s] Invoking command in '/home/aitthikit/Memekhos_ws/src/examples/rclpy/guard_conditions': PYTHONPATH=/home/aitthikit/Memekhos_ws/build/examples_rclpy_guard_conditions/prefix_override:/usr/lib/python3/dist-packages/colcon_core/task/python/colcon_distutils_commands:/home/aitthikit/Memekhos_ws/install/examples_rclpy_guard_conditions/lib/python3.10/site-packages:${PYTHONPATH} /usr/bin/python3 -W ignore:setup.py install is deprecated setup.py egg_info --egg-base ../../../../build/examples_rclpy_guard_conditions build --build-base /home/aitthikit/Memekhos_ws/build/examples_rclpy_guard_conditions/build install --record /home/aitthikit/Memekhos_ws/build/examples_rclpy_guard_conditions/install.log --single-version-externally-managed install_data
[2.495s] running egg_info
[2.495s] writing ../../../../build/examples_rclpy_guard_conditions/examples_rclpy_guard_conditions.egg-info/PKG-INFO
[2.495s] writing dependency_links to ../../../../build/examples_rclpy_guard_conditions/examples_rclpy_guard_conditions.egg-info/dependency_links.txt
[2.496s] writing entry points to ../../../../build/examples_rclpy_guard_conditions/examples_rclpy_guard_conditions.egg-info/entry_points.txt
[2.497s] writing requirements to ../../../../build/examples_rclpy_guard_conditions/examples_rclpy_guard_conditions.egg-info/requires.txt
[2.497s] writing top-level names to ../../../../build/examples_rclpy_guard_conditions/examples_rclpy_guard_conditions.egg-info/top_level.txt
[2.497s] reading manifest file '../../../../build/examples_rclpy_guard_conditions/examples_rclpy_guard_conditions.egg-info/SOURCES.txt'
[2.498s] writing manifest file '../../../../build/examples_rclpy_guard_conditions/examples_rclpy_guard_conditions.egg-info/SOURCES.txt'
[2.498s] running build
[2.498s] running build_py
[2.498s] running install
[2.499s] running install_lib
[2.499s] running install_data
[2.499s] running install_egg_info
[2.500s] removing '/home/aitthikit/Memekhos_ws/install/examples_rclpy_guard_conditions/lib/python3.10/site-packages/examples_rclpy_guard_conditions-0.15.2-py3.10.egg-info' (and everything under it)
[2.502s] Copying ../../../../build/examples_rclpy_guard_conditions/examples_rclpy_guard_conditions.egg-info to /home/aitthikit/Memekhos_ws/install/examples_rclpy_guard_conditions/lib/python3.10/site-packages/examples_rclpy_guard_conditions-0.15.2-py3.10.egg-info
[2.502s] running install_scripts
[2.502s] Installing trigger_guard_condition script to /home/aitthikit/Memekhos_ws/install/examples_rclpy_guard_conditions/lib/examples_rclpy_guard_conditions
[2.502s] writing list of installed files to '/home/aitthikit/Memekhos_ws/build/examples_rclpy_guard_conditions/install.log'
[2.566s] Invoked command in '/home/aitthikit/Memekhos_ws/src/examples/rclpy/guard_conditions' returned '0': PYTHONPATH=/home/aitthikit/Memekhos_ws/build/examples_rclpy_guard_conditions/prefix_override:/usr/lib/python3/dist-packages/colcon_core/task/python/colcon_distutils_commands:/home/aitthikit/Memekhos_ws/install/examples_rclpy_guard_conditions/lib/python3.10/site-packages:${PYTHONPATH} /usr/bin/python3 -W ignore:setup.py install is deprecated setup.py egg_info --egg-base ../../../../build/examples_rclpy_guard_conditions build --build-base /home/aitthikit/Memekhos_ws/build/examples_rclpy_guard_conditions/build install --record /home/aitthikit/Memekhos_ws/build/examples_rclpy_guard_conditions/install.log --single-version-externally-managed install_data
