[0.056s] Invoking command in '/home/aitthikit/Memekhos_ws/build/examples_rclcpp_minimal_service': CMAKE_PREFIX_PATH=${CMAKE_PREFIX_PATH}:/home/aitthikit/Memekhos_ws/install/launch_testing_examples:/home/aitthikit/Memekhos_ws/install/examples_rclpy_pointcloud_publisher:/home/aitthikit/Memekhos_ws/install/examples_rclpy_minimal_subscriber:/home/aitthikit/Memekhos_ws/install/examples_rclpy_minimal_service:/home/aitthikit/Memekhos_ws/install/examples_rclpy_minimal_publisher:/home/aitthikit/Memekhos_ws/install/examples_rclpy_minimal_client:/home/aitthikit/Memekhos_ws/install/examples_rclpy_minimal_action_server:/home/aitthikit/Memekhos_ws/install/examples_rclpy_minimal_action_client:/home/aitthikit/Memekhos_ws/install/examples_rclpy_guard_conditions:/home/aitthikit/Memekhos_ws/install/examples_rclpy_executors:/opt/ros/humble /usr/bin/cmake --build /home/aitthikit/Memekhos_ws/build/examples_rclcpp_minimal_service -- -j12 -l12
[0.188s] [100%] Built target service_main
[0.216s] Invoked command in '/home/aitthikit/Memekhos_ws/build/examples_rclcpp_minimal_service' returned '0': CMAKE_PREFIX_PATH=${CMAKE_PREFIX_PATH}:/home/aitthikit/Memekhos_ws/install/launch_testing_examples:/home/aitthikit/Memekhos_ws/install/examples_rclpy_pointcloud_publisher:/home/aitthikit/Memekhos_ws/install/examples_rclpy_minimal_subscriber:/home/aitthikit/Memekhos_ws/install/examples_rclpy_minimal_service:/home/aitthikit/Memekhos_ws/install/examples_rclpy_minimal_publisher:/home/aitthikit/Memekhos_ws/install/examples_rclpy_minimal_client:/home/aitthikit/Memekhos_ws/install/examples_rclpy_minimal_action_server:/home/aitthikit/Memekhos_ws/install/examples_rclpy_minimal_action_client:/home/aitthikit/Memekhos_ws/install/examples_rclpy_guard_conditions:/home/aitthikit/Memekhos_ws/install/examples_rclpy_executors:/opt/ros/humble /usr/bin/cmake --build /home/aitthikit/Memekhos_ws/build/examples_rclcpp_minimal_service -- -j12 -l12
[0.273s] Invoking command in '/home/aitthikit/Memekhos_ws/build/examples_rclcpp_minimal_service': CMAKE_PREFIX_PATH=${CMAKE_PREFIX_PATH}:/home/aitthikit/Memekhos_ws/install/launch_testing_examples:/home/aitthikit/Memekhos_ws/install/examples_rclpy_pointcloud_publisher:/home/aitthikit/Memekhos_ws/install/examples_rclpy_minimal_subscriber:/home/aitthikit/Memekhos_ws/install/examples_rclpy_minimal_service:/home/aitthikit/Memekhos_ws/install/examples_rclpy_minimal_publisher:/home/aitthikit/Memekhos_ws/install/examples_rclpy_minimal_client:/home/aitthikit/Memekhos_ws/install/examples_rclpy_minimal_action_server:/home/aitthikit/Memekhos_ws/install/examples_rclpy_minimal_action_client:/home/aitthikit/Memekhos_ws/install/examples_rclpy_guard_conditions:/home/aitthikit/Memekhos_ws/install/examples_rclpy_executors:/opt/ros/humble /usr/bin/cmake --install /home/aitthikit/Memekhos_ws/build/examples_rclcpp_minimal_service
[0.288s] -- Install configuration: ""
[0.289s] -- Up-to-date: /home/aitthikit/Memekhos_ws/install/examples_rclcpp_minimal_service/lib/examples_rclcpp_minimal_service/service_main
[0.289s] -- Up-to-date: /home/aitthikit/Memekhos_ws/install/examples_rclcpp_minimal_service/share/ament_index/resource_index/package_run_dependencies/examples_rclcpp_minimal_service
[0.289s] -- Up-to-date: /home/aitthikit/Memekhos_ws/install/examples_rclcpp_minimal_service/share/ament_index/resource_index/parent_prefix_path/examples_rclcpp_minimal_service
[0.290s] -- Up-to-date: /home/aitthikit/Memekhos_ws/install/examples_rclcpp_minimal_service/share/examples_rclcpp_minimal_service/environment/ament_prefix_path.sh
[0.291s] -- Up-to-date: /home/aitthikit/Memekhos_ws/install/examples_rclcpp_minimal_service/share/examples_rclcpp_minimal_service/environment/ament_prefix_path.dsv
[0.291s] -- Up-to-date: /home/aitthikit/Memekhos_ws/install/examples_rclcpp_minimal_service/share/examples_rclcpp_minimal_service/environment/path.sh
[0.291s] -- Up-to-date: /home/aitthikit/Memekhos_ws/install/examples_rclcpp_minimal_service/share/examples_rclcpp_minimal_service/environment/path.dsv
[0.292s] -- Up-to-date: /home/aitthikit/Memekhos_ws/install/examples_rclcpp_minimal_service/share/examples_rclcpp_minimal_service/local_setup.bash
[0.292s] -- Up-to-date: /home/aitthikit/Memekhos_ws/install/examples_rclcpp_minimal_service/share/examples_rclcpp_minimal_service/local_setup.sh
[0.292s] -- Up-to-date: /home/aitthikit/Memekhos_ws/install/examples_rclcpp_minimal_service/share/examples_rclcpp_minimal_service/local_setup.zsh
[0.293s] -- Up-to-date: /home/aitthikit/Memekhos_ws/install/examples_rclcpp_minimal_service/share/examples_rclcpp_minimal_service/local_setup.dsv
[0.293s] -- Installing: /home/aitthikit/Memekhos_ws/install/examples_rclcpp_minimal_service/share/examples_rclcpp_minimal_service/package.dsv
[0.293s] -- Up-to-date: /home/aitthikit/Memekhos_ws/install/examples_rclcpp_minimal_service/share/ament_index/resource_index/packages/examples_rclcpp_minimal_service
[0.293s] -- Up-to-date: /home/aitthikit/Memekhos_ws/install/examples_rclcpp_minimal_service/share/examples_rclcpp_minimal_service/cmake/examples_rclcpp_minimal_serviceConfig.cmake
[0.293s] -- Up-to-date: /home/aitthikit/Memekhos_ws/install/examples_rclcpp_minimal_service/share/examples_rclcpp_minimal_service/cmake/examples_rclcpp_minimal_serviceConfig-version.cmake
[0.294s] -- Up-to-date: /home/aitthikit/Memekhos_ws/install/examples_rclcpp_minimal_service/share/examples_rclcpp_minimal_service/package.xml
[0.321s] Invoked command in '/home/aitthikit/Memekhos_ws/build/examples_rclcpp_minimal_service' returned '0': CMAKE_PREFIX_PATH=${CMAKE_PREFIX_PATH}:/home/aitthikit/Memekhos_ws/install/launch_testing_examples:/home/aitthikit/Memekhos_ws/install/examples_rclpy_pointcloud_publisher:/home/aitthikit/Memekhos_ws/install/examples_rclpy_minimal_subscriber:/home/aitthikit/Memekhos_ws/install/examples_rclpy_minimal_service:/home/aitthikit/Memekhos_ws/install/examples_rclpy_minimal_publisher:/home/aitthikit/Memekhos_ws/install/examples_rclpy_minimal_client:/home/aitthikit/Memekhos_ws/install/examples_rclpy_minimal_action_server:/home/aitthikit/Memekhos_ws/install/examples_rclpy_minimal_action_client:/home/aitthikit/Memekhos_ws/install/examples_rclpy_guard_conditions:/home/aitthikit/Memekhos_ws/install/examples_rclpy_executors:/opt/ros/humble /usr/bin/cmake --install /home/aitthikit/Memekhos_ws/build/examples_rclcpp_minimal_service
