[2.492s] Invoking command in '/home/aitthikit/Memekhos_ws/src/examples/rclpy/executors': PYTHONPATH=/home/aitthikit/Memekhos_ws/build/examples_rclpy_executors/prefix_override:/usr/lib/python3/dist-packages/colcon_core/task/python/colcon_distutils_commands:/home/aitthikit/Memekhos_ws/install/examples_rclpy_executors/lib/python3.10/site-packages:${PYTHONPATH} /usr/bin/python3 -W ignore:setup.py install is deprecated setup.py egg_info --egg-base ../../../../build/examples_rclpy_executors build --build-base /home/aitthikit/Memekhos_ws/build/examples_rclpy_executors/build install --record /home/aitthikit/Memekhos_ws/build/examples_rclpy_executors/install.log --single-version-externally-managed install_data
[2.905s] running egg_info
[2.906s] writing ../../../../build/examples_rclpy_executors/examples_rclpy_executors.egg-info/PKG-INFO
[2.907s] writing dependency_links to ../../../../build/examples_rclpy_executors/examples_rclpy_executors.egg-info/dependency_links.txt
[2.907s] writing entry points to ../../../../build/examples_rclpy_executors/examples_rclpy_executors.egg-info/entry_points.txt
[2.907s] writing requirements to ../../../../build/examples_rclpy_executors/examples_rclpy_executors.egg-info/requires.txt
[2.907s] writing top-level names to ../../../../build/examples_rclpy_executors/examples_rclpy_executors.egg-info/top_level.txt
[2.910s] reading manifest file '../../../../build/examples_rclpy_executors/examples_rclpy_executors.egg-info/SOURCES.txt'
[2.911s] writing manifest file '../../../../build/examples_rclpy_executors/examples_rclpy_executors.egg-info/SOURCES.txt'
[2.912s] running build
[2.912s] running build_py
[2.912s] running install
[2.913s] running install_lib
[2.915s] running install_data
[2.915s] running install_egg_info
[2.918s] removing '/home/aitthikit/Memekhos_ws/install/examples_rclpy_executors/lib/python3.10/site-packages/examples_rclpy_executors-0.15.2-py3.10.egg-info' (and everything under it)
[2.920s] Copying ../../../../build/examples_rclpy_executors/examples_rclpy_executors.egg-info to /home/aitthikit/Memekhos_ws/install/examples_rclpy_executors/lib/python3.10/site-packages/examples_rclpy_executors-0.15.2-py3.10.egg-info
[2.927s] running install_scripts
[2.971s] Installing callback_group script to /home/aitthikit/Memekhos_ws/install/examples_rclpy_executors/lib/examples_rclpy_executors
[2.971s] Installing composed script to /home/aitthikit/Memekhos_ws/install/examples_rclpy_executors/lib/examples_rclpy_executors
[2.971s] Installing custom_callback_group script to /home/aitthikit/Memekhos_ws/install/examples_rclpy_executors/lib/examples_rclpy_executors
[2.971s] Installing custom_executor script to /home/aitthikit/Memekhos_ws/install/examples_rclpy_executors/lib/examples_rclpy_executors
[2.972s] Installing listener script to /home/aitthikit/Memekhos_ws/install/examples_rclpy_executors/lib/examples_rclpy_executors
[2.972s] Installing talker script to /home/aitthikit/Memekhos_ws/install/examples_rclpy_executors/lib/examples_rclpy_executors
[2.972s] writing list of installed files to '/home/aitthikit/Memekhos_ws/build/examples_rclpy_executors/install.log'
[3.189s] Invoked command in '/home/aitthikit/Memekhos_ws/src/examples/rclpy/executors' returned '0': PYTHONPATH=/home/aitthikit/Memekhos_ws/build/examples_rclpy_executors/prefix_override:/usr/lib/python3/dist-packages/colcon_core/task/python/colcon_distutils_commands:/home/aitthikit/Memekhos_ws/install/examples_rclpy_executors/lib/python3.10/site-packages:${PYTHONPATH} /usr/bin/python3 -W ignore:setup.py install is deprecated setup.py egg_info --egg-base ../../../../build/examples_rclpy_executors build --build-base /home/aitthikit/Memekhos_ws/build/examples_rclpy_executors/build install --record /home/aitthikit/Memekhos_ws/build/examples_rclpy_executors/install.log --single-version-externally-managed install_data
