[0.130s] Invoking command in '/home/aitthikit/Memekhos_ws/build/examples_rclcpp_wait_set': CMAKE_PREFIX_PATH=${CMAKE_PREFIX_PATH}:/home/aitthikit/Memekhos_ws/install/launch_testing_examples:/home/aitthikit/Memekhos_ws/install/examples_rclpy_pointcloud_publisher:/home/aitthikit/Memekhos_ws/install/examples_rclpy_minimal_subscriber:/home/aitthikit/Memekhos_ws/install/examples_rclpy_minimal_service:/home/aitthikit/Memekhos_ws/install/examples_rclpy_minimal_publisher:/home/aitthikit/Memekhos_ws/install/examples_rclpy_minimal_client:/home/aitthikit/Memekhos_ws/install/examples_rclpy_minimal_action_server:/home/aitthikit/Memekhos_ws/install/examples_rclpy_minimal_action_client:/home/aitthikit/Memekhos_ws/install/examples_rclpy_guard_conditions:/home/aitthikit/Memekhos_ws/install/examples_rclpy_executors:/opt/ros/humble /usr/bin/cmake --build /home/aitthikit/Memekhos_ws/build/examples_rclcpp_wait_set -- -j12 -l12
[0.651s] [35m[1mConsolidate compiler generated dependencies of target wait_set[0m
[0.651s] [35m[1mConsolidate compiler generated dependencies of target listener[0m
[0.652s] [35m[1mConsolidate compiler generated dependencies of target wait_set_random_order[0m
[0.652s] [35m[1mConsolidate compiler generated dependencies of target talker[0m
[0.652s] [35m[1mConsolidate compiler generated dependencies of target wait_set_talker[0m
[0.652s] [35m[1mConsolidate compiler generated dependencies of target static_wait_set[0m
[0.652s] [35m[1mConsolidate compiler generated dependencies of target executor_random_order[0m
[0.652s] [35m[1mConsolidate compiler generated dependencies of target wait_set_listener[0m
[0.652s] [35m[1mConsolidate compiler generated dependencies of target wait_set_topics_and_timer[0m
[0.652s] [35m[1mConsolidate compiler generated dependencies of target thread_safe_wait_set[0m
[0.652s] [35m[1mConsolidate compiler generated dependencies of target wait_set_topics_with_different_rates[0m
[0.653s] [ 12%] Built target wait_set
[0.653s] [ 16%] Built target wait_set_random_order
[0.653s] [ 25%] Built target listener
[0.653s] [ 41%] Built target talker
[0.653s] [ 50%] Built target wait_set_talker
[0.654s] [ 50%] Built target static_wait_set
[0.654s] [ 58%] Built target wait_set_listener
[0.654s] [ 66%] Built target executor_random_order
[0.654s] [ 75%] Built target wait_set_topics_and_timer
[0.654s] [ 83%] Built target wait_set_topics_with_different_rates
[0.655s] [ 91%] Built target thread_safe_wait_set
[0.655s] [35m[1mConsolidate compiler generated dependencies of target wait_set_composed[0m
[0.656s] [100%] Built target wait_set_composed
[1.659s] Invoked command in '/home/aitthikit/Memekhos_ws/build/examples_rclcpp_wait_set' returned '0': CMAKE_PREFIX_PATH=${CMAKE_PREFIX_PATH}:/home/aitthikit/Memekhos_ws/install/launch_testing_examples:/home/aitthikit/Memekhos_ws/install/examples_rclpy_pointcloud_publisher:/home/aitthikit/Memekhos_ws/install/examples_rclpy_minimal_subscriber:/home/aitthikit/Memekhos_ws/install/examples_rclpy_minimal_service:/home/aitthikit/Memekhos_ws/install/examples_rclpy_minimal_publisher:/home/aitthikit/Memekhos_ws/install/examples_rclpy_minimal_client:/home/aitthikit/Memekhos_ws/install/examples_rclpy_minimal_action_server:/home/aitthikit/Memekhos_ws/install/examples_rclpy_minimal_action_client:/home/aitthikit/Memekhos_ws/install/examples_rclpy_guard_conditions:/home/aitthikit/Memekhos_ws/install/examples_rclpy_executors:/opt/ros/humble /usr/bin/cmake --build /home/aitthikit/Memekhos_ws/build/examples_rclcpp_wait_set -- -j12 -l12
[2.500s] Invoking command in '/home/aitthikit/Memekhos_ws/build/examples_rclcpp_wait_set': CMAKE_PREFIX_PATH=${CMAKE_PREFIX_PATH}:/home/aitthikit/Memekhos_ws/install/launch_testing_examples:/home/aitthikit/Memekhos_ws/install/examples_rclpy_pointcloud_publisher:/home/aitthikit/Memekhos_ws/install/examples_rclpy_minimal_subscriber:/home/aitthikit/Memekhos_ws/install/examples_rclpy_minimal_service:/home/aitthikit/Memekhos_ws/install/examples_rclpy_minimal_publisher:/home/aitthikit/Memekhos_ws/install/examples_rclpy_minimal_client:/home/aitthikit/Memekhos_ws/install/examples_rclpy_minimal_action_server:/home/aitthikit/Memekhos_ws/install/examples_rclpy_minimal_action_client:/home/aitthikit/Memekhos_ws/install/examples_rclpy_guard_conditions:/home/aitthikit/Memekhos_ws/install/examples_rclpy_executors:/opt/ros/humble /usr/bin/cmake --install /home/aitthikit/Memekhos_ws/build/examples_rclcpp_wait_set
[2.511s] -- Install configuration: ""
[2.511s] -- Up-to-date: /home/aitthikit/Memekhos_ws/install/examples_rclcpp_wait_set/lib/examples_rclcpp_wait_set/wait_set_talker
[2.512s] -- Up-to-date: /home/aitthikit/Memekhos_ws/install/examples_rclcpp_wait_set/lib/examples_rclcpp_wait_set/wait_set_listener
[2.512s] -- Up-to-date: /home/aitthikit/Memekhos_ws/install/examples_rclcpp_wait_set/lib/libtalker.so
[2.512s] -- Up-to-date: /home/aitthikit/Memekhos_ws/install/examples_rclcpp_wait_set/lib/liblistener.so
[2.513s] -- Up-to-date: /home/aitthikit/Memekhos_ws/install/examples_rclcpp_wait_set/lib/examples_rclcpp_wait_set/wait_set
[2.514s] -- Up-to-date: /home/aitthikit/Memekhos_ws/install/examples_rclcpp_wait_set/lib/examples_rclcpp_wait_set/static_wait_set
[2.516s] -- Up-to-date: /home/aitthikit/Memekhos_ws/install/examples_rclcpp_wait_set/lib/examples_rclcpp_wait_set/thread_safe_wait_set
[2.516s] -- Up-to-date: /home/aitthikit/Memekhos_ws/install/examples_rclcpp_wait_set/lib/examples_rclcpp_wait_set/wait_set_topics_and_timer
[2.518s] -- Up-to-date: /home/aitthikit/Memekhos_ws/install/examples_rclcpp_wait_set/lib/examples_rclcpp_wait_set/wait_set_random_order
[2.519s] -- Up-to-date: /home/aitthikit/Memekhos_ws/install/examples_rclcpp_wait_set/lib/examples_rclcpp_wait_set/executor_random_order
[2.519s] -- Up-to-date: /home/aitthikit/Memekhos_ws/install/examples_rclcpp_wait_set/lib/examples_rclcpp_wait_set/wait_set_topics_with_different_rates
[2.524s] -- Up-to-date: /home/aitthikit/Memekhos_ws/install/examples_rclcpp_wait_set/lib/examples_rclcpp_wait_set/wait_set_composed
[2.525s] -- Up-to-date: /home/aitthikit/Memekhos_ws/install/examples_rclcpp_wait_set/share/ament_index/resource_index/package_run_dependencies/examples_rclcpp_wait_set
[2.525s] -- Up-to-date: /home/aitthikit/Memekhos_ws/install/examples_rclcpp_wait_set/share/ament_index/resource_index/parent_prefix_path/examples_rclcpp_wait_set
[2.525s] -- Up-to-date: /home/aitthikit/Memekhos_ws/install/examples_rclcpp_wait_set/share/examples_rclcpp_wait_set/environment/ament_prefix_path.sh
[2.525s] -- Up-to-date: /home/aitthikit/Memekhos_ws/install/examples_rclcpp_wait_set/share/examples_rclcpp_wait_set/environment/ament_prefix_path.dsv
[2.525s] -- Up-to-date: /home/aitthikit/Memekhos_ws/install/examples_rclcpp_wait_set/share/examples_rclcpp_wait_set/environment/path.sh
[2.526s] -- Up-to-date: /home/aitthikit/Memekhos_ws/install/examples_rclcpp_wait_set/share/examples_rclcpp_wait_set/environment/path.dsv
[2.527s] -- Up-to-date: /home/aitthikit/Memekhos_ws/install/examples_rclcpp_wait_set/share/examples_rclcpp_wait_set/local_setup.bash
[2.528s] -- Up-to-date: /home/aitthikit/Memekhos_ws/install/examples_rclcpp_wait_set/share/examples_rclcpp_wait_set/local_setup.sh
[2.528s] -- Up-to-date: /home/aitthikit/Memekhos_ws/install/examples_rclcpp_wait_set/share/examples_rclcpp_wait_set/local_setup.zsh
[2.529s] -- Up-to-date: /home/aitthikit/Memekhos_ws/install/examples_rclcpp_wait_set/share/examples_rclcpp_wait_set/local_setup.dsv
[2.529s] -- Installing: /home/aitthikit/Memekhos_ws/install/examples_rclcpp_wait_set/share/examples_rclcpp_wait_set/package.dsv
[2.530s] -- Up-to-date: /home/aitthikit/Memekhos_ws/install/examples_rclcpp_wait_set/share/ament_index/resource_index/packages/examples_rclcpp_wait_set
[2.530s] -- Up-to-date: /home/aitthikit/Memekhos_ws/install/examples_rclcpp_wait_set/share/ament_index/resource_index/rclcpp_components/examples_rclcpp_wait_set
[2.533s] -- Up-to-date: /home/aitthikit/Memekhos_ws/install/examples_rclcpp_wait_set/share/examples_rclcpp_wait_set/cmake/examples_rclcpp_wait_setConfig.cmake
[2.534s] -- Up-to-date: /home/aitthikit/Memekhos_ws/install/examples_rclcpp_wait_set/share/examples_rclcpp_wait_set/cmake/examples_rclcpp_wait_setConfig-version.cmake
[2.535s] -- Up-to-date: /home/aitthikit/Memekhos_ws/install/examples_rclcpp_wait_set/share/examples_rclcpp_wait_set/package.xml
[2.549s] Invoked command in '/home/aitthikit/Memekhos_ws/build/examples_rclcpp_wait_set' returned '0': CMAKE_PREFIX_PATH=${CMAKE_PREFIX_PATH}:/home/aitthikit/Memekhos_ws/install/launch_testing_examples:/home/aitthikit/Memekhos_ws/install/examples_rclpy_pointcloud_publisher:/home/aitthikit/Memekhos_ws/install/examples_rclpy_minimal_subscriber:/home/aitthikit/Memekhos_ws/install/examples_rclpy_minimal_service:/home/aitthikit/Memekhos_ws/install/examples_rclpy_minimal_publisher:/home/aitthikit/Memekhos_ws/install/examples_rclpy_minimal_client:/home/aitthikit/Memekhos_ws/install/examples_rclpy_minimal_action_server:/home/aitthikit/Memekhos_ws/install/examples_rclpy_minimal_action_client:/home/aitthikit/Memekhos_ws/install/examples_rclpy_guard_conditions:/home/aitthikit/Memekhos_ws/install/examples_rclpy_executors:/opt/ros/humble /usr/bin/cmake --install /home/aitthikit/Memekhos_ws/build/examples_rclcpp_wait_set
