[3.186s] Invoking command in '/home/aitthikit/Memekhos_ws/src/examples/rclpy/services/minimal_service': PYTHONPATH=/home/aitthikit/Memekhos_ws/build/examples_rclpy_minimal_service/prefix_override:/usr/lib/python3/dist-packages/colcon_core/task/python/colcon_distutils_commands:/home/aitthikit/Memekhos_ws/install/examples_rclpy_minimal_service/lib/python3.10/site-packages:${PYTHONPATH} /usr/bin/python3 -W ignore:setup.py install is deprecated setup.py egg_info --egg-base ../../../../../build/examples_rclpy_minimal_service build --build-base /home/aitthikit/Memekhos_ws/build/examples_rclpy_minimal_service/build install --record /home/aitthikit/Memekhos_ws/build/examples_rclpy_minimal_service/install.log --single-version-externally-managed install_data
[4.060s] running egg_info
[4.062s] creating ../../../../../build/examples_rclpy_minimal_service/examples_rclpy_minimal_service.egg-info
[4.062s] writing ../../../../../build/examples_rclpy_minimal_service/examples_rclpy_minimal_service.egg-info/PKG-INFO
[4.063s] writing dependency_links to ../../../../../build/examples_rclpy_minimal_service/examples_rclpy_minimal_service.egg-info/dependency_links.txt
[4.063s] writing entry points to ../../../../../build/examples_rclpy_minimal_service/examples_rclpy_minimal_service.egg-info/entry_points.txt
[4.063s] writing requirements to ../../../../../build/examples_rclpy_minimal_service/examples_rclpy_minimal_service.egg-info/requires.txt
[4.064s] writing top-level names to ../../../../../build/examples_rclpy_minimal_service/examples_rclpy_minimal_service.egg-info/top_level.txt
[4.064s] writing manifest file '../../../../../build/examples_rclpy_minimal_service/examples_rclpy_minimal_service.egg-info/SOURCES.txt'
[4.068s] reading manifest file '../../../../../build/examples_rclpy_minimal_service/examples_rclpy_minimal_service.egg-info/SOURCES.txt'
[4.076s] writing manifest file '../../../../../build/examples_rclpy_minimal_service/examples_rclpy_minimal_service.egg-info/SOURCES.txt'
[4.077s] running build
[4.077s] running build_py
[4.077s] creating /home/aitthikit/Memekhos_ws/build/examples_rclpy_minimal_service/build
[4.077s] creating /home/aitthikit/Memekhos_ws/build/examples_rclpy_minimal_service/build/lib
[4.078s] creating /home/aitthikit/Memekhos_ws/build/examples_rclpy_minimal_service/build/lib/examples_rclpy_minimal_service
[4.078s] copying examples_rclpy_minimal_service/service_member_function.py -> /home/aitthikit/Memekhos_ws/build/examples_rclpy_minimal_service/build/lib/examples_rclpy_minimal_service
[4.078s] copying examples_rclpy_minimal_service/service.py -> /home/aitthikit/Memekhos_ws/build/examples_rclpy_minimal_service/build/lib/examples_rclpy_minimal_service
[4.078s] copying examples_rclpy_minimal_service/__init__.py -> /home/aitthikit/Memekhos_ws/build/examples_rclpy_minimal_service/build/lib/examples_rclpy_minimal_service
[4.078s] running install
[4.079s] running install_lib
[4.080s] creating /home/aitthikit/Memekhos_ws/install/examples_rclpy_minimal_service/lib/python3.10/site-packages/examples_rclpy_minimal_service
[4.080s] copying /home/aitthikit/Memekhos_ws/build/examples_rclpy_minimal_service/build/lib/examples_rclpy_minimal_service/service_member_function.py -> /home/aitthikit/Memekhos_ws/install/examples_rclpy_minimal_service/lib/python3.10/site-packages/examples_rclpy_minimal_service
[4.081s] copying /home/aitthikit/Memekhos_ws/build/examples_rclpy_minimal_service/build/lib/examples_rclpy_minimal_service/service.py -> /home/aitthikit/Memekhos_ws/install/examples_rclpy_minimal_service/lib/python3.10/site-packages/examples_rclpy_minimal_service
[4.081s] copying /home/aitthikit/Memekhos_ws/build/examples_rclpy_minimal_service/build/lib/examples_rclpy_minimal_service/__init__.py -> /home/aitthikit/Memekhos_ws/install/examples_rclpy_minimal_service/lib/python3.10/site-packages/examples_rclpy_minimal_service
[4.082s] byte-compiling /home/aitthikit/Memekhos_ws/install/examples_rclpy_minimal_service/lib/python3.10/site-packages/examples_rclpy_minimal_service/service_member_function.py to service_member_function.cpython-310.pyc
[4.082s] byte-compiling /home/aitthikit/Memekhos_ws/install/examples_rclpy_minimal_service/lib/python3.10/site-packages/examples_rclpy_minimal_service/service.py to service.cpython-310.pyc
[4.097s] byte-compiling /home/aitthikit/Memekhos_ws/install/examples_rclpy_minimal_service/lib/python3.10/site-packages/examples_rclpy_minimal_service/__init__.py to __init__.cpython-310.pyc
[4.097s] running install_data
[4.098s] creating /home/aitthikit/Memekhos_ws/install/examples_rclpy_minimal_service/share/ament_index
[4.098s] creating /home/aitthikit/Memekhos_ws/install/examples_rclpy_minimal_service/share/ament_index/resource_index
[4.098s] creating /home/aitthikit/Memekhos_ws/install/examples_rclpy_minimal_service/share/ament_index/resource_index/packages
[4.098s] copying resource/examples_rclpy_minimal_service -> /home/aitthikit/Memekhos_ws/install/examples_rclpy_minimal_service/share/ament_index/resource_index/packages
[4.098s] copying package.xml -> /home/aitthikit/Memekhos_ws/install/examples_rclpy_minimal_service/share/examples_rclpy_minimal_service
[4.099s] running install_egg_info
[4.102s] Copying ../../../../../build/examples_rclpy_minimal_service/examples_rclpy_minimal_service.egg-info to /home/aitthikit/Memekhos_ws/install/examples_rclpy_minimal_service/lib/python3.10/site-packages/examples_rclpy_minimal_service-0.15.2-py3.10.egg-info
[4.103s] running install_scripts
[4.145s] Installing service script to /home/aitthikit/Memekhos_ws/install/examples_rclpy_minimal_service/lib/examples_rclpy_minimal_service
[4.145s] Installing service_member_function script to /home/aitthikit/Memekhos_ws/install/examples_rclpy_minimal_service/lib/examples_rclpy_minimal_service
[4.146s] writing list of installed files to '/home/aitthikit/Memekhos_ws/build/examples_rclpy_minimal_service/install.log'
[4.300s] Invoked command in '/home/aitthikit/Memekhos_ws/src/examples/rclpy/services/minimal_service' returned '0': PYTHONPATH=/home/aitthikit/Memekhos_ws/build/examples_rclpy_minimal_service/prefix_override:/usr/lib/python3/dist-packages/colcon_core/task/python/colcon_distutils_commands:/home/aitthikit/Memekhos_ws/install/examples_rclpy_minimal_service/lib/python3.10/site-packages:${PYTHONPATH} /usr/bin/python3 -W ignore:setup.py install is deprecated setup.py egg_info --egg-base ../../../../../build/examples_rclpy_minimal_service build --build-base /home/aitthikit/Memekhos_ws/build/examples_rclpy_minimal_service/build install --record /home/aitthikit/Memekhos_ws/build/examples_rclpy_minimal_service/install.log --single-version-externally-managed install_data
