[3.974s] Invoking command in '/home/aitthikit/Memekhos_ws/src/examples/rclpy/actions/minimal_action_client': PYTHONPATH=/home/aitthikit/Memekhos_ws/build/examples_rclpy_minimal_action_client/prefix_override:/usr/lib/python3/dist-packages/colcon_core/task/python/colcon_distutils_commands:/home/aitthikit/Memekhos_ws/install/examples_rclpy_minimal_action_client/lib/python3.10/site-packages:${PYTHONPATH} /usr/bin/python3 -W ignore:setup.py install is deprecated setup.py egg_info --egg-base ../../../../../build/examples_rclpy_minimal_action_client build --build-base /home/aitthikit/Memekhos_ws/build/examples_rclpy_minimal_action_client/build install --record /home/aitthikit/Memekhos_ws/build/examples_rclpy_minimal_action_client/install.log --single-version-externally-managed install_data
[4.959s] running egg_info
[4.960s] creating ../../../../../build/examples_rclpy_minimal_action_client/examples_rclpy_minimal_action_client.egg-info
[4.960s] writing ../../../../../build/examples_rclpy_minimal_action_client/examples_rclpy_minimal_action_client.egg-info/PKG-INFO
[4.961s] writing dependency_links to ../../../../../build/examples_rclpy_minimal_action_client/examples_rclpy_minimal_action_client.egg-info/dependency_links.txt
[4.961s] writing entry points to ../../../../../build/examples_rclpy_minimal_action_client/examples_rclpy_minimal_action_client.egg-info/entry_points.txt
[4.961s] writing requirements to ../../../../../build/examples_rclpy_minimal_action_client/examples_rclpy_minimal_action_client.egg-info/requires.txt
[4.961s] writing top-level names to ../../../../../build/examples_rclpy_minimal_action_client/examples_rclpy_minimal_action_client.egg-info/top_level.txt
[4.962s] writing manifest file '../../../../../build/examples_rclpy_minimal_action_client/examples_rclpy_minimal_action_client.egg-info/SOURCES.txt'
[4.965s] reading manifest file '../../../../../build/examples_rclpy_minimal_action_client/examples_rclpy_minimal_action_client.egg-info/SOURCES.txt'
[4.967s] writing manifest file '../../../../../build/examples_rclpy_minimal_action_client/examples_rclpy_minimal_action_client.egg-info/SOURCES.txt'
[4.967s] running build
[4.967s] running build_py
[4.967s] creating /home/aitthikit/Memekhos_ws/build/examples_rclpy_minimal_action_client/build
[4.967s] creating /home/aitthikit/Memekhos_ws/build/examples_rclpy_minimal_action_client/build/lib
[4.968s] creating /home/aitthikit/Memekhos_ws/build/examples_rclpy_minimal_action_client/build/lib/examples_rclpy_minimal_action_client
[4.968s] copying examples_rclpy_minimal_action_client/client.py -> /home/aitthikit/Memekhos_ws/build/examples_rclpy_minimal_action_client/build/lib/examples_rclpy_minimal_action_client
[4.968s] copying examples_rclpy_minimal_action_client/client_cancel.py -> /home/aitthikit/Memekhos_ws/build/examples_rclpy_minimal_action_client/build/lib/examples_rclpy_minimal_action_client
[4.968s] copying examples_rclpy_minimal_action_client/client_asyncio.py -> /home/aitthikit/Memekhos_ws/build/examples_rclpy_minimal_action_client/build/lib/examples_rclpy_minimal_action_client
[4.969s] copying examples_rclpy_minimal_action_client/client_not_composable.py -> /home/aitthikit/Memekhos_ws/build/examples_rclpy_minimal_action_client/build/lib/examples_rclpy_minimal_action_client
[4.969s] copying examples_rclpy_minimal_action_client/__init__.py -> /home/aitthikit/Memekhos_ws/build/examples_rclpy_minimal_action_client/build/lib/examples_rclpy_minimal_action_client
[4.969s] running install
[4.970s] running install_lib
[4.971s] creating /home/aitthikit/Memekhos_ws/install/examples_rclpy_minimal_action_client/lib/python3.10/site-packages/examples_rclpy_minimal_action_client
[4.972s] copying /home/aitthikit/Memekhos_ws/build/examples_rclpy_minimal_action_client/build/lib/examples_rclpy_minimal_action_client/client.py -> /home/aitthikit/Memekhos_ws/install/examples_rclpy_minimal_action_client/lib/python3.10/site-packages/examples_rclpy_minimal_action_client
[4.972s] copying /home/aitthikit/Memekhos_ws/build/examples_rclpy_minimal_action_client/build/lib/examples_rclpy_minimal_action_client/client_cancel.py -> /home/aitthikit/Memekhos_ws/install/examples_rclpy_minimal_action_client/lib/python3.10/site-packages/examples_rclpy_minimal_action_client
[4.972s] copying /home/aitthikit/Memekhos_ws/build/examples_rclpy_minimal_action_client/build/lib/examples_rclpy_minimal_action_client/client_asyncio.py -> /home/aitthikit/Memekhos_ws/install/examples_rclpy_minimal_action_client/lib/python3.10/site-packages/examples_rclpy_minimal_action_client
[4.973s] copying /home/aitthikit/Memekhos_ws/build/examples_rclpy_minimal_action_client/build/lib/examples_rclpy_minimal_action_client/client_not_composable.py -> /home/aitthikit/Memekhos_ws/install/examples_rclpy_minimal_action_client/lib/python3.10/site-packages/examples_rclpy_minimal_action_client
[4.973s] copying /home/aitthikit/Memekhos_ws/build/examples_rclpy_minimal_action_client/build/lib/examples_rclpy_minimal_action_client/__init__.py -> /home/aitthikit/Memekhos_ws/install/examples_rclpy_minimal_action_client/lib/python3.10/site-packages/examples_rclpy_minimal_action_client
[4.974s] byte-compiling /home/aitthikit/Memekhos_ws/install/examples_rclpy_minimal_action_client/lib/python3.10/site-packages/examples_rclpy_minimal_action_client/client.py to client.cpython-310.pyc
[4.975s] byte-compiling /home/aitthikit/Memekhos_ws/install/examples_rclpy_minimal_action_client/lib/python3.10/site-packages/examples_rclpy_minimal_action_client/client_cancel.py to client_cancel.cpython-310.pyc
[4.976s] byte-compiling /home/aitthikit/Memekhos_ws/install/examples_rclpy_minimal_action_client/lib/python3.10/site-packages/examples_rclpy_minimal_action_client/client_asyncio.py to client_asyncio.cpython-310.pyc
[4.980s] byte-compiling /home/aitthikit/Memekhos_ws/install/examples_rclpy_minimal_action_client/lib/python3.10/site-packages/examples_rclpy_minimal_action_client/client_not_composable.py to client_not_composable.cpython-310.pyc
[4.981s] byte-compiling /home/aitthikit/Memekhos_ws/install/examples_rclpy_minimal_action_client/lib/python3.10/site-packages/examples_rclpy_minimal_action_client/__init__.py to __init__.cpython-310.pyc
[4.981s] running install_data
[4.981s] creating /home/aitthikit/Memekhos_ws/install/examples_rclpy_minimal_action_client/share/ament_index
[4.982s] creating /home/aitthikit/Memekhos_ws/install/examples_rclpy_minimal_action_client/share/ament_index/resource_index
[4.982s] creating /home/aitthikit/Memekhos_ws/install/examples_rclpy_minimal_action_client/share/ament_index/resource_index/packages
[4.982s] copying resource/examples_rclpy_minimal_action_client -> /home/aitthikit/Memekhos_ws/install/examples_rclpy_minimal_action_client/share/ament_index/resource_index/packages
[4.982s] copying package.xml -> /home/aitthikit/Memekhos_ws/install/examples_rclpy_minimal_action_client/share/examples_rclpy_minimal_action_client
[4.982s] running install_egg_info
[4.986s] Copying ../../../../../build/examples_rclpy_minimal_action_client/examples_rclpy_minimal_action_client.egg-info to /home/aitthikit/Memekhos_ws/install/examples_rclpy_minimal_action_client/lib/python3.10/site-packages/examples_rclpy_minimal_action_client-0.15.2-py3.10.egg-info
[4.987s] running install_scripts
[5.027s] Installing client script to /home/aitthikit/Memekhos_ws/install/examples_rclpy_minimal_action_client/lib/examples_rclpy_minimal_action_client
[5.027s] Installing client_asyncio script to /home/aitthikit/Memekhos_ws/install/examples_rclpy_minimal_action_client/lib/examples_rclpy_minimal_action_client
[5.028s] Installing client_cancel script to /home/aitthikit/Memekhos_ws/install/examples_rclpy_minimal_action_client/lib/examples_rclpy_minimal_action_client
[5.028s] Installing client_not_composable script to /home/aitthikit/Memekhos_ws/install/examples_rclpy_minimal_action_client/lib/examples_rclpy_minimal_action_client
[5.029s] writing list of installed files to '/home/aitthikit/Memekhos_ws/build/examples_rclpy_minimal_action_client/install.log'
[5.577s] Invoked command in '/home/aitthikit/Memekhos_ws/src/examples/rclpy/actions/minimal_action_client' returned '0': PYTHONPATH=/home/aitthikit/Memekhos_ws/build/examples_rclpy_minimal_action_client/prefix_override:/usr/lib/python3/dist-packages/colcon_core/task/python/colcon_distutils_commands:/home/aitthikit/Memekhos_ws/install/examples_rclpy_minimal_action_client/lib/python3.10/site-packages:${PYTHONPATH} /usr/bin/python3 -W ignore:setup.py install is deprecated setup.py egg_info --egg-base ../../../../../build/examples_rclpy_minimal_action_client build --build-base /home/aitthikit/Memekhos_ws/build/examples_rclpy_minimal_action_client/build install --record /home/aitthikit/Memekhos_ws/build/examples_rclpy_minimal_action_client/install.log --single-version-externally-managed install_data
