[0.042s] Invoking command in '/home/aitthikit/Memekhos_ws/build/examples_rclcpp_cbg_executor': CMAKE_PREFIX_PATH=${CMAKE_PREFIX_PATH}:/home/aitthikit/Memekhos_ws/install/launch_testing_examples:/home/aitthikit/Memekhos_ws/install/examples_rclpy_pointcloud_publisher:/home/aitthikit/Memekhos_ws/install/examples_rclpy_minimal_subscriber:/home/aitthikit/Memekhos_ws/install/examples_rclpy_minimal_service:/home/aitthikit/Memekhos_ws/install/examples_rclpy_minimal_publisher:/home/aitthikit/Memekhos_ws/install/examples_rclpy_minimal_client:/home/aitthikit/Memekhos_ws/install/examples_rclpy_minimal_action_server:/home/aitthikit/Memekhos_ws/install/examples_rclpy_minimal_action_client:/home/aitthikit/Memekhos_ws/install/examples_rclpy_guard_conditions:/home/aitthikit/Memekhos_ws/install/examples_rclpy_executors:/opt/ros/humble /usr/bin/cmake /home/aitthikit/Memekhos_ws/src/examples/rclcpp/executors/cbg_executor -DCMAKE_INSTALL_PREFIX=/home/aitthikit/Memekhos_ws/install/examples_rclcpp_cbg_executor
[0.126s] -- The C compiler identification is GNU 11.4.0
[0.214s] -- The CXX compiler identification is GNU 11.4.0
[0.226s] -- Detecting C compiler ABI info
[0.334s] -- Detecting C compiler ABI info - done
[0.347s] -- Check for working C compiler: /usr/bin/cc - skipped
[0.348s] -- Detecting C compile features
[0.348s] -- Detecting C compile features - done
[0.353s] -- Detecting CXX compiler ABI info
[0.495s] -- Detecting CXX compiler ABI info - done
[0.512s] -- Check for working CXX compiler: /usr/bin/c++ - skipped
[0.512s] -- Detecting CXX compile features
[0.513s] -- Detecting CXX compile features - done
[0.519s] -- Found ament_cmake: 1.3.9 (/opt/ros/humble/share/ament_cmake/cmake)
[0.788s] -- Found Python3: /usr/bin/python3 (found version "3.10.12") found components: Interpreter 
[0.976s] -- Found rclcpp: 16.0.9 (/opt/ros/humble/share/rclcpp/cmake)
[1.061s] -- Found rosidl_generator_c: 3.1.5 (/opt/ros/humble/share/rosidl_generator_c/cmake)
[1.070s] -- Found rosidl_adapter: 3.1.5 (/opt/ros/humble/share/rosidl_adapter/cmake)
[1.087s] -- Found rosidl_generator_cpp: 3.1.5 (/opt/ros/humble/share/rosidl_generator_cpp/cmake)
[1.118s] -- Using all available rosidl_typesupport_c: rosidl_typesupport_fastrtps_c;rosidl_typesupport_introspection_c
[1.162s] -- Using all available rosidl_typesupport_cpp: rosidl_typesupport_fastrtps_cpp;rosidl_typesupport_introspection_cpp
[1.311s] -- Found rmw_implementation_cmake: 6.1.2 (/opt/ros/humble/share/rmw_implementation_cmake/cmake)
[1.316s] -- Found rmw_fastrtps_cpp: 6.2.6 (/opt/ros/humble/share/rmw_fastrtps_cpp/cmake)
[1.530s] -- Found OpenSSL: /usr/lib/x86_64-linux-gnu/libcrypto.so (found version "3.0.2")  
[1.579s] -- Found FastRTPS: /opt/ros/humble/include  
[1.665s] -- Using RMW implementation 'rmw_fastrtps_cpp' as default
[1.682s] -- Looking for pthread.h
[1.816s] -- Looking for pthread.h - found
[1.816s] -- Performing Test CMAKE_HAVE_LIBC_PTHREAD
[1.925s] -- Performing Test CMAKE_HAVE_LIBC_PTHREAD - Success
[1.927s] -- Found Threads: TRUE  
[2.233s] -- Found ament_lint_auto: 0.12.11 (/opt/ros/humble/share/ament_lint_auto/cmake)
[2.353s] -- Added test 'copyright' to check source files copyright and LICENSE
[2.358s] -- Added test 'cppcheck' to perform static code analysis on C / C++ code
[2.359s] -- Configured cppcheck include dirs: /home/aitthikit/Memekhos_ws/src/examples/rclcpp/executors/cbg_executor/include
[2.359s] -- Configured cppcheck exclude dirs and/or files: 
[2.362s] -- Added test 'cpplint' to check C / C++ code against the Google style
[2.362s] -- Configured cpplint exclude dirs and/or files: 
[2.365s] -- Added test 'lint_cmake' to check CMake code style
[2.369s] -- Added test 'uncrustify' to check C / C++ code style
[2.369s] -- Configured uncrustify additional arguments: 
[2.370s] -- Added test 'xmllint' to check XML markup files
[2.374s] -- Configuring done
[2.408s] -- Generating done
[2.409s] -- Build files have been written to: /home/aitthikit/Memekhos_ws/build/examples_rclcpp_cbg_executor
[2.439s] Invoked command in '/home/aitthikit/Memekhos_ws/build/examples_rclcpp_cbg_executor' returned '0': CMAKE_PREFIX_PATH=${CMAKE_PREFIX_PATH}:/home/aitthikit/Memekhos_ws/install/launch_testing_examples:/home/aitthikit/Memekhos_ws/install/examples_rclpy_pointcloud_publisher:/home/aitthikit/Memekhos_ws/install/examples_rclpy_minimal_subscriber:/home/aitthikit/Memekhos_ws/install/examples_rclpy_minimal_service:/home/aitthikit/Memekhos_ws/install/examples_rclpy_minimal_publisher:/home/aitthikit/Memekhos_ws/install/examples_rclpy_minimal_client:/home/aitthikit/Memekhos_ws/install/examples_rclpy_minimal_action_server:/home/aitthikit/Memekhos_ws/install/examples_rclpy_minimal_action_client:/home/aitthikit/Memekhos_ws/install/examples_rclpy_guard_conditions:/home/aitthikit/Memekhos_ws/install/examples_rclpy_executors:/opt/ros/humble /usr/bin/cmake /home/aitthikit/Memekhos_ws/src/examples/rclcpp/executors/cbg_executor -DCMAKE_INSTALL_PREFIX=/home/aitthikit/Memekhos_ws/install/examples_rclcpp_cbg_executor
[2.440s] Invoking command in '/home/aitthikit/Memekhos_ws/build/examples_rclcpp_cbg_executor': CMAKE_PREFIX_PATH=${CMAKE_PREFIX_PATH}:/home/aitthikit/Memekhos_ws/install/launch_testing_examples:/home/aitthikit/Memekhos_ws/install/examples_rclpy_pointcloud_publisher:/home/aitthikit/Memekhos_ws/install/examples_rclpy_minimal_subscriber:/home/aitthikit/Memekhos_ws/install/examples_rclpy_minimal_service:/home/aitthikit/Memekhos_ws/install/examples_rclpy_minimal_publisher:/home/aitthikit/Memekhos_ws/install/examples_rclpy_minimal_client:/home/aitthikit/Memekhos_ws/install/examples_rclpy_minimal_action_server:/home/aitthikit/Memekhos_ws/install/examples_rclpy_minimal_action_client:/home/aitthikit/Memekhos_ws/install/examples_rclpy_guard_conditions:/home/aitthikit/Memekhos_ws/install/examples_rclpy_executors:/opt/ros/humble /usr/bin/cmake --build /home/aitthikit/Memekhos_ws/build/examples_rclcpp_cbg_executor -- -j12 -l12
[2.632s] [ 10%] [32mBuilding CXX object CMakeFiles/ping_pong.dir/src/ping_pong.cpp.o[0m
[2.638s] [ 20%] [32mBuilding CXX object CMakeFiles/ping_pong.dir/src/examples_rclcpp_cbg_executor/ping_node.cpp.o[0m
[2.645s] [ 30%] [32mBuilding CXX object CMakeFiles/pong.dir/src/pong.cpp.o[0m
[2.661s] [ 40%] [32mBuilding CXX object CMakeFiles/ping.dir/src/ping.cpp.o[0m
[2.671s] [ 50%] [32mBuilding CXX object CMakeFiles/pong.dir/src/examples_rclcpp_cbg_executor/pong_node.cpp.o[0m
[2.672s] [ 60%] [32mBuilding CXX object CMakeFiles/ping.dir/src/examples_rclcpp_cbg_executor/ping_node.cpp.o[0m
[2.701s] [ 70%] [32mBuilding CXX object CMakeFiles/ping_pong.dir/src/examples_rclcpp_cbg_executor/pong_node.cpp.o[0m
[6.201s] gmake[2]: *** [CMakeFiles/ping_pong.dir/build.make:104: CMakeFiles/ping_pong.dir/src/examples_rclcpp_cbg_executor/pong_node.cpp.o] Interrupt
[6.201s] gmake[2]: *** [CMakeFiles/ping.dir/build.make:90: CMakeFiles/ping.dir/src/examples_rclcpp_cbg_executor/ping_node.cpp.o] Interrupt
[6.210s] gmake[2]: *** [CMakeFiles/pong.dir/build.make:90: CMakeFiles/pong.dir/src/examples_rclcpp_cbg_executor/pong_node.cpp.o] Interrupt
[6.211s] gmake[2]: *** [CMakeFiles/ping.dir/build.make:76: CMakeFiles/ping.dir/src/ping.cpp.o] Interrupt
[6.211s] gmake[1]: *** [CMakeFiles/Makefile2:141: CMakeFiles/ping.dir/all] Interrupt
[6.211s] gmake[2]: *** [CMakeFiles/pong.dir/build.make:76: CMakeFiles/pong.dir/src/pong.cpp.o] Interrupt
[6.211s] gmake[1]: *** [CMakeFiles/Makefile2:167: CMakeFiles/pong.dir/all] Interrupt
[6.211s] gmake[2]: *** [CMakeFiles/ping_pong.dir/build.make:76: CMakeFiles/ping_pong.dir/src/ping_pong.cpp.o] Interrupt
[6.211s] gmake[2]: *** [CMakeFiles/ping_pong.dir/build.make:90: CMakeFiles/ping_pong.dir/src/examples_rclcpp_cbg_executor/ping_node.cpp.o] Interrupt
[6.211s] gmake[1]: *** [CMakeFiles/Makefile2:193: CMakeFiles/ping_pong.dir/all] Interrupt
[6.211s] gmake: *** [Makefile:146: all] Interrupt
[6.311s] Invoked command in '/home/aitthikit/Memekhos_ws/build/examples_rclcpp_cbg_executor' returned '-2': CMAKE_PREFIX_PATH=${CMAKE_PREFIX_PATH}:/home/aitthikit/Memekhos_ws/install/launch_testing_examples:/home/aitthikit/Memekhos_ws/install/examples_rclpy_pointcloud_publisher:/home/aitthikit/Memekhos_ws/install/examples_rclpy_minimal_subscriber:/home/aitthikit/Memekhos_ws/install/examples_rclpy_minimal_service:/home/aitthikit/Memekhos_ws/install/examples_rclpy_minimal_publisher:/home/aitthikit/Memekhos_ws/install/examples_rclpy_minimal_client:/home/aitthikit/Memekhos_ws/install/examples_rclpy_minimal_action_server:/home/aitthikit/Memekhos_ws/install/examples_rclpy_minimal_action_client:/home/aitthikit/Memekhos_ws/install/examples_rclpy_guard_conditions:/home/aitthikit/Memekhos_ws/install/examples_rclpy_executors:/opt/ros/humble /usr/bin/cmake --build /home/aitthikit/Memekhos_ws/build/examples_rclcpp_cbg_executor -- -j12 -l12
