[0.037s] Invoking command in '/home/aitthikit/Memekhos_ws/build/lab1_interface': CMAKE_PREFIX_PATH=${CMAKE_PREFIX_PATH}:/home/aitthikit/Memekhos_ws/install/launch_testing_examples:/home/aitthikit/Memekhos_ws/install/examples_rclpy_pointcloud_publisher:/home/aitthikit/Memekhos_ws/install/examples_rclpy_minimal_subscriber:/home/aitthikit/Memekhos_ws/install/examples_rclpy_minimal_service:/home/aitthikit/Memekhos_ws/install/examples_rclpy_minimal_publisher:/home/aitthikit/Memekhos_ws/install/examples_rclpy_minimal_client:/home/aitthikit/Memekhos_ws/install/examples_rclpy_minimal_action_server:/home/aitthikit/Memekhos_ws/install/examples_rclpy_minimal_action_client:/home/aitthikit/Memekhos_ws/install/examples_rclpy_guard_conditions:/home/aitthikit/Memekhos_ws/install/examples_rclpy_executors:/opt/ros/humble /usr/bin/cmake --build /home/aitthikit/Memekhos_ws/build/lab1_interface -- -j12 -l12
[0.159s] [  3%] Built target lab1_interface__cpp
[0.160s] [  3%] Built target ament_cmake_python_copy_lab1_interface
[0.220s] [ 12%] Built target lab1_interface__rosidl_generator_c
[0.239s] [ 22%] Built target lab1_interface__rosidl_typesupport_cpp
[0.255s] [ 32%] Built target lab1_interface__rosidl_typesupport_fastrtps_cpp
[0.291s] [ 41%] Built target lab1_interface__rosidl_typesupport_introspection_cpp
[0.315s] [ 51%] Built target lab1_interface__rosidl_typesupport_fastrtps_c
[0.329s] [ 61%] Built target lab1_interface__rosidl_typesupport_introspection_c
[0.376s] [ 70%] Built target lab1_interface__rosidl_typesupport_c
[0.420s] [ 70%] Built target lab1_interface
[0.444s] [ 74%] Built target lab1_interface__py
[0.467s] [ 80%] Built target lab1_interface__rosidl_generator_py
[0.492s] [ 87%] Built target lab1_interface__rosidl_typesupport_fastrtps_c__pyext
[0.494s] [ 93%] Built target lab1_interface__rosidl_typesupport_c__pyext
[0.495s] [100%] Built target lab1_interface__rosidl_typesupport_introspection_c__pyext
[0.671s] running egg_info
[0.673s] writing lab1_interface.egg-info/PKG-INFO
[0.673s] writing dependency_links to lab1_interface.egg-info/dependency_links.txt
[0.673s] writing top-level names to lab1_interface.egg-info/top_level.txt
[0.677s] reading manifest file 'lab1_interface.egg-info/SOURCES.txt'
[0.678s] writing manifest file 'lab1_interface.egg-info/SOURCES.txt'
[0.722s] [100%] Built target ament_cmake_python_build_lab1_interface_egg
[0.754s] Invoked command in '/home/aitthikit/Memekhos_ws/build/lab1_interface' returned '0': CMAKE_PREFIX_PATH=${CMAKE_PREFIX_PATH}:/home/aitthikit/Memekhos_ws/install/launch_testing_examples:/home/aitthikit/Memekhos_ws/install/examples_rclpy_pointcloud_publisher:/home/aitthikit/Memekhos_ws/install/examples_rclpy_minimal_subscriber:/home/aitthikit/Memekhos_ws/install/examples_rclpy_minimal_service:/home/aitthikit/Memekhos_ws/install/examples_rclpy_minimal_publisher:/home/aitthikit/Memekhos_ws/install/examples_rclpy_minimal_client:/home/aitthikit/Memekhos_ws/install/examples_rclpy_minimal_action_server:/home/aitthikit/Memekhos_ws/install/examples_rclpy_minimal_action_client:/home/aitthikit/Memekhos_ws/install/examples_rclpy_guard_conditions:/home/aitthikit/Memekhos_ws/install/examples_rclpy_executors:/opt/ros/humble /usr/bin/cmake --build /home/aitthikit/Memekhos_ws/build/lab1_interface -- -j12 -l12
[0.890s] Invoking command in '/home/aitthikit/Memekhos_ws/build/lab1_interface': CMAKE_PREFIX_PATH=${CMAKE_PREFIX_PATH}:/home/aitthikit/Memekhos_ws/install/launch_testing_examples:/home/aitthikit/Memekhos_ws/install/examples_rclpy_pointcloud_publisher:/home/aitthikit/Memekhos_ws/install/examples_rclpy_minimal_subscriber:/home/aitthikit/Memekhos_ws/install/examples_rclpy_minimal_service:/home/aitthikit/Memekhos_ws/install/examples_rclpy_minimal_publisher:/home/aitthikit/Memekhos_ws/install/examples_rclpy_minimal_client:/home/aitthikit/Memekhos_ws/install/examples_rclpy_minimal_action_server:/home/aitthikit/Memekhos_ws/install/examples_rclpy_minimal_action_client:/home/aitthikit/Memekhos_ws/install/examples_rclpy_guard_conditions:/home/aitthikit/Memekhos_ws/install/examples_rclpy_executors:/opt/ros/humble /usr/bin/cmake --install /home/aitthikit/Memekhos_ws/build/lab1_interface
[1.006s] -- Install configuration: ""
[1.007s] -- Up-to-date: /home/aitthikit/Memekhos_ws/install/lab1_interface/share/ament_index/resource_index/rosidl_interfaces/lab1_interface
[1.007s] -- Up-to-date: /home/aitthikit/Memekhos_ws/install/lab1_interface/include/lab1_interface/lab1_interface
[1.007s] -- Up-to-date: /home/aitthikit/Memekhos_ws/install/lab1_interface/include/lab1_interface/lab1_interface/srv
[1.007s] -- Up-to-date: /home/aitthikit/Memekhos_ws/install/lab1_interface/include/lab1_interface/lab1_interface/srv/detail
[1.008s] -- Up-to-date: /home/aitthikit/Memekhos_ws/install/lab1_interface/include/lab1_interface/lab1_interface/srv/detail/set_noise__type_support.h
[1.008s] -- Up-to-date: /home/aitthikit/Memekhos_ws/install/lab1_interface/include/lab1_interface/lab1_interface/srv/detail/set_noise__functions.h
[1.008s] -- Up-to-date: /home/aitthikit/Memekhos_ws/install/lab1_interface/include/lab1_interface/lab1_interface/srv/detail/set_noise__struct.h
[1.008s] -- Up-to-date: /home/aitthikit/Memekhos_ws/install/lab1_interface/include/lab1_interface/lab1_interface/srv/detail/set_noise__functions.c
[1.008s] -- Up-to-date: /home/aitthikit/Memekhos_ws/install/lab1_interface/include/lab1_interface/lab1_interface/srv/set_noise.h
[1.008s] -- Up-to-date: /home/aitthikit/Memekhos_ws/install/lab1_interface/include/lab1_interface/lab1_interface/msg
[1.009s] -- Up-to-date: /home/aitthikit/Memekhos_ws/install/lab1_interface/include/lab1_interface/lab1_interface/msg/rosidl_generator_c__visibility_control.h
[1.009s] -- Up-to-date: /home/aitthikit/Memekhos_ws/install/lab1_interface/share/lab1_interface/environment/library_path.sh
[1.009s] -- Up-to-date: /home/aitthikit/Memekhos_ws/install/lab1_interface/share/lab1_interface/environment/library_path.dsv
[1.009s] -- Up-to-date: /home/aitthikit/Memekhos_ws/install/lab1_interface/lib/liblab1_interface__rosidl_generator_c.so
[1.009s] -- Up-to-date: /home/aitthikit/Memekhos_ws/install/lab1_interface/include/lab1_interface/lab1_interface
[1.009s] -- Up-to-date: /home/aitthikit/Memekhos_ws/install/lab1_interface/include/lab1_interface/lab1_interface/srv
[1.010s] -- Up-to-date: /home/aitthikit/Memekhos_ws/install/lab1_interface/include/lab1_interface/lab1_interface/srv/detail
[1.010s] -- Up-to-date: /home/aitthikit/Memekhos_ws/install/lab1_interface/include/lab1_interface/lab1_interface/srv/detail/set_noise__rosidl_typesupport_fastrtps_c.h
[1.010s] -- Up-to-date: /home/aitthikit/Memekhos_ws/install/lab1_interface/include/lab1_interface/lab1_interface/msg
[1.010s] -- Up-to-date: /home/aitthikit/Memekhos_ws/install/lab1_interface/include/lab1_interface/lab1_interface/msg/rosidl_typesupport_fastrtps_c__visibility_control.h
[1.012s] -- Up-to-date: /home/aitthikit/Memekhos_ws/install/lab1_interface/lib/liblab1_interface__rosidl_typesupport_fastrtps_c.so
[1.012s] -- Up-to-date: /home/aitthikit/Memekhos_ws/install/lab1_interface/include/lab1_interface/lab1_interface
[1.012s] -- Up-to-date: /home/aitthikit/Memekhos_ws/install/lab1_interface/include/lab1_interface/lab1_interface/srv
[1.012s] -- Up-to-date: /home/aitthikit/Memekhos_ws/install/lab1_interface/include/lab1_interface/lab1_interface/srv/detail
[1.013s] -- Up-to-date: /home/aitthikit/Memekhos_ws/install/lab1_interface/include/lab1_interface/lab1_interface/srv/detail/set_noise__traits.hpp
[1.013s] -- Up-to-date: /home/aitthikit/Memekhos_ws/install/lab1_interface/include/lab1_interface/lab1_interface/srv/detail/set_noise__struct.hpp
[1.013s] -- Up-to-date: /home/aitthikit/Memekhos_ws/install/lab1_interface/include/lab1_interface/lab1_interface/srv/detail/set_noise__builder.hpp
[1.013s] -- Up-to-date: /home/aitthikit/Memekhos_ws/install/lab1_interface/include/lab1_interface/lab1_interface/srv/set_noise.hpp
[1.013s] -- Up-to-date: /home/aitthikit/Memekhos_ws/install/lab1_interface/include/lab1_interface/lab1_interface
[1.013s] -- Up-to-date: /home/aitthikit/Memekhos_ws/install/lab1_interface/include/lab1_interface/lab1_interface/srv
[1.013s] -- Up-to-date: /home/aitthikit/Memekhos_ws/install/lab1_interface/include/lab1_interface/lab1_interface/srv/detail
[1.013s] -- Up-to-date: /home/aitthikit/Memekhos_ws/install/lab1_interface/include/lab1_interface/lab1_interface/srv/detail/set_noise__rosidl_typesupport_fastrtps_cpp.hpp
[1.013s] -- Up-to-date: /home/aitthikit/Memekhos_ws/install/lab1_interface/include/lab1_interface/lab1_interface/srv/detail/dds_fastrtps
[1.013s] -- Up-to-date: /home/aitthikit/Memekhos_ws/install/lab1_interface/include/lab1_interface/lab1_interface/msg
[1.014s] -- Up-to-date: /home/aitthikit/Memekhos_ws/install/lab1_interface/include/lab1_interface/lab1_interface/msg/rosidl_typesupport_fastrtps_cpp__visibility_control.h
[1.014s] -- Up-to-date: /home/aitthikit/Memekhos_ws/install/lab1_interface/lib/liblab1_interface__rosidl_typesupport_fastrtps_cpp.so
[1.014s] -- Up-to-date: /home/aitthikit/Memekhos_ws/install/lab1_interface/include/lab1_interface/lab1_interface
[1.014s] -- Up-to-date: /home/aitthikit/Memekhos_ws/install/lab1_interface/include/lab1_interface/lab1_interface/srv
[1.014s] -- Up-to-date: /home/aitthikit/Memekhos_ws/install/lab1_interface/include/lab1_interface/lab1_interface/srv/detail
[1.014s] -- Up-to-date: /home/aitthikit/Memekhos_ws/install/lab1_interface/include/lab1_interface/lab1_interface/srv/detail/set_noise__type_support.c
[1.014s] -- Up-to-date: /home/aitthikit/Memekhos_ws/install/lab1_interface/include/lab1_interface/lab1_interface/srv/detail/set_noise__rosidl_typesupport_introspection_c.h
[1.014s] -- Up-to-date: /home/aitthikit/Memekhos_ws/install/lab1_interface/include/lab1_interface/lab1_interface/msg
[1.014s] -- Up-to-date: /home/aitthikit/Memekhos_ws/install/lab1_interface/include/lab1_interface/lab1_interface/msg/rosidl_typesupport_introspection_c__visibility_control.h
[1.014s] -- Up-to-date: /home/aitthikit/Memekhos_ws/install/lab1_interface/lib/liblab1_interface__rosidl_typesupport_introspection_c.so
[1.014s] -- Up-to-date: /home/aitthikit/Memekhos_ws/install/lab1_interface/lib/liblab1_interface__rosidl_typesupport_c.so
[1.015s] -- Up-to-date: /home/aitthikit/Memekhos_ws/install/lab1_interface/include/lab1_interface/lab1_interface
[1.015s] -- Up-to-date: /home/aitthikit/Memekhos_ws/install/lab1_interface/include/lab1_interface/lab1_interface/srv
[1.015s] -- Up-to-date: /home/aitthikit/Memekhos_ws/install/lab1_interface/include/lab1_interface/lab1_interface/srv/detail
[1.015s] -- Up-to-date: /home/aitthikit/Memekhos_ws/install/lab1_interface/include/lab1_interface/lab1_interface/srv/detail/set_noise__type_support.cpp
[1.015s] -- Up-to-date: /home/aitthikit/Memekhos_ws/install/lab1_interface/include/lab1_interface/lab1_interface/srv/detail/set_noise__rosidl_typesupport_introspection_cpp.hpp
[1.015s] -- Up-to-date: /home/aitthikit/Memekhos_ws/install/lab1_interface/lib/liblab1_interface__rosidl_typesupport_introspection_cpp.so
[1.015s] -- Up-to-date: /home/aitthikit/Memekhos_ws/install/lab1_interface/lib/liblab1_interface__rosidl_typesupport_cpp.so
[1.015s] -- Up-to-date: /home/aitthikit/Memekhos_ws/install/lab1_interface/share/lab1_interface/environment/pythonpath.sh
[1.015s] -- Up-to-date: /home/aitthikit/Memekhos_ws/install/lab1_interface/share/lab1_interface/environment/pythonpath.dsv
[1.015s] -- Up-to-date: /home/aitthikit/Memekhos_ws/install/lab1_interface/local/lib/python3.10/dist-packages/lab1_interface-0.0.0-py3.10.egg-info
[1.015s] -- Installing: /home/aitthikit/Memekhos_ws/install/lab1_interface/local/lib/python3.10/dist-packages/lab1_interface-0.0.0-py3.10.egg-info/dependency_links.txt
[1.016s] -- Installing: /home/aitthikit/Memekhos_ws/install/lab1_interface/local/lib/python3.10/dist-packages/lab1_interface-0.0.0-py3.10.egg-info/SOURCES.txt
[1.016s] -- Installing: /home/aitthikit/Memekhos_ws/install/lab1_interface/local/lib/python3.10/dist-packages/lab1_interface-0.0.0-py3.10.egg-info/top_level.txt
[1.016s] -- Installing: /home/aitthikit/Memekhos_ws/install/lab1_interface/local/lib/python3.10/dist-packages/lab1_interface-0.0.0-py3.10.egg-info/PKG-INFO
[1.016s] -- Up-to-date: /home/aitthikit/Memekhos_ws/install/lab1_interface/local/lib/python3.10/dist-packages/lab1_interface
[1.016s] -- Up-to-date: /home/aitthikit/Memekhos_ws/install/lab1_interface/local/lib/python3.10/dist-packages/lab1_interface/lab1_interface_s__rosidl_typesupport_fastrtps_c.cpython-310-x86_64-linux-gnu.so
[1.016s] -- Up-to-date: /home/aitthikit/Memekhos_ws/install/lab1_interface/local/lib/python3.10/dist-packages/lab1_interface/lab1_interface_s__rosidl_typesupport_introspection_c.cpython-310-x86_64-linux-gnu.so
[1.016s] -- Up-to-date: /home/aitthikit/Memekhos_ws/install/lab1_interface/local/lib/python3.10/dist-packages/lab1_interface/_lab1_interface_s.ep.rosidl_typesupport_c.c
[1.016s] -- Up-to-date: /home/aitthikit/Memekhos_ws/install/lab1_interface/local/lib/python3.10/dist-packages/lab1_interface/lab1_interface_s__rosidl_typesupport_c.cpython-310-x86_64-linux-gnu.so
[1.016s] -- Up-to-date: /home/aitthikit/Memekhos_ws/install/lab1_interface/local/lib/python3.10/dist-packages/lab1_interface/srv
[1.017s] -- Up-to-date: /home/aitthikit/Memekhos_ws/install/lab1_interface/local/lib/python3.10/dist-packages/lab1_interface/srv/_set_noise_s.c
[1.017s] -- Up-to-date: /home/aitthikit/Memekhos_ws/install/lab1_interface/local/lib/python3.10/dist-packages/lab1_interface/srv/_set_noise.py
[1.017s] -- Up-to-date: /home/aitthikit/Memekhos_ws/install/lab1_interface/local/lib/python3.10/dist-packages/lab1_interface/srv/__init__.py
[1.017s] -- Up-to-date: /home/aitthikit/Memekhos_ws/install/lab1_interface/local/lib/python3.10/dist-packages/lab1_interface/_lab1_interface_s.ep.rosidl_typesupport_introspection_c.c
[1.017s] -- Up-to-date: /home/aitthikit/Memekhos_ws/install/lab1_interface/local/lib/python3.10/dist-packages/lab1_interface/__init__.py
[1.017s] -- Up-to-date: /home/aitthikit/Memekhos_ws/install/lab1_interface/local/lib/python3.10/dist-packages/lab1_interface/_lab1_interface_s.ep.rosidl_typesupport_fastrtps_c.c
[1.017s] -- Up-to-date: /home/aitthikit/Memekhos_ws/install/lab1_interface/local/lib/python3.10/dist-packages/lab1_interface/liblab1_interface__rosidl_generator_py.so
[1.017s] Listing '/home/aitthikit/Memekhos_ws/install/lab1_interface/local/lib/python3.10/dist-packages/lab1_interface'...
[1.017s] Listing '/home/aitthikit/Memekhos_ws/install/lab1_interface/local/lib/python3.10/dist-packages/lab1_interface/srv'...
[1.017s] -- Up-to-date: /home/aitthikit/Memekhos_ws/install/lab1_interface/local/lib/python3.10/dist-packages/lab1_interface/lab1_interface_s__rosidl_typesupport_fastrtps_c.cpython-310-x86_64-linux-gnu.so
[1.017s] -- Up-to-date: /home/aitthikit/Memekhos_ws/install/lab1_interface/local/lib/python3.10/dist-packages/lab1_interface/lab1_interface_s__rosidl_typesupport_introspection_c.cpython-310-x86_64-linux-gnu.so
[1.018s] -- Up-to-date: /home/aitthikit/Memekhos_ws/install/lab1_interface/local/lib/python3.10/dist-packages/lab1_interface/lab1_interface_s__rosidl_typesupport_c.cpython-310-x86_64-linux-gnu.so
[1.018s] -- Up-to-date: /home/aitthikit/Memekhos_ws/install/lab1_interface/lib/liblab1_interface__rosidl_generator_py.so
[1.018s] -- Up-to-date: /home/aitthikit/Memekhos_ws/install/lab1_interface/share/lab1_interface/srv/SetNoise.idl
[1.018s] -- Up-to-date: /home/aitthikit/Memekhos_ws/install/lab1_interface/share/lab1_interface/srv/SetNoise.srv
[1.018s] -- Up-to-date: /home/aitthikit/Memekhos_ws/install/lab1_interface/share/lab1_interface/srv/SetNoise_Request.msg
[1.018s] -- Up-to-date: /home/aitthikit/Memekhos_ws/install/lab1_interface/share/lab1_interface/srv/SetNoise_Response.msg
[1.018s] -- Up-to-date: /home/aitthikit/Memekhos_ws/install/lab1_interface/share/ament_index/resource_index/package_run_dependencies/lab1_interface
[1.018s] -- Up-to-date: /home/aitthikit/Memekhos_ws/install/lab1_interface/share/ament_index/resource_index/parent_prefix_path/lab1_interface
[1.018s] -- Up-to-date: /home/aitthikit/Memekhos_ws/install/lab1_interface/share/lab1_interface/environment/ament_prefix_path.sh
[1.018s] -- Up-to-date: /home/aitthikit/Memekhos_ws/install/lab1_interface/share/lab1_interface/environment/ament_prefix_path.dsv
[1.018s] -- Up-to-date: /home/aitthikit/Memekhos_ws/install/lab1_interface/share/lab1_interface/environment/path.sh
[1.019s] -- Up-to-date: /home/aitthikit/Memekhos_ws/install/lab1_interface/share/lab1_interface/environment/path.dsv
[1.019s] -- Up-to-date: /home/aitthikit/Memekhos_ws/install/lab1_interface/share/lab1_interface/local_setup.bash
[1.019s] -- Up-to-date: /home/aitthikit/Memekhos_ws/install/lab1_interface/share/lab1_interface/local_setup.sh
[1.019s] -- Up-to-date: /home/aitthikit/Memekhos_ws/install/lab1_interface/share/lab1_interface/local_setup.zsh
[1.019s] -- Up-to-date: /home/aitthikit/Memekhos_ws/install/lab1_interface/share/lab1_interface/local_setup.dsv
[1.019s] -- Installing: /home/aitthikit/Memekhos_ws/install/lab1_interface/share/lab1_interface/package.dsv
[1.019s] -- Up-to-date: /home/aitthikit/Memekhos_ws/install/lab1_interface/share/ament_index/resource_index/packages/lab1_interface
[1.019s] -- Up-to-date: /home/aitthikit/Memekhos_ws/install/lab1_interface/share/lab1_interface/cmake/export_lab1_interface__rosidl_generator_cExport.cmake
[1.019s] -- Up-to-date: /home/aitthikit/Memekhos_ws/install/lab1_interface/share/lab1_interface/cmake/export_lab1_interface__rosidl_generator_cExport-noconfig.cmake
[1.019s] -- Up-to-date: /home/aitthikit/Memekhos_ws/install/lab1_interface/share/lab1_interface/cmake/export_lab1_interface__rosidl_typesupport_fastrtps_cExport.cmake
[1.019s] -- Up-to-date: /home/aitthikit/Memekhos_ws/install/lab1_interface/share/lab1_interface/cmake/export_lab1_interface__rosidl_typesupport_fastrtps_cExport-noconfig.cmake
[1.020s] -- Up-to-date: /home/aitthikit/Memekhos_ws/install/lab1_interface/share/lab1_interface/cmake/export_lab1_interface__rosidl_generator_cppExport.cmake
[1.020s] -- Up-to-date: /home/aitthikit/Memekhos_ws/install/lab1_interface/share/lab1_interface/cmake/export_lab1_interface__rosidl_typesupport_fastrtps_cppExport.cmake
[1.020s] -- Up-to-date: /home/aitthikit/Memekhos_ws/install/lab1_interface/share/lab1_interface/cmake/export_lab1_interface__rosidl_typesupport_fastrtps_cppExport-noconfig.cmake
[1.020s] -- Up-to-date: /home/aitthikit/Memekhos_ws/install/lab1_interface/share/lab1_interface/cmake/lab1_interface__rosidl_typesupport_introspection_cExport.cmake
[1.020s] -- Up-to-date: /home/aitthikit/Memekhos_ws/install/lab1_interface/share/lab1_interface/cmake/lab1_interface__rosidl_typesupport_introspection_cExport-noconfig.cmake
[1.020s] -- Up-to-date: /home/aitthikit/Memekhos_ws/install/lab1_interface/share/lab1_interface/cmake/lab1_interface__rosidl_typesupport_cExport.cmake
[1.020s] -- Up-to-date: /home/aitthikit/Memekhos_ws/install/lab1_interface/share/lab1_interface/cmake/lab1_interface__rosidl_typesupport_cExport-noconfig.cmake
[1.020s] -- Up-to-date: /home/aitthikit/Memekhos_ws/install/lab1_interface/share/lab1_interface/cmake/lab1_interface__rosidl_typesupport_introspection_cppExport.cmake
[1.020s] -- Up-to-date: /home/aitthikit/Memekhos_ws/install/lab1_interface/share/lab1_interface/cmake/lab1_interface__rosidl_typesupport_introspection_cppExport-noconfig.cmake
[1.020s] -- Up-to-date: /home/aitthikit/Memekhos_ws/install/lab1_interface/share/lab1_interface/cmake/lab1_interface__rosidl_typesupport_cppExport.cmake
[1.020s] -- Up-to-date: /home/aitthikit/Memekhos_ws/install/lab1_interface/share/lab1_interface/cmake/lab1_interface__rosidl_typesupport_cppExport-noconfig.cmake
[1.021s] -- Up-to-date: /home/aitthikit/Memekhos_ws/install/lab1_interface/share/lab1_interface/cmake/export_lab1_interface__rosidl_generator_pyExport.cmake
[1.021s] -- Up-to-date: /home/aitthikit/Memekhos_ws/install/lab1_interface/share/lab1_interface/cmake/export_lab1_interface__rosidl_generator_pyExport-noconfig.cmake
[1.021s] -- Up-to-date: /home/aitthikit/Memekhos_ws/install/lab1_interface/share/lab1_interface/cmake/rosidl_cmake-extras.cmake
[1.021s] -- Up-to-date: /home/aitthikit/Memekhos_ws/install/lab1_interface/share/lab1_interface/cmake/ament_cmake_export_dependencies-extras.cmake
[1.021s] -- Up-to-date: /home/aitthikit/Memekhos_ws/install/lab1_interface/share/lab1_interface/cmake/ament_cmake_export_include_directories-extras.cmake
[1.021s] -- Up-to-date: /home/aitthikit/Memekhos_ws/install/lab1_interface/share/lab1_interface/cmake/ament_cmake_export_libraries-extras.cmake
[1.021s] -- Up-to-date: /home/aitthikit/Memekhos_ws/install/lab1_interface/share/lab1_interface/cmake/ament_cmake_export_targets-extras.cmake
[1.021s] -- Up-to-date: /home/aitthikit/Memekhos_ws/install/lab1_interface/share/lab1_interface/cmake/rosidl_cmake_export_typesupport_targets-extras.cmake
[1.021s] -- Up-to-date: /home/aitthikit/Memekhos_ws/install/lab1_interface/share/lab1_interface/cmake/rosidl_cmake_export_typesupport_libraries-extras.cmake
[1.021s] -- Up-to-date: /home/aitthikit/Memekhos_ws/install/lab1_interface/share/lab1_interface/cmake/lab1_interfaceConfig.cmake
[1.022s] -- Up-to-date: /home/aitthikit/Memekhos_ws/install/lab1_interface/share/lab1_interface/cmake/lab1_interfaceConfig-version.cmake
[1.022s] -- Up-to-date: /home/aitthikit/Memekhos_ws/install/lab1_interface/share/lab1_interface/package.xml
[1.037s] Invoked command in '/home/aitthikit/Memekhos_ws/build/lab1_interface' returned '0': CMAKE_PREFIX_PATH=${CMAKE_PREFIX_PATH}:/home/aitthikit/Memekhos_ws/install/launch_testing_examples:/home/aitthikit/Memekhos_ws/install/examples_rclpy_pointcloud_publisher:/home/aitthikit/Memekhos_ws/install/examples_rclpy_minimal_subscriber:/home/aitthikit/Memekhos_ws/install/examples_rclpy_minimal_service:/home/aitthikit/Memekhos_ws/install/examples_rclpy_minimal_publisher:/home/aitthikit/Memekhos_ws/install/examples_rclpy_minimal_client:/home/aitthikit/Memekhos_ws/install/examples_rclpy_minimal_action_server:/home/aitthikit/Memekhos_ws/install/examples_rclpy_minimal_action_client:/home/aitthikit/Memekhos_ws/install/examples_rclpy_guard_conditions:/home/aitthikit/Memekhos_ws/install/examples_rclpy_executors:/opt/ros/humble /usr/bin/cmake --install /home/aitthikit/Memekhos_ws/build/lab1_interface
