[2.343s] Invoking command in '/home/aitthikit/Memekhos_ws/src/examples/rclpy/guard_conditions': PYTHONPATH=/home/aitthikit/Memekhos_ws/build/examples_rclpy_guard_conditions/prefix_override:/usr/lib/python3/dist-packages/colcon_core/task/python/colcon_distutils_commands:/home/aitthikit/Memekhos_ws/install/examples_rclpy_guard_conditions/lib/python3.10/site-packages:${PYTHONPATH} /usr/bin/python3 -W ignore:setup.py install is deprecated setup.py egg_info --egg-base ../../../../build/examples_rclpy_guard_conditions build --build-base /home/aitthikit/Memekhos_ws/build/examples_rclpy_guard_conditions/build install --record /home/aitthikit/Memekhos_ws/build/examples_rclpy_guard_conditions/install.log --single-version-externally-managed install_data
[2.797s] running egg_info
[2.798s] writing ../../../../build/examples_rclpy_guard_conditions/examples_rclpy_guard_conditions.egg-info/PKG-INFO
[2.799s] writing dependency_links to ../../../../build/examples_rclpy_guard_conditions/examples_rclpy_guard_conditions.egg-info/dependency_links.txt
[2.799s] writing entry points to ../../../../build/examples_rclpy_guard_conditions/examples_rclpy_guard_conditions.egg-info/entry_points.txt
[2.799s] writing requirements to ../../../../build/examples_rclpy_guard_conditions/examples_rclpy_guard_conditions.egg-info/requires.txt
[2.800s] writing top-level names to ../../../../build/examples_rclpy_guard_conditions/examples_rclpy_guard_conditions.egg-info/top_level.txt
[2.803s] reading manifest file '../../../../build/examples_rclpy_guard_conditions/examples_rclpy_guard_conditions.egg-info/SOURCES.txt'
[2.804s] writing manifest file '../../../../build/examples_rclpy_guard_conditions/examples_rclpy_guard_conditions.egg-info/SOURCES.txt'
[2.805s] running build
[2.805s] running build_py
[2.806s] running install
[2.806s] running install_lib
[2.809s] running install_data
[2.809s] running install_egg_info
[2.812s] removing '/home/aitthikit/Memekhos_ws/install/examples_rclpy_guard_conditions/lib/python3.10/site-packages/examples_rclpy_guard_conditions-0.15.2-py3.10.egg-info' (and everything under it)
[2.816s] Copying ../../../../build/examples_rclpy_guard_conditions/examples_rclpy_guard_conditions.egg-info to /home/aitthikit/Memekhos_ws/install/examples_rclpy_guard_conditions/lib/python3.10/site-packages/examples_rclpy_guard_conditions-0.15.2-py3.10.egg-info
[2.822s] running install_scripts
[2.858s] Installing trigger_guard_condition script to /home/aitthikit/Memekhos_ws/install/examples_rclpy_guard_conditions/lib/examples_rclpy_guard_conditions
[2.858s] writing list of installed files to '/home/aitthikit/Memekhos_ws/build/examples_rclpy_guard_conditions/install.log'
[3.048s] Invoked command in '/home/aitthikit/Memekhos_ws/src/examples/rclpy/guard_conditions' returned '0': PYTHONPATH=/home/aitthikit/Memekhos_ws/build/examples_rclpy_guard_conditions/prefix_override:/usr/lib/python3/dist-packages/colcon_core/task/python/colcon_distutils_commands:/home/aitthikit/Memekhos_ws/install/examples_rclpy_guard_conditions/lib/python3.10/site-packages:${PYTHONPATH} /usr/bin/python3 -W ignore:setup.py install is deprecated setup.py egg_info --egg-base ../../../../build/examples_rclpy_guard_conditions build --build-base /home/aitthikit/Memekhos_ws/build/examples_rclpy_guard_conditions/build install --record /home/aitthikit/Memekhos_ws/build/examples_rclpy_guard_conditions/install.log --single-version-externally-managed install_data
