[2.404s] Invoking command in '/home/aitthikit/Memekhos_ws/src/examples/rclpy/topics/minimal_publisher': PYTHONPATH=/home/aitthikit/Memekhos_ws/build/examples_rclpy_minimal_publisher/prefix_override:/usr/lib/python3/dist-packages/colcon_core/task/python/colcon_distutils_commands:/home/aitthikit/Memekhos_ws/install/examples_rclpy_minimal_publisher/lib/python3.10/site-packages:${PYTHONPATH} /usr/bin/python3 -W ignore:setup.py install is deprecated setup.py egg_info --egg-base ../../../../../build/examples_rclpy_minimal_publisher build --build-base /home/aitthikit/Memekhos_ws/build/examples_rclpy_minimal_publisher/build install --record /home/aitthikit/Memekhos_ws/build/examples_rclpy_minimal_publisher/install.log --single-version-externally-managed install_data
[2.819s] running egg_info
[2.821s] writing ../../../../../build/examples_rclpy_minimal_publisher/examples_rclpy_minimal_publisher.egg-info/PKG-INFO
[2.822s] writing dependency_links to ../../../../../build/examples_rclpy_minimal_publisher/examples_rclpy_minimal_publisher.egg-info/dependency_links.txt
[2.822s] writing entry points to ../../../../../build/examples_rclpy_minimal_publisher/examples_rclpy_minimal_publisher.egg-info/entry_points.txt
[2.823s] writing requirements to ../../../../../build/examples_rclpy_minimal_publisher/examples_rclpy_minimal_publisher.egg-info/requires.txt
[2.823s] writing top-level names to ../../../../../build/examples_rclpy_minimal_publisher/examples_rclpy_minimal_publisher.egg-info/top_level.txt
[2.826s] reading manifest file '../../../../../build/examples_rclpy_minimal_publisher/examples_rclpy_minimal_publisher.egg-info/SOURCES.txt'
[2.828s] writing manifest file '../../../../../build/examples_rclpy_minimal_publisher/examples_rclpy_minimal_publisher.egg-info/SOURCES.txt'
[2.828s] running build
[2.828s] running build_py
[2.831s] running install
[2.832s] running install_lib
[2.834s] running install_data
[2.834s] running install_egg_info
[2.837s] removing '/home/aitthikit/Memekhos_ws/install/examples_rclpy_minimal_publisher/lib/python3.10/site-packages/examples_rclpy_minimal_publisher-0.15.2-py3.10.egg-info' (and everything under it)
[2.839s] Copying ../../../../../build/examples_rclpy_minimal_publisher/examples_rclpy_minimal_publisher.egg-info to /home/aitthikit/Memekhos_ws/install/examples_rclpy_minimal_publisher/lib/python3.10/site-packages/examples_rclpy_minimal_publisher-0.15.2-py3.10.egg-info
[2.850s] running install_scripts
[2.884s] Installing publisher_local_function script to /home/aitthikit/Memekhos_ws/install/examples_rclpy_minimal_publisher/lib/examples_rclpy_minimal_publisher
[2.884s] Installing publisher_member_function script to /home/aitthikit/Memekhos_ws/install/examples_rclpy_minimal_publisher/lib/examples_rclpy_minimal_publisher
[2.884s] Installing publisher_old_school script to /home/aitthikit/Memekhos_ws/install/examples_rclpy_minimal_publisher/lib/examples_rclpy_minimal_publisher
[2.885s] writing list of installed files to '/home/aitthikit/Memekhos_ws/build/examples_rclpy_minimal_publisher/install.log'
[3.103s] Invoked command in '/home/aitthikit/Memekhos_ws/src/examples/rclpy/topics/minimal_publisher' returned '0': PYTHONPATH=/home/aitthikit/Memekhos_ws/build/examples_rclpy_minimal_publisher/prefix_override:/usr/lib/python3/dist-packages/colcon_core/task/python/colcon_distutils_commands:/home/aitthikit/Memekhos_ws/install/examples_rclpy_minimal_publisher/lib/python3.10/site-packages:${PYTHONPATH} /usr/bin/python3 -W ignore:setup.py install is deprecated setup.py egg_info --egg-base ../../../../../build/examples_rclpy_minimal_publisher build --build-base /home/aitthikit/Memekhos_ws/build/examples_rclpy_minimal_publisher/build install --record /home/aitthikit/Memekhos_ws/build/examples_rclpy_minimal_publisher/install.log --single-version-externally-managed install_data
