[3.681s] Invoking command in '/home/aitthikit/Memekhos_ws/src/examples/rclpy/services/minimal_client': PYTHONPATH=/home/aitthikit/Memekhos_ws/build/examples_rclpy_minimal_client/prefix_override:/usr/lib/python3/dist-packages/colcon_core/task/python/colcon_distutils_commands:/home/aitthikit/Memekhos_ws/install/examples_rclpy_minimal_client/lib/python3.10/site-packages:${PYTHONPATH} /usr/bin/python3 -W ignore:setup.py install is deprecated setup.py egg_info --egg-base ../../../../../build/examples_rclpy_minimal_client build --build-base /home/aitthikit/Memekhos_ws/build/examples_rclpy_minimal_client/build install --record /home/aitthikit/Memekhos_ws/build/examples_rclpy_minimal_client/install.log --single-version-externally-managed install_data
[4.600s] running egg_info
[4.600s] creating ../../../../../build/examples_rclpy_minimal_client/examples_rclpy_minimal_client.egg-info
[4.600s] writing ../../../../../build/examples_rclpy_minimal_client/examples_rclpy_minimal_client.egg-info/PKG-INFO
[4.601s] writing dependency_links to ../../../../../build/examples_rclpy_minimal_client/examples_rclpy_minimal_client.egg-info/dependency_links.txt
[4.601s] writing entry points to ../../../../../build/examples_rclpy_minimal_client/examples_rclpy_minimal_client.egg-info/entry_points.txt
[4.601s] writing requirements to ../../../../../build/examples_rclpy_minimal_client/examples_rclpy_minimal_client.egg-info/requires.txt
[4.601s] writing top-level names to ../../../../../build/examples_rclpy_minimal_client/examples_rclpy_minimal_client.egg-info/top_level.txt
[4.601s] writing manifest file '../../../../../build/examples_rclpy_minimal_client/examples_rclpy_minimal_client.egg-info/SOURCES.txt'
[4.602s] reading manifest file '../../../../../build/examples_rclpy_minimal_client/examples_rclpy_minimal_client.egg-info/SOURCES.txt'
[4.603s] writing manifest file '../../../../../build/examples_rclpy_minimal_client/examples_rclpy_minimal_client.egg-info/SOURCES.txt'
[4.618s] running build
[4.618s] running build_py
[4.618s] creating /home/aitthikit/Memekhos_ws/build/examples_rclpy_minimal_client/build
[4.618s] creating /home/aitthikit/Memekhos_ws/build/examples_rclpy_minimal_client/build/lib
[4.618s] creating /home/aitthikit/Memekhos_ws/build/examples_rclpy_minimal_client/build/lib/examples_rclpy_minimal_client
[4.618s] copying examples_rclpy_minimal_client/client_async.py -> /home/aitthikit/Memekhos_ws/build/examples_rclpy_minimal_client/build/lib/examples_rclpy_minimal_client
[4.618s] copying examples_rclpy_minimal_client/client_async_callback.py -> /home/aitthikit/Memekhos_ws/build/examples_rclpy_minimal_client/build/lib/examples_rclpy_minimal_client
[4.618s] copying examples_rclpy_minimal_client/client_async_member_function.py -> /home/aitthikit/Memekhos_ws/build/examples_rclpy_minimal_client/build/lib/examples_rclpy_minimal_client
[4.618s] copying examples_rclpy_minimal_client/client.py -> /home/aitthikit/Memekhos_ws/build/examples_rclpy_minimal_client/build/lib/examples_rclpy_minimal_client
[4.619s] copying examples_rclpy_minimal_client/__init__.py -> /home/aitthikit/Memekhos_ws/build/examples_rclpy_minimal_client/build/lib/examples_rclpy_minimal_client
[4.619s] running install
[4.619s] running install_lib
[4.620s] creating /home/aitthikit/Memekhos_ws/install/examples_rclpy_minimal_client/lib/python3.10/site-packages/examples_rclpy_minimal_client
[4.620s] copying /home/aitthikit/Memekhos_ws/build/examples_rclpy_minimal_client/build/lib/examples_rclpy_minimal_client/client_async.py -> /home/aitthikit/Memekhos_ws/install/examples_rclpy_minimal_client/lib/python3.10/site-packages/examples_rclpy_minimal_client
[4.620s] copying /home/aitthikit/Memekhos_ws/build/examples_rclpy_minimal_client/build/lib/examples_rclpy_minimal_client/client_async_callback.py -> /home/aitthikit/Memekhos_ws/install/examples_rclpy_minimal_client/lib/python3.10/site-packages/examples_rclpy_minimal_client
[4.620s] copying /home/aitthikit/Memekhos_ws/build/examples_rclpy_minimal_client/build/lib/examples_rclpy_minimal_client/client_async_member_function.py -> /home/aitthikit/Memekhos_ws/install/examples_rclpy_minimal_client/lib/python3.10/site-packages/examples_rclpy_minimal_client
[4.620s] copying /home/aitthikit/Memekhos_ws/build/examples_rclpy_minimal_client/build/lib/examples_rclpy_minimal_client/client.py -> /home/aitthikit/Memekhos_ws/install/examples_rclpy_minimal_client/lib/python3.10/site-packages/examples_rclpy_minimal_client
[4.621s] copying /home/aitthikit/Memekhos_ws/build/examples_rclpy_minimal_client/build/lib/examples_rclpy_minimal_client/__init__.py -> /home/aitthikit/Memekhos_ws/install/examples_rclpy_minimal_client/lib/python3.10/site-packages/examples_rclpy_minimal_client
[4.636s] byte-compiling /home/aitthikit/Memekhos_ws/install/examples_rclpy_minimal_client/lib/python3.10/site-packages/examples_rclpy_minimal_client/client_async.py to client_async.cpython-310.pyc
[4.637s] byte-compiling /home/aitthikit/Memekhos_ws/install/examples_rclpy_minimal_client/lib/python3.10/site-packages/examples_rclpy_minimal_client/client_async_callback.py to client_async_callback.cpython-310.pyc
[4.637s] byte-compiling /home/aitthikit/Memekhos_ws/install/examples_rclpy_minimal_client/lib/python3.10/site-packages/examples_rclpy_minimal_client/client_async_member_function.py to client_async_member_function.cpython-310.pyc
[4.638s] byte-compiling /home/aitthikit/Memekhos_ws/install/examples_rclpy_minimal_client/lib/python3.10/site-packages/examples_rclpy_minimal_client/client.py to client.cpython-310.pyc
[4.638s] byte-compiling /home/aitthikit/Memekhos_ws/install/examples_rclpy_minimal_client/lib/python3.10/site-packages/examples_rclpy_minimal_client/__init__.py to __init__.cpython-310.pyc
[4.638s] running install_data
[4.639s] creating /home/aitthikit/Memekhos_ws/install/examples_rclpy_minimal_client/share/ament_index
[4.639s] creating /home/aitthikit/Memekhos_ws/install/examples_rclpy_minimal_client/share/ament_index/resource_index
[4.639s] creating /home/aitthikit/Memekhos_ws/install/examples_rclpy_minimal_client/share/ament_index/resource_index/packages
[4.639s] copying resource/examples_rclpy_minimal_client -> /home/aitthikit/Memekhos_ws/install/examples_rclpy_minimal_client/share/ament_index/resource_index/packages
[4.639s] copying package.xml -> /home/aitthikit/Memekhos_ws/install/examples_rclpy_minimal_client/share/examples_rclpy_minimal_client
[4.639s] running install_egg_info
[4.642s] Copying ../../../../../build/examples_rclpy_minimal_client/examples_rclpy_minimal_client.egg-info to /home/aitthikit/Memekhos_ws/install/examples_rclpy_minimal_client/lib/python3.10/site-packages/examples_rclpy_minimal_client-0.15.2-py3.10.egg-info
[4.644s] running install_scripts
[4.716s] Installing client script to /home/aitthikit/Memekhos_ws/install/examples_rclpy_minimal_client/lib/examples_rclpy_minimal_client
[4.716s] Installing client_async script to /home/aitthikit/Memekhos_ws/install/examples_rclpy_minimal_client/lib/examples_rclpy_minimal_client
[4.716s] Installing client_async_callback script to /home/aitthikit/Memekhos_ws/install/examples_rclpy_minimal_client/lib/examples_rclpy_minimal_client
[4.716s] Installing client_async_member_function script to /home/aitthikit/Memekhos_ws/install/examples_rclpy_minimal_client/lib/examples_rclpy_minimal_client
[4.717s] writing list of installed files to '/home/aitthikit/Memekhos_ws/build/examples_rclpy_minimal_client/install.log'
[5.192s] Invoked command in '/home/aitthikit/Memekhos_ws/src/examples/rclpy/services/minimal_client' returned '0': PYTHONPATH=/home/aitthikit/Memekhos_ws/build/examples_rclpy_minimal_client/prefix_override:/usr/lib/python3/dist-packages/colcon_core/task/python/colcon_distutils_commands:/home/aitthikit/Memekhos_ws/install/examples_rclpy_minimal_client/lib/python3.10/site-packages:${PYTHONPATH} /usr/bin/python3 -W ignore:setup.py install is deprecated setup.py egg_info --egg-base ../../../../../build/examples_rclpy_minimal_client build --build-base /home/aitthikit/Memekhos_ws/build/examples_rclpy_minimal_client/build install --record /home/aitthikit/Memekhos_ws/build/examples_rclpy_minimal_client/install.log --single-version-externally-managed install_data
