[0.103s] Invoking command in '/home/aitthikit/Memekhos_ws/build/turtle_bringup': CMAKE_PREFIX_PATH=${CMAKE_PREFIX_PATH}:/home/aitthikit/Memekhos_ws/install/launch_testing_examples:/home/aitthikit/Memekhos_ws/install/examples_rclpy_pointcloud_publisher:/home/aitthikit/Memekhos_ws/install/examples_rclpy_minimal_subscriber:/home/aitthikit/Memekhos_ws/install/examples_rclpy_minimal_service:/home/aitthikit/Memekhos_ws/install/examples_rclpy_minimal_publisher:/home/aitthikit/Memekhos_ws/install/examples_rclpy_minimal_client:/home/aitthikit/Memekhos_ws/install/examples_rclpy_minimal_action_server:/home/aitthikit/Memekhos_ws/install/examples_rclpy_minimal_action_client:/home/aitthikit/Memekhos_ws/install/examples_rclpy_guard_conditions:/home/aitthikit/Memekhos_ws/install/examples_rclpy_executors:/opt/ros/humble /usr/bin/cmake /home/aitthikit/Memekhos_ws/src/turtle_bringup -DCMAKE_INSTALL_PREFIX=/home/aitthikit/Memekhos_ws/install/turtle_bringup
[2.062s] -- The C compiler identification is GNU 11.4.0
[2.063s] -- The CXX compiler identification is GNU 11.4.0
[2.063s] -- Detecting C compiler ABI info
[2.063s] -- Detecting C compiler ABI info - done
[2.063s] -- Check for working C compiler: /usr/bin/cc - skipped
[2.063s] -- Detecting C compile features
[2.063s] -- Detecting C compile features - done
[2.063s] -- Detecting CXX compiler ABI info
[2.064s] -- Detecting CXX compiler ABI info - done
[2.064s] -- Check for working CXX compiler: /usr/bin/c++ - skipped
[2.064s] -- Detecting CXX compile features
[2.064s] -- Detecting CXX compile features - done
[2.064s] -- Found ament_cmake: 1.3.9 (/opt/ros/humble/share/ament_cmake/cmake)
[2.064s] -- Found Python3: /usr/bin/python3 (found version "3.10.12") found components: Interpreter 
[2.064s] -- Found rclcpp: 16.0.9 (/opt/ros/humble/share/rclcpp/cmake)
[2.105s] -- Found rosidl_generator_c: 3.1.5 (/opt/ros/humble/share/rosidl_generator_c/cmake)
[2.121s] -- Found rosidl_adapter: 3.1.5 (/opt/ros/humble/share/rosidl_adapter/cmake)
[2.144s] -- Found rosidl_generator_cpp: 3.1.5 (/opt/ros/humble/share/rosidl_generator_cpp/cmake)
[2.201s] -- Using all available rosidl_typesupport_c: rosidl_typesupport_fastrtps_c;rosidl_typesupport_introspection_c
[2.233s] -- Using all available rosidl_typesupport_cpp: rosidl_typesupport_fastrtps_cpp;rosidl_typesupport_introspection_cpp
[2.367s] -- Found rmw_implementation_cmake: 6.1.2 (/opt/ros/humble/share/rmw_implementation_cmake/cmake)
[2.376s] -- Found rmw_fastrtps_cpp: 6.2.6 (/opt/ros/humble/share/rmw_fastrtps_cpp/cmake)
[2.549s] -- Found OpenSSL: /usr/lib/x86_64-linux-gnu/libcrypto.so (found version "3.0.2")  
[2.599s] -- Found FastRTPS: /opt/ros/humble/include  
[2.691s] -- Using RMW implementation 'rmw_fastrtps_cpp' as default
[2.719s] -- Looking for pthread.h
[2.805s] -- Looking for pthread.h - found
[2.805s] -- Performing Test CMAKE_HAVE_LIBC_PTHREAD
[2.915s] -- Performing Test CMAKE_HAVE_LIBC_PTHREAD - Success
[2.917s] -- Found Threads: TRUE  
[3.171s] -- Found rclpy: 3.3.13 (/opt/ros/humble/share/rclpy/cmake)
[3.373s] -- Configuring done
[3.402s] -- Generating done
[3.402s] -- Build files have been written to: /home/aitthikit/Memekhos_ws/build/turtle_bringup
[3.414s] Invoked command in '/home/aitthikit/Memekhos_ws/build/turtle_bringup' returned '0': CMAKE_PREFIX_PATH=${CMAKE_PREFIX_PATH}:/home/aitthikit/Memekhos_ws/install/launch_testing_examples:/home/aitthikit/Memekhos_ws/install/examples_rclpy_pointcloud_publisher:/home/aitthikit/Memekhos_ws/install/examples_rclpy_minimal_subscriber:/home/aitthikit/Memekhos_ws/install/examples_rclpy_minimal_service:/home/aitthikit/Memekhos_ws/install/examples_rclpy_minimal_publisher:/home/aitthikit/Memekhos_ws/install/examples_rclpy_minimal_client:/home/aitthikit/Memekhos_ws/install/examples_rclpy_minimal_action_server:/home/aitthikit/Memekhos_ws/install/examples_rclpy_minimal_action_client:/home/aitthikit/Memekhos_ws/install/examples_rclpy_guard_conditions:/home/aitthikit/Memekhos_ws/install/examples_rclpy_executors:/opt/ros/humble /usr/bin/cmake /home/aitthikit/Memekhos_ws/src/turtle_bringup -DCMAKE_INSTALL_PREFIX=/home/aitthikit/Memekhos_ws/install/turtle_bringup
[3.414s] Invoking command in '/home/aitthikit/Memekhos_ws/build/turtle_bringup': CMAKE_PREFIX_PATH=${CMAKE_PREFIX_PATH}:/home/aitthikit/Memekhos_ws/install/launch_testing_examples:/home/aitthikit/Memekhos_ws/install/examples_rclpy_pointcloud_publisher:/home/aitthikit/Memekhos_ws/install/examples_rclpy_minimal_subscriber:/home/aitthikit/Memekhos_ws/install/examples_rclpy_minimal_service:/home/aitthikit/Memekhos_ws/install/examples_rclpy_minimal_publisher:/home/aitthikit/Memekhos_ws/install/examples_rclpy_minimal_client:/home/aitthikit/Memekhos_ws/install/examples_rclpy_minimal_action_server:/home/aitthikit/Memekhos_ws/install/examples_rclpy_minimal_action_client:/home/aitthikit/Memekhos_ws/install/examples_rclpy_guard_conditions:/home/aitthikit/Memekhos_ws/install/examples_rclpy_executors:/opt/ros/humble /usr/bin/cmake --build /home/aitthikit/Memekhos_ws/build/turtle_bringup -- -j12 -l12
[3.521s] [  0%] Built target ament_cmake_python_copy_turtle_bringup
[3.541s] [ 50%] [32mBuilding CXX object CMakeFiles/cpp_node_test.dir/src/cpp_node.cpp.o[0m
[3.971s] [100%] [32m[1mLinking CXX executable cpp_node_test[0m
[4.153s] [100%] Built target cpp_node_test
[4.562s] running egg_info
[4.563s] creating turtle_bringup.egg-info
[4.563s] writing turtle_bringup.egg-info/PKG-INFO
[4.563s] writing dependency_links to turtle_bringup.egg-info/dependency_links.txt
[4.563s] writing top-level names to turtle_bringup.egg-info/top_level.txt
[4.564s] writing manifest file 'turtle_bringup.egg-info/SOURCES.txt'
[4.566s] reading manifest file 'turtle_bringup.egg-info/SOURCES.txt'
[4.567s] writing manifest file 'turtle_bringup.egg-info/SOURCES.txt'
[4.603s] [100%] Built target ament_cmake_python_build_turtle_bringup_egg
[4.617s] Invoked command in '/home/aitthikit/Memekhos_ws/build/turtle_bringup' returned '0': CMAKE_PREFIX_PATH=${CMAKE_PREFIX_PATH}:/home/aitthikit/Memekhos_ws/install/launch_testing_examples:/home/aitthikit/Memekhos_ws/install/examples_rclpy_pointcloud_publisher:/home/aitthikit/Memekhos_ws/install/examples_rclpy_minimal_subscriber:/home/aitthikit/Memekhos_ws/install/examples_rclpy_minimal_service:/home/aitthikit/Memekhos_ws/install/examples_rclpy_minimal_publisher:/home/aitthikit/Memekhos_ws/install/examples_rclpy_minimal_client:/home/aitthikit/Memekhos_ws/install/examples_rclpy_minimal_action_server:/home/aitthikit/Memekhos_ws/install/examples_rclpy_minimal_action_client:/home/aitthikit/Memekhos_ws/install/examples_rclpy_guard_conditions:/home/aitthikit/Memekhos_ws/install/examples_rclpy_executors:/opt/ros/humble /usr/bin/cmake --build /home/aitthikit/Memekhos_ws/build/turtle_bringup -- -j12 -l12
[4.656s] Invoking command in '/home/aitthikit/Memekhos_ws/build/turtle_bringup': CMAKE_PREFIX_PATH=${CMAKE_PREFIX_PATH}:/home/aitthikit/Memekhos_ws/install/launch_testing_examples:/home/aitthikit/Memekhos_ws/install/examples_rclpy_pointcloud_publisher:/home/aitthikit/Memekhos_ws/install/examples_rclpy_minimal_subscriber:/home/aitthikit/Memekhos_ws/install/examples_rclpy_minimal_service:/home/aitthikit/Memekhos_ws/install/examples_rclpy_minimal_publisher:/home/aitthikit/Memekhos_ws/install/examples_rclpy_minimal_client:/home/aitthikit/Memekhos_ws/install/examples_rclpy_minimal_action_server:/home/aitthikit/Memekhos_ws/install/examples_rclpy_minimal_action_client:/home/aitthikit/Memekhos_ws/install/examples_rclpy_guard_conditions:/home/aitthikit/Memekhos_ws/install/examples_rclpy_executors:/opt/ros/humble /usr/bin/cmake --install /home/aitthikit/Memekhos_ws/build/turtle_bringup
[4.664s] -- Install configuration: ""
[4.664s] -- Installing: /home/aitthikit/Memekhos_ws/install/turtle_bringup/share/turtle_bringup/environment/pythonpath.sh
[4.664s] -- Installing: /home/aitthikit/Memekhos_ws/install/turtle_bringup/share/turtle_bringup/environment/pythonpath.dsv
[4.665s] -- Installing: /home/aitthikit/Memekhos_ws/install/turtle_bringup/local/lib/python3.10/dist-packages/turtle_bringup-0.0.0-py3.10.egg-info
[4.665s] -- Installing: /home/aitthikit/Memekhos_ws/install/turtle_bringup/local/lib/python3.10/dist-packages/turtle_bringup-0.0.0-py3.10.egg-info/dependency_links.txt
[4.665s] -- Installing: /home/aitthikit/Memekhos_ws/install/turtle_bringup/local/lib/python3.10/dist-packages/turtle_bringup-0.0.0-py3.10.egg-info/SOURCES.txt
[4.665s] -- Installing: /home/aitthikit/Memekhos_ws/install/turtle_bringup/local/lib/python3.10/dist-packages/turtle_bringup-0.0.0-py3.10.egg-info/top_level.txt
[4.665s] -- Installing: /home/aitthikit/Memekhos_ws/install/turtle_bringup/local/lib/python3.10/dist-packages/turtle_bringup-0.0.0-py3.10.egg-info/PKG-INFO
[4.665s] -- Installing: /home/aitthikit/Memekhos_ws/install/turtle_bringup/local/lib/python3.10/dist-packages/turtle_bringup
[4.666s] -- Installing: /home/aitthikit/Memekhos_ws/install/turtle_bringup/local/lib/python3.10/dist-packages/turtle_bringup/__init__.py
[4.666s] -- Installing: /home/aitthikit/Memekhos_ws/install/turtle_bringup/local/lib/python3.10/dist-packages/turtle_bringup/dummy_module.py
[4.708s] Listing '/home/aitthikit/Memekhos_ws/install/turtle_bringup/local/lib/python3.10/dist-packages/turtle_bringup'...
[4.709s] Compiling '/home/aitthikit/Memekhos_ws/install/turtle_bringup/local/lib/python3.10/dist-packages/turtle_bringup/__init__.py'...
[4.709s] Compiling '/home/aitthikit/Memekhos_ws/install/turtle_bringup/local/lib/python3.10/dist-packages/turtle_bringup/dummy_module.py'...
[4.714s] -- Installing: /home/aitthikit/Memekhos_ws/install/turtle_bringup/lib/turtle_bringup/dummy_script.py
[4.714s] -- Installing: /home/aitthikit/Memekhos_ws/install/turtle_bringup/lib/turtle_bringup/controller.py
[4.714s] -- Installing: /home/aitthikit/Memekhos_ws/install/turtle_bringup/lib/turtle_bringup/crazy_pizza.py
[4.714s] -- Installing: /home/aitthikit/Memekhos_ws/install/turtle_bringup/lib/turtle_bringup/crazy_turtle.py
[4.715s] -- Installing: /home/aitthikit/Memekhos_ws/install/turtle_bringup/lib/turtle_bringup/odom_publisher.py
[4.715s] -- Installing: /home/aitthikit/Memekhos_ws/install/turtle_bringup/lib/turtle_bringup/cpp_node_test
[4.715s] -- Set runtime path of "/home/aitthikit/Memekhos_ws/install/turtle_bringup/lib/turtle_bringup/cpp_node_test" to ""
[4.715s] -- Installing: /home/aitthikit/Memekhos_ws/install/turtle_bringup/share/turtle_bringup/launch
[4.715s] -- Installing: /home/aitthikit/Memekhos_ws/install/turtle_bringup/share/turtle_bringup/launch/Nong_turtlegogo.launch.py
[4.715s] -- Installing: /home/aitthikit/Memekhos_ws/install/turtle_bringup/share/turtle_bringup/launch/turtle_bringup.launch.py
[4.716s] -- Installing: /home/aitthikit/Memekhos_ws/install/turtle_bringup/share/ament_index/resource_index/package_run_dependencies/turtle_bringup
[4.716s] -- Installing: /home/aitthikit/Memekhos_ws/install/turtle_bringup/share/ament_index/resource_index/parent_prefix_path/turtle_bringup
[4.716s] -- Installing: /home/aitthikit/Memekhos_ws/install/turtle_bringup/share/turtle_bringup/environment/ament_prefix_path.sh
[4.716s] -- Installing: /home/aitthikit/Memekhos_ws/install/turtle_bringup/share/turtle_bringup/environment/ament_prefix_path.dsv
[4.716s] -- Installing: /home/aitthikit/Memekhos_ws/install/turtle_bringup/share/turtle_bringup/environment/path.sh
[4.716s] -- Installing: /home/aitthikit/Memekhos_ws/install/turtle_bringup/share/turtle_bringup/environment/path.dsv
[4.716s] -- Installing: /home/aitthikit/Memekhos_ws/install/turtle_bringup/share/turtle_bringup/local_setup.bash
[4.717s] -- Installing: /home/aitthikit/Memekhos_ws/install/turtle_bringup/share/turtle_bringup/local_setup.sh
[4.717s] -- Installing: /home/aitthikit/Memekhos_ws/install/turtle_bringup/share/turtle_bringup/local_setup.zsh
[4.717s] -- Installing: /home/aitthikit/Memekhos_ws/install/turtle_bringup/share/turtle_bringup/local_setup.dsv
[4.717s] -- Installing: /home/aitthikit/Memekhos_ws/install/turtle_bringup/share/turtle_bringup/package.dsv
[4.717s] -- Installing: /home/aitthikit/Memekhos_ws/install/turtle_bringup/share/ament_index/resource_index/packages/turtle_bringup
[4.717s] -- Installing: /home/aitthikit/Memekhos_ws/install/turtle_bringup/share/turtle_bringup/cmake/turtle_bringupConfig.cmake
[4.718s] -- Installing: /home/aitthikit/Memekhos_ws/install/turtle_bringup/share/turtle_bringup/cmake/turtle_bringupConfig-version.cmake
[4.718s] -- Installing: /home/aitthikit/Memekhos_ws/install/turtle_bringup/share/turtle_bringup/package.xml
[4.721s] Invoked command in '/home/aitthikit/Memekhos_ws/build/turtle_bringup' returned '0': CMAKE_PREFIX_PATH=${CMAKE_PREFIX_PATH}:/home/aitthikit/Memekhos_ws/install/launch_testing_examples:/home/aitthikit/Memekhos_ws/install/examples_rclpy_pointcloud_publisher:/home/aitthikit/Memekhos_ws/install/examples_rclpy_minimal_subscriber:/home/aitthikit/Memekhos_ws/install/examples_rclpy_minimal_service:/home/aitthikit/Memekhos_ws/install/examples_rclpy_minimal_publisher:/home/aitthikit/Memekhos_ws/install/examples_rclpy_minimal_client:/home/aitthikit/Memekhos_ws/install/examples_rclpy_minimal_action_server:/home/aitthikit/Memekhos_ws/install/examples_rclpy_minimal_action_client:/home/aitthikit/Memekhos_ws/install/examples_rclpy_guard_conditions:/home/aitthikit/Memekhos_ws/install/examples_rclpy_executors:/opt/ros/humble /usr/bin/cmake --install /home/aitthikit/Memekhos_ws/build/turtle_bringup
