[1.008s] Invoking command in '/home/aitthikit/Memekhos_ws/build/lab1': CMAKE_PREFIX_PATH=${CMAKE_PREFIX_PATH}:/home/aitthikit/Memekhos_ws/install/launch_testing_examples:/home/aitthikit/Memekhos_ws/install/examples_rclpy_pointcloud_publisher:/home/aitthikit/Memekhos_ws/install/examples_rclpy_minimal_subscriber:/home/aitthikit/Memekhos_ws/install/examples_rclpy_minimal_service:/home/aitthikit/Memekhos_ws/install/examples_rclpy_minimal_publisher:/home/aitthikit/Memekhos_ws/install/examples_rclpy_minimal_client:/home/aitthikit/Memekhos_ws/install/examples_rclpy_minimal_action_server:/home/aitthikit/Memekhos_ws/install/examples_rclpy_minimal_action_client:/home/aitthikit/Memekhos_ws/install/examples_rclpy_guard_conditions:/home/aitthikit/Memekhos_ws/install/examples_rclpy_executors:/opt/ros/humble /usr/bin/cmake --build /home/aitthikit/Memekhos_ws/build/lab1 -- -j12 -l12
[1.090s] [  0%] Built target ament_cmake_python_copy_lab1
[1.090s] [100%] Built target cpp_node_test
[1.554s] running egg_info
[1.556s] writing lab1.egg-info/PKG-INFO
[1.556s] writing dependency_links to lab1.egg-info/dependency_links.txt
[1.556s] writing top-level names to lab1.egg-info/top_level.txt
[1.560s] reading manifest file 'lab1.egg-info/SOURCES.txt'
[1.561s] writing manifest file 'lab1.egg-info/SOURCES.txt'
[1.611s] [100%] Built target ament_cmake_python_build_lab1_egg
[1.699s] Invoked command in '/home/aitthikit/Memekhos_ws/build/lab1' returned '0': CMAKE_PREFIX_PATH=${CMAKE_PREFIX_PATH}:/home/aitthikit/Memekhos_ws/install/launch_testing_examples:/home/aitthikit/Memekhos_ws/install/examples_rclpy_pointcloud_publisher:/home/aitthikit/Memekhos_ws/install/examples_rclpy_minimal_subscriber:/home/aitthikit/Memekhos_ws/install/examples_rclpy_minimal_service:/home/aitthikit/Memekhos_ws/install/examples_rclpy_minimal_publisher:/home/aitthikit/Memekhos_ws/install/examples_rclpy_minimal_client:/home/aitthikit/Memekhos_ws/install/examples_rclpy_minimal_action_server:/home/aitthikit/Memekhos_ws/install/examples_rclpy_minimal_action_client:/home/aitthikit/Memekhos_ws/install/examples_rclpy_guard_conditions:/home/aitthikit/Memekhos_ws/install/examples_rclpy_executors:/opt/ros/humble /usr/bin/cmake --build /home/aitthikit/Memekhos_ws/build/lab1 -- -j12 -l12
[1.742s] Invoking command in '/home/aitthikit/Memekhos_ws/build/lab1': CMAKE_PREFIX_PATH=${CMAKE_PREFIX_PATH}:/home/aitthikit/Memekhos_ws/install/launch_testing_examples:/home/aitthikit/Memekhos_ws/install/examples_rclpy_pointcloud_publisher:/home/aitthikit/Memekhos_ws/install/examples_rclpy_minimal_subscriber:/home/aitthikit/Memekhos_ws/install/examples_rclpy_minimal_service:/home/aitthikit/Memekhos_ws/install/examples_rclpy_minimal_publisher:/home/aitthikit/Memekhos_ws/install/examples_rclpy_minimal_client:/home/aitthikit/Memekhos_ws/install/examples_rclpy_minimal_action_server:/home/aitthikit/Memekhos_ws/install/examples_rclpy_minimal_action_client:/home/aitthikit/Memekhos_ws/install/examples_rclpy_guard_conditions:/home/aitthikit/Memekhos_ws/install/examples_rclpy_executors:/opt/ros/humble /usr/bin/cmake --install /home/aitthikit/Memekhos_ws/build/lab1
[1.771s] -- Install configuration: ""
[1.771s] -- Up-to-date: /home/aitthikit/Memekhos_ws/install/lab1/share/lab1/environment/pythonpath.sh
[1.771s] -- Up-to-date: /home/aitthikit/Memekhos_ws/install/lab1/share/lab1/environment/pythonpath.dsv
[1.771s] -- Up-to-date: /home/aitthikit/Memekhos_ws/install/lab1/local/lib/python3.10/dist-packages/lab1-0.0.0-py3.10.egg-info
[1.772s] -- Installing: /home/aitthikit/Memekhos_ws/install/lab1/local/lib/python3.10/dist-packages/lab1-0.0.0-py3.10.egg-info/dependency_links.txt
[1.772s] -- Installing: /home/aitthikit/Memekhos_ws/install/lab1/local/lib/python3.10/dist-packages/lab1-0.0.0-py3.10.egg-info/SOURCES.txt
[1.772s] -- Installing: /home/aitthikit/Memekhos_ws/install/lab1/local/lib/python3.10/dist-packages/lab1-0.0.0-py3.10.egg-info/top_level.txt
[1.772s] -- Installing: /home/aitthikit/Memekhos_ws/install/lab1/local/lib/python3.10/dist-packages/lab1-0.0.0-py3.10.egg-info/PKG-INFO
[1.772s] -- Up-to-date: /home/aitthikit/Memekhos_ws/install/lab1/local/lib/python3.10/dist-packages/lab1
[1.772s] -- Up-to-date: /home/aitthikit/Memekhos_ws/install/lab1/local/lib/python3.10/dist-packages/lab1/__init__.py
[1.772s] -- Up-to-date: /home/aitthikit/Memekhos_ws/install/lab1/local/lib/python3.10/dist-packages/lab1/dummy_module.py
[1.819s] Listing '/home/aitthikit/Memekhos_ws/install/lab1/local/lib/python3.10/dist-packages/lab1'...
[1.826s] -- Up-to-date: /home/aitthikit/Memekhos_ws/install/lab1/lib/lab1/dummy_script.py
[1.826s] -- Up-to-date: /home/aitthikit/Memekhos_ws/install/lab1/lib/lab1/noise_generator.py
[1.827s] -- Up-to-date: /home/aitthikit/Memekhos_ws/install/lab1/lib/lab1/velocity_mux.py
[1.827s] -- Up-to-date: /home/aitthikit/Memekhos_ws/install/lab1/lib/lab1/cpp_node_test
[1.827s] -- Up-to-date: /home/aitthikit/Memekhos_ws/install/lab1/share/lab1/launch
[1.827s] -- Up-to-date: /home/aitthikit/Memekhos_ws/install/lab1/share/lab1/launch/simple-param.launch.py
[1.827s] -- Up-to-date: /home/aitthikit/Memekhos_ws/install/lab1/share/lab1/launch/simple.launch.py
[1.827s] -- Up-to-date: /home/aitthikit/Memekhos_ws/install/lab1/share/lab1/launch/lab1.launch.py
[1.827s] -- Up-to-date: /home/aitthikit/Memekhos_ws/install/lab1/share/lab1/launch/lab1-execute-process.launch.py
[1.828s] -- Up-to-date: /home/aitthikit/Memekhos_ws/install/lab1/share/ament_index/resource_index/package_run_dependencies/lab1
[1.828s] -- Up-to-date: /home/aitthikit/Memekhos_ws/install/lab1/share/ament_index/resource_index/parent_prefix_path/lab1
[1.828s] -- Up-to-date: /home/aitthikit/Memekhos_ws/install/lab1/share/lab1/environment/ament_prefix_path.sh
[1.828s] -- Up-to-date: /home/aitthikit/Memekhos_ws/install/lab1/share/lab1/environment/ament_prefix_path.dsv
[1.828s] -- Up-to-date: /home/aitthikit/Memekhos_ws/install/lab1/share/lab1/environment/path.sh
[1.828s] -- Up-to-date: /home/aitthikit/Memekhos_ws/install/lab1/share/lab1/environment/path.dsv
[1.828s] -- Up-to-date: /home/aitthikit/Memekhos_ws/install/lab1/share/lab1/local_setup.bash
[1.828s] -- Up-to-date: /home/aitthikit/Memekhos_ws/install/lab1/share/lab1/local_setup.sh
[1.828s] -- Up-to-date: /home/aitthikit/Memekhos_ws/install/lab1/share/lab1/local_setup.zsh
[1.829s] -- Up-to-date: /home/aitthikit/Memekhos_ws/install/lab1/share/lab1/local_setup.dsv
[1.829s] -- Installing: /home/aitthikit/Memekhos_ws/install/lab1/share/lab1/package.dsv
[1.829s] -- Up-to-date: /home/aitthikit/Memekhos_ws/install/lab1/share/ament_index/resource_index/packages/lab1
[1.829s] -- Up-to-date: /home/aitthikit/Memekhos_ws/install/lab1/share/lab1/cmake/lab1Config.cmake
[1.829s] -- Up-to-date: /home/aitthikit/Memekhos_ws/install/lab1/share/lab1/cmake/lab1Config-version.cmake
[1.829s] -- Up-to-date: /home/aitthikit/Memekhos_ws/install/lab1/share/lab1/package.xml
[1.831s] Invoked command in '/home/aitthikit/Memekhos_ws/build/lab1' returned '0': CMAKE_PREFIX_PATH=${CMAKE_PREFIX_PATH}:/home/aitthikit/Memekhos_ws/install/launch_testing_examples:/home/aitthikit/Memekhos_ws/install/examples_rclpy_pointcloud_publisher:/home/aitthikit/Memekhos_ws/install/examples_rclpy_minimal_subscriber:/home/aitthikit/Memekhos_ws/install/examples_rclpy_minimal_service:/home/aitthikit/Memekhos_ws/install/examples_rclpy_minimal_publisher:/home/aitthikit/Memekhos_ws/install/examples_rclpy_minimal_client:/home/aitthikit/Memekhos_ws/install/examples_rclpy_minimal_action_server:/home/aitthikit/Memekhos_ws/install/examples_rclpy_minimal_action_client:/home/aitthikit/Memekhos_ws/install/examples_rclpy_guard_conditions:/home/aitthikit/Memekhos_ws/install/examples_rclpy_executors:/opt/ros/humble /usr/bin/cmake --install /home/aitthikit/Memekhos_ws/build/lab1
