[0.056s] Invoking command in '/home/aitthikit/Memekhos_ws/build/examples_rclcpp_minimal_service': CMAKE_PREFIX_PATH=${CMAKE_PREFIX_PATH}:/home/aitthikit/Memekhos_ws/install/launch_testing_examples:/home/aitthikit/Memekhos_ws/install/examples_rclpy_pointcloud_publisher:/home/aitthikit/Memekhos_ws/install/examples_rclpy_minimal_subscriber:/home/aitthikit/Memekhos_ws/install/examples_rclpy_minimal_service:/home/aitthikit/Memekhos_ws/install/examples_rclpy_minimal_publisher:/home/aitthikit/Memekhos_ws/install/examples_rclpy_minimal_client:/home/aitthikit/Memekhos_ws/install/examples_rclpy_minimal_action_server:/home/aitthikit/Memekhos_ws/install/examples_rclpy_minimal_action_client:/home/aitthikit/Memekhos_ws/install/examples_rclpy_guard_conditions:/home/aitthikit/Memekhos_ws/install/examples_rclpy_executors:/opt/ros/humble /usr/bin/cmake --build /home/aitthikit/Memekhos_ws/build/examples_rclcpp_minimal_service -- -j12 -l12
[0.158s] [100%] Built target service_main
[0.195s] Invoked command in '/home/aitthikit/Memekhos_ws/build/examples_rclcpp_minimal_service' returned '0': CMAKE_PREFIX_PATH=${CMAKE_PREFIX_PATH}:/home/aitthikit/Memekhos_ws/install/launch_testing_examples:/home/aitthikit/Memekhos_ws/install/examples_rclpy_pointcloud_publisher:/home/aitthikit/Memekhos_ws/install/examples_rclpy_minimal_subscriber:/home/aitthikit/Memekhos_ws/install/examples_rclpy_minimal_service:/home/aitthikit/Memekhos_ws/install/examples_rclpy_minimal_publisher:/home/aitthikit/Memekhos_ws/install/examples_rclpy_minimal_client:/home/aitthikit/Memekhos_ws/install/examples_rclpy_minimal_action_server:/home/aitthikit/Memekhos_ws/install/examples_rclpy_minimal_action_client:/home/aitthikit/Memekhos_ws/install/examples_rclpy_guard_conditions:/home/aitthikit/Memekhos_ws/install/examples_rclpy_executors:/opt/ros/humble /usr/bin/cmake --build /home/aitthikit/Memekhos_ws/build/examples_rclcpp_minimal_service -- -j12 -l12
[0.292s] Invoking command in '/home/aitthikit/Memekhos_ws/build/examples_rclcpp_minimal_service': CMAKE_PREFIX_PATH=${CMAKE_PREFIX_PATH}:/home/aitthikit/Memekhos_ws/install/launch_testing_examples:/home/aitthikit/Memekhos_ws/install/examples_rclpy_pointcloud_publisher:/home/aitthikit/Memekhos_ws/install/examples_rclpy_minimal_subscriber:/home/aitthikit/Memekhos_ws/install/examples_rclpy_minimal_service:/home/aitthikit/Memekhos_ws/install/examples_rclpy_minimal_publisher:/home/aitthikit/Memekhos_ws/install/examples_rclpy_minimal_client:/home/aitthikit/Memekhos_ws/install/examples_rclpy_minimal_action_server:/home/aitthikit/Memekhos_ws/install/examples_rclpy_minimal_action_client:/home/aitthikit/Memekhos_ws/install/examples_rclpy_guard_conditions:/home/aitthikit/Memekhos_ws/install/examples_rclpy_executors:/opt/ros/humble /usr/bin/cmake --install /home/aitthikit/Memekhos_ws/build/examples_rclcpp_minimal_service
[0.311s] -- Install configuration: ""
[0.312s] -- Up-to-date: /home/aitthikit/Memekhos_ws/install/examples_rclcpp_minimal_service/lib/examples_rclcpp_minimal_service/service_main
[0.313s] -- Up-to-date: /home/aitthikit/Memekhos_ws/install/examples_rclcpp_minimal_service/share/ament_index/resource_index/package_run_dependencies/examples_rclcpp_minimal_service
[0.313s] -- Up-to-date: /home/aitthikit/Memekhos_ws/install/examples_rclcpp_minimal_service/share/ament_index/resource_index/parent_prefix_path/examples_rclcpp_minimal_service
[0.313s] -- Up-to-date: /home/aitthikit/Memekhos_ws/install/examples_rclcpp_minimal_service/share/examples_rclcpp_minimal_service/environment/ament_prefix_path.sh
[0.313s] -- Up-to-date: /home/aitthikit/Memekhos_ws/install/examples_rclcpp_minimal_service/share/examples_rclcpp_minimal_service/environment/ament_prefix_path.dsv
[0.314s] -- Up-to-date: /home/aitthikit/Memekhos_ws/install/examples_rclcpp_minimal_service/share/examples_rclcpp_minimal_service/environment/path.sh
[0.314s] -- Up-to-date: /home/aitthikit/Memekhos_ws/install/examples_rclcpp_minimal_service/share/examples_rclcpp_minimal_service/environment/path.dsv
[0.314s] -- Up-to-date: /home/aitthikit/Memekhos_ws/install/examples_rclcpp_minimal_service/share/examples_rclcpp_minimal_service/local_setup.bash
[0.314s] -- Up-to-date: /home/aitthikit/Memekhos_ws/install/examples_rclcpp_minimal_service/share/examples_rclcpp_minimal_service/local_setup.sh
[0.315s] -- Up-to-date: /home/aitthikit/Memekhos_ws/install/examples_rclcpp_minimal_service/share/examples_rclcpp_minimal_service/local_setup.zsh
[0.315s] -- Up-to-date: /home/aitthikit/Memekhos_ws/install/examples_rclcpp_minimal_service/share/examples_rclcpp_minimal_service/local_setup.dsv
[0.315s] -- Installing: /home/aitthikit/Memekhos_ws/install/examples_rclcpp_minimal_service/share/examples_rclcpp_minimal_service/package.dsv
[0.315s] -- Up-to-date: /home/aitthikit/Memekhos_ws/install/examples_rclcpp_minimal_service/share/ament_index/resource_index/packages/examples_rclcpp_minimal_service
[0.315s] -- Up-to-date: /home/aitthikit/Memekhos_ws/install/examples_rclcpp_minimal_service/share/examples_rclcpp_minimal_service/cmake/examples_rclcpp_minimal_serviceConfig.cmake
[0.316s] -- Up-to-date: /home/aitthikit/Memekhos_ws/install/examples_rclcpp_minimal_service/share/examples_rclcpp_minimal_service/cmake/examples_rclcpp_minimal_serviceConfig-version.cmake
[0.316s] -- Up-to-date: /home/aitthikit/Memekhos_ws/install/examples_rclcpp_minimal_service/share/examples_rclcpp_minimal_service/package.xml
[0.348s] Invoked command in '/home/aitthikit/Memekhos_ws/build/examples_rclcpp_minimal_service' returned '0': CMAKE_PREFIX_PATH=${CMAKE_PREFIX_PATH}:/home/aitthikit/Memekhos_ws/install/launch_testing_examples:/home/aitthikit/Memekhos_ws/install/examples_rclpy_pointcloud_publisher:/home/aitthikit/Memekhos_ws/install/examples_rclpy_minimal_subscriber:/home/aitthikit/Memekhos_ws/install/examples_rclpy_minimal_service:/home/aitthikit/Memekhos_ws/install/examples_rclpy_minimal_publisher:/home/aitthikit/Memekhos_ws/install/examples_rclpy_minimal_client:/home/aitthikit/Memekhos_ws/install/examples_rclpy_minimal_action_server:/home/aitthikit/Memekhos_ws/install/examples_rclpy_minimal_action_client:/home/aitthikit/Memekhos_ws/install/examples_rclpy_guard_conditions:/home/aitthikit/Memekhos_ws/install/examples_rclpy_executors:/opt/ros/humble /usr/bin/cmake --install /home/aitthikit/Memekhos_ws/build/examples_rclcpp_minimal_service
