[2.506s] Invoking command in '/home/aitthikit/Memekhos_ws/src/examples/rclpy/actions/minimal_action_client': PYTHONPATH=/home/aitthikit/Memekhos_ws/build/examples_rclpy_minimal_action_client/prefix_override:/usr/lib/python3/dist-packages/colcon_core/task/python/colcon_distutils_commands:/home/aitthikit/Memekhos_ws/install/examples_rclpy_minimal_action_client/lib/python3.10/site-packages:${PYTHONPATH} /usr/bin/python3 -W ignore:setup.py install is deprecated setup.py egg_info --egg-base ../../../../../build/examples_rclpy_minimal_action_client build --build-base /home/aitthikit/Memekhos_ws/build/examples_rclpy_minimal_action_client/build install --record /home/aitthikit/Memekhos_ws/build/examples_rclpy_minimal_action_client/install.log --single-version-externally-managed install_data
[2.892s] running egg_info
[2.894s] writing ../../../../../build/examples_rclpy_minimal_action_client/examples_rclpy_minimal_action_client.egg-info/PKG-INFO
[2.894s] writing dependency_links to ../../../../../build/examples_rclpy_minimal_action_client/examples_rclpy_minimal_action_client.egg-info/dependency_links.txt
[2.895s] writing entry points to ../../../../../build/examples_rclpy_minimal_action_client/examples_rclpy_minimal_action_client.egg-info/entry_points.txt
[2.895s] writing requirements to ../../../../../build/examples_rclpy_minimal_action_client/examples_rclpy_minimal_action_client.egg-info/requires.txt
[2.895s] writing top-level names to ../../../../../build/examples_rclpy_minimal_action_client/examples_rclpy_minimal_action_client.egg-info/top_level.txt
[2.898s] reading manifest file '../../../../../build/examples_rclpy_minimal_action_client/examples_rclpy_minimal_action_client.egg-info/SOURCES.txt'
[2.900s] writing manifest file '../../../../../build/examples_rclpy_minimal_action_client/examples_rclpy_minimal_action_client.egg-info/SOURCES.txt'
[2.900s] running build
[2.900s] running build_py
[2.901s] running install
[2.901s] running install_lib
[2.904s] running install_data
[2.904s] running install_egg_info
[2.907s] removing '/home/aitthikit/Memekhos_ws/install/examples_rclpy_minimal_action_client/lib/python3.10/site-packages/examples_rclpy_minimal_action_client-0.15.2-py3.10.egg-info' (and everything under it)
[2.910s] Copying ../../../../../build/examples_rclpy_minimal_action_client/examples_rclpy_minimal_action_client.egg-info to /home/aitthikit/Memekhos_ws/install/examples_rclpy_minimal_action_client/lib/python3.10/site-packages/examples_rclpy_minimal_action_client-0.15.2-py3.10.egg-info
[2.922s] running install_scripts
[2.960s] Installing client script to /home/aitthikit/Memekhos_ws/install/examples_rclpy_minimal_action_client/lib/examples_rclpy_minimal_action_client
[2.960s] Installing client_asyncio script to /home/aitthikit/Memekhos_ws/install/examples_rclpy_minimal_action_client/lib/examples_rclpy_minimal_action_client
[2.960s] Installing client_cancel script to /home/aitthikit/Memekhos_ws/install/examples_rclpy_minimal_action_client/lib/examples_rclpy_minimal_action_client
[2.960s] Installing client_not_composable script to /home/aitthikit/Memekhos_ws/install/examples_rclpy_minimal_action_client/lib/examples_rclpy_minimal_action_client
[2.961s] writing list of installed files to '/home/aitthikit/Memekhos_ws/build/examples_rclpy_minimal_action_client/install.log'
[3.162s] Invoked command in '/home/aitthikit/Memekhos_ws/src/examples/rclpy/actions/minimal_action_client' returned '0': PYTHONPATH=/home/aitthikit/Memekhos_ws/build/examples_rclpy_minimal_action_client/prefix_override:/usr/lib/python3/dist-packages/colcon_core/task/python/colcon_distutils_commands:/home/aitthikit/Memekhos_ws/install/examples_rclpy_minimal_action_client/lib/python3.10/site-packages:${PYTHONPATH} /usr/bin/python3 -W ignore:setup.py install is deprecated setup.py egg_info --egg-base ../../../../../build/examples_rclpy_minimal_action_client build --build-base /home/aitthikit/Memekhos_ws/build/examples_rclpy_minimal_action_client/build install --record /home/aitthikit/Memekhos_ws/build/examples_rclpy_minimal_action_client/install.log --single-version-externally-managed install_data
