[2.148s] Invoking command in '/home/aitthikit/Memekhos_ws/src/examples/rclpy/executors': PYTHONPATH=/home/aitthikit/Memekhos_ws/build/examples_rclpy_executors/prefix_override:/usr/lib/python3/dist-packages/colcon_core/task/python/colcon_distutils_commands:/home/aitthikit/Memekhos_ws/install/examples_rclpy_executors/lib/python3.10/site-packages:${PYTHONPATH} /usr/bin/python3 -W ignore:setup.py install is deprecated setup.py egg_info --egg-base ../../../../build/examples_rclpy_executors build --build-base /home/aitthikit/Memekhos_ws/build/examples_rclpy_executors/build install --record /home/aitthikit/Memekhos_ws/build/examples_rclpy_executors/install.log --single-version-externally-managed install_data
[2.355s] running egg_info
[2.356s] writing ../../../../build/examples_rclpy_executors/examples_rclpy_executors.egg-info/PKG-INFO
[2.356s] writing dependency_links to ../../../../build/examples_rclpy_executors/examples_rclpy_executors.egg-info/dependency_links.txt
[2.356s] writing entry points to ../../../../build/examples_rclpy_executors/examples_rclpy_executors.egg-info/entry_points.txt
[2.357s] writing requirements to ../../../../build/examples_rclpy_executors/examples_rclpy_executors.egg-info/requires.txt
[2.357s] writing top-level names to ../../../../build/examples_rclpy_executors/examples_rclpy_executors.egg-info/top_level.txt
[2.358s] reading manifest file '../../../../build/examples_rclpy_executors/examples_rclpy_executors.egg-info/SOURCES.txt'
[2.359s] writing manifest file '../../../../build/examples_rclpy_executors/examples_rclpy_executors.egg-info/SOURCES.txt'
[2.360s] running build
[2.360s] running build_py
[2.360s] running install
[2.361s] running install_lib
[2.362s] running install_data
[2.362s] running install_egg_info
[2.364s] removing '/home/aitthikit/Memekhos_ws/install/examples_rclpy_executors/lib/python3.10/site-packages/examples_rclpy_executors-0.15.2-py3.10.egg-info' (and everything under it)
[2.364s] Copying ../../../../build/examples_rclpy_executors/examples_rclpy_executors.egg-info to /home/aitthikit/Memekhos_ws/install/examples_rclpy_executors/lib/python3.10/site-packages/examples_rclpy_executors-0.15.2-py3.10.egg-info
[2.365s] running install_scripts
[2.385s] Installing callback_group script to /home/aitthikit/Memekhos_ws/install/examples_rclpy_executors/lib/examples_rclpy_executors
[2.385s] Installing composed script to /home/aitthikit/Memekhos_ws/install/examples_rclpy_executors/lib/examples_rclpy_executors
[2.386s] Installing custom_callback_group script to /home/aitthikit/Memekhos_ws/install/examples_rclpy_executors/lib/examples_rclpy_executors
[2.386s] Installing custom_executor script to /home/aitthikit/Memekhos_ws/install/examples_rclpy_executors/lib/examples_rclpy_executors
[2.386s] Installing listener script to /home/aitthikit/Memekhos_ws/install/examples_rclpy_executors/lib/examples_rclpy_executors
[2.386s] Installing talker script to /home/aitthikit/Memekhos_ws/install/examples_rclpy_executors/lib/examples_rclpy_executors
[2.386s] writing list of installed files to '/home/aitthikit/Memekhos_ws/build/examples_rclpy_executors/install.log'
[2.560s] Invoked command in '/home/aitthikit/Memekhos_ws/src/examples/rclpy/executors' returned '0': PYTHONPATH=/home/aitthikit/Memekhos_ws/build/examples_rclpy_executors/prefix_override:/usr/lib/python3/dist-packages/colcon_core/task/python/colcon_distutils_commands:/home/aitthikit/Memekhos_ws/install/examples_rclpy_executors/lib/python3.10/site-packages:${PYTHONPATH} /usr/bin/python3 -W ignore:setup.py install is deprecated setup.py egg_info --egg-base ../../../../build/examples_rclpy_executors build --build-base /home/aitthikit/Memekhos_ws/build/examples_rclpy_executors/build install --record /home/aitthikit/Memekhos_ws/build/examples_rclpy_executors/install.log --single-version-externally-managed install_data
