[0.100s] Invoking command in '/home/aitthikit/Memekhos_ws/build/lecture2': CMAKE_PREFIX_PATH=${CMAKE_PREFIX_PATH}:/home/aitthikit/Memekhos_ws/install/launch_testing_examples:/home/aitthikit/Memekhos_ws/install/examples_rclpy_pointcloud_publisher:/home/aitthikit/Memekhos_ws/install/examples_rclpy_minimal_subscriber:/home/aitthikit/Memekhos_ws/install/examples_rclpy_minimal_service:/home/aitthikit/Memekhos_ws/install/examples_rclpy_minimal_publisher:/home/aitthikit/Memekhos_ws/install/examples_rclpy_minimal_client:/home/aitthikit/Memekhos_ws/install/examples_rclpy_minimal_action_server:/home/aitthikit/Memekhos_ws/install/examples_rclpy_minimal_action_client:/home/aitthikit/Memekhos_ws/install/examples_rclpy_guard_conditions:/home/aitthikit/Memekhos_ws/install/examples_rclpy_executors:/opt/ros/humble /usr/bin/cmake /home/aitthikit/Memekhos_ws/src/lecture2 -DCMAKE_INSTALL_PREFIX=/home/aitthikit/Memekhos_ws/install/lecture2
[0.929s] -- The C compiler identification is GNU 11.4.0
[0.929s] -- The CXX compiler identification is GNU 11.4.0
[0.929s] -- Detecting C compiler ABI info
[0.969s] -- Detecting C compiler ABI info - done
[0.987s] -- Check for working C compiler: /usr/bin/cc - skipped
[0.996s] -- Detecting C compile features
[0.998s] -- Detecting C compile features - done
[1.003s] -- Detecting CXX compiler ABI info
[1.257s] -- Detecting CXX compiler ABI info - done
[1.289s] -- Check for working CXX compiler: /usr/bin/c++ - skipped
[1.289s] -- Detecting CXX compile features
[1.290s] -- Detecting CXX compile features - done
[1.297s] -- Found ament_cmake: 1.3.9 (/opt/ros/humble/share/ament_cmake/cmake)
[1.771s] -- Found Python3: /usr/bin/python3 (found version "3.10.12") found components: Interpreter 
[2.019s] -- Found rclcpp: 16.0.9 (/opt/ros/humble/share/rclcpp/cmake)
[2.142s] -- Found rosidl_generator_c: 3.1.5 (/opt/ros/humble/share/rosidl_generator_c/cmake)
[2.159s] -- Found rosidl_adapter: 3.1.5 (/opt/ros/humble/share/rosidl_adapter/cmake)
[2.184s] -- Found rosidl_generator_cpp: 3.1.5 (/opt/ros/humble/share/rosidl_generator_cpp/cmake)
[2.225s] -- Using all available rosidl_typesupport_c: rosidl_typesupport_fastrtps_c;rosidl_typesupport_introspection_c
[2.280s] -- Using all available rosidl_typesupport_cpp: rosidl_typesupport_fastrtps_cpp;rosidl_typesupport_introspection_cpp
[2.467s] -- Found rmw_implementation_cmake: 6.1.2 (/opt/ros/humble/share/rmw_implementation_cmake/cmake)
[2.478s] -- Found rmw_fastrtps_cpp: 6.2.6 (/opt/ros/humble/share/rmw_fastrtps_cpp/cmake)
[2.656s] -- Found OpenSSL: /usr/lib/x86_64-linux-gnu/libcrypto.so (found version "3.0.2")  
[2.706s] -- Found FastRTPS: /opt/ros/humble/include  
[2.790s] -- Using RMW implementation 'rmw_fastrtps_cpp' as default
[2.817s] -- Looking for pthread.h
[2.933s] -- Looking for pthread.h - found
[2.933s] -- Performing Test CMAKE_HAVE_LIBC_PTHREAD
[3.031s] -- Performing Test CMAKE_HAVE_LIBC_PTHREAD - Success
[3.032s] -- Found Threads: TRUE  
[3.279s] -- Found rclpy: 3.3.13 (/opt/ros/humble/share/rclpy/cmake)
[3.522s] -- Configuring done
[3.533s] -- Generating done
[3.535s] -- Build files have been written to: /home/aitthikit/Memekhos_ws/build/lecture2
[3.551s] Invoked command in '/home/aitthikit/Memekhos_ws/build/lecture2' returned '0': CMAKE_PREFIX_PATH=${CMAKE_PREFIX_PATH}:/home/aitthikit/Memekhos_ws/install/launch_testing_examples:/home/aitthikit/Memekhos_ws/install/examples_rclpy_pointcloud_publisher:/home/aitthikit/Memekhos_ws/install/examples_rclpy_minimal_subscriber:/home/aitthikit/Memekhos_ws/install/examples_rclpy_minimal_service:/home/aitthikit/Memekhos_ws/install/examples_rclpy_minimal_publisher:/home/aitthikit/Memekhos_ws/install/examples_rclpy_minimal_client:/home/aitthikit/Memekhos_ws/install/examples_rclpy_minimal_action_server:/home/aitthikit/Memekhos_ws/install/examples_rclpy_minimal_action_client:/home/aitthikit/Memekhos_ws/install/examples_rclpy_guard_conditions:/home/aitthikit/Memekhos_ws/install/examples_rclpy_executors:/opt/ros/humble /usr/bin/cmake /home/aitthikit/Memekhos_ws/src/lecture2 -DCMAKE_INSTALL_PREFIX=/home/aitthikit/Memekhos_ws/install/lecture2
[3.553s] Invoking command in '/home/aitthikit/Memekhos_ws/build/lecture2': CMAKE_PREFIX_PATH=${CMAKE_PREFIX_PATH}:/home/aitthikit/Memekhos_ws/install/launch_testing_examples:/home/aitthikit/Memekhos_ws/install/examples_rclpy_pointcloud_publisher:/home/aitthikit/Memekhos_ws/install/examples_rclpy_minimal_subscriber:/home/aitthikit/Memekhos_ws/install/examples_rclpy_minimal_service:/home/aitthikit/Memekhos_ws/install/examples_rclpy_minimal_publisher:/home/aitthikit/Memekhos_ws/install/examples_rclpy_minimal_client:/home/aitthikit/Memekhos_ws/install/examples_rclpy_minimal_action_server:/home/aitthikit/Memekhos_ws/install/examples_rclpy_minimal_action_client:/home/aitthikit/Memekhos_ws/install/examples_rclpy_guard_conditions:/home/aitthikit/Memekhos_ws/install/examples_rclpy_executors:/opt/ros/humble /usr/bin/cmake --build /home/aitthikit/Memekhos_ws/build/lecture2 -- -j12 -l12
[3.879s] [  0%] Built target ament_cmake_python_copy_lecture2
[3.880s] [ 50%] [32mBuilding CXX object CMakeFiles/cpp_node_test.dir/src/cpp_node.cpp.o[0m
[4.030s] [100%] [32m[1mLinking CXX executable cpp_node_test[0m
[4.172s] [100%] Built target cpp_node_test
[4.465s] running egg_info
[4.466s] creating lecture2.egg-info
[4.466s] writing lecture2.egg-info/PKG-INFO
[4.466s] writing dependency_links to lecture2.egg-info/dependency_links.txt
[4.466s] writing top-level names to lecture2.egg-info/top_level.txt
[4.466s] writing manifest file 'lecture2.egg-info/SOURCES.txt'
[4.468s] reading manifest file 'lecture2.egg-info/SOURCES.txt'
[4.469s] writing manifest file 'lecture2.egg-info/SOURCES.txt'
[4.500s] [100%] Built target ament_cmake_python_build_lecture2_egg
[4.515s] Invoked command in '/home/aitthikit/Memekhos_ws/build/lecture2' returned '0': CMAKE_PREFIX_PATH=${CMAKE_PREFIX_PATH}:/home/aitthikit/Memekhos_ws/install/launch_testing_examples:/home/aitthikit/Memekhos_ws/install/examples_rclpy_pointcloud_publisher:/home/aitthikit/Memekhos_ws/install/examples_rclpy_minimal_subscriber:/home/aitthikit/Memekhos_ws/install/examples_rclpy_minimal_service:/home/aitthikit/Memekhos_ws/install/examples_rclpy_minimal_publisher:/home/aitthikit/Memekhos_ws/install/examples_rclpy_minimal_client:/home/aitthikit/Memekhos_ws/install/examples_rclpy_minimal_action_server:/home/aitthikit/Memekhos_ws/install/examples_rclpy_minimal_action_client:/home/aitthikit/Memekhos_ws/install/examples_rclpy_guard_conditions:/home/aitthikit/Memekhos_ws/install/examples_rclpy_executors:/opt/ros/humble /usr/bin/cmake --build /home/aitthikit/Memekhos_ws/build/lecture2 -- -j12 -l12
[4.549s] Invoking command in '/home/aitthikit/Memekhos_ws/build/lecture2': CMAKE_PREFIX_PATH=${CMAKE_PREFIX_PATH}:/home/aitthikit/Memekhos_ws/install/launch_testing_examples:/home/aitthikit/Memekhos_ws/install/examples_rclpy_pointcloud_publisher:/home/aitthikit/Memekhos_ws/install/examples_rclpy_minimal_subscriber:/home/aitthikit/Memekhos_ws/install/examples_rclpy_minimal_service:/home/aitthikit/Memekhos_ws/install/examples_rclpy_minimal_publisher:/home/aitthikit/Memekhos_ws/install/examples_rclpy_minimal_client:/home/aitthikit/Memekhos_ws/install/examples_rclpy_minimal_action_server:/home/aitthikit/Memekhos_ws/install/examples_rclpy_minimal_action_client:/home/aitthikit/Memekhos_ws/install/examples_rclpy_guard_conditions:/home/aitthikit/Memekhos_ws/install/examples_rclpy_executors:/opt/ros/humble /usr/bin/cmake --install /home/aitthikit/Memekhos_ws/build/lecture2
[4.560s] -- Install configuration: ""
[4.560s] -- Installing: /home/aitthikit/Memekhos_ws/install/lecture2/share/lecture2/environment/pythonpath.sh
[4.561s] -- Installing: /home/aitthikit/Memekhos_ws/install/lecture2/share/lecture2/environment/pythonpath.dsv
[4.561s] -- Installing: /home/aitthikit/Memekhos_ws/install/lecture2/local/lib/python3.10/dist-packages/lecture2-0.0.0-py3.10.egg-info
[4.561s] -- Installing: /home/aitthikit/Memekhos_ws/install/lecture2/local/lib/python3.10/dist-packages/lecture2-0.0.0-py3.10.egg-info/dependency_links.txt
[4.561s] -- Installing: /home/aitthikit/Memekhos_ws/install/lecture2/local/lib/python3.10/dist-packages/lecture2-0.0.0-py3.10.egg-info/SOURCES.txt
[4.561s] -- Installing: /home/aitthikit/Memekhos_ws/install/lecture2/local/lib/python3.10/dist-packages/lecture2-0.0.0-py3.10.egg-info/top_level.txt
[4.562s] -- Installing: /home/aitthikit/Memekhos_ws/install/lecture2/local/lib/python3.10/dist-packages/lecture2-0.0.0-py3.10.egg-info/PKG-INFO
[4.562s] -- Installing: /home/aitthikit/Memekhos_ws/install/lecture2/local/lib/python3.10/dist-packages/lecture2
[4.562s] -- Installing: /home/aitthikit/Memekhos_ws/install/lecture2/local/lib/python3.10/dist-packages/lecture2/__init__.py
[4.562s] -- Installing: /home/aitthikit/Memekhos_ws/install/lecture2/local/lib/python3.10/dist-packages/lecture2/dummy_module.py
[4.633s] Listing '/home/aitthikit/Memekhos_ws/install/lecture2/local/lib/python3.10/dist-packages/lecture2'...
[4.634s] Compiling '/home/aitthikit/Memekhos_ws/install/lecture2/local/lib/python3.10/dist-packages/lecture2/__init__.py'...
[4.634s] Compiling '/home/aitthikit/Memekhos_ws/install/lecture2/local/lib/python3.10/dist-packages/lecture2/dummy_module.py'...
[4.641s] -- Installing: /home/aitthikit/Memekhos_ws/install/lecture2/lib/lecture2/dummy_script.py
[4.642s] -- Installing: /home/aitthikit/Memekhos_ws/install/lecture2/lib/lecture2/manual_teleop.py
[4.642s] -- Installing: /home/aitthikit/Memekhos_ws/install/lecture2/lib/lecture2/cpp_node_test
[4.642s] -- Set runtime path of "/home/aitthikit/Memekhos_ws/install/lecture2/lib/lecture2/cpp_node_test" to ""
[4.643s] -- Up-to-date: /home/aitthikit/Memekhos_ws/install/lecture2/share/lecture2
[4.643s] -- Installing: /home/aitthikit/Memekhos_ws/install/lecture2/share/ament_index/resource_index/package_run_dependencies/lecture2
[4.643s] -- Installing: /home/aitthikit/Memekhos_ws/install/lecture2/share/ament_index/resource_index/parent_prefix_path/lecture2
[4.643s] -- Installing: /home/aitthikit/Memekhos_ws/install/lecture2/share/lecture2/environment/ament_prefix_path.sh
[4.643s] -- Installing: /home/aitthikit/Memekhos_ws/install/lecture2/share/lecture2/environment/ament_prefix_path.dsv
[4.644s] -- Installing: /home/aitthikit/Memekhos_ws/install/lecture2/share/lecture2/environment/path.sh
[4.644s] -- Installing: /home/aitthikit/Memekhos_ws/install/lecture2/share/lecture2/environment/path.dsv
[4.644s] -- Installing: /home/aitthikit/Memekhos_ws/install/lecture2/share/lecture2/local_setup.bash
[4.644s] -- Installing: /home/aitthikit/Memekhos_ws/install/lecture2/share/lecture2/local_setup.sh
[4.644s] -- Installing: /home/aitthikit/Memekhos_ws/install/lecture2/share/lecture2/local_setup.zsh
[4.644s] -- Installing: /home/aitthikit/Memekhos_ws/install/lecture2/share/lecture2/local_setup.dsv
[4.644s] -- Installing: /home/aitthikit/Memekhos_ws/install/lecture2/share/lecture2/package.dsv
[4.645s] -- Installing: /home/aitthikit/Memekhos_ws/install/lecture2/share/ament_index/resource_index/packages/lecture2
[4.645s] -- Installing: /home/aitthikit/Memekhos_ws/install/lecture2/share/lecture2/cmake/lecture2Config.cmake
[4.645s] -- Installing: /home/aitthikit/Memekhos_ws/install/lecture2/share/lecture2/cmake/lecture2Config-version.cmake
[4.645s] -- Installing: /home/aitthikit/Memekhos_ws/install/lecture2/share/lecture2/package.xml
[4.651s] Invoked command in '/home/aitthikit/Memekhos_ws/build/lecture2' returned '0': CMAKE_PREFIX_PATH=${CMAKE_PREFIX_PATH}:/home/aitthikit/Memekhos_ws/install/launch_testing_examples:/home/aitthikit/Memekhos_ws/install/examples_rclpy_pointcloud_publisher:/home/aitthikit/Memekhos_ws/install/examples_rclpy_minimal_subscriber:/home/aitthikit/Memekhos_ws/install/examples_rclpy_minimal_service:/home/aitthikit/Memekhos_ws/install/examples_rclpy_minimal_publisher:/home/aitthikit/Memekhos_ws/install/examples_rclpy_minimal_client:/home/aitthikit/Memekhos_ws/install/examples_rclpy_minimal_action_server:/home/aitthikit/Memekhos_ws/install/examples_rclpy_minimal_action_client:/home/aitthikit/Memekhos_ws/install/examples_rclpy_guard_conditions:/home/aitthikit/Memekhos_ws/install/examples_rclpy_executors:/opt/ros/humble /usr/bin/cmake --install /home/aitthikit/Memekhos_ws/build/lecture2
