[2.869s] Invoking command in '/home/aitthikit/Memekhos_ws/src/examples/rclpy/executors': PYTHONPATH=/home/aitthikit/Memekhos_ws/build/examples_rclpy_executors/prefix_override:/usr/lib/python3/dist-packages/colcon_core/task/python/colcon_distutils_commands:/home/aitthikit/Memekhos_ws/install/examples_rclpy_executors/lib/python3.10/site-packages:${PYTHONPATH} /usr/bin/python3 -W ignore:setup.py install is deprecated setup.py egg_info --egg-base ../../../../build/examples_rclpy_executors build --build-base /home/aitthikit/Memekhos_ws/build/examples_rclpy_executors/build install --record /home/aitthikit/Memekhos_ws/build/examples_rclpy_executors/install.log --single-version-externally-managed install_data
[3.995s] running egg_info
[3.996s] creating ../../../../build/examples_rclpy_executors/examples_rclpy_executors.egg-info
[3.996s] writing ../../../../build/examples_rclpy_executors/examples_rclpy_executors.egg-info/PKG-INFO
[3.997s] writing dependency_links to ../../../../build/examples_rclpy_executors/examples_rclpy_executors.egg-info/dependency_links.txt
[3.997s] writing entry points to ../../../../build/examples_rclpy_executors/examples_rclpy_executors.egg-info/entry_points.txt
[3.997s] writing requirements to ../../../../build/examples_rclpy_executors/examples_rclpy_executors.egg-info/requires.txt
[3.997s] writing top-level names to ../../../../build/examples_rclpy_executors/examples_rclpy_executors.egg-info/top_level.txt
[3.998s] writing manifest file '../../../../build/examples_rclpy_executors/examples_rclpy_executors.egg-info/SOURCES.txt'
[4.001s] reading manifest file '../../../../build/examples_rclpy_executors/examples_rclpy_executors.egg-info/SOURCES.txt'
[4.002s] writing manifest file '../../../../build/examples_rclpy_executors/examples_rclpy_executors.egg-info/SOURCES.txt'
[4.002s] running build
[4.036s] running build_py
[4.036s] creating /home/aitthikit/Memekhos_ws/build/examples_rclpy_executors/build
[4.037s] creating /home/aitthikit/Memekhos_ws/build/examples_rclpy_executors/build/lib
[4.037s] creating /home/aitthikit/Memekhos_ws/build/examples_rclpy_executors/build/lib/examples_rclpy_executors
[4.037s] copying examples_rclpy_executors/talker.py -> /home/aitthikit/Memekhos_ws/build/examples_rclpy_executors/build/lib/examples_rclpy_executors
[4.037s] copying examples_rclpy_executors/custom_executor.py -> /home/aitthikit/Memekhos_ws/build/examples_rclpy_executors/build/lib/examples_rclpy_executors
[4.037s] copying examples_rclpy_executors/listener.py -> /home/aitthikit/Memekhos_ws/build/examples_rclpy_executors/build/lib/examples_rclpy_executors
[4.037s] copying examples_rclpy_executors/__init__.py -> /home/aitthikit/Memekhos_ws/build/examples_rclpy_executors/build/lib/examples_rclpy_executors
[4.037s] copying examples_rclpy_executors/custom_callback_group.py -> /home/aitthikit/Memekhos_ws/build/examples_rclpy_executors/build/lib/examples_rclpy_executors
[4.038s] copying examples_rclpy_executors/composed.py -> /home/aitthikit/Memekhos_ws/build/examples_rclpy_executors/build/lib/examples_rclpy_executors
[4.038s] copying examples_rclpy_executors/callback_group.py -> /home/aitthikit/Memekhos_ws/build/examples_rclpy_executors/build/lib/examples_rclpy_executors
[4.038s] running install
[4.039s] running install_lib
[4.040s] creating /home/aitthikit/Memekhos_ws/install/examples_rclpy_executors/lib/python3.10/site-packages/examples_rclpy_executors
[4.040s] copying /home/aitthikit/Memekhos_ws/build/examples_rclpy_executors/build/lib/examples_rclpy_executors/talker.py -> /home/aitthikit/Memekhos_ws/install/examples_rclpy_executors/lib/python3.10/site-packages/examples_rclpy_executors
[4.040s] copying /home/aitthikit/Memekhos_ws/build/examples_rclpy_executors/build/lib/examples_rclpy_executors/custom_executor.py -> /home/aitthikit/Memekhos_ws/install/examples_rclpy_executors/lib/python3.10/site-packages/examples_rclpy_executors
[4.041s] copying /home/aitthikit/Memekhos_ws/build/examples_rclpy_executors/build/lib/examples_rclpy_executors/listener.py -> /home/aitthikit/Memekhos_ws/install/examples_rclpy_executors/lib/python3.10/site-packages/examples_rclpy_executors
[4.041s] copying /home/aitthikit/Memekhos_ws/build/examples_rclpy_executors/build/lib/examples_rclpy_executors/__init__.py -> /home/aitthikit/Memekhos_ws/install/examples_rclpy_executors/lib/python3.10/site-packages/examples_rclpy_executors
[4.041s] copying /home/aitthikit/Memekhos_ws/build/examples_rclpy_executors/build/lib/examples_rclpy_executors/custom_callback_group.py -> /home/aitthikit/Memekhos_ws/install/examples_rclpy_executors/lib/python3.10/site-packages/examples_rclpy_executors
[4.041s] copying /home/aitthikit/Memekhos_ws/build/examples_rclpy_executors/build/lib/examples_rclpy_executors/composed.py -> /home/aitthikit/Memekhos_ws/install/examples_rclpy_executors/lib/python3.10/site-packages/examples_rclpy_executors
[4.041s] copying /home/aitthikit/Memekhos_ws/build/examples_rclpy_executors/build/lib/examples_rclpy_executors/callback_group.py -> /home/aitthikit/Memekhos_ws/install/examples_rclpy_executors/lib/python3.10/site-packages/examples_rclpy_executors
[4.052s] byte-compiling /home/aitthikit/Memekhos_ws/install/examples_rclpy_executors/lib/python3.10/site-packages/examples_rclpy_executors/talker.py to talker.cpython-310.pyc
[4.053s] byte-compiling /home/aitthikit/Memekhos_ws/install/examples_rclpy_executors/lib/python3.10/site-packages/examples_rclpy_executors/custom_executor.py to custom_executor.cpython-310.pyc
[4.054s] byte-compiling /home/aitthikit/Memekhos_ws/install/examples_rclpy_executors/lib/python3.10/site-packages/examples_rclpy_executors/listener.py to listener.cpython-310.pyc
[4.055s] byte-compiling /home/aitthikit/Memekhos_ws/install/examples_rclpy_executors/lib/python3.10/site-packages/examples_rclpy_executors/__init__.py to __init__.cpython-310.pyc
[4.055s] byte-compiling /home/aitthikit/Memekhos_ws/install/examples_rclpy_executors/lib/python3.10/site-packages/examples_rclpy_executors/custom_callback_group.py to custom_callback_group.cpython-310.pyc
[4.056s] byte-compiling /home/aitthikit/Memekhos_ws/install/examples_rclpy_executors/lib/python3.10/site-packages/examples_rclpy_executors/composed.py to composed.cpython-310.pyc
[4.056s] byte-compiling /home/aitthikit/Memekhos_ws/install/examples_rclpy_executors/lib/python3.10/site-packages/examples_rclpy_executors/callback_group.py to callback_group.cpython-310.pyc
[4.057s] running install_data
[4.057s] creating /home/aitthikit/Memekhos_ws/install/examples_rclpy_executors/share/ament_index
[4.058s] creating /home/aitthikit/Memekhos_ws/install/examples_rclpy_executors/share/ament_index/resource_index
[4.058s] creating /home/aitthikit/Memekhos_ws/install/examples_rclpy_executors/share/ament_index/resource_index/packages
[4.058s] copying resource/examples_rclpy_executors -> /home/aitthikit/Memekhos_ws/install/examples_rclpy_executors/share/ament_index/resource_index/packages
[4.063s] copying package.xml -> /home/aitthikit/Memekhos_ws/install/examples_rclpy_executors/share/examples_rclpy_executors
[4.063s] running install_egg_info
[4.066s] Copying ../../../../build/examples_rclpy_executors/examples_rclpy_executors.egg-info to /home/aitthikit/Memekhos_ws/install/examples_rclpy_executors/lib/python3.10/site-packages/examples_rclpy_executors-0.15.2-py3.10.egg-info
[4.092s] running install_scripts
[4.162s] Installing callback_group script to /home/aitthikit/Memekhos_ws/install/examples_rclpy_executors/lib/examples_rclpy_executors
[4.162s] Installing composed script to /home/aitthikit/Memekhos_ws/install/examples_rclpy_executors/lib/examples_rclpy_executors
[4.162s] Installing custom_callback_group script to /home/aitthikit/Memekhos_ws/install/examples_rclpy_executors/lib/examples_rclpy_executors
[4.162s] Installing custom_executor script to /home/aitthikit/Memekhos_ws/install/examples_rclpy_executors/lib/examples_rclpy_executors
[4.162s] Installing listener script to /home/aitthikit/Memekhos_ws/install/examples_rclpy_executors/lib/examples_rclpy_executors
[4.163s] Installing talker script to /home/aitthikit/Memekhos_ws/install/examples_rclpy_executors/lib/examples_rclpy_executors
[4.163s] writing list of installed files to '/home/aitthikit/Memekhos_ws/build/examples_rclpy_executors/install.log'
[5.044s] Invoked command in '/home/aitthikit/Memekhos_ws/src/examples/rclpy/executors' returned '0': PYTHONPATH=/home/aitthikit/Memekhos_ws/build/examples_rclpy_executors/prefix_override:/usr/lib/python3/dist-packages/colcon_core/task/python/colcon_distutils_commands:/home/aitthikit/Memekhos_ws/install/examples_rclpy_executors/lib/python3.10/site-packages:${PYTHONPATH} /usr/bin/python3 -W ignore:setup.py install is deprecated setup.py egg_info --egg-base ../../../../build/examples_rclpy_executors build --build-base /home/aitthikit/Memekhos_ws/build/examples_rclpy_executors/build install --record /home/aitthikit/Memekhos_ws/build/examples_rclpy_executors/install.log --single-version-externally-managed install_data
