[0.036s] Invoking command in '/home/aitthikit/Memekhos_ws/build/lab1_interface': CMAKE_PREFIX_PATH=${CMAKE_PREFIX_PATH}:/home/aitthikit/Memekhos_ws/install/launch_testing_examples:/home/aitthikit/Memekhos_ws/install/examples_rclpy_pointcloud_publisher:/home/aitthikit/Memekhos_ws/install/examples_rclpy_minimal_subscriber:/home/aitthikit/Memekhos_ws/install/examples_rclpy_minimal_service:/home/aitthikit/Memekhos_ws/install/examples_rclpy_minimal_publisher:/home/aitthikit/Memekhos_ws/install/examples_rclpy_minimal_client:/home/aitthikit/Memekhos_ws/install/examples_rclpy_minimal_action_server:/home/aitthikit/Memekhos_ws/install/examples_rclpy_minimal_action_client:/home/aitthikit/Memekhos_ws/install/examples_rclpy_guard_conditions:/home/aitthikit/Memekhos_ws/install/examples_rclpy_executors:/opt/ros/humble /usr/bin/cmake --build /home/aitthikit/Memekhos_ws/build/lab1_interface -- -j12 -l12
[0.142s] [  9%] Built target lab1_interface__rosidl_generator_c
[0.213s] [ 12%] Built target lab1_interface__cpp
[0.241s] [ 12%] Built target ament_cmake_python_copy_lab1_interface
[0.254s] [ 22%] Built target lab1_interface__rosidl_typesupport_introspection_c
[0.260s] [ 32%] Built target lab1_interface__rosidl_typesupport_c
[0.276s] [ 41%] Built target lab1_interface__rosidl_typesupport_fastrtps_c
[0.362s] [ 61%] Built target lab1_interface__rosidl_typesupport_cpp
[0.362s] [ 61%] Built target lab1_interface__rosidl_typesupport_fastrtps_cpp
[0.378s] [ 70%] Built target lab1_interface__rosidl_typesupport_introspection_cpp
[0.404s] [ 70%] Built target lab1_interface
[0.426s] [ 74%] Built target lab1_interface__py
[0.450s] [ 80%] Built target lab1_interface__rosidl_generator_py
[0.475s] [ 93%] Built target lab1_interface__rosidl_typesupport_fastrtps_c__pyext
[0.475s] [ 93%] Built target lab1_interface__rosidl_typesupport_introspection_c__pyext
[0.476s] [100%] Built target lab1_interface__rosidl_typesupport_c__pyext
[0.644s] running egg_info
[0.646s] writing lab1_interface.egg-info/PKG-INFO
[0.647s] writing dependency_links to lab1_interface.egg-info/dependency_links.txt
[0.647s] writing top-level names to lab1_interface.egg-info/top_level.txt
[0.652s] reading manifest file 'lab1_interface.egg-info/SOURCES.txt'
[0.653s] writing manifest file 'lab1_interface.egg-info/SOURCES.txt'
[0.699s] [100%] Built target ament_cmake_python_build_lab1_interface_egg
[0.716s] Invoked command in '/home/aitthikit/Memekhos_ws/build/lab1_interface' returned '0': CMAKE_PREFIX_PATH=${CMAKE_PREFIX_PATH}:/home/aitthikit/Memekhos_ws/install/launch_testing_examples:/home/aitthikit/Memekhos_ws/install/examples_rclpy_pointcloud_publisher:/home/aitthikit/Memekhos_ws/install/examples_rclpy_minimal_subscriber:/home/aitthikit/Memekhos_ws/install/examples_rclpy_minimal_service:/home/aitthikit/Memekhos_ws/install/examples_rclpy_minimal_publisher:/home/aitthikit/Memekhos_ws/install/examples_rclpy_minimal_client:/home/aitthikit/Memekhos_ws/install/examples_rclpy_minimal_action_server:/home/aitthikit/Memekhos_ws/install/examples_rclpy_minimal_action_client:/home/aitthikit/Memekhos_ws/install/examples_rclpy_guard_conditions:/home/aitthikit/Memekhos_ws/install/examples_rclpy_executors:/opt/ros/humble /usr/bin/cmake --build /home/aitthikit/Memekhos_ws/build/lab1_interface -- -j12 -l12
[0.817s] Invoking command in '/home/aitthikit/Memekhos_ws/build/lab1_interface': CMAKE_PREFIX_PATH=${CMAKE_PREFIX_PATH}:/home/aitthikit/Memekhos_ws/install/launch_testing_examples:/home/aitthikit/Memekhos_ws/install/examples_rclpy_pointcloud_publisher:/home/aitthikit/Memekhos_ws/install/examples_rclpy_minimal_subscriber:/home/aitthikit/Memekhos_ws/install/examples_rclpy_minimal_service:/home/aitthikit/Memekhos_ws/install/examples_rclpy_minimal_publisher:/home/aitthikit/Memekhos_ws/install/examples_rclpy_minimal_client:/home/aitthikit/Memekhos_ws/install/examples_rclpy_minimal_action_server:/home/aitthikit/Memekhos_ws/install/examples_rclpy_minimal_action_client:/home/aitthikit/Memekhos_ws/install/examples_rclpy_guard_conditions:/home/aitthikit/Memekhos_ws/install/examples_rclpy_executors:/opt/ros/humble /usr/bin/cmake --install /home/aitthikit/Memekhos_ws/build/lab1_interface
[0.830s] -- Install configuration: ""
[0.830s] -- Up-to-date: /home/aitthikit/Memekhos_ws/install/lab1_interface/share/ament_index/resource_index/rosidl_interfaces/lab1_interface
[0.830s] -- Up-to-date: /home/aitthikit/Memekhos_ws/install/lab1_interface/include/lab1_interface/lab1_interface
[0.830s] -- Up-to-date: /home/aitthikit/Memekhos_ws/install/lab1_interface/include/lab1_interface/lab1_interface/srv
[0.830s] -- Up-to-date: /home/aitthikit/Memekhos_ws/install/lab1_interface/include/lab1_interface/lab1_interface/srv/detail
[0.830s] -- Up-to-date: /home/aitthikit/Memekhos_ws/install/lab1_interface/include/lab1_interface/lab1_interface/srv/detail/set_noise__type_support.h
[0.830s] -- Up-to-date: /home/aitthikit/Memekhos_ws/install/lab1_interface/include/lab1_interface/lab1_interface/srv/detail/set_noise__functions.h
[0.830s] -- Up-to-date: /home/aitthikit/Memekhos_ws/install/lab1_interface/include/lab1_interface/lab1_interface/srv/detail/set_noise__struct.h
[0.831s] -- Up-to-date: /home/aitthikit/Memekhos_ws/install/lab1_interface/include/lab1_interface/lab1_interface/srv/detail/set_noise__functions.c
[0.831s] -- Up-to-date: /home/aitthikit/Memekhos_ws/install/lab1_interface/include/lab1_interface/lab1_interface/srv/set_noise.h
[0.831s] -- Up-to-date: /home/aitthikit/Memekhos_ws/install/lab1_interface/include/lab1_interface/lab1_interface/msg
[0.831s] -- Up-to-date: /home/aitthikit/Memekhos_ws/install/lab1_interface/include/lab1_interface/lab1_interface/msg/rosidl_generator_c__visibility_control.h
[0.831s] -- Up-to-date: /home/aitthikit/Memekhos_ws/install/lab1_interface/share/lab1_interface/environment/library_path.sh
[0.831s] -- Up-to-date: /home/aitthikit/Memekhos_ws/install/lab1_interface/share/lab1_interface/environment/library_path.dsv
[0.831s] -- Up-to-date: /home/aitthikit/Memekhos_ws/install/lab1_interface/lib/liblab1_interface__rosidl_generator_c.so
[0.831s] -- Up-to-date: /home/aitthikit/Memekhos_ws/install/lab1_interface/include/lab1_interface/lab1_interface
[0.831s] -- Up-to-date: /home/aitthikit/Memekhos_ws/install/lab1_interface/include/lab1_interface/lab1_interface/srv
[0.832s] -- Up-to-date: /home/aitthikit/Memekhos_ws/install/lab1_interface/include/lab1_interface/lab1_interface/srv/detail
[0.832s] -- Up-to-date: /home/aitthikit/Memekhos_ws/install/lab1_interface/include/lab1_interface/lab1_interface/srv/detail/set_noise__rosidl_typesupport_fastrtps_c.h
[0.832s] -- Up-to-date: /home/aitthikit/Memekhos_ws/install/lab1_interface/include/lab1_interface/lab1_interface/msg
[0.832s] -- Up-to-date: /home/aitthikit/Memekhos_ws/install/lab1_interface/include/lab1_interface/lab1_interface/msg/rosidl_typesupport_fastrtps_c__visibility_control.h
[0.832s] -- Up-to-date: /home/aitthikit/Memekhos_ws/install/lab1_interface/lib/liblab1_interface__rosidl_typesupport_fastrtps_c.so
[0.832s] -- Up-to-date: /home/aitthikit/Memekhos_ws/install/lab1_interface/include/lab1_interface/lab1_interface
[0.832s] -- Up-to-date: /home/aitthikit/Memekhos_ws/install/lab1_interface/include/lab1_interface/lab1_interface/srv
[0.832s] -- Up-to-date: /home/aitthikit/Memekhos_ws/install/lab1_interface/include/lab1_interface/lab1_interface/srv/detail
[0.833s] -- Up-to-date: /home/aitthikit/Memekhos_ws/install/lab1_interface/include/lab1_interface/lab1_interface/srv/detail/set_noise__traits.hpp
[0.833s] -- Up-to-date: /home/aitthikit/Memekhos_ws/install/lab1_interface/include/lab1_interface/lab1_interface/srv/detail/set_noise__struct.hpp
[0.833s] -- Up-to-date: /home/aitthikit/Memekhos_ws/install/lab1_interface/include/lab1_interface/lab1_interface/srv/detail/set_noise__builder.hpp
[0.833s] -- Up-to-date: /home/aitthikit/Memekhos_ws/install/lab1_interface/include/lab1_interface/lab1_interface/srv/set_noise.hpp
[0.833s] -- Up-to-date: /home/aitthikit/Memekhos_ws/install/lab1_interface/include/lab1_interface/lab1_interface
[0.833s] -- Up-to-date: /home/aitthikit/Memekhos_ws/install/lab1_interface/include/lab1_interface/lab1_interface/srv
[0.833s] -- Up-to-date: /home/aitthikit/Memekhos_ws/install/lab1_interface/include/lab1_interface/lab1_interface/srv/detail
[0.833s] -- Up-to-date: /home/aitthikit/Memekhos_ws/install/lab1_interface/include/lab1_interface/lab1_interface/srv/detail/set_noise__rosidl_typesupport_fastrtps_cpp.hpp
[0.833s] -- Up-to-date: /home/aitthikit/Memekhos_ws/install/lab1_interface/include/lab1_interface/lab1_interface/srv/detail/dds_fastrtps
[0.833s] -- Up-to-date: /home/aitthikit/Memekhos_ws/install/lab1_interface/include/lab1_interface/lab1_interface/msg
[0.834s] -- Up-to-date: /home/aitthikit/Memekhos_ws/install/lab1_interface/include/lab1_interface/lab1_interface/msg/rosidl_typesupport_fastrtps_cpp__visibility_control.h
[0.834s] -- Up-to-date: /home/aitthikit/Memekhos_ws/install/lab1_interface/lib/liblab1_interface__rosidl_typesupport_fastrtps_cpp.so
[0.834s] -- Up-to-date: /home/aitthikit/Memekhos_ws/install/lab1_interface/include/lab1_interface/lab1_interface
[0.834s] -- Up-to-date: /home/aitthikit/Memekhos_ws/install/lab1_interface/include/lab1_interface/lab1_interface/srv
[0.834s] -- Up-to-date: /home/aitthikit/Memekhos_ws/install/lab1_interface/include/lab1_interface/lab1_interface/srv/detail
[0.834s] -- Up-to-date: /home/aitthikit/Memekhos_ws/install/lab1_interface/include/lab1_interface/lab1_interface/srv/detail/set_noise__type_support.c
[0.835s] -- Up-to-date: /home/aitthikit/Memekhos_ws/install/lab1_interface/include/lab1_interface/lab1_interface/srv/detail/set_noise__rosidl_typesupport_introspection_c.h
[0.835s] -- Up-to-date: /home/aitthikit/Memekhos_ws/install/lab1_interface/include/lab1_interface/lab1_interface/msg
[0.835s] -- Up-to-date: /home/aitthikit/Memekhos_ws/install/lab1_interface/include/lab1_interface/lab1_interface/msg/rosidl_typesupport_introspection_c__visibility_control.h
[0.835s] -- Up-to-date: /home/aitthikit/Memekhos_ws/install/lab1_interface/lib/liblab1_interface__rosidl_typesupport_introspection_c.so
[0.835s] -- Up-to-date: /home/aitthikit/Memekhos_ws/install/lab1_interface/lib/liblab1_interface__rosidl_typesupport_c.so
[0.835s] -- Up-to-date: /home/aitthikit/Memekhos_ws/install/lab1_interface/include/lab1_interface/lab1_interface
[0.835s] -- Up-to-date: /home/aitthikit/Memekhos_ws/install/lab1_interface/include/lab1_interface/lab1_interface/srv
[0.836s] -- Up-to-date: /home/aitthikit/Memekhos_ws/install/lab1_interface/include/lab1_interface/lab1_interface/srv/detail
[0.836s] -- Up-to-date: /home/aitthikit/Memekhos_ws/install/lab1_interface/include/lab1_interface/lab1_interface/srv/detail/set_noise__type_support.cpp
[0.836s] -- Up-to-date: /home/aitthikit/Memekhos_ws/install/lab1_interface/include/lab1_interface/lab1_interface/srv/detail/set_noise__rosidl_typesupport_introspection_cpp.hpp
[0.836s] -- Up-to-date: /home/aitthikit/Memekhos_ws/install/lab1_interface/lib/liblab1_interface__rosidl_typesupport_introspection_cpp.so
[0.836s] -- Up-to-date: /home/aitthikit/Memekhos_ws/install/lab1_interface/lib/liblab1_interface__rosidl_typesupport_cpp.so
[0.836s] -- Up-to-date: /home/aitthikit/Memekhos_ws/install/lab1_interface/share/lab1_interface/environment/pythonpath.sh
[0.836s] -- Up-to-date: /home/aitthikit/Memekhos_ws/install/lab1_interface/share/lab1_interface/environment/pythonpath.dsv
[0.837s] -- Up-to-date: /home/aitthikit/Memekhos_ws/install/lab1_interface/local/lib/python3.10/dist-packages/lab1_interface-0.0.0-py3.10.egg-info
[0.837s] -- Installing: /home/aitthikit/Memekhos_ws/install/lab1_interface/local/lib/python3.10/dist-packages/lab1_interface-0.0.0-py3.10.egg-info/dependency_links.txt
[0.837s] -- Installing: /home/aitthikit/Memekhos_ws/install/lab1_interface/local/lib/python3.10/dist-packages/lab1_interface-0.0.0-py3.10.egg-info/SOURCES.txt
[0.837s] -- Installing: /home/aitthikit/Memekhos_ws/install/lab1_interface/local/lib/python3.10/dist-packages/lab1_interface-0.0.0-py3.10.egg-info/top_level.txt
[0.837s] -- Installing: /home/aitthikit/Memekhos_ws/install/lab1_interface/local/lib/python3.10/dist-packages/lab1_interface-0.0.0-py3.10.egg-info/PKG-INFO
[0.837s] -- Up-to-date: /home/aitthikit/Memekhos_ws/install/lab1_interface/local/lib/python3.10/dist-packages/lab1_interface
[0.838s] -- Up-to-date: /home/aitthikit/Memekhos_ws/install/lab1_interface/local/lib/python3.10/dist-packages/lab1_interface/lab1_interface_s__rosidl_typesupport_fastrtps_c.cpython-310-x86_64-linux-gnu.so
[0.838s] -- Up-to-date: /home/aitthikit/Memekhos_ws/install/lab1_interface/local/lib/python3.10/dist-packages/lab1_interface/lab1_interface_s__rosidl_typesupport_introspection_c.cpython-310-x86_64-linux-gnu.so
[0.838s] -- Up-to-date: /home/aitthikit/Memekhos_ws/install/lab1_interface/local/lib/python3.10/dist-packages/lab1_interface/_lab1_interface_s.ep.rosidl_typesupport_c.c
[0.838s] -- Up-to-date: /home/aitthikit/Memekhos_ws/install/lab1_interface/local/lib/python3.10/dist-packages/lab1_interface/lab1_interface_s__rosidl_typesupport_c.cpython-310-x86_64-linux-gnu.so
[0.838s] -- Up-to-date: /home/aitthikit/Memekhos_ws/install/lab1_interface/local/lib/python3.10/dist-packages/lab1_interface/srv
[0.838s] -- Up-to-date: /home/aitthikit/Memekhos_ws/install/lab1_interface/local/lib/python3.10/dist-packages/lab1_interface/srv/_set_noise_s.c
[0.838s] -- Up-to-date: /home/aitthikit/Memekhos_ws/install/lab1_interface/local/lib/python3.10/dist-packages/lab1_interface/srv/_set_noise.py
[0.838s] -- Up-to-date: /home/aitthikit/Memekhos_ws/install/lab1_interface/local/lib/python3.10/dist-packages/lab1_interface/srv/__init__.py
[0.838s] -- Up-to-date: /home/aitthikit/Memekhos_ws/install/lab1_interface/local/lib/python3.10/dist-packages/lab1_interface/_lab1_interface_s.ep.rosidl_typesupport_introspection_c.c
[0.838s] -- Up-to-date: /home/aitthikit/Memekhos_ws/install/lab1_interface/local/lib/python3.10/dist-packages/lab1_interface/__init__.py
[0.839s] -- Up-to-date: /home/aitthikit/Memekhos_ws/install/lab1_interface/local/lib/python3.10/dist-packages/lab1_interface/_lab1_interface_s.ep.rosidl_typesupport_fastrtps_c.c
[0.839s] -- Up-to-date: /home/aitthikit/Memekhos_ws/install/lab1_interface/local/lib/python3.10/dist-packages/lab1_interface/liblab1_interface__rosidl_generator_py.so
[0.901s] Listing '/home/aitthikit/Memekhos_ws/install/lab1_interface/local/lib/python3.10/dist-packages/lab1_interface'...
[0.901s] Listing '/home/aitthikit/Memekhos_ws/install/lab1_interface/local/lib/python3.10/dist-packages/lab1_interface/srv'...
[0.908s] -- Up-to-date: /home/aitthikit/Memekhos_ws/install/lab1_interface/local/lib/python3.10/dist-packages/lab1_interface/lab1_interface_s__rosidl_typesupport_fastrtps_c.cpython-310-x86_64-linux-gnu.so
[0.908s] -- Up-to-date: /home/aitthikit/Memekhos_ws/install/lab1_interface/local/lib/python3.10/dist-packages/lab1_interface/lab1_interface_s__rosidl_typesupport_introspection_c.cpython-310-x86_64-linux-gnu.so
[0.909s] -- Up-to-date: /home/aitthikit/Memekhos_ws/install/lab1_interface/local/lib/python3.10/dist-packages/lab1_interface/lab1_interface_s__rosidl_typesupport_c.cpython-310-x86_64-linux-gnu.so
[0.909s] -- Up-to-date: /home/aitthikit/Memekhos_ws/install/lab1_interface/lib/liblab1_interface__rosidl_generator_py.so
[0.910s] -- Up-to-date: /home/aitthikit/Memekhos_ws/install/lab1_interface/share/lab1_interface/srv/SetNoise.idl
[0.910s] -- Up-to-date: /home/aitthikit/Memekhos_ws/install/lab1_interface/share/lab1_interface/srv/SetNoise.srv
[0.910s] -- Up-to-date: /home/aitthikit/Memekhos_ws/install/lab1_interface/share/lab1_interface/srv/SetNoise_Request.msg
[0.910s] -- Up-to-date: /home/aitthikit/Memekhos_ws/install/lab1_interface/share/lab1_interface/srv/SetNoise_Response.msg
[0.910s] -- Up-to-date: /home/aitthikit/Memekhos_ws/install/lab1_interface/share/ament_index/resource_index/package_run_dependencies/lab1_interface
[0.911s] -- Up-to-date: /home/aitthikit/Memekhos_ws/install/lab1_interface/share/ament_index/resource_index/parent_prefix_path/lab1_interface
[0.911s] -- Up-to-date: /home/aitthikit/Memekhos_ws/install/lab1_interface/share/lab1_interface/environment/ament_prefix_path.sh
[0.911s] -- Up-to-date: /home/aitthikit/Memekhos_ws/install/lab1_interface/share/lab1_interface/environment/ament_prefix_path.dsv
[0.911s] -- Up-to-date: /home/aitthikit/Memekhos_ws/install/lab1_interface/share/lab1_interface/environment/path.sh
[0.911s] -- Up-to-date: /home/aitthikit/Memekhos_ws/install/lab1_interface/share/lab1_interface/environment/path.dsv
[0.911s] -- Up-to-date: /home/aitthikit/Memekhos_ws/install/lab1_interface/share/lab1_interface/local_setup.bash
[0.911s] -- Up-to-date: /home/aitthikit/Memekhos_ws/install/lab1_interface/share/lab1_interface/local_setup.sh
[0.912s] -- Up-to-date: /home/aitthikit/Memekhos_ws/install/lab1_interface/share/lab1_interface/local_setup.zsh
[0.912s] -- Up-to-date: /home/aitthikit/Memekhos_ws/install/lab1_interface/share/lab1_interface/local_setup.dsv
[0.912s] -- Installing: /home/aitthikit/Memekhos_ws/install/lab1_interface/share/lab1_interface/package.dsv
[0.912s] -- Up-to-date: /home/aitthikit/Memekhos_ws/install/lab1_interface/share/ament_index/resource_index/packages/lab1_interface
[0.912s] -- Up-to-date: /home/aitthikit/Memekhos_ws/install/lab1_interface/share/lab1_interface/cmake/export_lab1_interface__rosidl_generator_cExport.cmake
[0.912s] -- Up-to-date: /home/aitthikit/Memekhos_ws/install/lab1_interface/share/lab1_interface/cmake/export_lab1_interface__rosidl_generator_cExport-noconfig.cmake
[0.912s] -- Up-to-date: /home/aitthikit/Memekhos_ws/install/lab1_interface/share/lab1_interface/cmake/export_lab1_interface__rosidl_typesupport_fastrtps_cExport.cmake
[0.913s] -- Up-to-date: /home/aitthikit/Memekhos_ws/install/lab1_interface/share/lab1_interface/cmake/export_lab1_interface__rosidl_typesupport_fastrtps_cExport-noconfig.cmake
[0.913s] -- Up-to-date: /home/aitthikit/Memekhos_ws/install/lab1_interface/share/lab1_interface/cmake/export_lab1_interface__rosidl_generator_cppExport.cmake
[0.913s] -- Up-to-date: /home/aitthikit/Memekhos_ws/install/lab1_interface/share/lab1_interface/cmake/export_lab1_interface__rosidl_typesupport_fastrtps_cppExport.cmake
[0.913s] -- Up-to-date: /home/aitthikit/Memekhos_ws/install/lab1_interface/share/lab1_interface/cmake/export_lab1_interface__rosidl_typesupport_fastrtps_cppExport-noconfig.cmake
[0.913s] -- Up-to-date: /home/aitthikit/Memekhos_ws/install/lab1_interface/share/lab1_interface/cmake/lab1_interface__rosidl_typesupport_introspection_cExport.cmake
[0.913s] -- Up-to-date: /home/aitthikit/Memekhos_ws/install/lab1_interface/share/lab1_interface/cmake/lab1_interface__rosidl_typesupport_introspection_cExport-noconfig.cmake
[0.914s] -- Up-to-date: /home/aitthikit/Memekhos_ws/install/lab1_interface/share/lab1_interface/cmake/lab1_interface__rosidl_typesupport_cExport.cmake
[0.914s] -- Up-to-date: /home/aitthikit/Memekhos_ws/install/lab1_interface/share/lab1_interface/cmake/lab1_interface__rosidl_typesupport_cExport-noconfig.cmake
[0.914s] -- Up-to-date: /home/aitthikit/Memekhos_ws/install/lab1_interface/share/lab1_interface/cmake/lab1_interface__rosidl_typesupport_introspection_cppExport.cmake
[0.914s] -- Up-to-date: /home/aitthikit/Memekhos_ws/install/lab1_interface/share/lab1_interface/cmake/lab1_interface__rosidl_typesupport_introspection_cppExport-noconfig.cmake
[0.914s] -- Up-to-date: /home/aitthikit/Memekhos_ws/install/lab1_interface/share/lab1_interface/cmake/lab1_interface__rosidl_typesupport_cppExport.cmake
[0.914s] -- Up-to-date: /home/aitthikit/Memekhos_ws/install/lab1_interface/share/lab1_interface/cmake/lab1_interface__rosidl_typesupport_cppExport-noconfig.cmake
[0.914s] -- Up-to-date: /home/aitthikit/Memekhos_ws/install/lab1_interface/share/lab1_interface/cmake/export_lab1_interface__rosidl_generator_pyExport.cmake
[0.914s] -- Up-to-date: /home/aitthikit/Memekhos_ws/install/lab1_interface/share/lab1_interface/cmake/export_lab1_interface__rosidl_generator_pyExport-noconfig.cmake
[0.914s] -- Up-to-date: /home/aitthikit/Memekhos_ws/install/lab1_interface/share/lab1_interface/cmake/rosidl_cmake-extras.cmake
[0.915s] -- Up-to-date: /home/aitthikit/Memekhos_ws/install/lab1_interface/share/lab1_interface/cmake/ament_cmake_export_dependencies-extras.cmake
[0.915s] -- Up-to-date: /home/aitthikit/Memekhos_ws/install/lab1_interface/share/lab1_interface/cmake/ament_cmake_export_include_directories-extras.cmake
[0.915s] -- Up-to-date: /home/aitthikit/Memekhos_ws/install/lab1_interface/share/lab1_interface/cmake/ament_cmake_export_libraries-extras.cmake
[0.915s] -- Up-to-date: /home/aitthikit/Memekhos_ws/install/lab1_interface/share/lab1_interface/cmake/ament_cmake_export_targets-extras.cmake
[0.915s] -- Up-to-date: /home/aitthikit/Memekhos_ws/install/lab1_interface/share/lab1_interface/cmake/rosidl_cmake_export_typesupport_targets-extras.cmake
[0.915s] -- Up-to-date: /home/aitthikit/Memekhos_ws/install/lab1_interface/share/lab1_interface/cmake/rosidl_cmake_export_typesupport_libraries-extras.cmake
[0.915s] -- Up-to-date: /home/aitthikit/Memekhos_ws/install/lab1_interface/share/lab1_interface/cmake/lab1_interfaceConfig.cmake
[0.915s] -- Up-to-date: /home/aitthikit/Memekhos_ws/install/lab1_interface/share/lab1_interface/cmake/lab1_interfaceConfig-version.cmake
[0.915s] -- Up-to-date: /home/aitthikit/Memekhos_ws/install/lab1_interface/share/lab1_interface/package.xml
[0.917s] Invoked command in '/home/aitthikit/Memekhos_ws/build/lab1_interface' returned '0': CMAKE_PREFIX_PATH=${CMAKE_PREFIX_PATH}:/home/aitthikit/Memekhos_ws/install/launch_testing_examples:/home/aitthikit/Memekhos_ws/install/examples_rclpy_pointcloud_publisher:/home/aitthikit/Memekhos_ws/install/examples_rclpy_minimal_subscriber:/home/aitthikit/Memekhos_ws/install/examples_rclpy_minimal_service:/home/aitthikit/Memekhos_ws/install/examples_rclpy_minimal_publisher:/home/aitthikit/Memekhos_ws/install/examples_rclpy_minimal_client:/home/aitthikit/Memekhos_ws/install/examples_rclpy_minimal_action_server:/home/aitthikit/Memekhos_ws/install/examples_rclpy_minimal_action_client:/home/aitthikit/Memekhos_ws/install/examples_rclpy_guard_conditions:/home/aitthikit/Memekhos_ws/install/examples_rclpy_executors:/opt/ros/humble /usr/bin/cmake --install /home/aitthikit/Memekhos_ws/build/lab1_interface
