[2.346s] Invoking command in '/home/aitthikit/Memekhos_ws/src/examples/rclpy/services/minimal_client': PYTHONPATH=/home/aitthikit/Memekhos_ws/build/examples_rclpy_minimal_client/prefix_override:/usr/lib/python3/dist-packages/colcon_core/task/python/colcon_distutils_commands:/home/aitthikit/Memekhos_ws/install/examples_rclpy_minimal_client/lib/python3.10/site-packages:${PYTHONPATH} /usr/bin/python3 -W ignore:setup.py install is deprecated setup.py egg_info --egg-base ../../../../../build/examples_rclpy_minimal_client build --build-base /home/aitthikit/Memekhos_ws/build/examples_rclpy_minimal_client/build install --record /home/aitthikit/Memekhos_ws/build/examples_rclpy_minimal_client/install.log --single-version-externally-managed install_data
[2.754s] running egg_info
[2.755s] writing ../../../../../build/examples_rclpy_minimal_client/examples_rclpy_minimal_client.egg-info/PKG-INFO
[2.756s] writing dependency_links to ../../../../../build/examples_rclpy_minimal_client/examples_rclpy_minimal_client.egg-info/dependency_links.txt
[2.756s] writing entry points to ../../../../../build/examples_rclpy_minimal_client/examples_rclpy_minimal_client.egg-info/entry_points.txt
[2.756s] writing requirements to ../../../../../build/examples_rclpy_minimal_client/examples_rclpy_minimal_client.egg-info/requires.txt
[2.756s] writing top-level names to ../../../../../build/examples_rclpy_minimal_client/examples_rclpy_minimal_client.egg-info/top_level.txt
[2.759s] reading manifest file '../../../../../build/examples_rclpy_minimal_client/examples_rclpy_minimal_client.egg-info/SOURCES.txt'
[2.761s] writing manifest file '../../../../../build/examples_rclpy_minimal_client/examples_rclpy_minimal_client.egg-info/SOURCES.txt'
[2.761s] running build
[2.761s] running build_py
[2.761s] running install
[2.762s] running install_lib
[2.764s] running install_data
[2.765s] running install_egg_info
[2.768s] removing '/home/aitthikit/Memekhos_ws/install/examples_rclpy_minimal_client/lib/python3.10/site-packages/examples_rclpy_minimal_client-0.15.2-py3.10.egg-info' (and everything under it)
[2.769s] Copying ../../../../../build/examples_rclpy_minimal_client/examples_rclpy_minimal_client.egg-info to /home/aitthikit/Memekhos_ws/install/examples_rclpy_minimal_client/lib/python3.10/site-packages/examples_rclpy_minimal_client-0.15.2-py3.10.egg-info
[2.771s] running install_scripts
[2.809s] Installing client script to /home/aitthikit/Memekhos_ws/install/examples_rclpy_minimal_client/lib/examples_rclpy_minimal_client
[2.809s] Installing client_async script to /home/aitthikit/Memekhos_ws/install/examples_rclpy_minimal_client/lib/examples_rclpy_minimal_client
[2.809s] Installing client_async_callback script to /home/aitthikit/Memekhos_ws/install/examples_rclpy_minimal_client/lib/examples_rclpy_minimal_client
[2.809s] Installing client_async_member_function script to /home/aitthikit/Memekhos_ws/install/examples_rclpy_minimal_client/lib/examples_rclpy_minimal_client
[2.810s] writing list of installed files to '/home/aitthikit/Memekhos_ws/build/examples_rclpy_minimal_client/install.log'
[2.989s] Invoked command in '/home/aitthikit/Memekhos_ws/src/examples/rclpy/services/minimal_client' returned '0': PYTHONPATH=/home/aitthikit/Memekhos_ws/build/examples_rclpy_minimal_client/prefix_override:/usr/lib/python3/dist-packages/colcon_core/task/python/colcon_distutils_commands:/home/aitthikit/Memekhos_ws/install/examples_rclpy_minimal_client/lib/python3.10/site-packages:${PYTHONPATH} /usr/bin/python3 -W ignore:setup.py install is deprecated setup.py egg_info --egg-base ../../../../../build/examples_rclpy_minimal_client build --build-base /home/aitthikit/Memekhos_ws/build/examples_rclpy_minimal_client/build install --record /home/aitthikit/Memekhos_ws/build/examples_rclpy_minimal_client/install.log --single-version-externally-managed install_data
