-- Found ament_cmake: 1.3.9 (/opt/ros/humble/share/ament_cmake/cmake)
-- Found geometry_msgs: 4.2.4 (/opt/ros/humble/share/geometry_msgs/cmake)
-- Found rosidl_generator_c: 3.1.5 (/opt/ros/humble/share/rosidl_generator_c/cmake)
-- Found rosidl_adapter: 3.1.5 (/opt/ros/humble/share/rosidl_adapter/cmake)
-- Found rosidl_generator_cpp: 3.1.5 (/opt/ros/humble/share/rosidl_generator_cpp/cmake)
-- Using all available rosidl_typesupport_c: rosidl_typesupport_fastrtps_c;rosidl_typesupport_introspection_c
-- Using all available rosidl_typesupport_cpp: rosidl_typesupport_fastrtps_cpp;rosidl_typesupport_introspection_cpp
-- Found rosidl_default_generators: 1.2.0 (/opt/ros/humble/share/rosidl_default_generators/cmake)
-- Found ament_lint_auto: 0.12.11 (/opt/ros/humble/share/ament_lint_auto/cmake)
-- Found ament_cmake_ros: 0.10.0 (/opt/ros/humble/share/ament_cmake_ros/cmake)
-- Using all available rosidl_typesupport_c: rosidl_typesupport_fastrtps_c;rosidl_typesupport_introspection_c
-- Using all available rosidl_typesupport_cpp: rosidl_typesupport_fastrtps_cpp;rosidl_typesupport_introspection_cpp
-- Found python_cmake_module: 0.10.0 (/opt/ros/humble/share/python_cmake_module/cmake)
-- Using PYTHON_EXECUTABLE: /usr/bin/python3
-- Using PYTHON_INCLUDE_DIRS: /usr/include/python3.10
-- Using PYTHON_LIBRARIES: /usr/lib/x86_64-linux-gnu/libpython3.10.so
-- Added test 'lint_cmake' to check CMake code style
-- Added test 'xmllint' to check XML markup files
-- Configuring done
-- Generating done
-- Build files have been written to: /home/aitthikit/Memekhos_ws/build/controller_interface
[35m[1mConsolidate compiler generated dependencies of target controller_interface__rosidl_generator_c[0m
[  2%] Built target controller_interface__cpp
[ 12%] Built target controller_interface__rosidl_generator_c
[35m[1mConsolidate compiler generated dependencies of target controller_interface__rosidl_typesupport_cpp[0m
[35m[1mConsolidate compiler generated dependencies of target controller_interface__rosidl_typesupport_introspection_cpp[0m
[35m[1mConsolidate compiler generated dependencies of target controller_interface__rosidl_typesupport_introspection_c[0m
[35m[1mConsolidate compiler generated dependencies of target controller_interface__rosidl_typesupport_fastrtps_c[0m
[35m[1mConsolidate compiler generated dependencies of target controller_interface__rosidl_typesupport_fastrtps_cpp[0m
[ 12%] Built target ament_cmake_python_copy_controller_interface
[35m[1mConsolidate compiler generated dependencies of target controller_interface__rosidl_typesupport_c[0m
[ 23%] Built target controller_interface__rosidl_typesupport_introspection_cpp
[ 41%] Built target controller_interface__rosidl_typesupport_cpp
[ 43%] Built target controller_interface__rosidl_typesupport_introspection_c
[ 53%] Built target controller_interface__rosidl_typesupport_fastrtps_c
[ 64%] Built target controller_interface__rosidl_typesupport_c
[ 74%] Built target controller_interface__rosidl_typesupport_fastrtps_cpp
[ 74%] Built target controller_interface
[ 76%] Built target controller_interface__py
[35m[1mConsolidate compiler generated dependencies of target controller_interface__rosidl_generator_py[0m
[ 84%] Built target controller_interface__rosidl_generator_py
[35m[1mConsolidate compiler generated dependencies of target controller_interface__rosidl_typesupport_fastrtps_c__pyext[0m
[35m[1mConsolidate compiler generated dependencies of target controller_interface__rosidl_typesupport_c__pyext[0m
[35m[1mConsolidate compiler generated dependencies of target controller_interface__rosidl_typesupport_introspection_c__pyext[0m
[100%] Built target controller_interface__rosidl_typesupport_c__pyext
[100%] Built target controller_interface__rosidl_typesupport_fastrtps_c__pyext
[100%] Built target controller_interface__rosidl_typesupport_introspection_c__pyext
running egg_info
writing controller_interface.egg-info/PKG-INFO
writing dependency_links to controller_interface.egg-info/dependency_links.txt
writing top-level names to controller_interface.egg-info/top_level.txt
reading manifest file 'controller_interface.egg-info/SOURCES.txt'
writing manifest file 'controller_interface.egg-info/SOURCES.txt'
[100%] Built target ament_cmake_python_build_controller_interface_egg
-- Install configuration: ""
-- Up-to-date: /home/aitthikit/Memekhos_ws/install/controller_interface/share/ament_index/resource_index/rosidl_interfaces/controller_interface
-- Up-to-date: /home/aitthikit/Memekhos_ws/install/controller_interface/include/controller_interface/controller_interface
-- Up-to-date: /home/aitthikit/Memekhos_ws/install/controller_interface/include/controller_interface/controller_interface/srv
-- Up-to-date: /home/aitthikit/Memekhos_ws/install/controller_interface/include/controller_interface/controller_interface/srv/detail
-- Up-to-date: /home/aitthikit/Memekhos_ws/install/controller_interface/include/controller_interface/controller_interface/srv/detail/set_param__struct.h
-- Up-to-date: /home/aitthikit/Memekhos_ws/install/controller_interface/include/controller_interface/controller_interface/srv/detail/set_param__functions.c
-- Up-to-date: /home/aitthikit/Memekhos_ws/install/controller_interface/include/controller_interface/controller_interface/srv/detail/set_target__struct.h
-- Up-to-date: /home/aitthikit/Memekhos_ws/install/controller_interface/include/controller_interface/controller_interface/srv/detail/set_param__type_support.h
-- Up-to-date: /home/aitthikit/Memekhos_ws/install/controller_interface/include/controller_interface/controller_interface/srv/detail/set_target__functions.c
-- Up-to-date: /home/aitthikit/Memekhos_ws/install/controller_interface/include/controller_interface/controller_interface/srv/detail/set_target__type_support.h
-- Up-to-date: /home/aitthikit/Memekhos_ws/install/controller_interface/include/controller_interface/controller_interface/srv/detail/set_target__functions.h
-- Up-to-date: /home/aitthikit/Memekhos_ws/install/controller_interface/include/controller_interface/controller_interface/srv/detail/set_param__functions.h
-- Up-to-date: /home/aitthikit/Memekhos_ws/install/controller_interface/include/controller_interface/controller_interface/srv/set_target.h
-- Up-to-date: /home/aitthikit/Memekhos_ws/install/controller_interface/include/controller_interface/controller_interface/srv/set_param.h
-- Up-to-date: /home/aitthikit/Memekhos_ws/install/controller_interface/include/controller_interface/controller_interface/msg
-- Up-to-date: /home/aitthikit/Memekhos_ws/install/controller_interface/include/controller_interface/controller_interface/msg/rosidl_generator_c__visibility_control.h
-- Up-to-date: /home/aitthikit/Memekhos_ws/install/controller_interface/share/controller_interface/environment/library_path.sh
-- Installing: /home/aitthikit/Memekhos_ws/install/controller_interface/share/controller_interface/environment/library_path.dsv
-- Up-to-date: /home/aitthikit/Memekhos_ws/install/controller_interface/lib/libcontroller_interface__rosidl_generator_c.so
-- Up-to-date: /home/aitthikit/Memekhos_ws/install/controller_interface/include/controller_interface/controller_interface
-- Up-to-date: /home/aitthikit/Memekhos_ws/install/controller_interface/include/controller_interface/controller_interface/srv
-- Up-to-date: /home/aitthikit/Memekhos_ws/install/controller_interface/include/controller_interface/controller_interface/srv/detail
-- Up-to-date: /home/aitthikit/Memekhos_ws/install/controller_interface/include/controller_interface/controller_interface/srv/detail/set_param__rosidl_typesupport_fastrtps_c.h
-- Up-to-date: /home/aitthikit/Memekhos_ws/install/controller_interface/include/controller_interface/controller_interface/srv/detail/set_target__rosidl_typesupport_fastrtps_c.h
-- Up-to-date: /home/aitthikit/Memekhos_ws/install/controller_interface/include/controller_interface/controller_interface/msg
-- Up-to-date: /home/aitthikit/Memekhos_ws/install/controller_interface/include/controller_interface/controller_interface/msg/rosidl_typesupport_fastrtps_c__visibility_control.h
-- Up-to-date: /home/aitthikit/Memekhos_ws/install/controller_interface/lib/libcontroller_interface__rosidl_typesupport_fastrtps_c.so
-- Up-to-date: /home/aitthikit/Memekhos_ws/install/controller_interface/include/controller_interface/controller_interface
-- Up-to-date: /home/aitthikit/Memekhos_ws/install/controller_interface/include/controller_interface/controller_interface/srv
-- Up-to-date: /home/aitthikit/Memekhos_ws/install/controller_interface/include/controller_interface/controller_interface/srv/detail
-- Up-to-date: /home/aitthikit/Memekhos_ws/install/controller_interface/include/controller_interface/controller_interface/srv/detail/set_param__struct.hpp
-- Up-to-date: /home/aitthikit/Memekhos_ws/install/controller_interface/include/controller_interface/controller_interface/srv/detail/set_target__struct.hpp
-- Up-to-date: /home/aitthikit/Memekhos_ws/install/controller_interface/include/controller_interface/controller_interface/srv/detail/set_target__builder.hpp
-- Up-to-date: /home/aitthikit/Memekhos_ws/install/controller_interface/include/controller_interface/controller_interface/srv/detail/set_param__builder.hpp
-- Up-to-date: /home/aitthikit/Memekhos_ws/install/controller_interface/include/controller_interface/controller_interface/srv/detail/set_target__traits.hpp
-- Up-to-date: /home/aitthikit/Memekhos_ws/install/controller_interface/include/controller_interface/controller_interface/srv/detail/set_param__traits.hpp
-- Up-to-date: /home/aitthikit/Memekhos_ws/install/controller_interface/include/controller_interface/controller_interface/srv/set_target.hpp
-- Up-to-date: /home/aitthikit/Memekhos_ws/install/controller_interface/include/controller_interface/controller_interface/srv/set_param.hpp
-- Up-to-date: /home/aitthikit/Memekhos_ws/install/controller_interface/include/controller_interface/controller_interface
-- Up-to-date: /home/aitthikit/Memekhos_ws/install/controller_interface/include/controller_interface/controller_interface/srv
-- Up-to-date: /home/aitthikit/Memekhos_ws/install/controller_interface/include/controller_interface/controller_interface/srv/detail
-- Up-to-date: /home/aitthikit/Memekhos_ws/install/controller_interface/include/controller_interface/controller_interface/srv/detail/set_target__rosidl_typesupport_fastrtps_cpp.hpp
-- Up-to-date: /home/aitthikit/Memekhos_ws/install/controller_interface/include/controller_interface/controller_interface/srv/detail/set_param__rosidl_typesupport_fastrtps_cpp.hpp
-- Up-to-date: /home/aitthikit/Memekhos_ws/install/controller_interface/include/controller_interface/controller_interface/srv/detail/dds_fastrtps
-- Up-to-date: /home/aitthikit/Memekhos_ws/install/controller_interface/include/controller_interface/controller_interface/msg
-- Up-to-date: /home/aitthikit/Memekhos_ws/install/controller_interface/include/controller_interface/controller_interface/msg/rosidl_typesupport_fastrtps_cpp__visibility_control.h
-- Up-to-date: /home/aitthikit/Memekhos_ws/install/controller_interface/lib/libcontroller_interface__rosidl_typesupport_fastrtps_cpp.so
-- Up-to-date: /home/aitthikit/Memekhos_ws/install/controller_interface/include/controller_interface/controller_interface
-- Up-to-date: /home/aitthikit/Memekhos_ws/install/controller_interface/include/controller_interface/controller_interface/srv
-- Up-to-date: /home/aitthikit/Memekhos_ws/install/controller_interface/include/controller_interface/controller_interface/srv/detail
-- Up-to-date: /home/aitthikit/Memekhos_ws/install/controller_interface/include/controller_interface/controller_interface/srv/detail/set_param__rosidl_typesupport_introspection_c.h
-- Up-to-date: /home/aitthikit/Memekhos_ws/install/controller_interface/include/controller_interface/controller_interface/srv/detail/set_target__type_support.c
-- Up-to-date: /home/aitthikit/Memekhos_ws/install/controller_interface/include/controller_interface/controller_interface/srv/detail/set_param__type_support.c
-- Up-to-date: /home/aitthikit/Memekhos_ws/install/controller_interface/include/controller_interface/controller_interface/srv/detail/set_target__rosidl_typesupport_introspection_c.h
-- Up-to-date: /home/aitthikit/Memekhos_ws/install/controller_interface/include/controller_interface/controller_interface/msg
-- Up-to-date: /home/aitthikit/Memekhos_ws/install/controller_interface/include/controller_interface/controller_interface/msg/rosidl_typesupport_introspection_c__visibility_control.h
-- Up-to-date: /home/aitthikit/Memekhos_ws/install/controller_interface/lib/libcontroller_interface__rosidl_typesupport_introspection_c.so
-- Up-to-date: /home/aitthikit/Memekhos_ws/install/controller_interface/lib/libcontroller_interface__rosidl_typesupport_c.so
-- Up-to-date: /home/aitthikit/Memekhos_ws/install/controller_interface/include/controller_interface/controller_interface
-- Up-to-date: /home/aitthikit/Memekhos_ws/install/controller_interface/include/controller_interface/controller_interface/srv
-- Up-to-date: /home/aitthikit/Memekhos_ws/install/controller_interface/include/controller_interface/controller_interface/srv/detail
-- Up-to-date: /home/aitthikit/Memekhos_ws/install/controller_interface/include/controller_interface/controller_interface/srv/detail/set_param__rosidl_typesupport_introspection_cpp.hpp
-- Up-to-date: /home/aitthikit/Memekhos_ws/install/controller_interface/include/controller_interface/controller_interface/srv/detail/set_param__type_support.cpp
-- Up-to-date: /home/aitthikit/Memekhos_ws/install/controller_interface/include/controller_interface/controller_interface/srv/detail/set_target__type_support.cpp
-- Up-to-date: /home/aitthikit/Memekhos_ws/install/controller_interface/include/controller_interface/controller_interface/srv/detail/set_target__rosidl_typesupport_introspection_cpp.hpp
-- Up-to-date: /home/aitthikit/Memekhos_ws/install/controller_interface/lib/libcontroller_interface__rosidl_typesupport_introspection_cpp.so
-- Up-to-date: /home/aitthikit/Memekhos_ws/install/controller_interface/lib/libcontroller_interface__rosidl_typesupport_cpp.so
-- Up-to-date: /home/aitthikit/Memekhos_ws/install/controller_interface/share/controller_interface/environment/pythonpath.sh
-- Installing: /home/aitthikit/Memekhos_ws/install/controller_interface/share/controller_interface/environment/pythonpath.dsv
-- Up-to-date: /home/aitthikit/Memekhos_ws/install/controller_interface/local/lib/python3.10/dist-packages/controller_interface-0.0.0-py3.10.egg-info
-- Installing: /home/aitthikit/Memekhos_ws/install/controller_interface/local/lib/python3.10/dist-packages/controller_interface-0.0.0-py3.10.egg-info/dependency_links.txt
-- Installing: /home/aitthikit/Memekhos_ws/install/controller_interface/local/lib/python3.10/dist-packages/controller_interface-0.0.0-py3.10.egg-info/SOURCES.txt
-- Installing: /home/aitthikit/Memekhos_ws/install/controller_interface/local/lib/python3.10/dist-packages/controller_interface-0.0.0-py3.10.egg-info/top_level.txt
-- Installing: /home/aitthikit/Memekhos_ws/install/controller_interface/local/lib/python3.10/dist-packages/controller_interface-0.0.0-py3.10.egg-info/PKG-INFO
-- Up-to-date: /home/aitthikit/Memekhos_ws/install/controller_interface/local/lib/python3.10/dist-packages/controller_interface
-- Up-to-date: /home/aitthikit/Memekhos_ws/install/controller_interface/local/lib/python3.10/dist-packages/controller_interface/_controller_interface_s.ep.rosidl_typesupport_introspection_c.c
-- Up-to-date: /home/aitthikit/Memekhos_ws/install/controller_interface/local/lib/python3.10/dist-packages/controller_interface/controller_interface_s__rosidl_typesupport_fastrtps_c.cpython-310-x86_64-linux-gnu.so
-- Up-to-date: /home/aitthikit/Memekhos_ws/install/controller_interface/local/lib/python3.10/dist-packages/controller_interface/srv
-- Up-to-date: /home/aitthikit/Memekhos_ws/install/controller_interface/local/lib/python3.10/dist-packages/controller_interface/srv/_set_param.py
-- Up-to-date: /home/aitthikit/Memekhos_ws/install/controller_interface/local/lib/python3.10/dist-packages/controller_interface/srv/_set_param_s.c
-- Up-to-date: /home/aitthikit/Memekhos_ws/install/controller_interface/local/lib/python3.10/dist-packages/controller_interface/srv/_set_target_s.c
-- Up-to-date: /home/aitthikit/Memekhos_ws/install/controller_interface/local/lib/python3.10/dist-packages/controller_interface/srv/__init__.py
-- Up-to-date: /home/aitthikit/Memekhos_ws/install/controller_interface/local/lib/python3.10/dist-packages/controller_interface/srv/_set_target.py
-- Up-to-date: /home/aitthikit/Memekhos_ws/install/controller_interface/local/lib/python3.10/dist-packages/controller_interface/controller_interface_s__rosidl_typesupport_introspection_c.cpython-310-x86_64-linux-gnu.so
-- Up-to-date: /home/aitthikit/Memekhos_ws/install/controller_interface/local/lib/python3.10/dist-packages/controller_interface/controller_interface_s__rosidl_typesupport_c.cpython-310-x86_64-linux-gnu.so
-- Up-to-date: /home/aitthikit/Memekhos_ws/install/controller_interface/local/lib/python3.10/dist-packages/controller_interface/libcontroller_interface__rosidl_generator_py.so
-- Up-to-date: /home/aitthikit/Memekhos_ws/install/controller_interface/local/lib/python3.10/dist-packages/controller_interface/_controller_interface_s.ep.rosidl_typesupport_fastrtps_c.c
-- Up-to-date: /home/aitthikit/Memekhos_ws/install/controller_interface/local/lib/python3.10/dist-packages/controller_interface/_controller_interface_s.ep.rosidl_typesupport_c.c
-- Installing: /home/aitthikit/Memekhos_ws/install/controller_interface/local/lib/python3.10/dist-packages/controller_interface/__init__.py
Listing '/home/aitthikit/Memekhos_ws/install/controller_interface/local/lib/python3.10/dist-packages/controller_interface'...
Compiling '/home/aitthikit/Memekhos_ws/install/controller_interface/local/lib/python3.10/dist-packages/controller_interface/__init__.py'...
Listing '/home/aitthikit/Memekhos_ws/install/controller_interface/local/lib/python3.10/dist-packages/controller_interface/srv'...
-- Up-to-date: /home/aitthikit/Memekhos_ws/install/controller_interface/local/lib/python3.10/dist-packages/controller_interface/controller_interface_s__rosidl_typesupport_fastrtps_c.cpython-310-x86_64-linux-gnu.so
-- Up-to-date: /home/aitthikit/Memekhos_ws/install/controller_interface/local/lib/python3.10/dist-packages/controller_interface/controller_interface_s__rosidl_typesupport_introspection_c.cpython-310-x86_64-linux-gnu.so
-- Up-to-date: /home/aitthikit/Memekhos_ws/install/controller_interface/local/lib/python3.10/dist-packages/controller_interface/controller_interface_s__rosidl_typesupport_c.cpython-310-x86_64-linux-gnu.so
-- Up-to-date: /home/aitthikit/Memekhos_ws/install/controller_interface/lib/libcontroller_interface__rosidl_generator_py.so
-- Up-to-date: /home/aitthikit/Memekhos_ws/install/controller_interface/share/controller_interface/srv/SetTarget.idl
-- Up-to-date: /home/aitthikit/Memekhos_ws/install/controller_interface/share/controller_interface/srv/SetParam.idl
-- Up-to-date: /home/aitthikit/Memekhos_ws/install/controller_interface/share/controller_interface/srv/SetTarget.srv
-- Up-to-date: /home/aitthikit/Memekhos_ws/install/controller_interface/share/controller_interface/srv/SetTarget_Request.msg
-- Up-to-date: /home/aitthikit/Memekhos_ws/install/controller_interface/share/controller_interface/srv/SetTarget_Response.msg
-- Up-to-date: /home/aitthikit/Memekhos_ws/install/controller_interface/share/controller_interface/srv/SetParam.srv
-- Up-to-date: /home/aitthikit/Memekhos_ws/install/controller_interface/share/controller_interface/srv/SetParam_Request.msg
-- Up-to-date: /home/aitthikit/Memekhos_ws/install/controller_interface/share/controller_interface/srv/SetParam_Response.msg
-- Up-to-date: /home/aitthikit/Memekhos_ws/install/controller_interface/share/ament_index/resource_index/package_run_dependencies/controller_interface
-- Installing: /home/aitthikit/Memekhos_ws/install/controller_interface/share/ament_index/resource_index/parent_prefix_path/controller_interface
-- Up-to-date: /home/aitthikit/Memekhos_ws/install/controller_interface/share/controller_interface/environment/ament_prefix_path.sh
-- Installing: /home/aitthikit/Memekhos_ws/install/controller_interface/share/controller_interface/environment/ament_prefix_path.dsv
-- Up-to-date: /home/aitthikit/Memekhos_ws/install/controller_interface/share/controller_interface/environment/path.sh
-- Installing: /home/aitthikit/Memekhos_ws/install/controller_interface/share/controller_interface/environment/path.dsv
-- Up-to-date: /home/aitthikit/Memekhos_ws/install/controller_interface/share/controller_interface/local_setup.bash
-- Up-to-date: /home/aitthikit/Memekhos_ws/install/controller_interface/share/controller_interface/local_setup.sh
-- Up-to-date: /home/aitthikit/Memekhos_ws/install/controller_interface/share/controller_interface/local_setup.zsh
-- Installing: /home/aitthikit/Memekhos_ws/install/controller_interface/share/controller_interface/local_setup.dsv
-- Installing: /home/aitthikit/Memekhos_ws/install/controller_interface/share/controller_interface/package.dsv
-- Up-to-date: /home/aitthikit/Memekhos_ws/install/controller_interface/share/ament_index/resource_index/packages/controller_interface
-- Up-to-date: /home/aitthikit/Memekhos_ws/install/controller_interface/share/controller_interface/cmake/export_controller_interface__rosidl_generator_cExport.cmake
-- Up-to-date: /home/aitthikit/Memekhos_ws/install/controller_interface/share/controller_interface/cmake/export_controller_interface__rosidl_generator_cExport-noconfig.cmake
-- Up-to-date: /home/aitthikit/Memekhos_ws/install/controller_interface/share/controller_interface/cmake/export_controller_interface__rosidl_typesupport_fastrtps_cExport.cmake
-- Up-to-date: /home/aitthikit/Memekhos_ws/install/controller_interface/share/controller_interface/cmake/export_controller_interface__rosidl_typesupport_fastrtps_cExport-noconfig.cmake
-- Up-to-date: /home/aitthikit/Memekhos_ws/install/controller_interface/share/controller_interface/cmake/export_controller_interface__rosidl_generator_cppExport.cmake
-- Up-to-date: /home/aitthikit/Memekhos_ws/install/controller_interface/share/controller_interface/cmake/export_controller_interface__rosidl_typesupport_fastrtps_cppExport.cmake
-- Up-to-date: /home/aitthikit/Memekhos_ws/install/controller_interface/share/controller_interface/cmake/export_controller_interface__rosidl_typesupport_fastrtps_cppExport-noconfig.cmake
-- Up-to-date: /home/aitthikit/Memekhos_ws/install/controller_interface/share/controller_interface/cmake/controller_interface__rosidl_typesupport_introspection_cExport.cmake
-- Up-to-date: /home/aitthikit/Memekhos_ws/install/controller_interface/share/controller_interface/cmake/controller_interface__rosidl_typesupport_introspection_cExport-noconfig.cmake
-- Up-to-date: /home/aitthikit/Memekhos_ws/install/controller_interface/share/controller_interface/cmake/controller_interface__rosidl_typesupport_cExport.cmake
-- Up-to-date: /home/aitthikit/Memekhos_ws/install/controller_interface/share/controller_interface/cmake/controller_interface__rosidl_typesupport_cExport-noconfig.cmake
-- Up-to-date: /home/aitthikit/Memekhos_ws/install/controller_interface/share/controller_interface/cmake/controller_interface__rosidl_typesupport_introspection_cppExport.cmake
-- Up-to-date: /home/aitthikit/Memekhos_ws/install/controller_interface/share/controller_interface/cmake/controller_interface__rosidl_typesupport_introspection_cppExport-noconfig.cmake
-- Up-to-date: /home/aitthikit/Memekhos_ws/install/controller_interface/share/controller_interface/cmake/controller_interface__rosidl_typesupport_cppExport.cmake
-- Up-to-date: /home/aitthikit/Memekhos_ws/install/controller_interface/share/controller_interface/cmake/controller_interface__rosidl_typesupport_cppExport-noconfig.cmake
-- Up-to-date: /home/aitthikit/Memekhos_ws/install/controller_interface/share/controller_interface/cmake/export_controller_interface__rosidl_generator_pyExport.cmake
-- Up-to-date: /home/aitthikit/Memekhos_ws/install/controller_interface/share/controller_interface/cmake/export_controller_interface__rosidl_generator_pyExport-noconfig.cmake
-- Up-to-date: /home/aitthikit/Memekhos_ws/install/controller_interface/share/controller_interface/cmake/rosidl_cmake-extras.cmake
-- Up-to-date: /home/aitthikit/Memekhos_ws/install/controller_interface/share/controller_interface/cmake/ament_cmake_export_dependencies-extras.cmake
-- Up-to-date: /home/aitthikit/Memekhos_ws/install/controller_interface/share/controller_interface/cmake/ament_cmake_export_include_directories-extras.cmake
-- Up-to-date: /home/aitthikit/Memekhos_ws/install/controller_interface/share/controller_interface/cmake/ament_cmake_export_libraries-extras.cmake
-- Up-to-date: /home/aitthikit/Memekhos_ws/install/controller_interface/share/controller_interface/cmake/ament_cmake_export_targets-extras.cmake
-- Up-to-date: /home/aitthikit/Memekhos_ws/install/controller_interface/share/controller_interface/cmake/rosidl_cmake_export_typesupport_targets-extras.cmake
-- Up-to-date: /home/aitthikit/Memekhos_ws/install/controller_interface/share/controller_interface/cmake/rosidl_cmake_export_typesupport_libraries-extras.cmake
-- Up-to-date: /home/aitthikit/Memekhos_ws/install/controller_interface/share/controller_interface/cmake/controller_interfaceConfig.cmake
-- Up-to-date: /home/aitthikit/Memekhos_ws/install/controller_interface/share/controller_interface/cmake/controller_interfaceConfig-version.cmake
-- Installing: /home/aitthikit/Memekhos_ws/install/controller_interface/share/controller_interface/package.xml
