[0.071s] Invoking command in '/home/aitthikit/Memekhos_ws/build/controller_interface': CMAKE_PREFIX_PATH=${CMAKE_PREFIX_PATH}:/home/aitthikit/Memekhos_ws/install/launch_testing_examples:/home/aitthikit/Memekhos_ws/install/examples_rclpy_pointcloud_publisher:/home/aitthikit/Memekhos_ws/install/examples_rclpy_minimal_subscriber:/home/aitthikit/Memekhos_ws/install/examples_rclpy_minimal_service:/home/aitthikit/Memekhos_ws/install/examples_rclpy_minimal_publisher:/home/aitthikit/Memekhos_ws/install/examples_rclpy_minimal_client:/home/aitthikit/Memekhos_ws/install/examples_rclpy_minimal_action_server:/home/aitthikit/Memekhos_ws/install/examples_rclpy_minimal_action_client:/home/aitthikit/Memekhos_ws/install/examples_rclpy_guard_conditions:/home/aitthikit/Memekhos_ws/install/examples_rclpy_executors:/opt/ros/humble /usr/bin/cmake --build /home/aitthikit/Memekhos_ws/build/controller_interface -- -j12 -l12
[0.154s] -- Found ament_cmake: 1.3.9 (/opt/ros/humble/share/ament_cmake/cmake)
[0.473s] -- Found geometry_msgs: 4.2.4 (/opt/ros/humble/share/geometry_msgs/cmake)
[0.509s] -- Found rosidl_generator_c: 3.1.5 (/opt/ros/humble/share/rosidl_generator_c/cmake)
[0.515s] -- Found rosidl_adapter: 3.1.5 (/opt/ros/humble/share/rosidl_adapter/cmake)
[0.527s] -- Found rosidl_generator_cpp: 3.1.5 (/opt/ros/humble/share/rosidl_generator_cpp/cmake)
[0.549s] -- Using all available rosidl_typesupport_c: rosidl_typesupport_fastrtps_c;rosidl_typesupport_introspection_c
[0.584s] -- Using all available rosidl_typesupport_cpp: rosidl_typesupport_fastrtps_cpp;rosidl_typesupport_introspection_cpp
[0.749s] -- Found rosidl_default_generators: 1.2.0 (/opt/ros/humble/share/rosidl_default_generators/cmake)
[0.760s] -- Found ament_lint_auto: 0.12.11 (/opt/ros/humble/share/ament_lint_auto/cmake)
[1.050s] -- Found ament_cmake_ros: 0.10.0 (/opt/ros/humble/share/ament_cmake_ros/cmake)
[1.459s] -- Using all available rosidl_typesupport_c: rosidl_typesupport_fastrtps_c;rosidl_typesupport_introspection_c
[1.618s] -- Using all available rosidl_typesupport_cpp: rosidl_typesupport_fastrtps_cpp;rosidl_typesupport_introspection_cpp
[1.642s] -- Found python_cmake_module: 0.10.0 (/opt/ros/humble/share/python_cmake_module/cmake)
[1.668s] -- Using PYTHON_EXECUTABLE: /usr/bin/python3
[1.668s] -- Using PYTHON_INCLUDE_DIRS: /usr/include/python3.10
[1.668s] -- Using PYTHON_LIBRARIES: /usr/lib/x86_64-linux-gnu/libpython3.10.so
[1.737s] -- Added test 'lint_cmake' to check CMake code style
[1.739s] -- Added test 'xmllint' to check XML markup files
[1.747s] -- Configuring done
[1.806s] -- Generating done
[1.808s] -- Build files have been written to: /home/aitthikit/Memekhos_ws/build/controller_interface
[1.834s] [35m[1mConsolidate compiler generated dependencies of target controller_interface__rosidl_generator_c[0m
[1.844s] [  2%] Built target controller_interface__cpp
[1.847s] [ 12%] Built target controller_interface__rosidl_generator_c
[1.856s] [35m[1mConsolidate compiler generated dependencies of target controller_interface__rosidl_typesupport_cpp[0m
[1.857s] [35m[1mConsolidate compiler generated dependencies of target controller_interface__rosidl_typesupport_introspection_cpp[0m
[1.858s] [35m[1mConsolidate compiler generated dependencies of target controller_interface__rosidl_typesupport_introspection_c[0m
[1.858s] [35m[1mConsolidate compiler generated dependencies of target controller_interface__rosidl_typesupport_fastrtps_c[0m
[1.859s] [35m[1mConsolidate compiler generated dependencies of target controller_interface__rosidl_typesupport_fastrtps_cpp[0m
[1.860s] [ 12%] Built target ament_cmake_python_copy_controller_interface
[1.863s] [35m[1mConsolidate compiler generated dependencies of target controller_interface__rosidl_typesupport_c[0m
[1.873s] [ 23%] Built target controller_interface__rosidl_typesupport_introspection_cpp
[1.874s] [ 41%] Built target controller_interface__rosidl_typesupport_cpp
[1.874s] [ 43%] Built target controller_interface__rosidl_typesupport_introspection_c
[1.875s] [ 53%] Built target controller_interface__rosidl_typesupport_fastrtps_c
[1.875s] [ 64%] Built target controller_interface__rosidl_typesupport_c
[1.879s] [ 74%] Built target controller_interface__rosidl_typesupport_fastrtps_cpp
[1.899s] [ 74%] Built target controller_interface
[1.920s] [ 76%] Built target controller_interface__py
[1.931s] [35m[1mConsolidate compiler generated dependencies of target controller_interface__rosidl_generator_py[0m
[1.945s] [ 84%] Built target controller_interface__rosidl_generator_py
[1.957s] [35m[1mConsolidate compiler generated dependencies of target controller_interface__rosidl_typesupport_fastrtps_c__pyext[0m
[1.957s] [35m[1mConsolidate compiler generated dependencies of target controller_interface__rosidl_typesupport_c__pyext[0m
[1.957s] [35m[1mConsolidate compiler generated dependencies of target controller_interface__rosidl_typesupport_introspection_c__pyext[0m
[1.970s] [100%] Built target controller_interface__rosidl_typesupport_c__pyext
[1.970s] [100%] Built target controller_interface__rosidl_typesupport_fastrtps_c__pyext
[1.970s] [100%] Built target controller_interface__rosidl_typesupport_introspection_c__pyext
[2.103s] running egg_info
[2.104s] writing controller_interface.egg-info/PKG-INFO
[2.104s] writing dependency_links to controller_interface.egg-info/dependency_links.txt
[2.104s] writing top-level names to controller_interface.egg-info/top_level.txt
[2.106s] reading manifest file 'controller_interface.egg-info/SOURCES.txt'
[2.107s] writing manifest file 'controller_interface.egg-info/SOURCES.txt'
[2.129s] [100%] Built target ament_cmake_python_build_controller_interface_egg
[2.671s] Invoked command in '/home/aitthikit/Memekhos_ws/build/controller_interface' returned '0': CMAKE_PREFIX_PATH=${CMAKE_PREFIX_PATH}:/home/aitthikit/Memekhos_ws/install/launch_testing_examples:/home/aitthikit/Memekhos_ws/install/examples_rclpy_pointcloud_publisher:/home/aitthikit/Memekhos_ws/install/examples_rclpy_minimal_subscriber:/home/aitthikit/Memekhos_ws/install/examples_rclpy_minimal_service:/home/aitthikit/Memekhos_ws/install/examples_rclpy_minimal_publisher:/home/aitthikit/Memekhos_ws/install/examples_rclpy_minimal_client:/home/aitthikit/Memekhos_ws/install/examples_rclpy_minimal_action_server:/home/aitthikit/Memekhos_ws/install/examples_rclpy_minimal_action_client:/home/aitthikit/Memekhos_ws/install/examples_rclpy_guard_conditions:/home/aitthikit/Memekhos_ws/install/examples_rclpy_executors:/opt/ros/humble /usr/bin/cmake --build /home/aitthikit/Memekhos_ws/build/controller_interface -- -j12 -l12
[3.011s] Invoking command in '/home/aitthikit/Memekhos_ws/build/controller_interface': CMAKE_PREFIX_PATH=${CMAKE_PREFIX_PATH}:/home/aitthikit/Memekhos_ws/install/launch_testing_examples:/home/aitthikit/Memekhos_ws/install/examples_rclpy_pointcloud_publisher:/home/aitthikit/Memekhos_ws/install/examples_rclpy_minimal_subscriber:/home/aitthikit/Memekhos_ws/install/examples_rclpy_minimal_service:/home/aitthikit/Memekhos_ws/install/examples_rclpy_minimal_publisher:/home/aitthikit/Memekhos_ws/install/examples_rclpy_minimal_client:/home/aitthikit/Memekhos_ws/install/examples_rclpy_minimal_action_server:/home/aitthikit/Memekhos_ws/install/examples_rclpy_minimal_action_client:/home/aitthikit/Memekhos_ws/install/examples_rclpy_guard_conditions:/home/aitthikit/Memekhos_ws/install/examples_rclpy_executors:/opt/ros/humble /usr/bin/cmake --install /home/aitthikit/Memekhos_ws/build/controller_interface
[3.029s] -- Install configuration: ""
[3.029s] -- Up-to-date: /home/aitthikit/Memekhos_ws/install/controller_interface/share/ament_index/resource_index/rosidl_interfaces/controller_interface
[3.029s] -- Up-to-date: /home/aitthikit/Memekhos_ws/install/controller_interface/include/controller_interface/controller_interface
[3.030s] -- Up-to-date: /home/aitthikit/Memekhos_ws/install/controller_interface/include/controller_interface/controller_interface/srv
[3.030s] -- Up-to-date: /home/aitthikit/Memekhos_ws/install/controller_interface/include/controller_interface/controller_interface/srv/detail
[3.030s] -- Up-to-date: /home/aitthikit/Memekhos_ws/install/controller_interface/include/controller_interface/controller_interface/srv/detail/set_param__struct.h
[3.030s] -- Up-to-date: /home/aitthikit/Memekhos_ws/install/controller_interface/include/controller_interface/controller_interface/srv/detail/set_param__functions.c
[3.030s] -- Up-to-date: /home/aitthikit/Memekhos_ws/install/controller_interface/include/controller_interface/controller_interface/srv/detail/set_target__struct.h
[3.030s] -- Up-to-date: /home/aitthikit/Memekhos_ws/install/controller_interface/include/controller_interface/controller_interface/srv/detail/set_param__type_support.h
[3.030s] -- Up-to-date: /home/aitthikit/Memekhos_ws/install/controller_interface/include/controller_interface/controller_interface/srv/detail/set_target__functions.c
[3.030s] -- Up-to-date: /home/aitthikit/Memekhos_ws/install/controller_interface/include/controller_interface/controller_interface/srv/detail/set_target__type_support.h
[3.030s] -- Up-to-date: /home/aitthikit/Memekhos_ws/install/controller_interface/include/controller_interface/controller_interface/srv/detail/set_target__functions.h
[3.031s] -- Up-to-date: /home/aitthikit/Memekhos_ws/install/controller_interface/include/controller_interface/controller_interface/srv/detail/set_param__functions.h
[3.031s] -- Up-to-date: /home/aitthikit/Memekhos_ws/install/controller_interface/include/controller_interface/controller_interface/srv/set_target.h
[3.031s] -- Up-to-date: /home/aitthikit/Memekhos_ws/install/controller_interface/include/controller_interface/controller_interface/srv/set_param.h
[3.031s] -- Up-to-date: /home/aitthikit/Memekhos_ws/install/controller_interface/include/controller_interface/controller_interface/msg
[3.031s] -- Up-to-date: /home/aitthikit/Memekhos_ws/install/controller_interface/include/controller_interface/controller_interface/msg/rosidl_generator_c__visibility_control.h
[3.031s] -- Up-to-date: /home/aitthikit/Memekhos_ws/install/controller_interface/share/controller_interface/environment/library_path.sh
[3.031s] -- Installing: /home/aitthikit/Memekhos_ws/install/controller_interface/share/controller_interface/environment/library_path.dsv
[3.031s] -- Up-to-date: /home/aitthikit/Memekhos_ws/install/controller_interface/lib/libcontroller_interface__rosidl_generator_c.so
[3.031s] -- Up-to-date: /home/aitthikit/Memekhos_ws/install/controller_interface/include/controller_interface/controller_interface
[3.032s] -- Up-to-date: /home/aitthikit/Memekhos_ws/install/controller_interface/include/controller_interface/controller_interface/srv
[3.032s] -- Up-to-date: /home/aitthikit/Memekhos_ws/install/controller_interface/include/controller_interface/controller_interface/srv/detail
[3.032s] -- Up-to-date: /home/aitthikit/Memekhos_ws/install/controller_interface/include/controller_interface/controller_interface/srv/detail/set_param__rosidl_typesupport_fastrtps_c.h
[3.032s] -- Up-to-date: /home/aitthikit/Memekhos_ws/install/controller_interface/include/controller_interface/controller_interface/srv/detail/set_target__rosidl_typesupport_fastrtps_c.h
[3.032s] -- Up-to-date: /home/aitthikit/Memekhos_ws/install/controller_interface/include/controller_interface/controller_interface/msg
[3.032s] -- Up-to-date: /home/aitthikit/Memekhos_ws/install/controller_interface/include/controller_interface/controller_interface/msg/rosidl_typesupport_fastrtps_c__visibility_control.h
[3.032s] -- Up-to-date: /home/aitthikit/Memekhos_ws/install/controller_interface/lib/libcontroller_interface__rosidl_typesupport_fastrtps_c.so
[3.032s] -- Up-to-date: /home/aitthikit/Memekhos_ws/install/controller_interface/include/controller_interface/controller_interface
[3.039s] -- Up-to-date: /home/aitthikit/Memekhos_ws/install/controller_interface/include/controller_interface/controller_interface/srv
[3.039s] -- Up-to-date: /home/aitthikit/Memekhos_ws/install/controller_interface/include/controller_interface/controller_interface/srv/detail
[3.039s] -- Up-to-date: /home/aitthikit/Memekhos_ws/install/controller_interface/include/controller_interface/controller_interface/srv/detail/set_param__struct.hpp
[3.039s] -- Up-to-date: /home/aitthikit/Memekhos_ws/install/controller_interface/include/controller_interface/controller_interface/srv/detail/set_target__struct.hpp
[3.039s] -- Up-to-date: /home/aitthikit/Memekhos_ws/install/controller_interface/include/controller_interface/controller_interface/srv/detail/set_target__builder.hpp
[3.039s] -- Up-to-date: /home/aitthikit/Memekhos_ws/install/controller_interface/include/controller_interface/controller_interface/srv/detail/set_param__builder.hpp
[3.040s] -- Up-to-date: /home/aitthikit/Memekhos_ws/install/controller_interface/include/controller_interface/controller_interface/srv/detail/set_target__traits.hpp
[3.040s] -- Up-to-date: /home/aitthikit/Memekhos_ws/install/controller_interface/include/controller_interface/controller_interface/srv/detail/set_param__traits.hpp
[3.040s] -- Up-to-date: /home/aitthikit/Memekhos_ws/install/controller_interface/include/controller_interface/controller_interface/srv/set_target.hpp
[3.040s] -- Up-to-date: /home/aitthikit/Memekhos_ws/install/controller_interface/include/controller_interface/controller_interface/srv/set_param.hpp
[3.040s] -- Up-to-date: /home/aitthikit/Memekhos_ws/install/controller_interface/include/controller_interface/controller_interface
[3.040s] -- Up-to-date: /home/aitthikit/Memekhos_ws/install/controller_interface/include/controller_interface/controller_interface/srv
[3.040s] -- Up-to-date: /home/aitthikit/Memekhos_ws/install/controller_interface/include/controller_interface/controller_interface/srv/detail
[3.040s] -- Up-to-date: /home/aitthikit/Memekhos_ws/install/controller_interface/include/controller_interface/controller_interface/srv/detail/set_target__rosidl_typesupport_fastrtps_cpp.hpp
[3.040s] -- Up-to-date: /home/aitthikit/Memekhos_ws/install/controller_interface/include/controller_interface/controller_interface/srv/detail/set_param__rosidl_typesupport_fastrtps_cpp.hpp
[3.041s] -- Up-to-date: /home/aitthikit/Memekhos_ws/install/controller_interface/include/controller_interface/controller_interface/srv/detail/dds_fastrtps
[3.041s] -- Up-to-date: /home/aitthikit/Memekhos_ws/install/controller_interface/include/controller_interface/controller_interface/msg
[3.041s] -- Up-to-date: /home/aitthikit/Memekhos_ws/install/controller_interface/include/controller_interface/controller_interface/msg/rosidl_typesupport_fastrtps_cpp__visibility_control.h
[3.042s] -- Up-to-date: /home/aitthikit/Memekhos_ws/install/controller_interface/lib/libcontroller_interface__rosidl_typesupport_fastrtps_cpp.so
[3.042s] -- Up-to-date: /home/aitthikit/Memekhos_ws/install/controller_interface/include/controller_interface/controller_interface
[3.042s] -- Up-to-date: /home/aitthikit/Memekhos_ws/install/controller_interface/include/controller_interface/controller_interface/srv
[3.042s] -- Up-to-date: /home/aitthikit/Memekhos_ws/install/controller_interface/include/controller_interface/controller_interface/srv/detail
[3.042s] -- Up-to-date: /home/aitthikit/Memekhos_ws/install/controller_interface/include/controller_interface/controller_interface/srv/detail/set_param__rosidl_typesupport_introspection_c.h
[3.042s] -- Up-to-date: /home/aitthikit/Memekhos_ws/install/controller_interface/include/controller_interface/controller_interface/srv/detail/set_target__type_support.c
[3.042s] -- Up-to-date: /home/aitthikit/Memekhos_ws/install/controller_interface/include/controller_interface/controller_interface/srv/detail/set_param__type_support.c
[3.043s] -- Up-to-date: /home/aitthikit/Memekhos_ws/install/controller_interface/include/controller_interface/controller_interface/srv/detail/set_target__rosidl_typesupport_introspection_c.h
[3.043s] -- Up-to-date: /home/aitthikit/Memekhos_ws/install/controller_interface/include/controller_interface/controller_interface/msg
[3.043s] -- Up-to-date: /home/aitthikit/Memekhos_ws/install/controller_interface/include/controller_interface/controller_interface/msg/rosidl_typesupport_introspection_c__visibility_control.h
[3.043s] -- Up-to-date: /home/aitthikit/Memekhos_ws/install/controller_interface/lib/libcontroller_interface__rosidl_typesupport_introspection_c.so
[3.044s] -- Up-to-date: /home/aitthikit/Memekhos_ws/install/controller_interface/lib/libcontroller_interface__rosidl_typesupport_c.so
[3.044s] -- Up-to-date: /home/aitthikit/Memekhos_ws/install/controller_interface/include/controller_interface/controller_interface
[3.044s] -- Up-to-date: /home/aitthikit/Memekhos_ws/install/controller_interface/include/controller_interface/controller_interface/srv
[3.057s] -- Up-to-date: /home/aitthikit/Memekhos_ws/install/controller_interface/include/controller_interface/controller_interface/srv/detail
[3.058s] -- Up-to-date: /home/aitthikit/Memekhos_ws/install/controller_interface/include/controller_interface/controller_interface/srv/detail/set_param__rosidl_typesupport_introspection_cpp.hpp
[3.058s] -- Up-to-date: /home/aitthikit/Memekhos_ws/install/controller_interface/include/controller_interface/controller_interface/srv/detail/set_param__type_support.cpp
[3.058s] -- Up-to-date: /home/aitthikit/Memekhos_ws/install/controller_interface/include/controller_interface/controller_interface/srv/detail/set_target__type_support.cpp
[3.059s] -- Up-to-date: /home/aitthikit/Memekhos_ws/install/controller_interface/include/controller_interface/controller_interface/srv/detail/set_target__rosidl_typesupport_introspection_cpp.hpp
[3.059s] -- Up-to-date: /home/aitthikit/Memekhos_ws/install/controller_interface/lib/libcontroller_interface__rosidl_typesupport_introspection_cpp.so
[3.059s] -- Up-to-date: /home/aitthikit/Memekhos_ws/install/controller_interface/lib/libcontroller_interface__rosidl_typesupport_cpp.so
[3.059s] -- Up-to-date: /home/aitthikit/Memekhos_ws/install/controller_interface/share/controller_interface/environment/pythonpath.sh
[3.059s] -- Installing: /home/aitthikit/Memekhos_ws/install/controller_interface/share/controller_interface/environment/pythonpath.dsv
[3.059s] -- Up-to-date: /home/aitthikit/Memekhos_ws/install/controller_interface/local/lib/python3.10/dist-packages/controller_interface-0.0.0-py3.10.egg-info
[3.059s] -- Installing: /home/aitthikit/Memekhos_ws/install/controller_interface/local/lib/python3.10/dist-packages/controller_interface-0.0.0-py3.10.egg-info/dependency_links.txt
[3.059s] -- Installing: /home/aitthikit/Memekhos_ws/install/controller_interface/local/lib/python3.10/dist-packages/controller_interface-0.0.0-py3.10.egg-info/SOURCES.txt
[3.059s] -- Installing: /home/aitthikit/Memekhos_ws/install/controller_interface/local/lib/python3.10/dist-packages/controller_interface-0.0.0-py3.10.egg-info/top_level.txt
[3.060s] -- Installing: /home/aitthikit/Memekhos_ws/install/controller_interface/local/lib/python3.10/dist-packages/controller_interface-0.0.0-py3.10.egg-info/PKG-INFO
[3.060s] -- Up-to-date: /home/aitthikit/Memekhos_ws/install/controller_interface/local/lib/python3.10/dist-packages/controller_interface
[3.060s] -- Up-to-date: /home/aitthikit/Memekhos_ws/install/controller_interface/local/lib/python3.10/dist-packages/controller_interface/_controller_interface_s.ep.rosidl_typesupport_introspection_c.c
[3.060s] -- Up-to-date: /home/aitthikit/Memekhos_ws/install/controller_interface/local/lib/python3.10/dist-packages/controller_interface/controller_interface_s__rosidl_typesupport_fastrtps_c.cpython-310-x86_64-linux-gnu.so
[3.060s] -- Up-to-date: /home/aitthikit/Memekhos_ws/install/controller_interface/local/lib/python3.10/dist-packages/controller_interface/srv
[3.060s] -- Up-to-date: /home/aitthikit/Memekhos_ws/install/controller_interface/local/lib/python3.10/dist-packages/controller_interface/srv/_set_param.py
[3.060s] -- Up-to-date: /home/aitthikit/Memekhos_ws/install/controller_interface/local/lib/python3.10/dist-packages/controller_interface/srv/_set_param_s.c
[3.060s] -- Up-to-date: /home/aitthikit/Memekhos_ws/install/controller_interface/local/lib/python3.10/dist-packages/controller_interface/srv/_set_target_s.c
[3.060s] -- Up-to-date: /home/aitthikit/Memekhos_ws/install/controller_interface/local/lib/python3.10/dist-packages/controller_interface/srv/__init__.py
[3.061s] -- Up-to-date: /home/aitthikit/Memekhos_ws/install/controller_interface/local/lib/python3.10/dist-packages/controller_interface/srv/_set_target.py
[3.061s] -- Up-to-date: /home/aitthikit/Memekhos_ws/install/controller_interface/local/lib/python3.10/dist-packages/controller_interface/controller_interface_s__rosidl_typesupport_introspection_c.cpython-310-x86_64-linux-gnu.so
[3.061s] -- Up-to-date: /home/aitthikit/Memekhos_ws/install/controller_interface/local/lib/python3.10/dist-packages/controller_interface/controller_interface_s__rosidl_typesupport_c.cpython-310-x86_64-linux-gnu.so
[3.061s] -- Up-to-date: /home/aitthikit/Memekhos_ws/install/controller_interface/local/lib/python3.10/dist-packages/controller_interface/libcontroller_interface__rosidl_generator_py.so
[3.061s] -- Up-to-date: /home/aitthikit/Memekhos_ws/install/controller_interface/local/lib/python3.10/dist-packages/controller_interface/_controller_interface_s.ep.rosidl_typesupport_fastrtps_c.c
[3.061s] -- Up-to-date: /home/aitthikit/Memekhos_ws/install/controller_interface/local/lib/python3.10/dist-packages/controller_interface/_controller_interface_s.ep.rosidl_typesupport_c.c
[3.061s] -- Installing: /home/aitthikit/Memekhos_ws/install/controller_interface/local/lib/python3.10/dist-packages/controller_interface/__init__.py
[3.099s] Listing '/home/aitthikit/Memekhos_ws/install/controller_interface/local/lib/python3.10/dist-packages/controller_interface'...
[3.099s] Compiling '/home/aitthikit/Memekhos_ws/install/controller_interface/local/lib/python3.10/dist-packages/controller_interface/__init__.py'...
[3.099s] Listing '/home/aitthikit/Memekhos_ws/install/controller_interface/local/lib/python3.10/dist-packages/controller_interface/srv'...
[3.107s] -- Up-to-date: /home/aitthikit/Memekhos_ws/install/controller_interface/local/lib/python3.10/dist-packages/controller_interface/controller_interface_s__rosidl_typesupport_fastrtps_c.cpython-310-x86_64-linux-gnu.so
[3.109s] -- Up-to-date: /home/aitthikit/Memekhos_ws/install/controller_interface/local/lib/python3.10/dist-packages/controller_interface/controller_interface_s__rosidl_typesupport_introspection_c.cpython-310-x86_64-linux-gnu.so
[3.111s] -- Up-to-date: /home/aitthikit/Memekhos_ws/install/controller_interface/local/lib/python3.10/dist-packages/controller_interface/controller_interface_s__rosidl_typesupport_c.cpython-310-x86_64-linux-gnu.so
[3.112s] -- Up-to-date: /home/aitthikit/Memekhos_ws/install/controller_interface/lib/libcontroller_interface__rosidl_generator_py.so
[3.112s] -- Up-to-date: /home/aitthikit/Memekhos_ws/install/controller_interface/share/controller_interface/srv/SetTarget.idl
[3.112s] -- Up-to-date: /home/aitthikit/Memekhos_ws/install/controller_interface/share/controller_interface/srv/SetParam.idl
[3.113s] -- Up-to-date: /home/aitthikit/Memekhos_ws/install/controller_interface/share/controller_interface/srv/SetTarget.srv
[3.113s] -- Up-to-date: /home/aitthikit/Memekhos_ws/install/controller_interface/share/controller_interface/srv/SetTarget_Request.msg
[3.113s] -- Up-to-date: /home/aitthikit/Memekhos_ws/install/controller_interface/share/controller_interface/srv/SetTarget_Response.msg
[3.113s] -- Up-to-date: /home/aitthikit/Memekhos_ws/install/controller_interface/share/controller_interface/srv/SetParam.srv
[3.113s] -- Up-to-date: /home/aitthikit/Memekhos_ws/install/controller_interface/share/controller_interface/srv/SetParam_Request.msg
[3.113s] -- Up-to-date: /home/aitthikit/Memekhos_ws/install/controller_interface/share/controller_interface/srv/SetParam_Response.msg
[3.113s] -- Up-to-date: /home/aitthikit/Memekhos_ws/install/controller_interface/share/ament_index/resource_index/package_run_dependencies/controller_interface
[3.113s] -- Installing: /home/aitthikit/Memekhos_ws/install/controller_interface/share/ament_index/resource_index/parent_prefix_path/controller_interface
[3.114s] -- Up-to-date: /home/aitthikit/Memekhos_ws/install/controller_interface/share/controller_interface/environment/ament_prefix_path.sh
[3.114s] -- Installing: /home/aitthikit/Memekhos_ws/install/controller_interface/share/controller_interface/environment/ament_prefix_path.dsv
[3.114s] -- Up-to-date: /home/aitthikit/Memekhos_ws/install/controller_interface/share/controller_interface/environment/path.sh
[3.114s] -- Installing: /home/aitthikit/Memekhos_ws/install/controller_interface/share/controller_interface/environment/path.dsv
[3.114s] -- Up-to-date: /home/aitthikit/Memekhos_ws/install/controller_interface/share/controller_interface/local_setup.bash
[3.114s] -- Up-to-date: /home/aitthikit/Memekhos_ws/install/controller_interface/share/controller_interface/local_setup.sh
[3.114s] -- Up-to-date: /home/aitthikit/Memekhos_ws/install/controller_interface/share/controller_interface/local_setup.zsh
[3.115s] -- Installing: /home/aitthikit/Memekhos_ws/install/controller_interface/share/controller_interface/local_setup.dsv
[3.115s] -- Installing: /home/aitthikit/Memekhos_ws/install/controller_interface/share/controller_interface/package.dsv
[3.115s] -- Up-to-date: /home/aitthikit/Memekhos_ws/install/controller_interface/share/ament_index/resource_index/packages/controller_interface
[3.115s] -- Up-to-date: /home/aitthikit/Memekhos_ws/install/controller_interface/share/controller_interface/cmake/export_controller_interface__rosidl_generator_cExport.cmake
[3.115s] -- Up-to-date: /home/aitthikit/Memekhos_ws/install/controller_interface/share/controller_interface/cmake/export_controller_interface__rosidl_generator_cExport-noconfig.cmake
[3.116s] -- Up-to-date: /home/aitthikit/Memekhos_ws/install/controller_interface/share/controller_interface/cmake/export_controller_interface__rosidl_typesupport_fastrtps_cExport.cmake
[3.116s] -- Up-to-date: /home/aitthikit/Memekhos_ws/install/controller_interface/share/controller_interface/cmake/export_controller_interface__rosidl_typesupport_fastrtps_cExport-noconfig.cmake
[3.116s] -- Up-to-date: /home/aitthikit/Memekhos_ws/install/controller_interface/share/controller_interface/cmake/export_controller_interface__rosidl_generator_cppExport.cmake
[3.117s] -- Up-to-date: /home/aitthikit/Memekhos_ws/install/controller_interface/share/controller_interface/cmake/export_controller_interface__rosidl_typesupport_fastrtps_cppExport.cmake
[3.117s] -- Up-to-date: /home/aitthikit/Memekhos_ws/install/controller_interface/share/controller_interface/cmake/export_controller_interface__rosidl_typesupport_fastrtps_cppExport-noconfig.cmake
[3.118s] -- Up-to-date: /home/aitthikit/Memekhos_ws/install/controller_interface/share/controller_interface/cmake/controller_interface__rosidl_typesupport_introspection_cExport.cmake
[3.118s] -- Up-to-date: /home/aitthikit/Memekhos_ws/install/controller_interface/share/controller_interface/cmake/controller_interface__rosidl_typesupport_introspection_cExport-noconfig.cmake
[3.118s] -- Up-to-date: /home/aitthikit/Memekhos_ws/install/controller_interface/share/controller_interface/cmake/controller_interface__rosidl_typesupport_cExport.cmake
[3.119s] -- Up-to-date: /home/aitthikit/Memekhos_ws/install/controller_interface/share/controller_interface/cmake/controller_interface__rosidl_typesupport_cExport-noconfig.cmake
[3.119s] -- Up-to-date: /home/aitthikit/Memekhos_ws/install/controller_interface/share/controller_interface/cmake/controller_interface__rosidl_typesupport_introspection_cppExport.cmake
[3.119s] -- Up-to-date: /home/aitthikit/Memekhos_ws/install/controller_interface/share/controller_interface/cmake/controller_interface__rosidl_typesupport_introspection_cppExport-noconfig.cmake
[3.120s] -- Up-to-date: /home/aitthikit/Memekhos_ws/install/controller_interface/share/controller_interface/cmake/controller_interface__rosidl_typesupport_cppExport.cmake
[3.120s] -- Up-to-date: /home/aitthikit/Memekhos_ws/install/controller_interface/share/controller_interface/cmake/controller_interface__rosidl_typesupport_cppExport-noconfig.cmake
[3.121s] -- Up-to-date: /home/aitthikit/Memekhos_ws/install/controller_interface/share/controller_interface/cmake/export_controller_interface__rosidl_generator_pyExport.cmake
[3.121s] -- Up-to-date: /home/aitthikit/Memekhos_ws/install/controller_interface/share/controller_interface/cmake/export_controller_interface__rosidl_generator_pyExport-noconfig.cmake
[3.121s] -- Up-to-date: /home/aitthikit/Memekhos_ws/install/controller_interface/share/controller_interface/cmake/rosidl_cmake-extras.cmake
[3.122s] -- Up-to-date: /home/aitthikit/Memekhos_ws/install/controller_interface/share/controller_interface/cmake/ament_cmake_export_dependencies-extras.cmake
[3.122s] -- Up-to-date: /home/aitthikit/Memekhos_ws/install/controller_interface/share/controller_interface/cmake/ament_cmake_export_include_directories-extras.cmake
[3.122s] -- Up-to-date: /home/aitthikit/Memekhos_ws/install/controller_interface/share/controller_interface/cmake/ament_cmake_export_libraries-extras.cmake
[3.122s] -- Up-to-date: /home/aitthikit/Memekhos_ws/install/controller_interface/share/controller_interface/cmake/ament_cmake_export_targets-extras.cmake
[3.123s] -- Up-to-date: /home/aitthikit/Memekhos_ws/install/controller_interface/share/controller_interface/cmake/rosidl_cmake_export_typesupport_targets-extras.cmake
[3.123s] -- Up-to-date: /home/aitthikit/Memekhos_ws/install/controller_interface/share/controller_interface/cmake/rosidl_cmake_export_typesupport_libraries-extras.cmake
[3.123s] -- Up-to-date: /home/aitthikit/Memekhos_ws/install/controller_interface/share/controller_interface/cmake/controller_interfaceConfig.cmake
[3.124s] -- Up-to-date: /home/aitthikit/Memekhos_ws/install/controller_interface/share/controller_interface/cmake/controller_interfaceConfig-version.cmake
[3.124s] -- Installing: /home/aitthikit/Memekhos_ws/install/controller_interface/share/controller_interface/package.xml
[3.129s] Invoked command in '/home/aitthikit/Memekhos_ws/build/controller_interface' returned '0': CMAKE_PREFIX_PATH=${CMAKE_PREFIX_PATH}:/home/aitthikit/Memekhos_ws/install/launch_testing_examples:/home/aitthikit/Memekhos_ws/install/examples_rclpy_pointcloud_publisher:/home/aitthikit/Memekhos_ws/install/examples_rclpy_minimal_subscriber:/home/aitthikit/Memekhos_ws/install/examples_rclpy_minimal_service:/home/aitthikit/Memekhos_ws/install/examples_rclpy_minimal_publisher:/home/aitthikit/Memekhos_ws/install/examples_rclpy_minimal_client:/home/aitthikit/Memekhos_ws/install/examples_rclpy_minimal_action_server:/home/aitthikit/Memekhos_ws/install/examples_rclpy_minimal_action_client:/home/aitthikit/Memekhos_ws/install/examples_rclpy_guard_conditions:/home/aitthikit/Memekhos_ws/install/examples_rclpy_executors:/opt/ros/humble /usr/bin/cmake --install /home/aitthikit/Memekhos_ws/build/controller_interface
