[0.054s] Invoking command in '/home/aitthikit/Memekhos_ws/build/turtle_bringup': CMAKE_PREFIX_PATH=${CMAKE_PREFIX_PATH}:/home/aitthikit/Memekhos_ws/install/launch_testing_examples:/home/aitthikit/Memekhos_ws/install/examples_rclpy_pointcloud_publisher:/home/aitthikit/Memekhos_ws/install/examples_rclpy_minimal_subscriber:/home/aitthikit/Memekhos_ws/install/examples_rclpy_minimal_service:/home/aitthikit/Memekhos_ws/install/examples_rclpy_minimal_publisher:/home/aitthikit/Memekhos_ws/install/examples_rclpy_minimal_client:/home/aitthikit/Memekhos_ws/install/examples_rclpy_minimal_action_server:/home/aitthikit/Memekhos_ws/install/examples_rclpy_minimal_action_client:/home/aitthikit/Memekhos_ws/install/examples_rclpy_guard_conditions:/home/aitthikit/Memekhos_ws/install/examples_rclpy_executors:/opt/ros/humble /usr/bin/cmake --build /home/aitthikit/Memekhos_ws/build/turtle_bringup -- -j12 -l12
[0.134s] [100%] Built target cpp_node_test
[0.140s] [100%] Built target ament_cmake_python_copy_turtle_bringup
[0.535s] running egg_info
[0.536s] writing turtle_bringup.egg-info/PKG-INFO
[0.536s] writing dependency_links to turtle_bringup.egg-info/dependency_links.txt
[0.536s] writing top-level names to turtle_bringup.egg-info/top_level.txt
[0.539s] reading manifest file 'turtle_bringup.egg-info/SOURCES.txt'
[0.540s] writing manifest file 'turtle_bringup.egg-info/SOURCES.txt'
[0.573s] [100%] Built target ament_cmake_python_build_turtle_bringup_egg
[0.584s] Invoked command in '/home/aitthikit/Memekhos_ws/build/turtle_bringup' returned '0': CMAKE_PREFIX_PATH=${CMAKE_PREFIX_PATH}:/home/aitthikit/Memekhos_ws/install/launch_testing_examples:/home/aitthikit/Memekhos_ws/install/examples_rclpy_pointcloud_publisher:/home/aitthikit/Memekhos_ws/install/examples_rclpy_minimal_subscriber:/home/aitthikit/Memekhos_ws/install/examples_rclpy_minimal_service:/home/aitthikit/Memekhos_ws/install/examples_rclpy_minimal_publisher:/home/aitthikit/Memekhos_ws/install/examples_rclpy_minimal_client:/home/aitthikit/Memekhos_ws/install/examples_rclpy_minimal_action_server:/home/aitthikit/Memekhos_ws/install/examples_rclpy_minimal_action_client:/home/aitthikit/Memekhos_ws/install/examples_rclpy_guard_conditions:/home/aitthikit/Memekhos_ws/install/examples_rclpy_executors:/opt/ros/humble /usr/bin/cmake --build /home/aitthikit/Memekhos_ws/build/turtle_bringup -- -j12 -l12
[0.615s] Invoking command in '/home/aitthikit/Memekhos_ws/build/turtle_bringup': CMAKE_PREFIX_PATH=${CMAKE_PREFIX_PATH}:/home/aitthikit/Memekhos_ws/install/launch_testing_examples:/home/aitthikit/Memekhos_ws/install/examples_rclpy_pointcloud_publisher:/home/aitthikit/Memekhos_ws/install/examples_rclpy_minimal_subscriber:/home/aitthikit/Memekhos_ws/install/examples_rclpy_minimal_service:/home/aitthikit/Memekhos_ws/install/examples_rclpy_minimal_publisher:/home/aitthikit/Memekhos_ws/install/examples_rclpy_minimal_client:/home/aitthikit/Memekhos_ws/install/examples_rclpy_minimal_action_server:/home/aitthikit/Memekhos_ws/install/examples_rclpy_minimal_action_client:/home/aitthikit/Memekhos_ws/install/examples_rclpy_guard_conditions:/home/aitthikit/Memekhos_ws/install/examples_rclpy_executors:/opt/ros/humble /usr/bin/cmake --install /home/aitthikit/Memekhos_ws/build/turtle_bringup
[0.622s] -- Install configuration: ""
[0.622s] -- Up-to-date: /home/aitthikit/Memekhos_ws/install/turtle_bringup/share/turtle_bringup/environment/pythonpath.sh
[0.622s] -- Up-to-date: /home/aitthikit/Memekhos_ws/install/turtle_bringup/share/turtle_bringup/environment/pythonpath.dsv
[0.623s] -- Up-to-date: /home/aitthikit/Memekhos_ws/install/turtle_bringup/local/lib/python3.10/dist-packages/turtle_bringup-0.0.0-py3.10.egg-info
[0.623s] -- Installing: /home/aitthikit/Memekhos_ws/install/turtle_bringup/local/lib/python3.10/dist-packages/turtle_bringup-0.0.0-py3.10.egg-info/dependency_links.txt
[0.623s] -- Installing: /home/aitthikit/Memekhos_ws/install/turtle_bringup/local/lib/python3.10/dist-packages/turtle_bringup-0.0.0-py3.10.egg-info/SOURCES.txt
[0.623s] -- Installing: /home/aitthikit/Memekhos_ws/install/turtle_bringup/local/lib/python3.10/dist-packages/turtle_bringup-0.0.0-py3.10.egg-info/top_level.txt
[0.623s] -- Installing: /home/aitthikit/Memekhos_ws/install/turtle_bringup/local/lib/python3.10/dist-packages/turtle_bringup-0.0.0-py3.10.egg-info/PKG-INFO
[0.623s] -- Up-to-date: /home/aitthikit/Memekhos_ws/install/turtle_bringup/local/lib/python3.10/dist-packages/turtle_bringup
[0.623s] -- Up-to-date: /home/aitthikit/Memekhos_ws/install/turtle_bringup/local/lib/python3.10/dist-packages/turtle_bringup/__init__.py
[0.624s] -- Up-to-date: /home/aitthikit/Memekhos_ws/install/turtle_bringup/local/lib/python3.10/dist-packages/turtle_bringup/dummy_module.py
[0.664s] Listing '/home/aitthikit/Memekhos_ws/install/turtle_bringup/local/lib/python3.10/dist-packages/turtle_bringup'...
[0.673s] -- Up-to-date: /home/aitthikit/Memekhos_ws/install/turtle_bringup/lib/turtle_bringup/dummy_script.py
[0.673s] -- Installing: /home/aitthikit/Memekhos_ws/install/turtle_bringup/lib/turtle_bringup/controller.py
[0.673s] -- Up-to-date: /home/aitthikit/Memekhos_ws/install/turtle_bringup/lib/turtle_bringup/crazy_pizza.py
[0.673s] -- Up-to-date: /home/aitthikit/Memekhos_ws/install/turtle_bringup/lib/turtle_bringup/crazy_turtle.py
[0.673s] -- Up-to-date: /home/aitthikit/Memekhos_ws/install/turtle_bringup/lib/turtle_bringup/odom_publisher.py
[0.674s] -- Up-to-date: /home/aitthikit/Memekhos_ws/install/turtle_bringup/lib/turtle_bringup/cpp_node_test
[0.674s] -- Up-to-date: /home/aitthikit/Memekhos_ws/install/turtle_bringup/share/turtle_bringup/launch
[0.674s] -- Up-to-date: /home/aitthikit/Memekhos_ws/install/turtle_bringup/share/turtle_bringup/launch/Nong_turtlegogo.launch.py
[0.675s] -- Up-to-date: /home/aitthikit/Memekhos_ws/install/turtle_bringup/share/turtle_bringup/launch/turtle_bringup.launch.py
[0.675s] -- Up-to-date: /home/aitthikit/Memekhos_ws/install/turtle_bringup/share/ament_index/resource_index/package_run_dependencies/turtle_bringup
[0.675s] -- Up-to-date: /home/aitthikit/Memekhos_ws/install/turtle_bringup/share/ament_index/resource_index/parent_prefix_path/turtle_bringup
[0.676s] -- Up-to-date: /home/aitthikit/Memekhos_ws/install/turtle_bringup/share/turtle_bringup/environment/ament_prefix_path.sh
[0.676s] -- Up-to-date: /home/aitthikit/Memekhos_ws/install/turtle_bringup/share/turtle_bringup/environment/ament_prefix_path.dsv
[0.676s] -- Up-to-date: /home/aitthikit/Memekhos_ws/install/turtle_bringup/share/turtle_bringup/environment/path.sh
[0.676s] -- Up-to-date: /home/aitthikit/Memekhos_ws/install/turtle_bringup/share/turtle_bringup/environment/path.dsv
[0.677s] -- Up-to-date: /home/aitthikit/Memekhos_ws/install/turtle_bringup/share/turtle_bringup/local_setup.bash
[0.677s] -- Up-to-date: /home/aitthikit/Memekhos_ws/install/turtle_bringup/share/turtle_bringup/local_setup.sh
[0.677s] -- Up-to-date: /home/aitthikit/Memekhos_ws/install/turtle_bringup/share/turtle_bringup/local_setup.zsh
[0.677s] -- Up-to-date: /home/aitthikit/Memekhos_ws/install/turtle_bringup/share/turtle_bringup/local_setup.dsv
[0.677s] -- Installing: /home/aitthikit/Memekhos_ws/install/turtle_bringup/share/turtle_bringup/package.dsv
[0.678s] -- Up-to-date: /home/aitthikit/Memekhos_ws/install/turtle_bringup/share/ament_index/resource_index/packages/turtle_bringup
[0.678s] -- Up-to-date: /home/aitthikit/Memekhos_ws/install/turtle_bringup/share/turtle_bringup/cmake/turtle_bringupConfig.cmake
[0.679s] -- Up-to-date: /home/aitthikit/Memekhos_ws/install/turtle_bringup/share/turtle_bringup/cmake/turtle_bringupConfig-version.cmake
[0.679s] -- Up-to-date: /home/aitthikit/Memekhos_ws/install/turtle_bringup/share/turtle_bringup/package.xml
[0.683s] Invoked command in '/home/aitthikit/Memekhos_ws/build/turtle_bringup' returned '0': CMAKE_PREFIX_PATH=${CMAKE_PREFIX_PATH}:/home/aitthikit/Memekhos_ws/install/launch_testing_examples:/home/aitthikit/Memekhos_ws/install/examples_rclpy_pointcloud_publisher:/home/aitthikit/Memekhos_ws/install/examples_rclpy_minimal_subscriber:/home/aitthikit/Memekhos_ws/install/examples_rclpy_minimal_service:/home/aitthikit/Memekhos_ws/install/examples_rclpy_minimal_publisher:/home/aitthikit/Memekhos_ws/install/examples_rclpy_minimal_client:/home/aitthikit/Memekhos_ws/install/examples_rclpy_minimal_action_server:/home/aitthikit/Memekhos_ws/install/examples_rclpy_minimal_action_client:/home/aitthikit/Memekhos_ws/install/examples_rclpy_guard_conditions:/home/aitthikit/Memekhos_ws/install/examples_rclpy_executors:/opt/ros/humble /usr/bin/cmake --install /home/aitthikit/Memekhos_ws/build/turtle_bringup
