[0.041s] Invoking command in '/home/aitthikit/Memekhos_ws/build/examples_rclcpp_minimal_action_client': CMAKE_PREFIX_PATH=${CMAKE_PREFIX_PATH}:/home/aitthikit/Memekhos_ws/install/launch_testing_examples:/home/aitthikit/Memekhos_ws/install/examples_rclpy_pointcloud_publisher:/home/aitthikit/Memekhos_ws/install/examples_rclpy_minimal_subscriber:/home/aitthikit/Memekhos_ws/install/examples_rclpy_minimal_service:/home/aitthikit/Memekhos_ws/install/examples_rclpy_minimal_publisher:/home/aitthikit/Memekhos_ws/install/examples_rclpy_minimal_client:/home/aitthikit/Memekhos_ws/install/examples_rclpy_minimal_action_server:/home/aitthikit/Memekhos_ws/install/examples_rclpy_minimal_action_client:/home/aitthikit/Memekhos_ws/install/examples_rclpy_guard_conditions:/home/aitthikit/Memekhos_ws/install/examples_rclpy_executors:/opt/ros/humble /usr/bin/cmake /home/aitthikit/Memekhos_ws/src/examples/rclcpp/actions/minimal_action_client -DCMAKE_INSTALL_PREFIX=/home/aitthikit/Memekhos_ws/install/examples_rclcpp_minimal_action_client
[0.122s] -- The C compiler identification is GNU 11.4.0
[0.212s] -- The CXX compiler identification is GNU 11.4.0
[0.223s] -- Detecting C compiler ABI info
[0.327s] -- Detecting C compiler ABI info - done
[0.340s] -- Check for working C compiler: /usr/bin/cc - skipped
[0.341s] -- Detecting C compile features
[0.342s] -- Detecting C compile features - done
[0.348s] -- Detecting CXX compiler ABI info
[0.481s] -- Detecting CXX compiler ABI info - done
[0.498s] -- Check for working CXX compiler: /usr/bin/c++ - skipped
[0.498s] -- Detecting CXX compile features
[0.499s] -- Detecting CXX compile features - done
[0.503s] -- Found ament_cmake: 1.3.9 (/opt/ros/humble/share/ament_cmake/cmake)
[0.765s] -- Found Python3: /usr/bin/python3 (found version "3.10.12") found components: Interpreter 
[0.912s] -- Found example_interfaces: 0.9.3 (/opt/ros/humble/share/example_interfaces/cmake)
[0.977s] -- Found rosidl_generator_c: 3.1.5 (/opt/ros/humble/share/rosidl_generator_c/cmake)
[0.986s] -- Found rosidl_adapter: 3.1.5 (/opt/ros/humble/share/rosidl_adapter/cmake)
[1.000s] -- Found rosidl_generator_cpp: 3.1.5 (/opt/ros/humble/share/rosidl_generator_cpp/cmake)
[1.026s] -- Using all available rosidl_typesupport_c: rosidl_typesupport_fastrtps_c;rosidl_typesupport_introspection_c
[1.061s] -- Using all available rosidl_typesupport_cpp: rosidl_typesupport_fastrtps_cpp;rosidl_typesupport_introspection_cpp
[1.337s] -- Found rclcpp: 16.0.9 (/opt/ros/humble/share/rclcpp/cmake)
[1.441s] -- Found rmw_implementation_cmake: 6.1.2 (/opt/ros/humble/share/rmw_implementation_cmake/cmake)
[1.447s] -- Found rmw_fastrtps_cpp: 6.2.6 (/opt/ros/humble/share/rmw_fastrtps_cpp/cmake)
[1.628s] -- Found OpenSSL: /usr/lib/x86_64-linux-gnu/libcrypto.so (found version "3.0.2")  
[1.673s] -- Found FastRTPS: /opt/ros/humble/include  
[1.753s] -- Using RMW implementation 'rmw_fastrtps_cpp' as default
[1.770s] -- Looking for pthread.h
[1.873s] -- Looking for pthread.h - found
[1.873s] -- Performing Test CMAKE_HAVE_LIBC_PTHREAD
[1.991s] -- Performing Test CMAKE_HAVE_LIBC_PTHREAD - Success
[1.993s] -- Found Threads: TRUE  
[2.301s] -- Found rclcpp_action: 16.0.9 (/opt/ros/humble/share/rclcpp_action/cmake)
[2.379s] -- Found ament_lint_auto: 0.12.11 (/opt/ros/humble/share/ament_lint_auto/cmake)
[2.525s] -- Added test 'copyright' to check source files copyright and LICENSE
[2.528s] -- Added test 'cppcheck' to perform static code analysis on C / C++ code
[2.529s] -- Configured cppcheck include dirs: 
[2.529s] -- Configured cppcheck exclude dirs and/or files: 
[2.531s] -- Added test 'cpplint' to check C / C++ code against the Google style
[2.531s] -- Configured cpplint exclude dirs and/or files: 
[2.535s] -- Added test 'lint_cmake' to check CMake code style
[2.536s] -- Added test 'uncrustify' to check C / C++ code style
[2.536s] -- Configured uncrustify additional arguments: 
[2.537s] -- Added test 'xmllint' to check XML markup files
[2.541s] -- Configuring done
[2.590s] -- Generating done
[2.593s] -- Build files have been written to: /home/aitthikit/Memekhos_ws/build/examples_rclcpp_minimal_action_client
[2.627s] Invoked command in '/home/aitthikit/Memekhos_ws/build/examples_rclcpp_minimal_action_client' returned '0': CMAKE_PREFIX_PATH=${CMAKE_PREFIX_PATH}:/home/aitthikit/Memekhos_ws/install/launch_testing_examples:/home/aitthikit/Memekhos_ws/install/examples_rclpy_pointcloud_publisher:/home/aitthikit/Memekhos_ws/install/examples_rclpy_minimal_subscriber:/home/aitthikit/Memekhos_ws/install/examples_rclpy_minimal_service:/home/aitthikit/Memekhos_ws/install/examples_rclpy_minimal_publisher:/home/aitthikit/Memekhos_ws/install/examples_rclpy_minimal_client:/home/aitthikit/Memekhos_ws/install/examples_rclpy_minimal_action_server:/home/aitthikit/Memekhos_ws/install/examples_rclpy_minimal_action_client:/home/aitthikit/Memekhos_ws/install/examples_rclpy_guard_conditions:/home/aitthikit/Memekhos_ws/install/examples_rclpy_executors:/opt/ros/humble /usr/bin/cmake /home/aitthikit/Memekhos_ws/src/examples/rclcpp/actions/minimal_action_client -DCMAKE_INSTALL_PREFIX=/home/aitthikit/Memekhos_ws/install/examples_rclcpp_minimal_action_client
[2.628s] Invoking command in '/home/aitthikit/Memekhos_ws/build/examples_rclcpp_minimal_action_client': CMAKE_PREFIX_PATH=${CMAKE_PREFIX_PATH}:/home/aitthikit/Memekhos_ws/install/launch_testing_examples:/home/aitthikit/Memekhos_ws/install/examples_rclpy_pointcloud_publisher:/home/aitthikit/Memekhos_ws/install/examples_rclpy_minimal_subscriber:/home/aitthikit/Memekhos_ws/install/examples_rclpy_minimal_service:/home/aitthikit/Memekhos_ws/install/examples_rclpy_minimal_publisher:/home/aitthikit/Memekhos_ws/install/examples_rclpy_minimal_client:/home/aitthikit/Memekhos_ws/install/examples_rclpy_minimal_action_server:/home/aitthikit/Memekhos_ws/install/examples_rclpy_minimal_action_client:/home/aitthikit/Memekhos_ws/install/examples_rclpy_guard_conditions:/home/aitthikit/Memekhos_ws/install/examples_rclpy_executors:/opt/ros/humble /usr/bin/cmake --build /home/aitthikit/Memekhos_ws/build/examples_rclcpp_minimal_action_client -- -j12 -l12
[6.235s] [ 12%] [32mBuilding CXX object CMakeFiles/action_client_not_composable.dir/not_composable.cpp.o[0m
[6.235s] [ 25%] [32mBuilding CXX object CMakeFiles/action_client_not_composable_with_cancel.dir/not_composable_with_cancel.cpp.o[0m
[6.235s] [ 37%] [32mBuilding CXX object CMakeFiles/action_client_member_functions.dir/member_functions.cpp.o[0m
[6.235s] [ 50%] [32mBuilding CXX object CMakeFiles/action_client_not_composable_with_feedback.dir/not_composable_with_feedback.cpp.o[0m
[6.235s] gmake[2]: *** [CMakeFiles/action_client_not_composable_with_feedback.dir/build.make:76: CMakeFiles/action_client_not_composable_with_feedback.dir/not_composable_with_feedback.cpp.o] Interrupt
[6.236s] gmake[1]: *** [CMakeFiles/Makefile2:221: CMakeFiles/action_client_not_composable_with_feedback.dir/all] Interrupt
[6.236s] gmake[2]: *** [CMakeFiles/action_client_not_composable.dir/build.make:76: CMakeFiles/action_client_not_composable.dir/not_composable.cpp.o] Interrupt
[6.236s] gmake[2]: *** [CMakeFiles/action_client_member_functions.dir/build.make:76: CMakeFiles/action_client_member_functions.dir/member_functions.cpp.o] Interrupt
[6.236s] gmake[1]: *** [CMakeFiles/Makefile2:169: CMakeFiles/action_client_not_composable.dir/all] Interrupt
[6.236s] gmake[1]: *** [CMakeFiles/Makefile2:143: CMakeFiles/action_client_member_functions.dir/all] Interrupt
[6.236s] gmake[2]: *** [CMakeFiles/action_client_not_composable_with_cancel.dir/build.make:76: CMakeFiles/action_client_not_composable_with_cancel.dir/not_composable_with_cancel.cpp.o] Interrupt
[6.236s] gmake[1]: *** [CMakeFiles/Makefile2:195: CMakeFiles/action_client_not_composable_with_cancel.dir/all] Interrupt
[6.236s] gmake: *** [Makefile:146: all] Interrupt
[6.300s] Invoked command in '/home/aitthikit/Memekhos_ws/build/examples_rclcpp_minimal_action_client' returned '-2': CMAKE_PREFIX_PATH=${CMAKE_PREFIX_PATH}:/home/aitthikit/Memekhos_ws/install/launch_testing_examples:/home/aitthikit/Memekhos_ws/install/examples_rclpy_pointcloud_publisher:/home/aitthikit/Memekhos_ws/install/examples_rclpy_minimal_subscriber:/home/aitthikit/Memekhos_ws/install/examples_rclpy_minimal_service:/home/aitthikit/Memekhos_ws/install/examples_rclpy_minimal_publisher:/home/aitthikit/Memekhos_ws/install/examples_rclpy_minimal_client:/home/aitthikit/Memekhos_ws/install/examples_rclpy_minimal_action_server:/home/aitthikit/Memekhos_ws/install/examples_rclpy_minimal_action_client:/home/aitthikit/Memekhos_ws/install/examples_rclpy_guard_conditions:/home/aitthikit/Memekhos_ws/install/examples_rclpy_executors:/opt/ros/humble /usr/bin/cmake --build /home/aitthikit/Memekhos_ws/build/examples_rclcpp_minimal_action_client -- -j12 -l12
