[2.975s] Invoking command in '/home/aitthikit/Memekhos_ws/src/examples/rclpy/topics/minimal_publisher': PYTHONPATH=/home/aitthikit/Memekhos_ws/build/examples_rclpy_minimal_publisher/prefix_override:/usr/lib/python3/dist-packages/colcon_core/task/python/colcon_distutils_commands:/home/aitthikit/Memekhos_ws/install/examples_rclpy_minimal_publisher/lib/python3.10/site-packages:${PYTHONPATH} /usr/bin/python3 -W ignore:setup.py install is deprecated setup.py egg_info --egg-base ../../../../../build/examples_rclpy_minimal_publisher build --build-base /home/aitthikit/Memekhos_ws/build/examples_rclpy_minimal_publisher/build install --record /home/aitthikit/Memekhos_ws/build/examples_rclpy_minimal_publisher/install.log --single-version-externally-managed install_data
[3.388s] running egg_info
[3.390s] writing ../../../../../build/examples_rclpy_minimal_publisher/examples_rclpy_minimal_publisher.egg-info/PKG-INFO
[3.390s] writing dependency_links to ../../../../../build/examples_rclpy_minimal_publisher/examples_rclpy_minimal_publisher.egg-info/dependency_links.txt
[3.391s] writing entry points to ../../../../../build/examples_rclpy_minimal_publisher/examples_rclpy_minimal_publisher.egg-info/entry_points.txt
[3.391s] writing requirements to ../../../../../build/examples_rclpy_minimal_publisher/examples_rclpy_minimal_publisher.egg-info/requires.txt
[3.391s] writing top-level names to ../../../../../build/examples_rclpy_minimal_publisher/examples_rclpy_minimal_publisher.egg-info/top_level.txt
[3.395s] reading manifest file '../../../../../build/examples_rclpy_minimal_publisher/examples_rclpy_minimal_publisher.egg-info/SOURCES.txt'
[3.395s] writing manifest file '../../../../../build/examples_rclpy_minimal_publisher/examples_rclpy_minimal_publisher.egg-info/SOURCES.txt'
[3.395s] running build
[3.395s] running build_py
[3.396s] running install
[3.396s] running install_lib
[3.397s] running install_data
[3.398s] running install_egg_info
[3.401s] removing '/home/aitthikit/Memekhos_ws/install/examples_rclpy_minimal_publisher/lib/python3.10/site-packages/examples_rclpy_minimal_publisher-0.15.2-py3.10.egg-info' (and everything under it)
[3.402s] Copying ../../../../../build/examples_rclpy_minimal_publisher/examples_rclpy_minimal_publisher.egg-info to /home/aitthikit/Memekhos_ws/install/examples_rclpy_minimal_publisher/lib/python3.10/site-packages/examples_rclpy_minimal_publisher-0.15.2-py3.10.egg-info
[3.404s] running install_scripts
[3.437s] Installing publisher_local_function script to /home/aitthikit/Memekhos_ws/install/examples_rclpy_minimal_publisher/lib/examples_rclpy_minimal_publisher
[3.438s] Installing publisher_member_function script to /home/aitthikit/Memekhos_ws/install/examples_rclpy_minimal_publisher/lib/examples_rclpy_minimal_publisher
[3.438s] Installing publisher_old_school script to /home/aitthikit/Memekhos_ws/install/examples_rclpy_minimal_publisher/lib/examples_rclpy_minimal_publisher
[3.438s] writing list of installed files to '/home/aitthikit/Memekhos_ws/build/examples_rclpy_minimal_publisher/install.log'
[3.543s] Invoked command in '/home/aitthikit/Memekhos_ws/src/examples/rclpy/topics/minimal_publisher' returned '0': PYTHONPATH=/home/aitthikit/Memekhos_ws/build/examples_rclpy_minimal_publisher/prefix_override:/usr/lib/python3/dist-packages/colcon_core/task/python/colcon_distutils_commands:/home/aitthikit/Memekhos_ws/install/examples_rclpy_minimal_publisher/lib/python3.10/site-packages:${PYTHONPATH} /usr/bin/python3 -W ignore:setup.py install is deprecated setup.py egg_info --egg-base ../../../../../build/examples_rclpy_minimal_publisher build --build-base /home/aitthikit/Memekhos_ws/build/examples_rclpy_minimal_publisher/build install --record /home/aitthikit/Memekhos_ws/build/examples_rclpy_minimal_publisher/install.log --single-version-externally-managed install_data
