[2.658s] Invoking command in '/home/aitthikit/Memekhos_ws/src/examples/rclpy/topics/pointcloud_publisher': PYTHONPATH=/home/aitthikit/Memekhos_ws/build/examples_rclpy_pointcloud_publisher/prefix_override:/usr/lib/python3/dist-packages/colcon_core/task/python/colcon_distutils_commands:/home/aitthikit/Memekhos_ws/install/examples_rclpy_pointcloud_publisher/lib/python3.10/site-packages:${PYTHONPATH} /usr/bin/python3 -W ignore:setup.py install is deprecated setup.py egg_info --egg-base ../../../../../build/examples_rclpy_pointcloud_publisher build --build-base /home/aitthikit/Memekhos_ws/build/examples_rclpy_pointcloud_publisher/build install --record /home/aitthikit/Memekhos_ws/build/examples_rclpy_pointcloud_publisher/install.log --single-version-externally-managed install_data
[3.022s] running egg_info
[3.023s] writing ../../../../../build/examples_rclpy_pointcloud_publisher/examples_rclpy_pointcloud_publisher.egg-info/PKG-INFO
[3.023s] writing dependency_links to ../../../../../build/examples_rclpy_pointcloud_publisher/examples_rclpy_pointcloud_publisher.egg-info/dependency_links.txt
[3.023s] writing entry points to ../../../../../build/examples_rclpy_pointcloud_publisher/examples_rclpy_pointcloud_publisher.egg-info/entry_points.txt
[3.024s] writing requirements to ../../../../../build/examples_rclpy_pointcloud_publisher/examples_rclpy_pointcloud_publisher.egg-info/requires.txt
[3.024s] writing top-level names to ../../../../../build/examples_rclpy_pointcloud_publisher/examples_rclpy_pointcloud_publisher.egg-info/top_level.txt
[3.025s] reading manifest file '../../../../../build/examples_rclpy_pointcloud_publisher/examples_rclpy_pointcloud_publisher.egg-info/SOURCES.txt'
[3.026s] writing manifest file '../../../../../build/examples_rclpy_pointcloud_publisher/examples_rclpy_pointcloud_publisher.egg-info/SOURCES.txt'
[3.026s] running build
[3.027s] running build_py
[3.027s] running install
[3.027s] running install_lib
[3.028s] running install_data
[3.028s] running install_egg_info
[3.030s] removing '/home/aitthikit/Memekhos_ws/install/examples_rclpy_pointcloud_publisher/lib/python3.10/site-packages/examples_rclpy_pointcloud_publisher-0.15.2-py3.10.egg-info' (and everything under it)
[3.030s] Copying ../../../../../build/examples_rclpy_pointcloud_publisher/examples_rclpy_pointcloud_publisher.egg-info to /home/aitthikit/Memekhos_ws/install/examples_rclpy_pointcloud_publisher/lib/python3.10/site-packages/examples_rclpy_pointcloud_publisher-0.15.2-py3.10.egg-info
[3.031s] running install_scripts
[3.052s] Installing pointcloud_publisher script to /home/aitthikit/Memekhos_ws/install/examples_rclpy_pointcloud_publisher/lib/examples_rclpy_pointcloud_publisher
[3.052s] writing list of installed files to '/home/aitthikit/Memekhos_ws/build/examples_rclpy_pointcloud_publisher/install.log'
[3.100s] Invoked command in '/home/aitthikit/Memekhos_ws/src/examples/rclpy/topics/pointcloud_publisher' returned '0': PYTHONPATH=/home/aitthikit/Memekhos_ws/build/examples_rclpy_pointcloud_publisher/prefix_override:/usr/lib/python3/dist-packages/colcon_core/task/python/colcon_distutils_commands:/home/aitthikit/Memekhos_ws/install/examples_rclpy_pointcloud_publisher/lib/python3.10/site-packages:${PYTHONPATH} /usr/bin/python3 -W ignore:setup.py install is deprecated setup.py egg_info --egg-base ../../../../../build/examples_rclpy_pointcloud_publisher build --build-base /home/aitthikit/Memekhos_ws/build/examples_rclpy_pointcloud_publisher/build install --record /home/aitthikit/Memekhos_ws/build/examples_rclpy_pointcloud_publisher/install.log --single-version-externally-managed install_data
